[35m[1mScanning dependencies of target test_component[0m
[ 60%] Built target camera_component
[ 80%] [32mBuilding CXX object CMakeFiles/test_component.dir/src/test_get_image.cpp.o[0m
In file included from [01m[K/home/peter/ros2.1/UsbCaptureROS4/src/ros2_usbcapture/src/test_get_image.cpp:1[m[K:
[01m[K/home/peter/ros2.1/UsbCaptureROS4/src/ros2_usbcapture/include/ros2_usbcapture/test_get_image.h:29:43:[m[K [01;35m[Kwarning: [m[K‘[01m[Ksensor_msgs::msg::Image_<std::allocator<void> >::ConstPtr[m[K’ is deprecated [[01;35m[K-Wdeprecated-declarations[m[K]
   29 |         sensor_msgs::msg::Image::ConstPtr [01;35m[Kimg_ptr[m[K;
      |                                           [01;35m[K^~~~~~~[m[K
In file included from [01m[K/home/peter/ros2.1/UsbCaptureROS4/install/interfaces/include/interfaces/msg/detail/mat_with_time__struct.hpp:19[m[K,
                 from [01m[K/home/peter/ros2.1/UsbCaptureROS4/install/interfaces/include/interfaces/msg/mat_with_time.hpp:7[m[K,
                 from [01m[K/home/peter/ros2.1/UsbCaptureROS4/src/ros2_usbcapture/include/ros2_usbcapture/test_get_image.h:8[m[K,
                 from [01m[K/home/peter/ros2.1/UsbCaptureROS4/src/ros2_usbcapture/src/test_get_image.cpp:1[m[K:
[01m[K/opt/ros/foxy/include/sensor_msgs/msg/detail/image__struct.hpp:172:5:[m[K [01;36m[Knote: [m[Kdeclared here
  172 |     [01;36m[KConstPtr[m[K;
      |     [01;36m[K^~~~~~~~[m[K
[100%] [32m[1mLinking CXX shared library libtest_component.so[0m
[100%] Built target test_component
-- Install configuration: ""
-- Up-to-date: /home/peter/ros2.1/UsbCaptureROS4/install/ros2_usbcapture/lib/libcamera_component.so
-- Installing: /home/peter/ros2.1/UsbCaptureROS4/install/ros2_usbcapture/lib/libtest_component.so
-- Set runtime path of "/home/peter/ros2.1/UsbCaptureROS4/install/ros2_usbcapture/lib/libtest_component.so" to ""
-- Up-to-date: /home/peter/ros2.1/UsbCaptureROS4/install/ros2_usbcapture/share/ros2_usbcapture/launch
-- Installing: /home/peter/ros2.1/UsbCaptureROS4/install/ros2_usbcapture/share/ros2_usbcapture/launch/image.launch.py
-- Up-to-date: /home/peter/ros2.1/UsbCaptureROS4/install/ros2_usbcapture/share/ament_index/resource_index/package_run_dependencies/ros2_usbcapture
-- Up-to-date: /home/peter/ros2.1/UsbCaptureROS4/install/ros2_usbcapture/share/ament_index/resource_index/parent_prefix_path/ros2_usbcapture
-- Up-to-date: /home/peter/ros2.1/UsbCaptureROS4/install/ros2_usbcapture/share/ros2_usbcapture/environment/ament_prefix_path.sh
-- Up-to-date: /home/peter/ros2.1/UsbCaptureROS4/install/ros2_usbcapture/share/ros2_usbcapture/environment/ament_prefix_path.dsv
-- Up-to-date: /home/peter/ros2.1/UsbCaptureROS4/install/ros2_usbcapture/share/ros2_usbcapture/environment/path.sh
-- Up-to-date: /home/peter/ros2.1/UsbCaptureROS4/install/ros2_usbcapture/share/ros2_usbcapture/environment/path.dsv
-- Up-to-date: /home/peter/ros2.1/UsbCaptureROS4/install/ros2_usbcapture/share/ros2_usbcapture/local_setup.bash
-- Up-to-date: /home/peter/ros2.1/UsbCaptureROS4/install/ros2_usbcapture/share/ros2_usbcapture/local_setup.sh
-- Up-to-date: /home/peter/ros2.1/UsbCaptureROS4/install/ros2_usbcapture/share/ros2_usbcapture/local_setup.zsh
-- Up-to-date: /home/peter/ros2.1/UsbCaptureROS4/install/ros2_usbcapture/share/ros2_usbcapture/local_setup.dsv
-- Installing: /home/peter/ros2.1/UsbCaptureROS4/install/ros2_usbcapture/share/ros2_usbcapture/package.dsv
-- Up-to-date: /home/peter/ros2.1/UsbCaptureROS4/install/ros2_usbcapture/share/ament_index/resource_index/packages/ros2_usbcapture
-- Up-to-date: /home/peter/ros2.1/UsbCaptureROS4/install/ros2_usbcapture/share/ament_index/resource_index/rclcpp_components/ros2_usbcapture
-- Up-to-date: /home/peter/ros2.1/UsbCaptureROS4/install/ros2_usbcapture/share/ros2_usbcapture/cmake/ros2_usbcaptureConfig.cmake
-- Up-to-date: /home/peter/ros2.1/UsbCaptureROS4/install/ros2_usbcapture/share/ros2_usbcapture/cmake/ros2_usbcaptureConfig-version.cmake
-- Up-to-date: /home/peter/ros2.1/UsbCaptureROS4/install/ros2_usbcapture/share/ros2_usbcapture/package.xml
