[0.011s] Invoking command in '/home/peter/ros2/UsbCaptureROS4/build/ros2_usbcapture': AMENT_PREFIX_PATH=/home/peter/ros2/UsbCaptureROS4/install/interfaces:/home/peter/ros2/UsbCaptureROS4/install/common:${AMENT_PREFIX_PATH} CMAKE_PREFIX_PATH=/home/peter/ros2/UsbCaptureROS4/install/interfaces:/home/peter/ros2/UsbCaptureROS4/install/common:/opt/ros/foxy LD_LIBRARY_PATH=/home/peter/ros2/UsbCaptureROS4/install/interfaces/lib:/home/peter/ros2/UsbCaptureROS4/install/common/lib:${LD_LIBRARY_PATH} PYTHONPATH=/home/peter/ros2/UsbCaptureROS4/install/interfaces/lib/python3.8/site-packages:${PYTHONPATH} /bin/cmake --build /home/peter/ros2/UsbCaptureROS4/build/ros2_usbcapture -- -j16 -l16
[0.053s] [35m[1mScanning dependencies of target camera_component[0m
[0.076s] [ 40%] Built target test_component
[0.082s] [ 60%] [32mBuilding CXX object CMakeFiles/camera_component.dir/src/UsbCaptureSystem.cpp.o[0m
[2.778s] [ 80%] [32m[1mLinking CXX shared library libcamera_component.so[0m
[3.019s] [100%] Built target camera_component
[3.027s] Invoked command in '/home/peter/ros2/UsbCaptureROS4/build/ros2_usbcapture' returned '0': AMENT_PREFIX_PATH=/home/peter/ros2/UsbCaptureROS4/install/interfaces:/home/peter/ros2/UsbCaptureROS4/install/common:${AMENT_PREFIX_PATH} CMAKE_PREFIX_PATH=/home/peter/ros2/UsbCaptureROS4/install/interfaces:/home/peter/ros2/UsbCaptureROS4/install/common:/opt/ros/foxy LD_LIBRARY_PATH=/home/peter/ros2/UsbCaptureROS4/install/interfaces/lib:/home/peter/ros2/UsbCaptureROS4/install/common/lib:${LD_LIBRARY_PATH} PYTHONPATH=/home/peter/ros2/UsbCaptureROS4/install/interfaces/lib/python3.8/site-packages:${PYTHONPATH} /bin/cmake --build /home/peter/ros2/UsbCaptureROS4/build/ros2_usbcapture -- -j16 -l16
[3.047s] Invoking command in '/home/peter/ros2/UsbCaptureROS4/build/ros2_usbcapture': AMENT_PREFIX_PATH=/home/peter/ros2/UsbCaptureROS4/install/interfaces:/home/peter/ros2/UsbCaptureROS4/install/common:${AMENT_PREFIX_PATH} CMAKE_PREFIX_PATH=/home/peter/ros2/UsbCaptureROS4/install/interfaces:/home/peter/ros2/UsbCaptureROS4/install/common:/opt/ros/foxy LD_LIBRARY_PATH=/home/peter/ros2/UsbCaptureROS4/install/interfaces/lib:/home/peter/ros2/UsbCaptureROS4/install/common/lib:${LD_LIBRARY_PATH} PYTHONPATH=/home/peter/ros2/UsbCaptureROS4/install/interfaces/lib/python3.8/site-packages:${PYTHONPATH} /bin/cmake --install /home/peter/ros2/UsbCaptureROS4/build/ros2_usbcapture
[3.053s] -- Install configuration: ""
[3.053s] -- Installing: /home/peter/ros2/UsbCaptureROS4/install/ros2_usbcapture/lib/libcamera_component.so
[3.055s] -- Set runtime path of "/home/peter/ros2/UsbCaptureROS4/install/ros2_usbcapture/lib/libcamera_component.so" to ""
[3.055s] -- Up-to-date: /home/peter/ros2/UsbCaptureROS4/install/ros2_usbcapture/lib/libtest_component.so
[3.055s] -- Up-to-date: /home/peter/ros2/UsbCaptureROS4/install/ros2_usbcapture/share/ros2_usbcapture/launch
[3.055s] -- Up-to-date: /home/peter/ros2/UsbCaptureROS4/install/ros2_usbcapture/share/ros2_usbcapture/launch/image.launch.py
[3.055s] -- Up-to-date: /home/peter/ros2/UsbCaptureROS4/install/ros2_usbcapture/share/ament_index/resource_index/package_run_dependencies/ros2_usbcapture
[3.056s] -- Up-to-date: /home/peter/ros2/UsbCaptureROS4/install/ros2_usbcapture/share/ament_index/resource_index/parent_prefix_path/ros2_usbcapture
[3.056s] -- Up-to-date: /home/peter/ros2/UsbCaptureROS4/install/ros2_usbcapture/share/ros2_usbcapture/environment/ament_prefix_path.sh
[3.056s] -- Up-to-date: /home/peter/ros2/UsbCaptureROS4/install/ros2_usbcapture/share/ros2_usbcapture/environment/ament_prefix_path.dsv
[3.056s] -- Up-to-date: /home/peter/ros2/UsbCaptureROS4/install/ros2_usbcapture/share/ros2_usbcapture/environment/path.sh
[3.056s] -- Up-to-date: /home/peter/ros2/UsbCaptureROS4/install/ros2_usbcapture/share/ros2_usbcapture/environment/path.dsv
[3.056s] -- Up-to-date: /home/peter/ros2/UsbCaptureROS4/install/ros2_usbcapture/share/ros2_usbcapture/local_setup.bash
[3.056s] -- Up-to-date: /home/peter/ros2/UsbCaptureROS4/install/ros2_usbcapture/share/ros2_usbcapture/local_setup.sh
[3.056s] -- Up-to-date: /home/peter/ros2/UsbCaptureROS4/install/ros2_usbcapture/share/ros2_usbcapture/local_setup.zsh
[3.056s] -- Up-to-date: /home/peter/ros2/UsbCaptureROS4/install/ros2_usbcapture/share/ros2_usbcapture/local_setup.dsv
[3.056s] -- Installing: /home/peter/ros2/UsbCaptureROS4/install/ros2_usbcapture/share/ros2_usbcapture/package.dsv
[3.056s] -- Up-to-date: /home/peter/ros2/UsbCaptureROS4/install/ros2_usbcapture/share/ament_index/resource_index/packages/ros2_usbcapture
[3.056s] -- Up-to-date: /home/peter/ros2/UsbCaptureROS4/install/ros2_usbcapture/share/ament_index/resource_index/rclcpp_components/ros2_usbcapture
[3.056s] -- Up-to-date: /home/peter/ros2/UsbCaptureROS4/install/ros2_usbcapture/share/ros2_usbcapture/cmake/ros2_usbcaptureConfig.cmake
[3.056s] -- Up-to-date: /home/peter/ros2/UsbCaptureROS4/install/ros2_usbcapture/share/ros2_usbcapture/cmake/ros2_usbcaptureConfig-version.cmake
[3.056s] -- Up-to-date: /home/peter/ros2/UsbCaptureROS4/install/ros2_usbcapture/share/ros2_usbcapture/package.xml
[3.059s] Invoked command in '/home/peter/ros2/UsbCaptureROS4/build/ros2_usbcapture' returned '0': AMENT_PREFIX_PATH=/home/peter/ros2/UsbCaptureROS4/install/interfaces:/home/peter/ros2/UsbCaptureROS4/install/common:${AMENT_PREFIX_PATH} CMAKE_PREFIX_PATH=/home/peter/ros2/UsbCaptureROS4/install/interfaces:/home/peter/ros2/UsbCaptureROS4/install/common:/opt/ros/foxy LD_LIBRARY_PATH=/home/peter/ros2/UsbCaptureROS4/install/interfaces/lib:/home/peter/ros2/UsbCaptureROS4/install/common/lib:${LD_LIBRARY_PATH} PYTHONPATH=/home/peter/ros2/UsbCaptureROS4/install/interfaces/lib/python3.8/site-packages:${PYTHONPATH} /bin/cmake --install /home/peter/ros2/UsbCaptureROS4/build/ros2_usbcapture
