Performing C SOURCE FILE Test CMAKE_HAVE_LIBC_PTHREAD failed with the following output:
Change Dir: /home/peter/ros2.1/UsbCaptureROS4/build/ros2_usbcapture/CMakeFiles/CMakeTmp

Run Build Command(s):/bin/make cmTC_f8ac7/fast && /bin/make -f CMakeFiles/cmTC_f8ac7.dir/build.make CMakeFiles/cmTC_f8ac7.dir/build
make[1]: 进入目录“/home/peter/ros2.1/UsbCaptureROS4/build/ros2_usbcapture/CMakeFiles/CMakeTmp”
Building C object CMakeFiles/cmTC_f8ac7.dir/src.c.o
/bin/cc   -DCMAKE_HAVE_LIBC_PTHREAD   -o CMakeFiles/cmTC_f8ac7.dir/src.c.o   -c /home/peter/ros2.1/UsbCaptureROS4/build/ros2_usbcapture/CMakeFiles/CMakeTmp/src.c
Linking C executable cmTC_f8ac7
/usr/bin/cmake -E cmake_link_script CMakeFiles/cmTC_f8ac7.dir/link.txt --verbose=1
/bin/cc  -DCMAKE_HAVE_LIBC_PTHREAD    CMakeFiles/cmTC_f8ac7.dir/src.c.o  -o cmTC_f8ac7 
/bin/ld: CMakeFiles/cmTC_f8ac7.dir/src.c.o: in function `main':
src.c:(.text+0x46): undefined reference to `pthread_create'
/bin/ld: src.c:(.text+0x52): undefined reference to `pthread_detach'
/bin/ld: src.c:(.text+0x63): undefined reference to `pthread_join'
collect2: error: ld returned 1 exit status
make[1]: *** [CMakeFiles/cmTC_f8ac7.dir/build.make:87：cmTC_f8ac7] 错误 1
make[1]: 离开目录“/home/peter/ros2.1/UsbCaptureROS4/build/ros2_usbcapture/CMakeFiles/CMakeTmp”
make: *** [Makefile:121：cmTC_f8ac7/fast] 错误 2


Source file was:
#include <pthread.h>

void* test_func(void* data)
{
  return data;
}

int main(void)
{
  pthread_t thread;
  pthread_create(&thread, NULL, test_func, NULL);
  pthread_detach(thread);
  pthread_join(thread, NULL);
  pthread_atfork(NULL, NULL, NULL);
  pthread_exit(NULL);

  return 0;
}

Determining if the function pthread_create exists in the pthreads failed with the following output:
Change Dir: /home/peter/ros2.1/UsbCaptureROS4/build/ros2_usbcapture/CMakeFiles/CMakeTmp

Run Build Command(s):/bin/make cmTC_f68d4/fast && /bin/make -f CMakeFiles/cmTC_f68d4.dir/build.make CMakeFiles/cmTC_f68d4.dir/build
make[1]: 进入目录“/home/peter/ros2.1/UsbCaptureROS4/build/ros2_usbcapture/CMakeFiles/CMakeTmp”
Building C object CMakeFiles/cmTC_f68d4.dir/CheckFunctionExists.c.o
/bin/cc   -DCHECK_FUNCTION_EXISTS=pthread_create   -o CMakeFiles/cmTC_f68d4.dir/CheckFunctionExists.c.o   -c /usr/share/cmake-3.16/Modules/CheckFunctionExists.c
Linking C executable cmTC_f68d4
/usr/bin/cmake -E cmake_link_script CMakeFiles/cmTC_f68d4.dir/link.txt --verbose=1
/bin/cc  -DCHECK_FUNCTION_EXISTS=pthread_create    CMakeFiles/cmTC_f68d4.dir/CheckFunctionExists.c.o  -o cmTC_f68d4  -lpthreads 
/bin/ld: 找不到 -lpthreads
collect2: error: ld returned 1 exit status
make[1]: *** [CMakeFiles/cmTC_f68d4.dir/build.make:87：cmTC_f68d4] 错误 1
make[1]: 离开目录“/home/peter/ros2.1/UsbCaptureROS4/build/ros2_usbcapture/CMakeFiles/CMakeTmp”
make: *** [Makefile:121：cmTC_f68d4/fast] 错误 2



