[100%] Built target common
[100%] Built target Base
-- Install configuration: ""
-- Up-to-date: /home/peter/ros2.1/UsbCaptureROS4/install/common/share/common/environment/library_path.sh
-- Up-to-date: /home/peter/ros2.1/UsbCaptureROS4/install/common/share/common/environment/library_path.dsv
-- Up-to-date: /home/peter/ros2.1/UsbCaptureROS4/install/common/include
-- Up-to-date: /home/peter/ros2.1/UsbCaptureROS4/install/common/include/common
-- Up-to-date: /home/peter/ros2.1/UsbCaptureROS4/install/common/include/common/common.h
-- Up-to-date: /home/peter/ros2.1/UsbCaptureROS4/install/common/lib/libcommon.so
-- Up-to-date: /home/peter/ros2.1/UsbCaptureROS4/install/common/share/ament_index/resource_index/package_run_dependencies/common
-- Up-to-date: /home/peter/ros2.1/UsbCaptureROS4/install/common/share/ament_index/resource_index/parent_prefix_path/common
-- Up-to-date: /home/peter/ros2.1/UsbCaptureROS4/install/common/share/common/environment/ament_prefix_path.sh
-- Up-to-date: /home/peter/ros2.1/UsbCaptureROS4/install/common/share/common/environment/ament_prefix_path.dsv
-- Up-to-date: /home/peter/ros2.1/UsbCaptureROS4/install/common/share/common/environment/path.sh
-- Up-to-date: /home/peter/ros2.1/UsbCaptureROS4/install/common/share/common/environment/path.dsv
-- Up-to-date: /home/peter/ros2.1/UsbCaptureROS4/install/common/share/common/local_setup.bash
-- Up-to-date: /home/peter/ros2.1/UsbCaptureROS4/install/common/share/common/local_setup.sh
-- Up-to-date: /home/peter/ros2.1/UsbCaptureROS4/install/common/share/common/local_setup.zsh
-- Up-to-date: /home/peter/ros2.1/UsbCaptureROS4/install/common/share/common/local_setup.dsv
-- Installing: /home/peter/ros2.1/UsbCaptureROS4/install/common/share/common/package.dsv
-- Up-to-date: /home/peter/ros2.1/UsbCaptureROS4/install/common/share/ament_index/resource_index/packages/common
-- Up-to-date: /home/peter/ros2.1/UsbCaptureROS4/install/common/share/common/cmake/commonExport.cmake
-- Up-to-date: /home/peter/ros2.1/UsbCaptureROS4/install/common/share/common/cmake/commonExport-noconfig.cmake
-- Up-to-date: /home/peter/ros2.1/UsbCaptureROS4/install/common/share/common/cmake/ament_cmake_export_targets-extras.cmake
-- Up-to-date: /home/peter/ros2.1/UsbCaptureROS4/install/common/share/common/cmake/ament_cmake_export_dependencies-extras.cmake
-- Up-to-date: /home/peter/ros2.1/UsbCaptureROS4/install/common/share/common/cmake/commonConfig.cmake
-- Up-to-date: /home/peter/ros2.1/UsbCaptureROS4/install/common/share/common/cmake/commonConfig-version.cmake
-- Up-to-date: /home/peter/ros2.1/UsbCaptureROS4/install/common/share/common/package.xml
