[0.027s] Invoking command in '/home/peter/ros2/UsbCaptureROS4/build/common': CMAKE_PREFIX_PATH=/opt/ros/foxy /bin/cmake /home/peter/ros2/UsbCaptureROS4/src/common -DCMAKE_INSTALL_PREFIX=/home/peter/ros2/UsbCaptureROS4/install/common
[0.086s] -- The C compiler identification is GNU 9.4.0
[0.145s] -- The CXX compiler identification is GNU 9.4.0
[0.150s] -- Check for working C compiler: /bin/cc
[0.231s] -- Check for working C compiler: /bin/cc -- works
[0.233s] -- Detecting C compiler ABI info
[0.301s] -- Detecting C compiler ABI info - done
[0.313s] -- Detecting C compile features
[0.313s] -- Detecting C compile features - done
[0.316s] -- Check for working CXX compiler: /bin/c++
[0.396s] -- Check for working CXX compiler: /bin/c++ -- works
[0.397s] -- Detecting CXX compiler ABI info
[0.495s] -- Detecting CXX compiler ABI info - done
[0.505s] -- Detecting CXX compile features
[0.506s] -- Detecting CXX compile features - done
[0.508s] -- Found ament_cmake: 0.9.11 (/opt/ros/foxy/share/ament_cmake/cmake)
[0.536s] -- Found PythonInterp: /bin/python3 (found suitable version "3.8.10", minimum required is "3") 
[0.536s] -- Using PYTHON_EXECUTABLE: /bin/python3
[0.736s] -- Found rclcpp: 2.4.2 (/opt/ros/foxy/share/rclcpp/cmake)
[0.776s] -- Using all available rosidl_typesupport_c: rosidl_typesupport_fastrtps_c;rosidl_typesupport_introspection_c
[0.782s] -- Found rosidl_adapter: 1.3.0 (/opt/ros/foxy/share/rosidl_adapter/cmake)
[0.859s] -- Found OpenSSL: /usr/lib/x86_64-linux-gnu/libcrypto.so (found version "1.1.1f")  
[0.885s] -- Found FastRTPS: /opt/ros/foxy/include  
[0.959s] -- Using all available rosidl_typesupport_cpp: rosidl_typesupport_fastrtps_cpp;rosidl_typesupport_introspection_cpp
[1.009s] -- Found rmw_implementation_cmake: 1.0.3 (/opt/ros/foxy/share/rmw_implementation_cmake/cmake)
[1.011s] -- Using RMW implementation 'rmw_fastrtps_cpp' as default
[1.012s] -- Looking for pthread.h
[1.086s] -- Looking for pthread.h - found
[1.086s] -- Performing Test CMAKE_HAVE_LIBC_PTHREAD
[1.167s] -- Performing Test CMAKE_HAVE_LIBC_PTHREAD - Failed
[1.167s] -- Looking for pthread_create in pthreads
[1.234s] -- Looking for pthread_create in pthreads - not found
[1.234s] -- Looking for pthread_create in pthread
[1.306s] -- Looking for pthread_create in pthread - found
[1.308s] -- Found Threads: TRUE  
[1.454s] -- Found ament_lint_auto: 0.9.7 (/opt/ros/foxy/share/ament_lint_auto/cmake)
[1.521s] CMake Warning (dev) at CMakeLists.txt:37 (set):
[1.521s]   Cannot set "BASE_INCLUDE": current scope has no parent.
[1.521s] This warning is for project developers.  Use -Wno-dev to suppress it.
[1.521s] 
[1.532s] -- Found OpenCV: /usr (found version "4.2.0") 
[1.554s] -- Found required Ceres dependency: Eigen version 3.3.9 in /usr/local/include/eigen3
[1.566s] -- Found required Ceres dependency: glog
[1.567s] -- Found required Ceres dependency: gflags
[1.568s] -- Found Ceres version: 2.0.0 installed in: /usr/local with components: [EigenSparse, SparseLinearAlgebraLibrary, LAPACK, SchurSpecializations, Multithreading]
[1.573s] -- Added test 'copyright' to check source files copyright and LICENSE
[1.574s] -- Added test 'cppcheck' to perform static code analysis on C / C++ code
[1.575s] -- Configured cppcheck include dirs: /home/peter/ros2/UsbCaptureROS4/src/common/./include;/home/peter/ros2/UsbCaptureROS4/src/common/include;$<BUILD_INTERFACE:/home/peter/ros2/UsbCaptureROS4/src/common/include>
[1.575s] -- Configured cppcheck exclude dirs and/or files: 
[1.575s] -- Added test 'cpplint' to check C / C++ code against the Google style
[1.576s] -- Configured cpplint exclude dirs and/or files: 
[1.576s] -- Added test 'lint_cmake' to check CMake code style
[1.577s] -- Added test 'uncrustify' to check C / C++ code style
[1.577s] -- Configured uncrustify additional arguments: 
[1.577s] -- Added test 'xmllint' to check XML markup files
[1.581s] -- Configuring done
[1.593s] -- Generating done
[1.595s] -- Build files have been written to: /home/peter/ros2/UsbCaptureROS4/build/common
[1.610s] Invoked command in '/home/peter/ros2/UsbCaptureROS4/build/common' returned '0': CMAKE_PREFIX_PATH=/opt/ros/foxy /bin/cmake /home/peter/ros2/UsbCaptureROS4/src/common -DCMAKE_INSTALL_PREFIX=/home/peter/ros2/UsbCaptureROS4/install/common
[1.615s] Invoking command in '/home/peter/ros2/UsbCaptureROS4/build/common': CMAKE_PREFIX_PATH=/opt/ros/foxy /bin/cmake --build /home/peter/ros2/UsbCaptureROS4/build/common -- -j16 -l16
[1.658s] [35m[1mScanning dependencies of target common[0m
[1.658s] [35m[1mScanning dependencies of target Base[0m
[1.685s] [ 50%] [32mBuilding CXX object CMakeFiles/Base.dir/src/common.cpp.o[0m
[1.685s] [ 50%] [32mBuilding CXX object CMakeFiles/common.dir/src/common.cpp.o[0m
[3.601s] [ 75%] [32m[1mLinking CXX shared library libcommon.so[0m
[3.623s] [100%] [32m[1mLinking CXX shared library libBase.so[0m
[3.691s] [100%] Built target common
[3.839s] [100%] Built target Base
[3.849s] Invoked command in '/home/peter/ros2/UsbCaptureROS4/build/common' returned '0': CMAKE_PREFIX_PATH=/opt/ros/foxy /bin/cmake --build /home/peter/ros2/UsbCaptureROS4/build/common -- -j16 -l16
[3.879s] Invoking command in '/home/peter/ros2/UsbCaptureROS4/build/common': CMAKE_PREFIX_PATH=/opt/ros/foxy /bin/cmake --install /home/peter/ros2/UsbCaptureROS4/build/common
[3.886s] -- Install configuration: ""
[3.886s] -- Installing: /home/peter/ros2/UsbCaptureROS4/install/common/share/common/environment/library_path.sh
[3.886s] -- Installing: /home/peter/ros2/UsbCaptureROS4/install/common/share/common/environment/library_path.dsv
[3.887s] -- Installing: /home/peter/ros2/UsbCaptureROS4/install/common/include
[3.887s] -- Installing: /home/peter/ros2/UsbCaptureROS4/install/common/include/common
[3.887s] -- Installing: /home/peter/ros2/UsbCaptureROS4/install/common/include/common/common.h
[3.887s] -- Installing: /home/peter/ros2/UsbCaptureROS4/install/common/lib/libcommon.so
[3.887s] -- Set runtime path of "/home/peter/ros2/UsbCaptureROS4/install/common/lib/libcommon.so" to ""
[3.887s] -- Installing: /home/peter/ros2/UsbCaptureROS4/install/common/share/ament_index/resource_index/package_run_dependencies/common
[3.888s] -- Installing: /home/peter/ros2/UsbCaptureROS4/install/common/share/ament_index/resource_index/parent_prefix_path/common
[3.888s] -- Installing: /home/peter/ros2/UsbCaptureROS4/install/common/share/common/environment/ament_prefix_path.sh
[3.888s] -- Installing: /home/peter/ros2/UsbCaptureROS4/install/common/share/common/environment/ament_prefix_path.dsv
[3.888s] -- Installing: /home/peter/ros2/UsbCaptureROS4/install/common/share/common/environment/path.sh
[3.888s] -- Installing: /home/peter/ros2/UsbCaptureROS4/install/common/share/common/environment/path.dsv
[3.888s] -- Installing: /home/peter/ros2/UsbCaptureROS4/install/common/share/common/local_setup.bash
[3.889s] -- Installing: /home/peter/ros2/UsbCaptureROS4/install/common/share/common/local_setup.sh
[3.889s] -- Installing: /home/peter/ros2/UsbCaptureROS4/install/common/share/common/local_setup.zsh
[3.889s] -- Installing: /home/peter/ros2/UsbCaptureROS4/install/common/share/common/local_setup.dsv
[3.889s] -- Installing: /home/peter/ros2/UsbCaptureROS4/install/common/share/common/package.dsv
[3.889s] -- Installing: /home/peter/ros2/UsbCaptureROS4/install/common/share/ament_index/resource_index/packages/common
[3.889s] -- Installing: /home/peter/ros2/UsbCaptureROS4/install/common/share/common/cmake/commonExport.cmake
[3.889s] -- Installing: /home/peter/ros2/UsbCaptureROS4/install/common/share/common/cmake/commonExport-noconfig.cmake
[3.890s] -- Installing: /home/peter/ros2/UsbCaptureROS4/install/common/share/common/cmake/ament_cmake_export_targets-extras.cmake
[3.890s] -- Installing: /home/peter/ros2/UsbCaptureROS4/install/common/share/common/cmake/ament_cmake_export_dependencies-extras.cmake
[3.890s] -- Installing: /home/peter/ros2/UsbCaptureROS4/install/common/share/common/cmake/commonConfig.cmake
[3.890s] -- Installing: /home/peter/ros2/UsbCaptureROS4/install/common/share/common/cmake/commonConfig-version.cmake
[3.890s] -- Installing: /home/peter/ros2/UsbCaptureROS4/install/common/share/common/package.xml
[3.893s] Invoked command in '/home/peter/ros2/UsbCaptureROS4/build/common' returned '0': CMAKE_PREFIX_PATH=/opt/ros/foxy /bin/cmake --install /home/peter/ros2/UsbCaptureROS4/build/common
