[0.111s] DEBUG:colcon:Command line arguments: ['/bin/colcon', 'build']
[0.111s] DEBUG:colcon:Parsed command line arguments: Namespace(allow_overriding=[], ament_cmake_args=None, base_paths=['.'], build_base='build', catkin_cmake_args=None, catkin_skip_building_tests=False, cmake_args=None, cmake_clean_cache=False, cmake_clean_first=False, cmake_force_configure=False, cmake_target=None, cmake_target_skip_unavailable=False, continue_on_error=False, event_handlers=None, executor='parallel', ignore_user_meta=False, install_base='install', log_base=None, log_level=None, main=<bound method BuildVerb.main of <colcon_core.verb.build.BuildVerb object at 0x7ff00a501400>>, merge_install=False, metas=['./colcon.meta'], packages_above=None, packages_above_and_dependencies=None, packages_above_depth=None, packages_end=None, packages_ignore=None, packages_ignore_regex=None, packages_select=None, packages_select_build_failed=False, packages_select_by_dep=None, packages_select_regex=None, packages_select_test_failures=False, packages_skip=None, packages_skip_build_finished=False, packages_skip_by_dep=None, packages_skip_regex=None, packages_skip_test_passed=False, packages_skip_up_to=None, packages_start=None, packages_up_to=None, packages_up_to_regex=None, parallel_workers=16, paths=None, symlink_install=False, test_result_base=None, verb_extension=<colcon_core.verb.build.BuildVerb object at 0x7ff00a501400>, verb_name='build', verb_parser=<colcon_defaults.argument_parser.defaults.DefaultArgumentsDecorator object at 0x7ff00a501940>)
[0.127s] Level 1:colcon.colcon_core.package_discovery:discover_packages(colcon_meta) check parameters
[0.127s] Level 1:colcon.colcon_core.package_discovery:discover_packages(recursive) check parameters
[0.127s] Level 1:colcon.colcon_core.package_discovery:discover_packages(ignore) check parameters
[0.127s] Level 1:colcon.colcon_core.package_discovery:discover_packages(path) check parameters
[0.127s] Level 1:colcon.colcon_core.package_discovery:discover_packages(colcon_meta) discover
[0.128s] Level 1:colcon.colcon_core.package_discovery:discover_packages(recursive) discover
[0.128s] INFO:colcon.colcon_core.package_discovery:Crawling recursively for packages in '/home/peter/ros2/UsbCaptureROS4'
[0.128s] Level 1:colcon.colcon_core.package_identification:_identify(.) by extensions ['ignore', 'ignore_ament_install']
[0.128s] Level 1:colcon.colcon_core.package_identification:_identify(.) by extension 'ignore'
[0.128s] Level 1:colcon.colcon_core.package_identification:_identify(.) by extension 'ignore_ament_install'
[0.128s] Level 1:colcon.colcon_core.package_identification:_identify(.) by extensions ['colcon_pkg']
[0.128s] Level 1:colcon.colcon_core.package_identification:_identify(.) by extension 'colcon_pkg'
[0.128s] Level 1:colcon.colcon_core.package_identification:_identify(.) by extensions ['colcon_meta']
[0.128s] Level 1:colcon.colcon_core.package_identification:_identify(.) by extension 'colcon_meta'
[0.128s] Level 1:colcon.colcon_core.package_identification:_identify(.) by extensions ['ros']
[0.128s] Level 1:colcon.colcon_core.package_identification:_identify(.) by extension 'ros'
[0.135s] Level 1:colcon.colcon_core.package_identification:_identify(.) by extensions ['cmake', 'python']
[0.135s] Level 1:colcon.colcon_core.package_identification:_identify(.) by extension 'cmake'
[0.135s] Level 1:colcon.colcon_core.package_identification:_identify(.) by extension 'python'
[0.135s] Level 1:colcon.colcon_core.package_identification:_identify(.) by extensions ['python_setup_py']
[0.135s] Level 1:colcon.colcon_core.package_identification:_identify(.) by extension 'python_setup_py'
[0.135s] Level 1:colcon.colcon_core.package_identification:_identify(build) by extensions ['ignore', 'ignore_ament_install']
[0.136s] Level 1:colcon.colcon_core.package_identification:_identify(build) by extension 'ignore'
[0.136s] Level 1:colcon.colcon_core.package_identification:_identify(build) ignored
[0.136s] Level 1:colcon.colcon_core.package_identification:_identify(install) by extensions ['ignore', 'ignore_ament_install']
[0.136s] Level 1:colcon.colcon_core.package_identification:_identify(install) by extension 'ignore'
[0.136s] Level 1:colcon.colcon_core.package_identification:_identify(install) ignored
[0.136s] Level 1:colcon.colcon_core.package_identification:_identify(log) by extensions ['ignore', 'ignore_ament_install']
[0.136s] Level 1:colcon.colcon_core.package_identification:_identify(log) by extension 'ignore'
[0.136s] Level 1:colcon.colcon_core.package_identification:_identify(log) ignored
[0.136s] Level 1:colcon.colcon_core.package_identification:_identify(src) by extensions ['ignore', 'ignore_ament_install']
[0.136s] Level 1:colcon.colcon_core.package_identification:_identify(src) by extension 'ignore'
[0.136s] Level 1:colcon.colcon_core.package_identification:_identify(src) by extension 'ignore_ament_install'
[0.136s] Level 1:colcon.colcon_core.package_identification:_identify(src) by extensions ['colcon_pkg']
[0.136s] Level 1:colcon.colcon_core.package_identification:_identify(src) by extension 'colcon_pkg'
[0.136s] Level 1:colcon.colcon_core.package_identification:_identify(src) by extensions ['colcon_meta']
[0.136s] Level 1:colcon.colcon_core.package_identification:_identify(src) by extension 'colcon_meta'
[0.136s] Level 1:colcon.colcon_core.package_identification:_identify(src) by extensions ['ros']
[0.136s] Level 1:colcon.colcon_core.package_identification:_identify(src) by extension 'ros'
[0.136s] Level 1:colcon.colcon_core.package_identification:_identify(src) by extensions ['cmake', 'python']
[0.136s] Level 1:colcon.colcon_core.package_identification:_identify(src) by extension 'cmake'
[0.136s] Level 1:colcon.colcon_core.package_identification:_identify(src) by extension 'python'
[0.136s] Level 1:colcon.colcon_core.package_identification:_identify(src) by extensions ['python_setup_py']
[0.137s] Level 1:colcon.colcon_core.package_identification:_identify(src) by extension 'python_setup_py'
[0.137s] Level 1:colcon.colcon_core.package_identification:_identify(src/common) by extensions ['ignore', 'ignore_ament_install']
[0.137s] Level 1:colcon.colcon_core.package_identification:_identify(src/common) by extension 'ignore'
[0.137s] Level 1:colcon.colcon_core.package_identification:_identify(src/common) by extension 'ignore_ament_install'
[0.137s] Level 1:colcon.colcon_core.package_identification:_identify(src/common) by extensions ['colcon_pkg']
[0.137s] Level 1:colcon.colcon_core.package_identification:_identify(src/common) by extension 'colcon_pkg'
[0.137s] Level 1:colcon.colcon_core.package_identification:_identify(src/common) by extensions ['colcon_meta']
[0.137s] Level 1:colcon.colcon_core.package_identification:_identify(src/common) by extension 'colcon_meta'
[0.137s] Level 1:colcon.colcon_core.package_identification:_identify(src/common) by extensions ['ros']
[0.137s] Level 1:colcon.colcon_core.package_identification:_identify(src/common) by extension 'ros'
[0.139s] DEBUG:colcon.colcon_core.package_identification:Package 'src/common' with type 'ros.ament_cmake' and name 'common'
[0.139s] Level 1:colcon.colcon_core.package_identification:_identify(src/interfaces) by extensions ['ignore', 'ignore_ament_install']
[0.139s] Level 1:colcon.colcon_core.package_identification:_identify(src/interfaces) by extension 'ignore'
[0.139s] Level 1:colcon.colcon_core.package_identification:_identify(src/interfaces) by extension 'ignore_ament_install'
[0.139s] Level 1:colcon.colcon_core.package_identification:_identify(src/interfaces) by extensions ['colcon_pkg']
[0.139s] Level 1:colcon.colcon_core.package_identification:_identify(src/interfaces) by extension 'colcon_pkg'
[0.139s] Level 1:colcon.colcon_core.package_identification:_identify(src/interfaces) by extensions ['colcon_meta']
[0.139s] Level 1:colcon.colcon_core.package_identification:_identify(src/interfaces) by extension 'colcon_meta'
[0.139s] Level 1:colcon.colcon_core.package_identification:_identify(src/interfaces) by extensions ['ros']
[0.139s] Level 1:colcon.colcon_core.package_identification:_identify(src/interfaces) by extension 'ros'
[0.139s] DEBUG:colcon.colcon_core.package_identification:Package 'src/interfaces' with type 'ros.ament_cmake' and name 'interfaces'
[0.139s] Level 1:colcon.colcon_core.package_identification:_identify(src/ros2_usbcapture) by extensions ['ignore', 'ignore_ament_install']
[0.140s] Level 1:colcon.colcon_core.package_identification:_identify(src/ros2_usbcapture) by extension 'ignore'
[0.140s] Level 1:colcon.colcon_core.package_identification:_identify(src/ros2_usbcapture) by extension 'ignore_ament_install'
[0.140s] Level 1:colcon.colcon_core.package_identification:_identify(src/ros2_usbcapture) by extensions ['colcon_pkg']
[0.140s] Level 1:colcon.colcon_core.package_identification:_identify(src/ros2_usbcapture) by extension 'colcon_pkg'
[0.140s] Level 1:colcon.colcon_core.package_identification:_identify(src/ros2_usbcapture) by extensions ['colcon_meta']
[0.140s] Level 1:colcon.colcon_core.package_identification:_identify(src/ros2_usbcapture) by extension 'colcon_meta'
[0.140s] Level 1:colcon.colcon_core.package_identification:_identify(src/ros2_usbcapture) by extensions ['ros']
[0.140s] Level 1:colcon.colcon_core.package_identification:_identify(src/ros2_usbcapture) by extension 'ros'
[0.140s] DEBUG:colcon.colcon_core.package_identification:Package 'src/ros2_usbcapture' with type 'ros.ament_cmake' and name 'ros2_usbcapture'
[0.140s] Level 1:colcon.colcon_core.package_discovery:discover_packages(recursive) using defaults
[0.140s] Level 1:colcon.colcon_core.package_discovery:discover_packages(ignore) discover
[0.140s] Level 1:colcon.colcon_core.package_discovery:discover_packages(ignore) using defaults
[0.140s] Level 1:colcon.colcon_core.package_discovery:discover_packages(path) discover
[0.140s] Level 1:colcon.colcon_core.package_discovery:discover_packages(path) using defaults
[0.162s] Level 1:colcon.colcon_core.package_discovery:discover_packages(prefix_path) check parameters
[0.162s] Level 1:colcon.colcon_core.package_discovery:discover_packages(prefix_path) discover
[0.164s] DEBUG:colcon.colcon_installed_package_information.package_discovery:Found 3 installed packages in /home/peter/ros2/UsbCaptureROS4/install
[0.165s] DEBUG:colcon.colcon_installed_package_information.package_discovery:Found 278 installed packages in /opt/ros/foxy
[0.166s] Level 1:colcon.colcon_core.package_discovery:discover_packages(prefix_path) using defaults
[0.212s] Level 5:colcon.colcon_core.verb:set package 'common' build argument 'cmake_args' from command line to 'None'
[0.212s] Level 5:colcon.colcon_core.verb:set package 'common' build argument 'cmake_target' from command line to 'None'
[0.212s] Level 5:colcon.colcon_core.verb:set package 'common' build argument 'cmake_target_skip_unavailable' from command line to 'False'
[0.212s] Level 5:colcon.colcon_core.verb:set package 'common' build argument 'cmake_clean_cache' from command line to 'False'
[0.212s] Level 5:colcon.colcon_core.verb:set package 'common' build argument 'cmake_clean_first' from command line to 'False'
[0.212s] Level 5:colcon.colcon_core.verb:set package 'common' build argument 'cmake_force_configure' from command line to 'False'
[0.212s] Level 5:colcon.colcon_core.verb:set package 'common' build argument 'ament_cmake_args' from command line to 'None'
[0.212s] Level 5:colcon.colcon_core.verb:set package 'common' build argument 'catkin_cmake_args' from command line to 'None'
[0.212s] Level 5:colcon.colcon_core.verb:set package 'common' build argument 'catkin_skip_building_tests' from command line to 'False'
[0.213s] DEBUG:colcon.colcon_core.verb:Building package 'common' with the following arguments: {'ament_cmake_args': None, 'build_base': '/home/peter/ros2/UsbCaptureROS4/build/common', 'catkin_cmake_args': None, 'catkin_skip_building_tests': False, 'cmake_args': None, 'cmake_clean_cache': False, 'cmake_clean_first': False, 'cmake_force_configure': False, 'cmake_target': None, 'cmake_target_skip_unavailable': False, 'install_base': '/home/peter/ros2/UsbCaptureROS4/install/common', 'merge_install': False, 'path': '/home/peter/ros2/UsbCaptureROS4/src/common', 'symlink_install': False, 'test_result_base': None}
[0.213s] Level 5:colcon.colcon_core.verb:set package 'interfaces' build argument 'cmake_args' from command line to 'None'
[0.213s] Level 5:colcon.colcon_core.verb:set package 'interfaces' build argument 'cmake_target' from command line to 'None'
[0.213s] Level 5:colcon.colcon_core.verb:set package 'interfaces' build argument 'cmake_target_skip_unavailable' from command line to 'False'
[0.213s] Level 5:colcon.colcon_core.verb:set package 'interfaces' build argument 'cmake_clean_cache' from command line to 'False'
[0.213s] Level 5:colcon.colcon_core.verb:set package 'interfaces' build argument 'cmake_clean_first' from command line to 'False'
[0.213s] Level 5:colcon.colcon_core.verb:set package 'interfaces' build argument 'cmake_force_configure' from command line to 'False'
[0.213s] Level 5:colcon.colcon_core.verb:set package 'interfaces' build argument 'ament_cmake_args' from command line to 'None'
[0.213s] Level 5:colcon.colcon_core.verb:set package 'interfaces' build argument 'catkin_cmake_args' from command line to 'None'
[0.213s] Level 5:colcon.colcon_core.verb:set package 'interfaces' build argument 'catkin_skip_building_tests' from command line to 'False'
[0.213s] DEBUG:colcon.colcon_core.verb:Building package 'interfaces' with the following arguments: {'ament_cmake_args': None, 'build_base': '/home/peter/ros2/UsbCaptureROS4/build/interfaces', 'catkin_cmake_args': None, 'catkin_skip_building_tests': False, 'cmake_args': None, 'cmake_clean_cache': False, 'cmake_clean_first': False, 'cmake_force_configure': False, 'cmake_target': None, 'cmake_target_skip_unavailable': False, 'install_base': '/home/peter/ros2/UsbCaptureROS4/install/interfaces', 'merge_install': False, 'path': '/home/peter/ros2/UsbCaptureROS4/src/interfaces', 'symlink_install': False, 'test_result_base': None}
[0.214s] Level 5:colcon.colcon_core.verb:set package 'ros2_usbcapture' build argument 'cmake_args' from command line to 'None'
[0.214s] Level 5:colcon.colcon_core.verb:set package 'ros2_usbcapture' build argument 'cmake_target' from command line to 'None'
[0.214s] Level 5:colcon.colcon_core.verb:set package 'ros2_usbcapture' build argument 'cmake_target_skip_unavailable' from command line to 'False'
[0.214s] Level 5:colcon.colcon_core.verb:set package 'ros2_usbcapture' build argument 'cmake_clean_cache' from command line to 'False'
[0.214s] Level 5:colcon.colcon_core.verb:set package 'ros2_usbcapture' build argument 'cmake_clean_first' from command line to 'False'
[0.214s] Level 5:colcon.colcon_core.verb:set package 'ros2_usbcapture' build argument 'cmake_force_configure' from command line to 'False'
[0.214s] Level 5:colcon.colcon_core.verb:set package 'ros2_usbcapture' build argument 'ament_cmake_args' from command line to 'None'
[0.214s] Level 5:colcon.colcon_core.verb:set package 'ros2_usbcapture' build argument 'catkin_cmake_args' from command line to 'None'
[0.214s] Level 5:colcon.colcon_core.verb:set package 'ros2_usbcapture' build argument 'catkin_skip_building_tests' from command line to 'False'
[0.214s] DEBUG:colcon.colcon_core.verb:Building package 'ros2_usbcapture' with the following arguments: {'ament_cmake_args': None, 'build_base': '/home/peter/ros2/UsbCaptureROS4/build/ros2_usbcapture', 'catkin_cmake_args': None, 'catkin_skip_building_tests': False, 'cmake_args': None, 'cmake_clean_cache': False, 'cmake_clean_first': False, 'cmake_force_configure': False, 'cmake_target': None, 'cmake_target_skip_unavailable': False, 'install_base': '/home/peter/ros2/UsbCaptureROS4/install/ros2_usbcapture', 'merge_install': False, 'path': '/home/peter/ros2/UsbCaptureROS4/src/ros2_usbcapture', 'symlink_install': False, 'test_result_base': None}
[0.215s] INFO:colcon.colcon_core.executor:Executing jobs using 'parallel' executor
[0.218s] DEBUG:colcon.colcon_parallel_executor.executor.parallel:run_until_complete
[0.218s] INFO:colcon.colcon_ros.task.ament_cmake.build:Building ROS package in '/home/peter/ros2/UsbCaptureROS4/src/common' with build type 'ament_cmake'
[0.218s] INFO:colcon.colcon_cmake.task.cmake.build:Building CMake package in '/home/peter/ros2/UsbCaptureROS4/src/common'
[0.221s] INFO:colcon.colcon_core.plugin_system:Skipping extension 'colcon_core.shell.bat': Not used on non-Windows systems
[0.221s] INFO:colcon.colcon_core.shell:Skip shell extension 'powershell' for command environment: Not usable outside of PowerShell
[0.221s] DEBUG:colcon.colcon_core.shell:Skip shell extension 'dsv' for command environment
[0.226s] INFO:colcon.colcon_ros.task.ament_cmake.build:Building ROS package in '/home/peter/ros2/UsbCaptureROS4/src/interfaces' with build type 'ament_cmake'
[0.226s] INFO:colcon.colcon_cmake.task.cmake.build:Building CMake package in '/home/peter/ros2/UsbCaptureROS4/src/interfaces'
[0.228s] INFO:colcon.colcon_core.shell:Skip shell extension 'powershell' for command environment: Not usable outside of PowerShell
[0.228s] DEBUG:colcon.colcon_core.shell:Skip shell extension 'dsv' for command environment
[0.242s] DEBUG:colcon.colcon_core.event_handler.log_command:Invoking command in '/home/peter/ros2/UsbCaptureROS4/build/common': CMAKE_PREFIX_PATH=${CMAKE_PREFIX_PATH}:/opt/ros/foxy /bin/cmake --build /home/peter/ros2/UsbCaptureROS4/build/common -- -j16 -l16
[0.250s] DEBUG:colcon.colcon_core.event_handler.log_command:Invoking command in '/home/peter/ros2/UsbCaptureROS4/build/interfaces': CMAKE_PREFIX_PATH=${CMAKE_PREFIX_PATH}:/opt/ros/foxy /bin/cmake --build /home/peter/ros2/UsbCaptureROS4/build/interfaces -- -j16 -l16
[0.301s] DEBUG:colcon.colcon_core.event_handler.log_command:Invoked command in '/home/peter/ros2/UsbCaptureROS4/build/common' returned '0': CMAKE_PREFIX_PATH=${CMAKE_PREFIX_PATH}:/opt/ros/foxy /bin/cmake --build /home/peter/ros2/UsbCaptureROS4/build/common -- -j16 -l16
[0.330s] DEBUG:colcon.colcon_core.event_handler.log_command:Invoking command in '/home/peter/ros2/UsbCaptureROS4/build/common': CMAKE_PREFIX_PATH=${CMAKE_PREFIX_PATH}:/opt/ros/foxy /bin/cmake --install /home/peter/ros2/UsbCaptureROS4/build/common
[0.338s] Level 1:colcon.colcon_core.environment:create_environment_scripts_only(common)
[0.340s] DEBUG:colcon.colcon_core.event_handler.log_command:Invoked command in '/home/peter/ros2/UsbCaptureROS4/build/common' returned '0': CMAKE_PREFIX_PATH=${CMAKE_PREFIX_PATH}:/opt/ros/foxy /bin/cmake --install /home/peter/ros2/UsbCaptureROS4/build/common
[0.344s] Level 1:colcon.colcon_core.environment:checking '/home/peter/ros2/UsbCaptureROS4/install/common' for CMake module files
[0.344s] Level 1:colcon.colcon_core.environment:checking '/home/peter/ros2/UsbCaptureROS4/install/common' for CMake config files
[0.345s] Level 1:colcon.colcon_core.shell:create_environment_hook('common', 'cmake_prefix_path')
[0.347s] INFO:colcon.colcon_core.shell:Creating environment hook '/home/peter/ros2/UsbCaptureROS4/install/common/share/common/hook/cmake_prefix_path.ps1'
[0.348s] INFO:colcon.colcon_core.shell:Creating environment descriptor '/home/peter/ros2/UsbCaptureROS4/install/common/share/common/hook/cmake_prefix_path.dsv'
[0.348s] INFO:colcon.colcon_core.shell:Creating environment hook '/home/peter/ros2/UsbCaptureROS4/install/common/share/common/hook/cmake_prefix_path.sh'
[0.349s] Level 1:colcon.colcon_core.environment:checking '/home/peter/ros2/UsbCaptureROS4/install/common/lib'
[0.349s] Level 1:colcon.colcon_core.shell:create_environment_hook('common', 'ld_library_path_lib')
[0.350s] INFO:colcon.colcon_core.shell:Creating environment hook '/home/peter/ros2/UsbCaptureROS4/install/common/share/common/hook/ld_library_path_lib.ps1'
[0.350s] INFO:colcon.colcon_core.shell:Creating environment descriptor '/home/peter/ros2/UsbCaptureROS4/install/common/share/common/hook/ld_library_path_lib.dsv'
[0.350s] INFO:colcon.colcon_core.shell:Creating environment hook '/home/peter/ros2/UsbCaptureROS4/install/common/share/common/hook/ld_library_path_lib.sh'
[0.350s] Level 1:colcon.colcon_core.environment:checking '/home/peter/ros2/UsbCaptureROS4/install/common/bin'
[0.350s] Level 1:colcon.colcon_core.environment:checking '/home/peter/ros2/UsbCaptureROS4/install/common/lib/pkgconfig/common.pc'
[0.351s] Level 1:colcon.colcon_core.environment:checking '/home/peter/ros2/UsbCaptureROS4/install/common/lib/python3.8/site-packages'
[0.351s] Level 1:colcon.colcon_core.environment:checking '/home/peter/ros2/UsbCaptureROS4/install/common/bin'
[0.352s] INFO:colcon.colcon_core.shell:Creating package script '/home/peter/ros2/UsbCaptureROS4/install/common/share/common/package.ps1'
[0.352s] INFO:colcon.colcon_core.shell:Creating package descriptor '/home/peter/ros2/UsbCaptureROS4/install/common/share/common/package.dsv'
[0.353s] INFO:colcon.colcon_core.shell:Creating package script '/home/peter/ros2/UsbCaptureROS4/install/common/share/common/package.sh'
[0.353s] INFO:colcon.colcon_core.shell:Creating package script '/home/peter/ros2/UsbCaptureROS4/install/common/share/common/package.bash'
[0.354s] INFO:colcon.colcon_core.shell:Creating package script '/home/peter/ros2/UsbCaptureROS4/install/common/share/common/package.zsh'
[0.354s] Level 1:colcon.colcon_core.environment:create_file_with_runtime_dependencies(/home/peter/ros2/UsbCaptureROS4/install/common/share/colcon-core/packages/common)
[0.376s] Level 1:colcon.colcon_core.environment:create_environment_scripts_only(common)
[0.378s] Level 1:colcon.colcon_core.environment:checking '/home/peter/ros2/UsbCaptureROS4/install/common' for CMake module files
[0.378s] Level 1:colcon.colcon_core.environment:checking '/home/peter/ros2/UsbCaptureROS4/install/common' for CMake config files
[0.379s] Level 1:colcon.colcon_core.shell:create_environment_hook('common', 'cmake_prefix_path')
[0.380s] INFO:colcon.colcon_core.shell:Creating environment hook '/home/peter/ros2/UsbCaptureROS4/install/common/share/common/hook/cmake_prefix_path.ps1'
[0.381s] INFO:colcon.colcon_core.shell:Creating environment descriptor '/home/peter/ros2/UsbCaptureROS4/install/common/share/common/hook/cmake_prefix_path.dsv'
[0.381s] INFO:colcon.colcon_core.shell:Creating environment hook '/home/peter/ros2/UsbCaptureROS4/install/common/share/common/hook/cmake_prefix_path.sh'
[0.381s] Level 1:colcon.colcon_core.environment:checking '/home/peter/ros2/UsbCaptureROS4/install/common/lib'
[0.382s] Level 1:colcon.colcon_core.shell:create_environment_hook('common', 'ld_library_path_lib')
[0.383s] INFO:colcon.colcon_core.shell:Creating environment hook '/home/peter/ros2/UsbCaptureROS4/install/common/share/common/hook/ld_library_path_lib.ps1'
[0.383s] INFO:colcon.colcon_core.shell:Creating environment descriptor '/home/peter/ros2/UsbCaptureROS4/install/common/share/common/hook/ld_library_path_lib.dsv'
[0.384s] INFO:colcon.colcon_core.shell:Creating environment hook '/home/peter/ros2/UsbCaptureROS4/install/common/share/common/hook/ld_library_path_lib.sh'
[0.384s] Level 1:colcon.colcon_core.environment:checking '/home/peter/ros2/UsbCaptureROS4/install/common/bin'
[0.384s] Level 1:colcon.colcon_core.environment:checking '/home/peter/ros2/UsbCaptureROS4/install/common/lib/pkgconfig/common.pc'
[0.384s] Level 1:colcon.colcon_core.environment:checking '/home/peter/ros2/UsbCaptureROS4/install/common/lib/python3.8/site-packages'
[0.384s] Level 1:colcon.colcon_core.environment:checking '/home/peter/ros2/UsbCaptureROS4/install/common/bin'
[0.386s] INFO:colcon.colcon_core.shell:Creating package script '/home/peter/ros2/UsbCaptureROS4/install/common/share/common/package.ps1'
[0.386s] INFO:colcon.colcon_core.shell:Creating package descriptor '/home/peter/ros2/UsbCaptureROS4/install/common/share/common/package.dsv'
[0.387s] INFO:colcon.colcon_core.shell:Creating package script '/home/peter/ros2/UsbCaptureROS4/install/common/share/common/package.sh'
[0.387s] INFO:colcon.colcon_core.shell:Creating package script '/home/peter/ros2/UsbCaptureROS4/install/common/share/common/package.bash'
[0.387s] INFO:colcon.colcon_core.shell:Creating package script '/home/peter/ros2/UsbCaptureROS4/install/common/share/common/package.zsh'
[0.388s] Level 1:colcon.colcon_core.environment:create_file_with_runtime_dependencies(/home/peter/ros2/UsbCaptureROS4/install/common/share/colcon-core/packages/common)
[0.443s] DEBUG:colcon.colcon_core.event_handler.log_command:Invoked command in '/home/peter/ros2/UsbCaptureROS4/build/interfaces' returned '0': CMAKE_PREFIX_PATH=${CMAKE_PREFIX_PATH}:/opt/ros/foxy /bin/cmake --build /home/peter/ros2/UsbCaptureROS4/build/interfaces -- -j16 -l16
[0.512s] DEBUG:colcon.colcon_core.event_handler.log_command:Invoking command in '/home/peter/ros2/UsbCaptureROS4/build/interfaces': CMAKE_PREFIX_PATH=${CMAKE_PREFIX_PATH}:/opt/ros/foxy /bin/cmake --install /home/peter/ros2/UsbCaptureROS4/build/interfaces
[0.558s] Level 1:colcon.colcon_core.environment:create_environment_scripts_only(interfaces)
[0.561s] Level 1:colcon.colcon_core.environment:checking '/home/peter/ros2/UsbCaptureROS4/install/interfaces' for CMake module files
[0.562s] DEBUG:colcon.colcon_core.event_handler.log_command:Invoked command in '/home/peter/ros2/UsbCaptureROS4/build/interfaces' returned '0': CMAKE_PREFIX_PATH=${CMAKE_PREFIX_PATH}:/opt/ros/foxy /bin/cmake --install /home/peter/ros2/UsbCaptureROS4/build/interfaces
[0.562s] Level 1:colcon.colcon_core.environment:checking '/home/peter/ros2/UsbCaptureROS4/install/interfaces' for CMake config files
[0.563s] Level 1:colcon.colcon_core.shell:create_environment_hook('interfaces', 'cmake_prefix_path')
[0.564s] INFO:colcon.colcon_core.shell:Creating environment hook '/home/peter/ros2/UsbCaptureROS4/install/interfaces/share/interfaces/hook/cmake_prefix_path.ps1'
[0.565s] INFO:colcon.colcon_core.shell:Creating environment descriptor '/home/peter/ros2/UsbCaptureROS4/install/interfaces/share/interfaces/hook/cmake_prefix_path.dsv'
[0.565s] INFO:colcon.colcon_core.shell:Creating environment hook '/home/peter/ros2/UsbCaptureROS4/install/interfaces/share/interfaces/hook/cmake_prefix_path.sh'
[0.566s] Level 1:colcon.colcon_core.environment:checking '/home/peter/ros2/UsbCaptureROS4/install/interfaces/lib'
[0.566s] Level 1:colcon.colcon_core.shell:create_environment_hook('interfaces', 'ld_library_path_lib')
[0.567s] INFO:colcon.colcon_core.shell:Creating environment hook '/home/peter/ros2/UsbCaptureROS4/install/interfaces/share/interfaces/hook/ld_library_path_lib.ps1'
[0.568s] INFO:colcon.colcon_core.shell:Creating environment descriptor '/home/peter/ros2/UsbCaptureROS4/install/interfaces/share/interfaces/hook/ld_library_path_lib.dsv'
[0.568s] INFO:colcon.colcon_core.shell:Creating environment hook '/home/peter/ros2/UsbCaptureROS4/install/interfaces/share/interfaces/hook/ld_library_path_lib.sh'
[0.568s] Level 1:colcon.colcon_core.environment:checking '/home/peter/ros2/UsbCaptureROS4/install/interfaces/bin'
[0.568s] Level 1:colcon.colcon_core.environment:checking '/home/peter/ros2/UsbCaptureROS4/install/interfaces/lib/pkgconfig/interfaces.pc'
[0.569s] Level 1:colcon.colcon_core.environment:checking '/home/peter/ros2/UsbCaptureROS4/install/interfaces/lib/python3.8/site-packages'
[0.569s] Level 1:colcon.colcon_core.shell:create_environment_hook('interfaces', 'pythonpath')
[0.570s] INFO:colcon.colcon_core.shell:Creating environment hook '/home/peter/ros2/UsbCaptureROS4/install/interfaces/share/interfaces/hook/pythonpath.ps1'
[0.571s] INFO:colcon.colcon_core.shell:Creating environment descriptor '/home/peter/ros2/UsbCaptureROS4/install/interfaces/share/interfaces/hook/pythonpath.dsv'
[0.571s] INFO:colcon.colcon_core.shell:Creating environment hook '/home/peter/ros2/UsbCaptureROS4/install/interfaces/share/interfaces/hook/pythonpath.sh'
[0.571s] Level 1:colcon.colcon_core.environment:checking '/home/peter/ros2/UsbCaptureROS4/install/interfaces/bin'
[0.573s] INFO:colcon.colcon_core.shell:Creating package script '/home/peter/ros2/UsbCaptureROS4/install/interfaces/share/interfaces/package.ps1'
[0.574s] INFO:colcon.colcon_core.shell:Creating package descriptor '/home/peter/ros2/UsbCaptureROS4/install/interfaces/share/interfaces/package.dsv'
[0.574s] INFO:colcon.colcon_core.shell:Creating package script '/home/peter/ros2/UsbCaptureROS4/install/interfaces/share/interfaces/package.sh'
[0.575s] INFO:colcon.colcon_core.shell:Creating package script '/home/peter/ros2/UsbCaptureROS4/install/interfaces/share/interfaces/package.bash'
[0.575s] INFO:colcon.colcon_core.shell:Creating package script '/home/peter/ros2/UsbCaptureROS4/install/interfaces/share/interfaces/package.zsh'
[0.575s] Level 1:colcon.colcon_core.environment:create_file_with_runtime_dependencies(/home/peter/ros2/UsbCaptureROS4/install/interfaces/share/colcon-core/packages/interfaces)
[0.638s] Level 1:colcon.colcon_core.environment:create_environment_scripts_only(interfaces)
[0.642s] Level 1:colcon.colcon_core.environment:checking '/home/peter/ros2/UsbCaptureROS4/install/interfaces' for CMake module files
[0.643s] Level 1:colcon.colcon_core.environment:checking '/home/peter/ros2/UsbCaptureROS4/install/interfaces' for CMake config files
[0.643s] Level 1:colcon.colcon_core.shell:create_environment_hook('interfaces', 'cmake_prefix_path')
[0.646s] INFO:colcon.colcon_core.shell:Creating environment hook '/home/peter/ros2/UsbCaptureROS4/install/interfaces/share/interfaces/hook/cmake_prefix_path.ps1'
[0.646s] INFO:colcon.colcon_core.shell:Creating environment descriptor '/home/peter/ros2/UsbCaptureROS4/install/interfaces/share/interfaces/hook/cmake_prefix_path.dsv'
[0.647s] INFO:colcon.colcon_core.shell:Creating environment hook '/home/peter/ros2/UsbCaptureROS4/install/interfaces/share/interfaces/hook/cmake_prefix_path.sh'
[0.648s] Level 1:colcon.colcon_core.environment:checking '/home/peter/ros2/UsbCaptureROS4/install/interfaces/lib'
[0.648s] Level 1:colcon.colcon_core.shell:create_environment_hook('interfaces', 'ld_library_path_lib')
[0.648s] INFO:colcon.colcon_core.shell:Creating environment hook '/home/peter/ros2/UsbCaptureROS4/install/interfaces/share/interfaces/hook/ld_library_path_lib.ps1'
[0.649s] INFO:colcon.colcon_core.shell:Creating environment descriptor '/home/peter/ros2/UsbCaptureROS4/install/interfaces/share/interfaces/hook/ld_library_path_lib.dsv'
[0.649s] INFO:colcon.colcon_core.shell:Creating environment hook '/home/peter/ros2/UsbCaptureROS4/install/interfaces/share/interfaces/hook/ld_library_path_lib.sh'
[0.649s] Level 1:colcon.colcon_core.environment:checking '/home/peter/ros2/UsbCaptureROS4/install/interfaces/bin'
[0.649s] Level 1:colcon.colcon_core.environment:checking '/home/peter/ros2/UsbCaptureROS4/install/interfaces/lib/pkgconfig/interfaces.pc'
[0.649s] Level 1:colcon.colcon_core.environment:checking '/home/peter/ros2/UsbCaptureROS4/install/interfaces/lib/python3.8/site-packages'
[0.649s] Level 1:colcon.colcon_core.shell:create_environment_hook('interfaces', 'pythonpath')
[0.650s] INFO:colcon.colcon_core.shell:Creating environment hook '/home/peter/ros2/UsbCaptureROS4/install/interfaces/share/interfaces/hook/pythonpath.ps1'
[0.650s] INFO:colcon.colcon_core.shell:Creating environment descriptor '/home/peter/ros2/UsbCaptureROS4/install/interfaces/share/interfaces/hook/pythonpath.dsv'
[0.651s] INFO:colcon.colcon_core.shell:Creating environment hook '/home/peter/ros2/UsbCaptureROS4/install/interfaces/share/interfaces/hook/pythonpath.sh'
[0.651s] Level 1:colcon.colcon_core.environment:checking '/home/peter/ros2/UsbCaptureROS4/install/interfaces/bin'
[0.652s] INFO:colcon.colcon_core.shell:Creating package script '/home/peter/ros2/UsbCaptureROS4/install/interfaces/share/interfaces/package.ps1'
[0.652s] INFO:colcon.colcon_core.shell:Creating package descriptor '/home/peter/ros2/UsbCaptureROS4/install/interfaces/share/interfaces/package.dsv'
[0.652s] INFO:colcon.colcon_core.shell:Creating package script '/home/peter/ros2/UsbCaptureROS4/install/interfaces/share/interfaces/package.sh'
[0.653s] INFO:colcon.colcon_core.shell:Creating package script '/home/peter/ros2/UsbCaptureROS4/install/interfaces/share/interfaces/package.bash'
[0.653s] INFO:colcon.colcon_core.shell:Creating package script '/home/peter/ros2/UsbCaptureROS4/install/interfaces/share/interfaces/package.zsh'
[0.653s] Level 1:colcon.colcon_core.environment:create_file_with_runtime_dependencies(/home/peter/ros2/UsbCaptureROS4/install/interfaces/share/colcon-core/packages/interfaces)
[0.654s] INFO:colcon.colcon_ros.task.ament_cmake.build:Building ROS package in '/home/peter/ros2/UsbCaptureROS4/src/ros2_usbcapture' with build type 'ament_cmake'
[0.654s] INFO:colcon.colcon_cmake.task.cmake.build:Building CMake package in '/home/peter/ros2/UsbCaptureROS4/src/ros2_usbcapture'
[0.655s] INFO:colcon.colcon_core.shell:Skip shell extension 'powershell' for command environment: Not usable outside of PowerShell
[0.655s] DEBUG:colcon.colcon_core.shell:Skip shell extension 'dsv' for command environment
[0.668s] DEBUG:colcon.colcon_core.event_handler.log_command:Invoking command in '/home/peter/ros2/UsbCaptureROS4/build/ros2_usbcapture': CMAKE_PREFIX_PATH=/home/peter/ros2/UsbCaptureROS4/install/interfaces:/home/peter/ros2/UsbCaptureROS4/install/common:/home/peter/ros2/UsbCaptureROS4/install/ros2_usbcapture:/opt/ros/foxy LD_LIBRARY_PATH=/home/peter/ros2/UsbCaptureROS4/install/interfaces/lib:/home/peter/ros2/UsbCaptureROS4/install/common/lib:/home/peter/ros2/UsbCaptureROS4/install/ros2_usbcapture/lib:/opt/ros/foxy/opt/yaml_cpp_vendor/lib:/opt/ros/foxy/opt/rviz_ogre_vendor/lib:/opt/ros/foxy/lib/x86_64-linux-gnu:/opt/ros/foxy/lib /bin/cmake --build /home/peter/ros2/UsbCaptureROS4/build/ros2_usbcapture -- -j16 -l16
[3.508s] DEBUG:colcon.colcon_core.event_handler.log_command:Invoked command in '/home/peter/ros2/UsbCaptureROS4/build/ros2_usbcapture' returned '2': CMAKE_PREFIX_PATH=/home/peter/ros2/UsbCaptureROS4/install/interfaces:/home/peter/ros2/UsbCaptureROS4/install/common:/home/peter/ros2/UsbCaptureROS4/install/ros2_usbcapture:/opt/ros/foxy LD_LIBRARY_PATH=/home/peter/ros2/UsbCaptureROS4/install/interfaces/lib:/home/peter/ros2/UsbCaptureROS4/install/common/lib:/home/peter/ros2/UsbCaptureROS4/install/ros2_usbcapture/lib:/opt/ros/foxy/opt/yaml_cpp_vendor/lib:/opt/ros/foxy/opt/rviz_ogre_vendor/lib:/opt/ros/foxy/lib/x86_64-linux-gnu:/opt/ros/foxy/lib /bin/cmake --build /home/peter/ros2/UsbCaptureROS4/build/ros2_usbcapture -- -j16 -l16
[3.536s] Level 1:colcon.colcon_core.environment:create_environment_scripts_only(ros2_usbcapture)
[3.539s] Level 1:colcon.colcon_core.environment:checking '/home/peter/ros2/UsbCaptureROS4/install/ros2_usbcapture' for CMake module files
[3.540s] Level 1:colcon.colcon_core.environment:checking '/home/peter/ros2/UsbCaptureROS4/install/ros2_usbcapture' for CMake config files
[3.540s] Level 1:colcon.colcon_core.shell:create_environment_hook('ros2_usbcapture', 'cmake_prefix_path')
[3.542s] INFO:colcon.colcon_core.shell:Creating environment hook '/home/peter/ros2/UsbCaptureROS4/install/ros2_usbcapture/share/ros2_usbcapture/hook/cmake_prefix_path.ps1'
[3.543s] INFO:colcon.colcon_core.shell:Creating environment descriptor '/home/peter/ros2/UsbCaptureROS4/install/ros2_usbcapture/share/ros2_usbcapture/hook/cmake_prefix_path.dsv'
[3.543s] INFO:colcon.colcon_core.shell:Creating environment hook '/home/peter/ros2/UsbCaptureROS4/install/ros2_usbcapture/share/ros2_usbcapture/hook/cmake_prefix_path.sh'
[3.544s] Level 1:colcon.colcon_core.environment:checking '/home/peter/ros2/UsbCaptureROS4/install/ros2_usbcapture/lib'
[3.544s] Level 1:colcon.colcon_core.shell:create_environment_hook('ros2_usbcapture', 'ld_library_path_lib')
[3.546s] INFO:colcon.colcon_core.shell:Creating environment hook '/home/peter/ros2/UsbCaptureROS4/install/ros2_usbcapture/share/ros2_usbcapture/hook/ld_library_path_lib.ps1'
[3.546s] INFO:colcon.colcon_core.shell:Creating environment descriptor '/home/peter/ros2/UsbCaptureROS4/install/ros2_usbcapture/share/ros2_usbcapture/hook/ld_library_path_lib.dsv'
[3.546s] INFO:colcon.colcon_core.shell:Creating environment hook '/home/peter/ros2/UsbCaptureROS4/install/ros2_usbcapture/share/ros2_usbcapture/hook/ld_library_path_lib.sh'
[3.547s] Level 1:colcon.colcon_core.environment:checking '/home/peter/ros2/UsbCaptureROS4/install/ros2_usbcapture/bin'
[3.547s] Level 1:colcon.colcon_core.environment:checking '/home/peter/ros2/UsbCaptureROS4/install/ros2_usbcapture/lib/pkgconfig/ros2_usbcapture.pc'
[3.547s] Level 1:colcon.colcon_core.environment:checking '/home/peter/ros2/UsbCaptureROS4/install/ros2_usbcapture/lib/python3.8/site-packages'
[3.548s] Level 1:colcon.colcon_core.environment:checking '/home/peter/ros2/UsbCaptureROS4/install/ros2_usbcapture/bin'
[3.548s] INFO:colcon.colcon_core.shell:Creating package script '/home/peter/ros2/UsbCaptureROS4/install/ros2_usbcapture/share/ros2_usbcapture/package.ps1'
[3.549s] INFO:colcon.colcon_core.shell:Creating package descriptor '/home/peter/ros2/UsbCaptureROS4/install/ros2_usbcapture/share/ros2_usbcapture/package.dsv'
[3.549s] INFO:colcon.colcon_core.shell:Creating package script '/home/peter/ros2/UsbCaptureROS4/install/ros2_usbcapture/share/ros2_usbcapture/package.sh'
[3.549s] INFO:colcon.colcon_core.shell:Creating package script '/home/peter/ros2/UsbCaptureROS4/install/ros2_usbcapture/share/ros2_usbcapture/package.bash'
[3.550s] INFO:colcon.colcon_core.shell:Creating package script '/home/peter/ros2/UsbCaptureROS4/install/ros2_usbcapture/share/ros2_usbcapture/package.zsh'
[3.550s] Level 1:colcon.colcon_core.environment:create_file_with_runtime_dependencies(/home/peter/ros2/UsbCaptureROS4/install/ros2_usbcapture/share/colcon-core/packages/ros2_usbcapture)
[3.560s] DEBUG:colcon.colcon_parallel_executor.executor.parallel:closing loop
[3.561s] DEBUG:colcon.colcon_parallel_executor.executor.parallel:loop closed
[3.561s] DEBUG:colcon.colcon_parallel_executor.executor.parallel:run_until_complete finished with '2'
[3.561s] DEBUG:colcon.colcon_core.event_reactor:joining thread
[3.569s] INFO:colcon.colcon_core.plugin_system:Skipping extension 'colcon_notification.desktop_notification.terminal_notifier': Not used on non-Darwin systems
[3.569s] INFO:colcon.colcon_core.plugin_system:Skipping extension 'colcon_notification.desktop_notification.win32': Not used on non-Windows systems
[3.569s] INFO:colcon.colcon_notification.desktop_notification:Sending desktop notification using 'notify2'
[3.584s] DEBUG:colcon.colcon_core.event_reactor:joined thread
[3.585s] INFO:colcon.colcon_core.shell:Creating prefix script '/home/peter/ros2/UsbCaptureROS4/install/local_setup.ps1'
[3.587s] INFO:colcon.colcon_core.shell:Creating prefix util module '/home/peter/ros2/UsbCaptureROS4/install/_local_setup_util_ps1.py'
[3.588s] INFO:colcon.colcon_core.shell:Creating prefix chain script '/home/peter/ros2/UsbCaptureROS4/install/setup.ps1'
[3.589s] INFO:colcon.colcon_core.shell:Creating prefix script '/home/peter/ros2/UsbCaptureROS4/install/local_setup.sh'
[3.590s] INFO:colcon.colcon_core.shell:Creating prefix util module '/home/peter/ros2/UsbCaptureROS4/install/_local_setup_util_sh.py'
[3.590s] INFO:colcon.colcon_core.shell:Creating prefix chain script '/home/peter/ros2/UsbCaptureROS4/install/setup.sh'
[3.592s] INFO:colcon.colcon_core.shell:Creating prefix script '/home/peter/ros2/UsbCaptureROS4/install/local_setup.bash'
[3.594s] INFO:colcon.colcon_core.shell:Creating prefix chain script '/home/peter/ros2/UsbCaptureROS4/install/setup.bash'
[3.596s] INFO:colcon.colcon_core.shell:Creating prefix script '/home/peter/ros2/UsbCaptureROS4/install/local_setup.zsh'
[3.596s] INFO:colcon.colcon_core.shell:Creating prefix chain script '/home/peter/ros2/UsbCaptureROS4/install/setup.zsh'
