[0.019s] Invoking command in '/home/peter/ros2.1/UsbCaptureROS4/build/common': CMAKE_PREFIX_PATH=/opt/ros/foxy /bin/cmake /home/peter/ros2.1/UsbCaptureROS4/src/common -DCMAKE_INSTALL_PREFIX=/home/peter/ros2.1/UsbCaptureROS4/install/common
[0.101s] -- The C compiler identification is GNU 9.4.0
[0.158s] -- The CXX compiler identification is GNU 9.4.0
[0.162s] -- Check for working C compiler: /bin/cc
[0.222s] -- Check for working C compiler: /bin/cc -- works
[0.223s] -- Detecting C compiler ABI info
[0.281s] -- Detecting C compiler ABI info - done
[0.293s] -- Detecting C compile features
[0.293s] -- Detecting C compile features - done
[0.295s] -- Check for working CXX compiler: /bin/c++
[0.360s] -- Check for working CXX compiler: /bin/c++ -- works
[0.361s] -- Detecting CXX compiler ABI info
[0.427s] -- Detecting CXX compiler ABI info - done
[0.438s] -- Detecting CXX compile features
[0.438s] -- Detecting CXX compile features - done
[0.443s] -- Found ament_cmake: 0.9.11 (/opt/ros/foxy/share/ament_cmake/cmake)
[0.465s] -- Found PythonInterp: /bin/python3 (found suitable version "3.8.10", minimum required is "3") 
[0.465s] -- Using PYTHON_EXECUTABLE: /bin/python3
[0.642s] -- Found rclcpp: 2.4.2 (/opt/ros/foxy/share/rclcpp/cmake)
[0.685s] -- Using all available rosidl_typesupport_c: rosidl_typesupport_fastrtps_c;rosidl_typesupport_introspection_c
[0.692s] -- Found rosidl_adapter: 1.3.0 (/opt/ros/foxy/share/rosidl_adapter/cmake)
[0.762s] -- Found OpenSSL: /usr/lib/x86_64-linux-gnu/libcrypto.so (found version "1.1.1f")  
[0.781s] -- Found FastRTPS: /opt/ros/foxy/include  
[0.846s] -- Using all available rosidl_typesupport_cpp: rosidl_typesupport_fastrtps_cpp;rosidl_typesupport_introspection_cpp
[0.897s] -- Found rmw_implementation_cmake: 1.0.3 (/opt/ros/foxy/share/rmw_implementation_cmake/cmake)
[0.899s] -- Using RMW implementation 'rmw_fastrtps_cpp' as default
[0.900s] -- Looking for pthread.h
[0.955s] -- Looking for pthread.h - found
[0.955s] -- Performing Test CMAKE_HAVE_LIBC_PTHREAD
[1.012s] -- Performing Test CMAKE_HAVE_LIBC_PTHREAD - Failed
[1.012s] -- Looking for pthread_create in pthreads
[1.064s] -- Looking for pthread_create in pthreads - not found
[1.064s] -- Looking for pthread_create in pthread
[1.120s] -- Looking for pthread_create in pthread - found
[1.120s] -- Found Threads: TRUE  
[1.253s] -- Found ament_lint_auto: 0.9.7 (/opt/ros/foxy/share/ament_lint_auto/cmake)
[1.310s] CMake Warning (dev) at CMakeLists.txt:37 (set):
[1.310s]   Cannot set "BASE_INCLUDE": current scope has no parent.
[1.310s] This warning is for project developers.  Use -Wno-dev to suppress it.
[1.310s] 
[1.320s] -- Found OpenCV: /usr (found version "4.2.0") 
[1.336s] -- Found required Ceres dependency: Eigen version 3.3.9 in /usr/local/include/eigen3
[1.345s] -- Found required Ceres dependency: glog
[1.346s] -- Found required Ceres dependency: gflags
[1.346s] -- Found Ceres version: 2.0.0 installed in: /usr/local with components: [EigenSparse, SparseLinearAlgebraLibrary, LAPACK, SchurSpecializations, Multithreading]
[1.351s] -- Added test 'copyright' to check source files copyright and LICENSE
[1.352s] -- Added test 'cppcheck' to perform static code analysis on C / C++ code
[1.352s] -- Configured cppcheck include dirs: /home/peter/ros2.1/UsbCaptureROS4/src/common/./include;/home/peter/ros2.1/UsbCaptureROS4/src/common/include;$<BUILD_INTERFACE:/home/peter/ros2.1/UsbCaptureROS4/src/common/include>
[1.352s] -- Configured cppcheck exclude dirs and/or files: 
[1.353s] -- Added test 'cpplint' to check C / C++ code against the Google style
[1.353s] -- Configured cpplint exclude dirs and/or files: 
[1.354s] -- Added test 'lint_cmake' to check CMake code style
[1.355s] -- Added test 'uncrustify' to check C / C++ code style
[1.355s] -- Configured uncrustify additional arguments: 
[1.355s] -- Added test 'xmllint' to check XML markup files
[1.359s] -- Configuring done
[1.370s] -- Generating done
[1.371s] -- Build files have been written to: /home/peter/ros2.1/UsbCaptureROS4/build/common
[1.377s] Invoked command in '/home/peter/ros2.1/UsbCaptureROS4/build/common' returned '0': CMAKE_PREFIX_PATH=/opt/ros/foxy /bin/cmake /home/peter/ros2.1/UsbCaptureROS4/src/common -DCMAKE_INSTALL_PREFIX=/home/peter/ros2.1/UsbCaptureROS4/install/common
[1.379s] Invoking command in '/home/peter/ros2.1/UsbCaptureROS4/build/common': CMAKE_PREFIX_PATH=/opt/ros/foxy /bin/cmake --build /home/peter/ros2.1/UsbCaptureROS4/build/common -- -j16 -l16
[1.411s] [35m[1mScanning dependencies of target Base[0m
[1.411s] [35m[1mScanning dependencies of target common[0m
[1.452s] [ 50%] [32mBuilding CXX object CMakeFiles/common.dir/src/common.cpp.o[0m
[1.452s] [ 50%] [32mBuilding CXX object CMakeFiles/Base.dir/src/common.cpp.o[0m
[3.050s] [ 75%] [32m[1mLinking CXX shared library libcommon.so[0m
[3.059s] [100%] [32m[1mLinking CXX shared library libBase.so[0m
[3.134s] [100%] Built target common
[3.296s] [100%] Built target Base
[3.304s] Invoked command in '/home/peter/ros2.1/UsbCaptureROS4/build/common' returned '0': CMAKE_PREFIX_PATH=/opt/ros/foxy /bin/cmake --build /home/peter/ros2.1/UsbCaptureROS4/build/common -- -j16 -l16
[3.332s] Invoking command in '/home/peter/ros2.1/UsbCaptureROS4/build/common': CMAKE_PREFIX_PATH=/opt/ros/foxy /bin/cmake --install /home/peter/ros2.1/UsbCaptureROS4/build/common
[3.338s] -- Install configuration: ""
[3.338s] -- Installing: /home/peter/ros2.1/UsbCaptureROS4/install/common/share/common/environment/library_path.sh
[3.338s] -- Installing: /home/peter/ros2.1/UsbCaptureROS4/install/common/share/common/environment/library_path.dsv
[3.338s] -- Installing: /home/peter/ros2.1/UsbCaptureROS4/install/common/include
[3.338s] -- Installing: /home/peter/ros2.1/UsbCaptureROS4/install/common/include/common
[3.338s] -- Installing: /home/peter/ros2.1/UsbCaptureROS4/install/common/include/common/common.h
[3.338s] -- Installing: /home/peter/ros2.1/UsbCaptureROS4/install/common/lib/libcommon.so
[3.338s] -- Set runtime path of "/home/peter/ros2.1/UsbCaptureROS4/install/common/lib/libcommon.so" to ""
[3.339s] -- Installing: /home/peter/ros2.1/UsbCaptureROS4/install/common/share/ament_index/resource_index/package_run_dependencies/common
[3.339s] -- Installing: /home/peter/ros2.1/UsbCaptureROS4/install/common/share/ament_index/resource_index/parent_prefix_path/common
[3.339s] -- Installing: /home/peter/ros2.1/UsbCaptureROS4/install/common/share/common/environment/ament_prefix_path.sh
[3.339s] -- Installing: /home/peter/ros2.1/UsbCaptureROS4/install/common/share/common/environment/ament_prefix_path.dsv
[3.339s] -- Installing: /home/peter/ros2.1/UsbCaptureROS4/install/common/share/common/environment/path.sh
[3.339s] -- Installing: /home/peter/ros2.1/UsbCaptureROS4/install/common/share/common/environment/path.dsv
[3.339s] -- Installing: /home/peter/ros2.1/UsbCaptureROS4/install/common/share/common/local_setup.bash
[3.339s] -- Installing: /home/peter/ros2.1/UsbCaptureROS4/install/common/share/common/local_setup.sh
[3.339s] -- Installing: /home/peter/ros2.1/UsbCaptureROS4/install/common/share/common/local_setup.zsh
[3.340s] -- Installing: /home/peter/ros2.1/UsbCaptureROS4/install/common/share/common/local_setup.dsv
[3.340s] -- Installing: /home/peter/ros2.1/UsbCaptureROS4/install/common/share/common/package.dsv
[3.340s] -- Installing: /home/peter/ros2.1/UsbCaptureROS4/install/common/share/ament_index/resource_index/packages/common
[3.340s] -- Installing: /home/peter/ros2.1/UsbCaptureROS4/install/common/share/common/cmake/commonExport.cmake
[3.340s] -- Installing: /home/peter/ros2.1/UsbCaptureROS4/install/common/share/common/cmake/commonExport-noconfig.cmake
[3.340s] -- Installing: /home/peter/ros2.1/UsbCaptureROS4/install/common/share/common/cmake/ament_cmake_export_targets-extras.cmake
[3.340s] -- Installing: /home/peter/ros2.1/UsbCaptureROS4/install/common/share/common/cmake/ament_cmake_export_dependencies-extras.cmake
[3.340s] -- Installing: /home/peter/ros2.1/UsbCaptureROS4/install/common/share/common/cmake/commonConfig.cmake
[3.340s] -- Installing: /home/peter/ros2.1/UsbCaptureROS4/install/common/share/common/cmake/commonConfig-version.cmake
[3.341s] -- Installing: /home/peter/ros2.1/UsbCaptureROS4/install/common/share/common/package.xml
[3.342s] Invoked command in '/home/peter/ros2.1/UsbCaptureROS4/build/common' returned '0': CMAKE_PREFIX_PATH=/opt/ros/foxy /bin/cmake --install /home/peter/ros2.1/UsbCaptureROS4/build/common
