[35m[1mScanning dependencies of target test_component[0m
[ 60%] Built target camera_component
[ 80%] [32mBuilding CXX object CMakeFiles/test_component.dir/src/test_get_image.cpp.o[0m
[100%] [32m[1mLinking CXX shared library libtest_component.so[0m
[100%] Built target test_component
-- Install configuration: ""
-- Installing: /home/peter/ros2.1/UsbCaptureROS4/install/ros2_usbcapture/lib/libcamera_component.so
-- Set runtime path of "/home/peter/ros2.1/UsbCaptureROS4/install/ros2_usbcapture/lib/libcamera_component.so" to ""
-- Installing: /home/peter/ros2.1/UsbCaptureROS4/install/ros2_usbcapture/lib/libtest_component.so
-- Set runtime path of "/home/peter/ros2.1/UsbCaptureROS4/install/ros2_usbcapture/lib/libtest_component.so" to ""
-- Up-to-date: /home/peter/ros2.1/UsbCaptureROS4/install/ros2_usbcapture/share/ros2_usbcapture/launch
-- Up-to-date: /home/peter/ros2.1/UsbCaptureROS4/install/ros2_usbcapture/share/ros2_usbcapture/launch/image.launch.py
-- Up-to-date: /home/peter/ros2.1/UsbCaptureROS4/install/ros2_usbcapture/share/ament_index/resource_index/package_run_dependencies/ros2_usbcapture
-- Up-to-date: /home/peter/ros2.1/UsbCaptureROS4/install/ros2_usbcapture/share/ament_index/resource_index/parent_prefix_path/ros2_usbcapture
-- Up-to-date: /home/peter/ros2.1/UsbCaptureROS4/install/ros2_usbcapture/share/ros2_usbcapture/environment/ament_prefix_path.sh
-- Up-to-date: /home/peter/ros2.1/UsbCaptureROS4/install/ros2_usbcapture/share/ros2_usbcapture/environment/ament_prefix_path.dsv
-- Up-to-date: /home/peter/ros2.1/UsbCaptureROS4/install/ros2_usbcapture/share/ros2_usbcapture/environment/path.sh
-- Up-to-date: /home/peter/ros2.1/UsbCaptureROS4/install/ros2_usbcapture/share/ros2_usbcapture/environment/path.dsv
-- Up-to-date: /home/peter/ros2.1/UsbCaptureROS4/install/ros2_usbcapture/share/ros2_usbcapture/local_setup.bash
-- Up-to-date: /home/peter/ros2.1/UsbCaptureROS4/install/ros2_usbcapture/share/ros2_usbcapture/local_setup.sh
-- Up-to-date: /home/peter/ros2.1/UsbCaptureROS4/install/ros2_usbcapture/share/ros2_usbcapture/local_setup.zsh
-- Up-to-date: /home/peter/ros2.1/UsbCaptureROS4/install/ros2_usbcapture/share/ros2_usbcapture/local_setup.dsv
-- Installing: /home/peter/ros2.1/UsbCaptureROS4/install/ros2_usbcapture/share/ros2_usbcapture/package.dsv
-- Up-to-date: /home/peter/ros2.1/UsbCaptureROS4/install/ros2_usbcapture/share/ament_index/resource_index/packages/ros2_usbcapture
-- Up-to-date: /home/peter/ros2.1/UsbCaptureROS4/install/ros2_usbcapture/share/ament_index/resource_index/rclcpp_components/ros2_usbcapture
-- Up-to-date: /home/peter/ros2.1/UsbCaptureROS4/install/ros2_usbcapture/share/ros2_usbcapture/cmake/ros2_usbcaptureConfig.cmake
-- Up-to-date: /home/peter/ros2.1/UsbCaptureROS4/install/ros2_usbcapture/share/ros2_usbcapture/cmake/ros2_usbcaptureConfig-version.cmake
-- Up-to-date: /home/peter/ros2.1/UsbCaptureROS4/install/ros2_usbcapture/share/ros2_usbcapture/package.xml
