[0.014s] Invoking command in '/home/peter/ros2.1/UsbCaptureROS4/build/ros2_usbcapture': CMAKE_PREFIX_PATH=/home/peter/ros2.1/UsbCaptureROS4/install/interfaces:/home/peter/ros2.1/UsbCaptureROS4/install/common:/home/peter/ros2.1/UsbCaptureROS4/install/ros2_usbcapture:/opt/ros/foxy LD_LIBRARY_PATH=/home/peter/ros2.1/UsbCaptureROS4/install/interfaces/lib:/home/peter/ros2.1/UsbCaptureROS4/install/common/lib:/home/peter/ros2.1/UsbCaptureROS4/install/ros2_usbcapture/lib:/opt/ros/foxy/opt/yaml_cpp_vendor/lib:/opt/ros/foxy/opt/rviz_ogre_vendor/lib:/opt/ros/foxy/lib/x86_64-linux-gnu:/opt/ros/foxy/lib /bin/cmake --build /home/peter/ros2.1/UsbCaptureROS4/build/ros2_usbcapture -- -j16 -l16
[0.053s] [35m[1mScanning dependencies of target test_component[0m
[0.066s] [ 60%] Built target camera_component
[0.074s] [ 80%] [32mBuilding CXX object CMakeFiles/test_component.dir/src/test_get_image.cpp.o[0m
[1.749s] In file included from [01m[K/home/peter/ros2.1/UsbCaptureROS4/src/ros2_usbcapture/src/test_get_image.cpp:1[m[K:
[1.749s] [01m[K/home/peter/ros2.1/UsbCaptureROS4/src/ros2_usbcapture/include/ros2_usbcapture/test_get_image.h:29:43:[m[K [01;35m[Kwarning: [m[K‘[01m[Ksensor_msgs::msg::Image_<std::allocator<void> >::ConstPtr[m[K’ is deprecated [[01;35m[K-Wdeprecated-declarations[m[K]
[1.749s]    29 |         sensor_msgs::msg::Image::ConstPtr [01;35m[Kimg_ptr[m[K;
[1.749s]       |                                           [01;35m[K^~~~~~~[m[K
[1.749s] In file included from [01m[K/home/peter/ros2.1/UsbCaptureROS4/install/interfaces/include/interfaces/msg/detail/mat_with_time__struct.hpp:19[m[K,
[1.749s]                  from [01m[K/home/peter/ros2.1/UsbCaptureROS4/install/interfaces/include/interfaces/msg/mat_with_time.hpp:7[m[K,
[1.750s]                  from [01m[K/home/peter/ros2.1/UsbCaptureROS4/src/ros2_usbcapture/include/ros2_usbcapture/test_get_image.h:8[m[K,
[1.750s]                  from [01m[K/home/peter/ros2.1/UsbCaptureROS4/src/ros2_usbcapture/src/test_get_image.cpp:1[m[K:
[1.750s] [01m[K/opt/ros/foxy/include/sensor_msgs/msg/detail/image__struct.hpp:172:5:[m[K [01;36m[Knote: [m[Kdeclared here
[1.750s]   172 |     [01;36m[KConstPtr[m[K;
[1.750s]       |     [01;36m[K^~~~~~~~[m[K
[4.854s] [100%] [32m[1mLinking CXX shared library libtest_component.so[0m
[5.048s] [100%] Built target test_component
[5.058s] Invoked command in '/home/peter/ros2.1/UsbCaptureROS4/build/ros2_usbcapture' returned '0': CMAKE_PREFIX_PATH=/home/peter/ros2.1/UsbCaptureROS4/install/interfaces:/home/peter/ros2.1/UsbCaptureROS4/install/common:/home/peter/ros2.1/UsbCaptureROS4/install/ros2_usbcapture:/opt/ros/foxy LD_LIBRARY_PATH=/home/peter/ros2.1/UsbCaptureROS4/install/interfaces/lib:/home/peter/ros2.1/UsbCaptureROS4/install/common/lib:/home/peter/ros2.1/UsbCaptureROS4/install/ros2_usbcapture/lib:/opt/ros/foxy/opt/yaml_cpp_vendor/lib:/opt/ros/foxy/opt/rviz_ogre_vendor/lib:/opt/ros/foxy/lib/x86_64-linux-gnu:/opt/ros/foxy/lib /bin/cmake --build /home/peter/ros2.1/UsbCaptureROS4/build/ros2_usbcapture -- -j16 -l16
[5.084s] Invoking command in '/home/peter/ros2.1/UsbCaptureROS4/build/ros2_usbcapture': CMAKE_PREFIX_PATH=/home/peter/ros2.1/UsbCaptureROS4/install/interfaces:/home/peter/ros2.1/UsbCaptureROS4/install/common:/home/peter/ros2.1/UsbCaptureROS4/install/ros2_usbcapture:/opt/ros/foxy LD_LIBRARY_PATH=/home/peter/ros2.1/UsbCaptureROS4/install/interfaces/lib:/home/peter/ros2.1/UsbCaptureROS4/install/common/lib:/home/peter/ros2.1/UsbCaptureROS4/install/ros2_usbcapture/lib:/opt/ros/foxy/opt/yaml_cpp_vendor/lib:/opt/ros/foxy/opt/rviz_ogre_vendor/lib:/opt/ros/foxy/lib/x86_64-linux-gnu:/opt/ros/foxy/lib /bin/cmake --install /home/peter/ros2.1/UsbCaptureROS4/build/ros2_usbcapture
[5.092s] -- Install configuration: ""
[5.092s] -- Up-to-date: /home/peter/ros2.1/UsbCaptureROS4/install/ros2_usbcapture/lib/libcamera_component.so
[5.092s] -- Installing: /home/peter/ros2.1/UsbCaptureROS4/install/ros2_usbcapture/lib/libtest_component.so
[5.096s] -- Set runtime path of "/home/peter/ros2.1/UsbCaptureROS4/install/ros2_usbcapture/lib/libtest_component.so" to ""
[5.096s] -- Up-to-date: /home/peter/ros2.1/UsbCaptureROS4/install/ros2_usbcapture/share/ros2_usbcapture/launch
[5.096s] -- Up-to-date: /home/peter/ros2.1/UsbCaptureROS4/install/ros2_usbcapture/share/ros2_usbcapture/launch/image.launch.py
[5.096s] -- Up-to-date: /home/peter/ros2.1/UsbCaptureROS4/install/ros2_usbcapture/share/ament_index/resource_index/package_run_dependencies/ros2_usbcapture
[5.096s] -- Up-to-date: /home/peter/ros2.1/UsbCaptureROS4/install/ros2_usbcapture/share/ament_index/resource_index/parent_prefix_path/ros2_usbcapture
[5.096s] -- Up-to-date: /home/peter/ros2.1/UsbCaptureROS4/install/ros2_usbcapture/share/ros2_usbcapture/environment/ament_prefix_path.sh
[5.097s] -- Up-to-date: /home/peter/ros2.1/UsbCaptureROS4/install/ros2_usbcapture/share/ros2_usbcapture/environment/ament_prefix_path.dsv
[5.097s] -- Up-to-date: /home/peter/ros2.1/UsbCaptureROS4/install/ros2_usbcapture/share/ros2_usbcapture/environment/path.sh
[5.097s] -- Up-to-date: /home/peter/ros2.1/UsbCaptureROS4/install/ros2_usbcapture/share/ros2_usbcapture/environment/path.dsv
[5.097s] -- Up-to-date: /home/peter/ros2.1/UsbCaptureROS4/install/ros2_usbcapture/share/ros2_usbcapture/local_setup.bash
[5.097s] -- Up-to-date: /home/peter/ros2.1/UsbCaptureROS4/install/ros2_usbcapture/share/ros2_usbcapture/local_setup.sh
[5.097s] -- Up-to-date: /home/peter/ros2.1/UsbCaptureROS4/install/ros2_usbcapture/share/ros2_usbcapture/local_setup.zsh
[5.097s] -- Up-to-date: /home/peter/ros2.1/UsbCaptureROS4/install/ros2_usbcapture/share/ros2_usbcapture/local_setup.dsv
[5.097s] -- Installing: /home/peter/ros2.1/UsbCaptureROS4/install/ros2_usbcapture/share/ros2_usbcapture/package.dsv
[5.097s] -- Up-to-date: /home/peter/ros2.1/UsbCaptureROS4/install/ros2_usbcapture/share/ament_index/resource_index/packages/ros2_usbcapture
[5.097s] -- Up-to-date: /home/peter/ros2.1/UsbCaptureROS4/install/ros2_usbcapture/share/ament_index/resource_index/rclcpp_components/ros2_usbcapture
[5.097s] -- Up-to-date: /home/peter/ros2.1/UsbCaptureROS4/install/ros2_usbcapture/share/ros2_usbcapture/cmake/ros2_usbcaptureConfig.cmake
[5.098s] -- Up-to-date: /home/peter/ros2.1/UsbCaptureROS4/install/ros2_usbcapture/share/ros2_usbcapture/cmake/ros2_usbcaptureConfig-version.cmake
[5.098s] -- Up-to-date: /home/peter/ros2.1/UsbCaptureROS4/install/ros2_usbcapture/share/ros2_usbcapture/package.xml
[5.100s] Invoked command in '/home/peter/ros2.1/UsbCaptureROS4/build/ros2_usbcapture' returned '0': CMAKE_PREFIX_PATH=/home/peter/ros2.1/UsbCaptureROS4/install/interfaces:/home/peter/ros2.1/UsbCaptureROS4/install/common:/home/peter/ros2.1/UsbCaptureROS4/install/ros2_usbcapture:/opt/ros/foxy LD_LIBRARY_PATH=/home/peter/ros2.1/UsbCaptureROS4/install/interfaces/lib:/home/peter/ros2.1/UsbCaptureROS4/install/common/lib:/home/peter/ros2.1/UsbCaptureROS4/install/ros2_usbcapture/lib:/opt/ros/foxy/opt/yaml_cpp_vendor/lib:/opt/ros/foxy/opt/rviz_ogre_vendor/lib:/opt/ros/foxy/lib/x86_64-linux-gnu:/opt/ros/foxy/lib /bin/cmake --install /home/peter/ros2.1/UsbCaptureROS4/build/ros2_usbcapture
