[0.105s] DEBUG:colcon:Command line arguments: ['/bin/colcon', 'build']
[0.105s] DEBUG:colcon:Parsed command line arguments: Namespace(allow_overriding=[], ament_cmake_args=None, base_paths=['.'], build_base='build', catkin_cmake_args=None, catkin_skip_building_tests=False, cmake_args=None, cmake_clean_cache=False, cmake_clean_first=False, cmake_force_configure=False, cmake_target=None, cmake_target_skip_unavailable=False, continue_on_error=False, event_handlers=None, executor='parallel', ignore_user_meta=False, install_base='install', log_base=None, log_level=None, main=<bound method BuildVerb.main of <colcon_core.verb.build.BuildVerb object at 0x7ffbf1665610>>, merge_install=False, metas=['./colcon.meta'], packages_above=None, packages_above_and_dependencies=None, packages_above_depth=None, packages_end=None, packages_ignore=None, packages_ignore_regex=None, packages_select=None, packages_select_build_failed=False, packages_select_by_dep=None, packages_select_regex=None, packages_select_test_failures=False, packages_skip=None, packages_skip_build_finished=False, packages_skip_by_dep=None, packages_skip_regex=None, packages_skip_test_passed=False, packages_skip_up_to=None, packages_start=None, packages_up_to=None, packages_up_to_regex=None, parallel_workers=16, paths=None, symlink_install=False, test_result_base=None, verb_extension=<colcon_core.verb.build.BuildVerb object at 0x7ffbf1665610>, verb_name='build', verb_parser=<colcon_defaults.argument_parser.defaults.DefaultArgumentsDecorator object at 0x7ffbf1665b50>)
[0.120s] Level 1:colcon.colcon_core.package_discovery:discover_packages(colcon_meta) check parameters
[0.121s] Level 1:colcon.colcon_core.package_discovery:discover_packages(recursive) check parameters
[0.121s] Level 1:colcon.colcon_core.package_discovery:discover_packages(ignore) check parameters
[0.121s] Level 1:colcon.colcon_core.package_discovery:discover_packages(path) check parameters
[0.121s] Level 1:colcon.colcon_core.package_discovery:discover_packages(colcon_meta) discover
[0.121s] Level 1:colcon.colcon_core.package_discovery:discover_packages(recursive) discover
[0.121s] INFO:colcon.colcon_core.package_discovery:Crawling recursively for packages in '/home/peter/ros2.1/UsbCaptureROS4'
[0.121s] Level 1:colcon.colcon_core.package_identification:_identify(.) by extensions ['ignore', 'ignore_ament_install']
[0.121s] Level 1:colcon.colcon_core.package_identification:_identify(.) by extension 'ignore'
[0.121s] Level 1:colcon.colcon_core.package_identification:_identify(.) by extension 'ignore_ament_install'
[0.121s] Level 1:colcon.colcon_core.package_identification:_identify(.) by extensions ['colcon_pkg']
[0.121s] Level 1:colcon.colcon_core.package_identification:_identify(.) by extension 'colcon_pkg'
[0.121s] Level 1:colcon.colcon_core.package_identification:_identify(.) by extensions ['colcon_meta']
[0.121s] Level 1:colcon.colcon_core.package_identification:_identify(.) by extension 'colcon_meta'
[0.121s] Level 1:colcon.colcon_core.package_identification:_identify(.) by extensions ['ros']
[0.121s] Level 1:colcon.colcon_core.package_identification:_identify(.) by extension 'ros'
[0.128s] Level 1:colcon.colcon_core.package_identification:_identify(.) by extensions ['cmake', 'python']
[0.128s] Level 1:colcon.colcon_core.package_identification:_identify(.) by extension 'cmake'
[0.128s] Level 1:colcon.colcon_core.package_identification:_identify(.) by extension 'python'
[0.128s] Level 1:colcon.colcon_core.package_identification:_identify(.) by extensions ['python_setup_py']
[0.128s] Level 1:colcon.colcon_core.package_identification:_identify(.) by extension 'python_setup_py'
[0.128s] Level 1:colcon.colcon_core.package_identification:_identify(build) by extensions ['ignore', 'ignore_ament_install']
[0.128s] Level 1:colcon.colcon_core.package_identification:_identify(build) by extension 'ignore'
[0.128s] Level 1:colcon.colcon_core.package_identification:_identify(build) ignored
[0.128s] Level 1:colcon.colcon_core.package_identification:_identify(install) by extensions ['ignore', 'ignore_ament_install']
[0.128s] Level 1:colcon.colcon_core.package_identification:_identify(install) by extension 'ignore'
[0.129s] Level 1:colcon.colcon_core.package_identification:_identify(install) ignored
[0.129s] Level 1:colcon.colcon_core.package_identification:_identify(log) by extensions ['ignore', 'ignore_ament_install']
[0.129s] Level 1:colcon.colcon_core.package_identification:_identify(log) by extension 'ignore'
[0.129s] Level 1:colcon.colcon_core.package_identification:_identify(log) ignored
[0.129s] Level 1:colcon.colcon_core.package_identification:_identify(src) by extensions ['ignore', 'ignore_ament_install']
[0.129s] Level 1:colcon.colcon_core.package_identification:_identify(src) by extension 'ignore'
[0.129s] Level 1:colcon.colcon_core.package_identification:_identify(src) by extension 'ignore_ament_install'
[0.129s] Level 1:colcon.colcon_core.package_identification:_identify(src) by extensions ['colcon_pkg']
[0.129s] Level 1:colcon.colcon_core.package_identification:_identify(src) by extension 'colcon_pkg'
[0.129s] Level 1:colcon.colcon_core.package_identification:_identify(src) by extensions ['colcon_meta']
[0.129s] Level 1:colcon.colcon_core.package_identification:_identify(src) by extension 'colcon_meta'
[0.129s] Level 1:colcon.colcon_core.package_identification:_identify(src) by extensions ['ros']
[0.129s] Level 1:colcon.colcon_core.package_identification:_identify(src) by extension 'ros'
[0.129s] Level 1:colcon.colcon_core.package_identification:_identify(src) by extensions ['cmake', 'python']
[0.129s] Level 1:colcon.colcon_core.package_identification:_identify(src) by extension 'cmake'
[0.129s] Level 1:colcon.colcon_core.package_identification:_identify(src) by extension 'python'
[0.129s] Level 1:colcon.colcon_core.package_identification:_identify(src) by extensions ['python_setup_py']
[0.129s] Level 1:colcon.colcon_core.package_identification:_identify(src) by extension 'python_setup_py'
[0.129s] Level 1:colcon.colcon_core.package_identification:_identify(src/common) by extensions ['ignore', 'ignore_ament_install']
[0.129s] Level 1:colcon.colcon_core.package_identification:_identify(src/common) by extension 'ignore'
[0.129s] Level 1:colcon.colcon_core.package_identification:_identify(src/common) by extension 'ignore_ament_install'
[0.130s] Level 1:colcon.colcon_core.package_identification:_identify(src/common) by extensions ['colcon_pkg']
[0.130s] Level 1:colcon.colcon_core.package_identification:_identify(src/common) by extension 'colcon_pkg'
[0.130s] Level 1:colcon.colcon_core.package_identification:_identify(src/common) by extensions ['colcon_meta']
[0.130s] Level 1:colcon.colcon_core.package_identification:_identify(src/common) by extension 'colcon_meta'
[0.130s] Level 1:colcon.colcon_core.package_identification:_identify(src/common) by extensions ['ros']
[0.130s] Level 1:colcon.colcon_core.package_identification:_identify(src/common) by extension 'ros'
[0.131s] DEBUG:colcon.colcon_core.package_identification:Package 'src/common' with type 'ros.ament_cmake' and name 'common'
[0.131s] Level 1:colcon.colcon_core.package_identification:_identify(src/interfaces) by extensions ['ignore', 'ignore_ament_install']
[0.131s] Level 1:colcon.colcon_core.package_identification:_identify(src/interfaces) by extension 'ignore'
[0.132s] Level 1:colcon.colcon_core.package_identification:_identify(src/interfaces) by extension 'ignore_ament_install'
[0.132s] Level 1:colcon.colcon_core.package_identification:_identify(src/interfaces) by extensions ['colcon_pkg']
[0.132s] Level 1:colcon.colcon_core.package_identification:_identify(src/interfaces) by extension 'colcon_pkg'
[0.132s] Level 1:colcon.colcon_core.package_identification:_identify(src/interfaces) by extensions ['colcon_meta']
[0.132s] Level 1:colcon.colcon_core.package_identification:_identify(src/interfaces) by extension 'colcon_meta'
[0.132s] Level 1:colcon.colcon_core.package_identification:_identify(src/interfaces) by extensions ['ros']
[0.132s] Level 1:colcon.colcon_core.package_identification:_identify(src/interfaces) by extension 'ros'
[0.132s] DEBUG:colcon.colcon_core.package_identification:Package 'src/interfaces' with type 'ros.ament_cmake' and name 'interfaces'
[0.132s] Level 1:colcon.colcon_core.package_identification:_identify(src/ros2_usbcapture) by extensions ['ignore', 'ignore_ament_install']
[0.132s] Level 1:colcon.colcon_core.package_identification:_identify(src/ros2_usbcapture) by extension 'ignore'
[0.132s] Level 1:colcon.colcon_core.package_identification:_identify(src/ros2_usbcapture) by extension 'ignore_ament_install'
[0.132s] Level 1:colcon.colcon_core.package_identification:_identify(src/ros2_usbcapture) by extensions ['colcon_pkg']
[0.132s] Level 1:colcon.colcon_core.package_identification:_identify(src/ros2_usbcapture) by extension 'colcon_pkg'
[0.132s] Level 1:colcon.colcon_core.package_identification:_identify(src/ros2_usbcapture) by extensions ['colcon_meta']
[0.132s] Level 1:colcon.colcon_core.package_identification:_identify(src/ros2_usbcapture) by extension 'colcon_meta'
[0.132s] Level 1:colcon.colcon_core.package_identification:_identify(src/ros2_usbcapture) by extensions ['ros']
[0.133s] Level 1:colcon.colcon_core.package_identification:_identify(src/ros2_usbcapture) by extension 'ros'
[0.133s] DEBUG:colcon.colcon_core.package_identification:Package 'src/ros2_usbcapture' with type 'ros.ament_cmake' and name 'ros2_usbcapture'
[0.133s] Level 1:colcon.colcon_core.package_discovery:discover_packages(recursive) using defaults
[0.133s] Level 1:colcon.colcon_core.package_discovery:discover_packages(ignore) discover
[0.133s] Level 1:colcon.colcon_core.package_discovery:discover_packages(ignore) using defaults
[0.133s] Level 1:colcon.colcon_core.package_discovery:discover_packages(path) discover
[0.133s] Level 1:colcon.colcon_core.package_discovery:discover_packages(path) using defaults
[0.156s] Level 1:colcon.colcon_core.package_discovery:discover_packages(prefix_path) check parameters
[0.156s] Level 1:colcon.colcon_core.package_discovery:discover_packages(prefix_path) discover
[0.157s] WARNING:colcon.colcon_ros.prefix_path.ament:The path '/home/peter/ros2.1/UsbCaptureROS4/install/ros2_usbcapture' in the environment variable AMENT_PREFIX_PATH doesn't exist
[0.157s] WARNING:colcon.colcon_ros.prefix_path.ament:The path '/home/peter/ros2.1/UsbCaptureROS4/install/interfaces' in the environment variable AMENT_PREFIX_PATH doesn't exist
[0.157s] WARNING:colcon.colcon_ros.prefix_path.ament:The path '/home/peter/ros2.1/UsbCaptureROS4/install/common' in the environment variable AMENT_PREFIX_PATH doesn't exist
[0.157s] WARNING:colcon.colcon_ros.prefix_path.catkin:The path '/home/peter/ros2.1/UsbCaptureROS4/install/ros2_usbcapture' in the environment variable CMAKE_PREFIX_PATH doesn't exist
[0.157s] WARNING:colcon.colcon_ros.prefix_path.catkin:The path '/home/peter/ros2.1/UsbCaptureROS4/install/interfaces' in the environment variable CMAKE_PREFIX_PATH doesn't exist
[0.157s] WARNING:colcon.colcon_ros.prefix_path.catkin:The path '/home/peter/ros2.1/UsbCaptureROS4/install/common' in the environment variable CMAKE_PREFIX_PATH doesn't exist
[0.158s] DEBUG:colcon.colcon_installed_package_information.package_discovery:Found 0 installed packages in /home/peter/ros2.1/UsbCaptureROS4/install
[0.159s] DEBUG:colcon.colcon_installed_package_information.package_discovery:Found 278 installed packages in /opt/ros/foxy
[0.160s] Level 1:colcon.colcon_core.package_discovery:discover_packages(prefix_path) using defaults
[0.207s] Level 5:colcon.colcon_core.verb:set package 'common' build argument 'cmake_args' from command line to 'None'
[0.208s] Level 5:colcon.colcon_core.verb:set package 'common' build argument 'cmake_target' from command line to 'None'
[0.208s] Level 5:colcon.colcon_core.verb:set package 'common' build argument 'cmake_target_skip_unavailable' from command line to 'False'
[0.208s] Level 5:colcon.colcon_core.verb:set package 'common' build argument 'cmake_clean_cache' from command line to 'False'
[0.208s] Level 5:colcon.colcon_core.verb:set package 'common' build argument 'cmake_clean_first' from command line to 'False'
[0.208s] Level 5:colcon.colcon_core.verb:set package 'common' build argument 'cmake_force_configure' from command line to 'False'
[0.208s] Level 5:colcon.colcon_core.verb:set package 'common' build argument 'ament_cmake_args' from command line to 'None'
[0.208s] Level 5:colcon.colcon_core.verb:set package 'common' build argument 'catkin_cmake_args' from command line to 'None'
[0.208s] Level 5:colcon.colcon_core.verb:set package 'common' build argument 'catkin_skip_building_tests' from command line to 'False'
[0.208s] DEBUG:colcon.colcon_core.verb:Building package 'common' with the following arguments: {'ament_cmake_args': None, 'build_base': '/home/peter/ros2.1/UsbCaptureROS4/build/common', 'catkin_cmake_args': None, 'catkin_skip_building_tests': False, 'cmake_args': None, 'cmake_clean_cache': False, 'cmake_clean_first': False, 'cmake_force_configure': False, 'cmake_target': None, 'cmake_target_skip_unavailable': False, 'install_base': '/home/peter/ros2.1/UsbCaptureROS4/install/common', 'merge_install': False, 'path': '/home/peter/ros2.1/UsbCaptureROS4/src/common', 'symlink_install': False, 'test_result_base': None}
[0.208s] Level 5:colcon.colcon_core.verb:set package 'interfaces' build argument 'cmake_args' from command line to 'None'
[0.209s] Level 5:colcon.colcon_core.verb:set package 'interfaces' build argument 'cmake_target' from command line to 'None'
[0.209s] Level 5:colcon.colcon_core.verb:set package 'interfaces' build argument 'cmake_target_skip_unavailable' from command line to 'False'
[0.209s] Level 5:colcon.colcon_core.verb:set package 'interfaces' build argument 'cmake_clean_cache' from command line to 'False'
[0.209s] Level 5:colcon.colcon_core.verb:set package 'interfaces' build argument 'cmake_clean_first' from command line to 'False'
[0.209s] Level 5:colcon.colcon_core.verb:set package 'interfaces' build argument 'cmake_force_configure' from command line to 'False'
[0.209s] Level 5:colcon.colcon_core.verb:set package 'interfaces' build argument 'ament_cmake_args' from command line to 'None'
[0.209s] Level 5:colcon.colcon_core.verb:set package 'interfaces' build argument 'catkin_cmake_args' from command line to 'None'
[0.209s] Level 5:colcon.colcon_core.verb:set package 'interfaces' build argument 'catkin_skip_building_tests' from command line to 'False'
[0.209s] DEBUG:colcon.colcon_core.verb:Building package 'interfaces' with the following arguments: {'ament_cmake_args': None, 'build_base': '/home/peter/ros2.1/UsbCaptureROS4/build/interfaces', 'catkin_cmake_args': None, 'catkin_skip_building_tests': False, 'cmake_args': None, 'cmake_clean_cache': False, 'cmake_clean_first': False, 'cmake_force_configure': False, 'cmake_target': None, 'cmake_target_skip_unavailable': False, 'install_base': '/home/peter/ros2.1/UsbCaptureROS4/install/interfaces', 'merge_install': False, 'path': '/home/peter/ros2.1/UsbCaptureROS4/src/interfaces', 'symlink_install': False, 'test_result_base': None}
[0.209s] Level 5:colcon.colcon_core.verb:set package 'ros2_usbcapture' build argument 'cmake_args' from command line to 'None'
[0.209s] Level 5:colcon.colcon_core.verb:set package 'ros2_usbcapture' build argument 'cmake_target' from command line to 'None'
[0.209s] Level 5:colcon.colcon_core.verb:set package 'ros2_usbcapture' build argument 'cmake_target_skip_unavailable' from command line to 'False'
[0.209s] Level 5:colcon.colcon_core.verb:set package 'ros2_usbcapture' build argument 'cmake_clean_cache' from command line to 'False'
[0.209s] Level 5:colcon.colcon_core.verb:set package 'ros2_usbcapture' build argument 'cmake_clean_first' from command line to 'False'
[0.209s] Level 5:colcon.colcon_core.verb:set package 'ros2_usbcapture' build argument 'cmake_force_configure' from command line to 'False'
[0.209s] Level 5:colcon.colcon_core.verb:set package 'ros2_usbcapture' build argument 'ament_cmake_args' from command line to 'None'
[0.209s] Level 5:colcon.colcon_core.verb:set package 'ros2_usbcapture' build argument 'catkin_cmake_args' from command line to 'None'
[0.209s] Level 5:colcon.colcon_core.verb:set package 'ros2_usbcapture' build argument 'catkin_skip_building_tests' from command line to 'False'
[0.210s] DEBUG:colcon.colcon_core.verb:Building package 'ros2_usbcapture' with the following arguments: {'ament_cmake_args': None, 'build_base': '/home/peter/ros2.1/UsbCaptureROS4/build/ros2_usbcapture', 'catkin_cmake_args': None, 'catkin_skip_building_tests': False, 'cmake_args': None, 'cmake_clean_cache': False, 'cmake_clean_first': False, 'cmake_force_configure': False, 'cmake_target': None, 'cmake_target_skip_unavailable': False, 'install_base': '/home/peter/ros2.1/UsbCaptureROS4/install/ros2_usbcapture', 'merge_install': False, 'path': '/home/peter/ros2.1/UsbCaptureROS4/src/ros2_usbcapture', 'symlink_install': False, 'test_result_base': None}
[0.210s] INFO:colcon.colcon_core.executor:Executing jobs using 'parallel' executor
[0.213s] DEBUG:colcon.colcon_parallel_executor.executor.parallel:run_until_complete
[0.213s] INFO:colcon.colcon_ros.task.ament_cmake.build:Building ROS package in '/home/peter/ros2.1/UsbCaptureROS4/src/common' with build type 'ament_cmake'
[0.213s] INFO:colcon.colcon_cmake.task.cmake.build:Building CMake package in '/home/peter/ros2.1/UsbCaptureROS4/src/common'
[0.216s] INFO:colcon.colcon_core.plugin_system:Skipping extension 'colcon_core.shell.bat': Not used on non-Windows systems
[0.217s] INFO:colcon.colcon_core.shell:Skip shell extension 'powershell' for command environment: Not usable outside of PowerShell
[0.217s] DEBUG:colcon.colcon_core.shell:Skip shell extension 'dsv' for command environment
[0.220s] INFO:colcon.colcon_ros.task.ament_cmake.build:Building ROS package in '/home/peter/ros2.1/UsbCaptureROS4/src/interfaces' with build type 'ament_cmake'
[0.220s] INFO:colcon.colcon_cmake.task.cmake.build:Building CMake package in '/home/peter/ros2.1/UsbCaptureROS4/src/interfaces'
[0.222s] INFO:colcon.colcon_core.shell:Skip shell extension 'powershell' for command environment: Not usable outside of PowerShell
[0.222s] DEBUG:colcon.colcon_core.shell:Skip shell extension 'dsv' for command environment
[0.231s] DEBUG:colcon.colcon_core.event_handler.log_command:Invoking command in '/home/peter/ros2.1/UsbCaptureROS4/build/common': CMAKE_PREFIX_PATH=${CMAKE_PREFIX_PATH}:/opt/ros/foxy /bin/cmake /home/peter/ros2.1/UsbCaptureROS4/src/common -DCMAKE_INSTALL_PREFIX=/home/peter/ros2.1/UsbCaptureROS4/install/common
[0.237s] DEBUG:colcon.colcon_core.event_handler.log_command:Invoking command in '/home/peter/ros2.1/UsbCaptureROS4/build/interfaces': CMAKE_PREFIX_PATH=${CMAKE_PREFIX_PATH}:/opt/ros/foxy /bin/cmake /home/peter/ros2.1/UsbCaptureROS4/src/interfaces -DCMAKE_INSTALL_PREFIX=/home/peter/ros2.1/UsbCaptureROS4/install/interfaces
[1.430s] DEBUG:colcon.colcon_core.event_handler.log_command:Invoked command in '/home/peter/ros2.1/UsbCaptureROS4/build/common' returned '0': CMAKE_PREFIX_PATH=${CMAKE_PREFIX_PATH}:/opt/ros/foxy /bin/cmake /home/peter/ros2.1/UsbCaptureROS4/src/common -DCMAKE_INSTALL_PREFIX=/home/peter/ros2.1/UsbCaptureROS4/install/common
[1.432s] DEBUG:colcon.colcon_core.event_handler.log_command:Invoking command in '/home/peter/ros2.1/UsbCaptureROS4/build/common': CMAKE_PREFIX_PATH=${CMAKE_PREFIX_PATH}:/opt/ros/foxy /bin/cmake --build /home/peter/ros2.1/UsbCaptureROS4/build/common -- -j16 -l16
[1.780s] DEBUG:colcon.colcon_core.event_handler.log_command:Invoked command in '/home/peter/ros2.1/UsbCaptureROS4/build/interfaces' returned '0': CMAKE_PREFIX_PATH=${CMAKE_PREFIX_PATH}:/opt/ros/foxy /bin/cmake /home/peter/ros2.1/UsbCaptureROS4/src/interfaces -DCMAKE_INSTALL_PREFIX=/home/peter/ros2.1/UsbCaptureROS4/install/interfaces
[1.782s] DEBUG:colcon.colcon_core.event_handler.log_command:Invoking command in '/home/peter/ros2.1/UsbCaptureROS4/build/interfaces': CMAKE_PREFIX_PATH=${CMAKE_PREFIX_PATH}:/opt/ros/foxy /bin/cmake --build /home/peter/ros2.1/UsbCaptureROS4/build/interfaces -- -j16 -l16
[3.229s] DEBUG:colcon.colcon_core.event_handler.log_command:Invoked command in '/home/peter/ros2.1/UsbCaptureROS4/build/common' returned '0': CMAKE_PREFIX_PATH=${CMAKE_PREFIX_PATH}:/opt/ros/foxy /bin/cmake --build /home/peter/ros2.1/UsbCaptureROS4/build/common -- -j16 -l16
[3.259s] DEBUG:colcon.colcon_core.event_handler.log_command:Invoking command in '/home/peter/ros2.1/UsbCaptureROS4/build/common': CMAKE_PREFIX_PATH=${CMAKE_PREFIX_PATH}:/opt/ros/foxy /bin/cmake --install /home/peter/ros2.1/UsbCaptureROS4/build/common
[3.269s] Level 1:colcon.colcon_core.environment:create_environment_scripts_only(common)
[3.270s] DEBUG:colcon.colcon_core.event_handler.log_command:Invoked command in '/home/peter/ros2.1/UsbCaptureROS4/build/common' returned '0': CMAKE_PREFIX_PATH=${CMAKE_PREFIX_PATH}:/opt/ros/foxy /bin/cmake --install /home/peter/ros2.1/UsbCaptureROS4/build/common
[3.276s] Level 1:colcon.colcon_core.environment:checking '/home/peter/ros2.1/UsbCaptureROS4/install/common' for CMake module files
[3.276s] Level 1:colcon.colcon_core.environment:checking '/home/peter/ros2.1/UsbCaptureROS4/install/common' for CMake config files
[3.276s] Level 1:colcon.colcon_core.shell:create_environment_hook('common', 'cmake_prefix_path')
[3.278s] INFO:colcon.colcon_core.shell:Creating environment hook '/home/peter/ros2.1/UsbCaptureROS4/install/common/share/common/hook/cmake_prefix_path.ps1'
[3.279s] INFO:colcon.colcon_core.shell:Creating environment descriptor '/home/peter/ros2.1/UsbCaptureROS4/install/common/share/common/hook/cmake_prefix_path.dsv'
[3.279s] INFO:colcon.colcon_core.shell:Creating environment hook '/home/peter/ros2.1/UsbCaptureROS4/install/common/share/common/hook/cmake_prefix_path.sh'
[3.280s] Level 1:colcon.colcon_core.environment:checking '/home/peter/ros2.1/UsbCaptureROS4/install/common/lib'
[3.280s] Level 1:colcon.colcon_core.shell:create_environment_hook('common', 'ld_library_path_lib')
[3.281s] INFO:colcon.colcon_core.shell:Creating environment hook '/home/peter/ros2.1/UsbCaptureROS4/install/common/share/common/hook/ld_library_path_lib.ps1'
[3.281s] INFO:colcon.colcon_core.shell:Creating environment descriptor '/home/peter/ros2.1/UsbCaptureROS4/install/common/share/common/hook/ld_library_path_lib.dsv'
[3.281s] INFO:colcon.colcon_core.shell:Creating environment hook '/home/peter/ros2.1/UsbCaptureROS4/install/common/share/common/hook/ld_library_path_lib.sh'
[3.282s] Level 1:colcon.colcon_core.environment:checking '/home/peter/ros2.1/UsbCaptureROS4/install/common/bin'
[3.282s] Level 1:colcon.colcon_core.environment:checking '/home/peter/ros2.1/UsbCaptureROS4/install/common/lib/pkgconfig/common.pc'
[3.282s] Level 1:colcon.colcon_core.environment:checking '/home/peter/ros2.1/UsbCaptureROS4/install/common/lib/python3.8/site-packages'
[3.282s] Level 1:colcon.colcon_core.environment:checking '/home/peter/ros2.1/UsbCaptureROS4/install/common/bin'
[3.283s] INFO:colcon.colcon_core.shell:Creating package script '/home/peter/ros2.1/UsbCaptureROS4/install/common/share/common/package.ps1'
[3.284s] INFO:colcon.colcon_core.shell:Creating package descriptor '/home/peter/ros2.1/UsbCaptureROS4/install/common/share/common/package.dsv'
[3.284s] INFO:colcon.colcon_core.shell:Creating package script '/home/peter/ros2.1/UsbCaptureROS4/install/common/share/common/package.sh'
[3.285s] INFO:colcon.colcon_core.shell:Creating package script '/home/peter/ros2.1/UsbCaptureROS4/install/common/share/common/package.bash'
[3.285s] INFO:colcon.colcon_core.shell:Creating package script '/home/peter/ros2.1/UsbCaptureROS4/install/common/share/common/package.zsh'
[3.286s] Level 1:colcon.colcon_core.environment:create_file_with_runtime_dependencies(/home/peter/ros2.1/UsbCaptureROS4/install/common/share/colcon-core/packages/common)
[3.306s] Level 1:colcon.colcon_core.environment:create_environment_scripts_only(common)
[3.307s] Level 1:colcon.colcon_core.environment:checking '/home/peter/ros2.1/UsbCaptureROS4/install/common' for CMake module files
[3.308s] Level 1:colcon.colcon_core.environment:checking '/home/peter/ros2.1/UsbCaptureROS4/install/common' for CMake config files
[3.308s] Level 1:colcon.colcon_core.shell:create_environment_hook('common', 'cmake_prefix_path')
[3.309s] INFO:colcon.colcon_core.shell:Creating environment hook '/home/peter/ros2.1/UsbCaptureROS4/install/common/share/common/hook/cmake_prefix_path.ps1'
[3.309s] INFO:colcon.colcon_core.shell:Creating environment descriptor '/home/peter/ros2.1/UsbCaptureROS4/install/common/share/common/hook/cmake_prefix_path.dsv'
[3.310s] INFO:colcon.colcon_core.shell:Creating environment hook '/home/peter/ros2.1/UsbCaptureROS4/install/common/share/common/hook/cmake_prefix_path.sh'
[3.310s] Level 1:colcon.colcon_core.environment:checking '/home/peter/ros2.1/UsbCaptureROS4/install/common/lib'
[3.310s] Level 1:colcon.colcon_core.shell:create_environment_hook('common', 'ld_library_path_lib')
[3.311s] INFO:colcon.colcon_core.shell:Creating environment hook '/home/peter/ros2.1/UsbCaptureROS4/install/common/share/common/hook/ld_library_path_lib.ps1'
[3.312s] INFO:colcon.colcon_core.shell:Creating environment descriptor '/home/peter/ros2.1/UsbCaptureROS4/install/common/share/common/hook/ld_library_path_lib.dsv'
[3.312s] INFO:colcon.colcon_core.shell:Creating environment hook '/home/peter/ros2.1/UsbCaptureROS4/install/common/share/common/hook/ld_library_path_lib.sh'
[3.312s] Level 1:colcon.colcon_core.environment:checking '/home/peter/ros2.1/UsbCaptureROS4/install/common/bin'
[3.312s] Level 1:colcon.colcon_core.environment:checking '/home/peter/ros2.1/UsbCaptureROS4/install/common/lib/pkgconfig/common.pc'
[3.313s] Level 1:colcon.colcon_core.environment:checking '/home/peter/ros2.1/UsbCaptureROS4/install/common/lib/python3.8/site-packages'
[3.313s] Level 1:colcon.colcon_core.environment:checking '/home/peter/ros2.1/UsbCaptureROS4/install/common/bin'
[3.314s] INFO:colcon.colcon_core.shell:Creating package script '/home/peter/ros2.1/UsbCaptureROS4/install/common/share/common/package.ps1'
[3.314s] INFO:colcon.colcon_core.shell:Creating package descriptor '/home/peter/ros2.1/UsbCaptureROS4/install/common/share/common/package.dsv'
[3.315s] INFO:colcon.colcon_core.shell:Creating package script '/home/peter/ros2.1/UsbCaptureROS4/install/common/share/common/package.sh'
[3.315s] INFO:colcon.colcon_core.shell:Creating package script '/home/peter/ros2.1/UsbCaptureROS4/install/common/share/common/package.bash'
[3.316s] INFO:colcon.colcon_core.shell:Creating package script '/home/peter/ros2.1/UsbCaptureROS4/install/common/share/common/package.zsh'
[3.316s] Level 1:colcon.colcon_core.environment:create_file_with_runtime_dependencies(/home/peter/ros2.1/UsbCaptureROS4/install/common/share/colcon-core/packages/common)
[3.911s] DEBUG:colcon.colcon_core.event_handler.log_command:Invoked command in '/home/peter/ros2.1/UsbCaptureROS4/build/interfaces' returned '0': CMAKE_PREFIX_PATH=${CMAKE_PREFIX_PATH}:/opt/ros/foxy /bin/cmake --build /home/peter/ros2.1/UsbCaptureROS4/build/interfaces -- -j16 -l16
[3.950s] DEBUG:colcon.colcon_core.event_handler.log_command:Invoking command in '/home/peter/ros2.1/UsbCaptureROS4/build/interfaces': CMAKE_PREFIX_PATH=${CMAKE_PREFIX_PATH}:/opt/ros/foxy /bin/cmake --install /home/peter/ros2.1/UsbCaptureROS4/build/interfaces
[4.004s] Level 1:colcon.colcon_core.environment:create_environment_scripts_only(interfaces)
[4.007s] Level 1:colcon.colcon_core.environment:checking '/home/peter/ros2.1/UsbCaptureROS4/install/interfaces' for CMake module files
[4.008s] DEBUG:colcon.colcon_core.event_handler.log_command:Invoked command in '/home/peter/ros2.1/UsbCaptureROS4/build/interfaces' returned '0': CMAKE_PREFIX_PATH=${CMAKE_PREFIX_PATH}:/opt/ros/foxy /bin/cmake --install /home/peter/ros2.1/UsbCaptureROS4/build/interfaces
[4.008s] Level 1:colcon.colcon_core.environment:checking '/home/peter/ros2.1/UsbCaptureROS4/install/interfaces' for CMake config files
[4.008s] Level 1:colcon.colcon_core.shell:create_environment_hook('interfaces', 'cmake_prefix_path')
[4.009s] INFO:colcon.colcon_core.shell:Creating environment hook '/home/peter/ros2.1/UsbCaptureROS4/install/interfaces/share/interfaces/hook/cmake_prefix_path.ps1'
[4.010s] INFO:colcon.colcon_core.shell:Creating environment descriptor '/home/peter/ros2.1/UsbCaptureROS4/install/interfaces/share/interfaces/hook/cmake_prefix_path.dsv'
[4.010s] INFO:colcon.colcon_core.shell:Creating environment hook '/home/peter/ros2.1/UsbCaptureROS4/install/interfaces/share/interfaces/hook/cmake_prefix_path.sh'
[4.011s] Level 1:colcon.colcon_core.environment:checking '/home/peter/ros2.1/UsbCaptureROS4/install/interfaces/lib'
[4.011s] Level 1:colcon.colcon_core.shell:create_environment_hook('interfaces', 'ld_library_path_lib')
[4.012s] INFO:colcon.colcon_core.shell:Creating environment hook '/home/peter/ros2.1/UsbCaptureROS4/install/interfaces/share/interfaces/hook/ld_library_path_lib.ps1'
[4.012s] INFO:colcon.colcon_core.shell:Creating environment descriptor '/home/peter/ros2.1/UsbCaptureROS4/install/interfaces/share/interfaces/hook/ld_library_path_lib.dsv'
[4.012s] INFO:colcon.colcon_core.shell:Creating environment hook '/home/peter/ros2.1/UsbCaptureROS4/install/interfaces/share/interfaces/hook/ld_library_path_lib.sh'
[4.012s] Level 1:colcon.colcon_core.environment:checking '/home/peter/ros2.1/UsbCaptureROS4/install/interfaces/bin'
[4.012s] Level 1:colcon.colcon_core.environment:checking '/home/peter/ros2.1/UsbCaptureROS4/install/interfaces/lib/pkgconfig/interfaces.pc'
[4.013s] Level 1:colcon.colcon_core.environment:checking '/home/peter/ros2.1/UsbCaptureROS4/install/interfaces/lib/python3.8/site-packages'
[4.013s] Level 1:colcon.colcon_core.shell:create_environment_hook('interfaces', 'pythonpath')
[4.014s] INFO:colcon.colcon_core.shell:Creating environment hook '/home/peter/ros2.1/UsbCaptureROS4/install/interfaces/share/interfaces/hook/pythonpath.ps1'
[4.014s] INFO:colcon.colcon_core.shell:Creating environment descriptor '/home/peter/ros2.1/UsbCaptureROS4/install/interfaces/share/interfaces/hook/pythonpath.dsv'
[4.014s] INFO:colcon.colcon_core.shell:Creating environment hook '/home/peter/ros2.1/UsbCaptureROS4/install/interfaces/share/interfaces/hook/pythonpath.sh'
[4.015s] Level 1:colcon.colcon_core.environment:checking '/home/peter/ros2.1/UsbCaptureROS4/install/interfaces/bin'
[4.016s] INFO:colcon.colcon_core.shell:Creating package script '/home/peter/ros2.1/UsbCaptureROS4/install/interfaces/share/interfaces/package.ps1'
[4.016s] INFO:colcon.colcon_core.shell:Creating package descriptor '/home/peter/ros2.1/UsbCaptureROS4/install/interfaces/share/interfaces/package.dsv'
[4.016s] INFO:colcon.colcon_core.shell:Creating package script '/home/peter/ros2.1/UsbCaptureROS4/install/interfaces/share/interfaces/package.sh'
[4.017s] INFO:colcon.colcon_core.shell:Creating package script '/home/peter/ros2.1/UsbCaptureROS4/install/interfaces/share/interfaces/package.bash'
[4.017s] INFO:colcon.colcon_core.shell:Creating package script '/home/peter/ros2.1/UsbCaptureROS4/install/interfaces/share/interfaces/package.zsh'
[4.017s] Level 1:colcon.colcon_core.environment:create_file_with_runtime_dependencies(/home/peter/ros2.1/UsbCaptureROS4/install/interfaces/share/colcon-core/packages/interfaces)
[4.059s] Level 1:colcon.colcon_core.environment:create_environment_scripts_only(interfaces)
[4.061s] Level 1:colcon.colcon_core.environment:checking '/home/peter/ros2.1/UsbCaptureROS4/install/interfaces' for CMake module files
[4.062s] Level 1:colcon.colcon_core.environment:checking '/home/peter/ros2.1/UsbCaptureROS4/install/interfaces' for CMake config files
[4.062s] Level 1:colcon.colcon_core.shell:create_environment_hook('interfaces', 'cmake_prefix_path')
[4.063s] INFO:colcon.colcon_core.shell:Creating environment hook '/home/peter/ros2.1/UsbCaptureROS4/install/interfaces/share/interfaces/hook/cmake_prefix_path.ps1'
[4.063s] INFO:colcon.colcon_core.shell:Creating environment descriptor '/home/peter/ros2.1/UsbCaptureROS4/install/interfaces/share/interfaces/hook/cmake_prefix_path.dsv'
[4.064s] INFO:colcon.colcon_core.shell:Creating environment hook '/home/peter/ros2.1/UsbCaptureROS4/install/interfaces/share/interfaces/hook/cmake_prefix_path.sh'
[4.064s] Level 1:colcon.colcon_core.environment:checking '/home/peter/ros2.1/UsbCaptureROS4/install/interfaces/lib'
[4.064s] Level 1:colcon.colcon_core.shell:create_environment_hook('interfaces', 'ld_library_path_lib')
[4.065s] INFO:colcon.colcon_core.shell:Creating environment hook '/home/peter/ros2.1/UsbCaptureROS4/install/interfaces/share/interfaces/hook/ld_library_path_lib.ps1'
[4.066s] INFO:colcon.colcon_core.shell:Creating environment descriptor '/home/peter/ros2.1/UsbCaptureROS4/install/interfaces/share/interfaces/hook/ld_library_path_lib.dsv'
[4.066s] INFO:colcon.colcon_core.shell:Creating environment hook '/home/peter/ros2.1/UsbCaptureROS4/install/interfaces/share/interfaces/hook/ld_library_path_lib.sh'
[4.066s] Level 1:colcon.colcon_core.environment:checking '/home/peter/ros2.1/UsbCaptureROS4/install/interfaces/bin'
[4.066s] Level 1:colcon.colcon_core.environment:checking '/home/peter/ros2.1/UsbCaptureROS4/install/interfaces/lib/pkgconfig/interfaces.pc'
[4.067s] Level 1:colcon.colcon_core.environment:checking '/home/peter/ros2.1/UsbCaptureROS4/install/interfaces/lib/python3.8/site-packages'
[4.067s] Level 1:colcon.colcon_core.shell:create_environment_hook('interfaces', 'pythonpath')
[4.068s] INFO:colcon.colcon_core.shell:Creating environment hook '/home/peter/ros2.1/UsbCaptureROS4/install/interfaces/share/interfaces/hook/pythonpath.ps1'
[4.068s] INFO:colcon.colcon_core.shell:Creating environment descriptor '/home/peter/ros2.1/UsbCaptureROS4/install/interfaces/share/interfaces/hook/pythonpath.dsv'
[4.068s] INFO:colcon.colcon_core.shell:Creating environment hook '/home/peter/ros2.1/UsbCaptureROS4/install/interfaces/share/interfaces/hook/pythonpath.sh'
[4.069s] Level 1:colcon.colcon_core.environment:checking '/home/peter/ros2.1/UsbCaptureROS4/install/interfaces/bin'
[4.070s] INFO:colcon.colcon_core.shell:Creating package script '/home/peter/ros2.1/UsbCaptureROS4/install/interfaces/share/interfaces/package.ps1'
[4.070s] INFO:colcon.colcon_core.shell:Creating package descriptor '/home/peter/ros2.1/UsbCaptureROS4/install/interfaces/share/interfaces/package.dsv'
[4.071s] INFO:colcon.colcon_core.shell:Creating package script '/home/peter/ros2.1/UsbCaptureROS4/install/interfaces/share/interfaces/package.sh'
[4.071s] INFO:colcon.colcon_core.shell:Creating package script '/home/peter/ros2.1/UsbCaptureROS4/install/interfaces/share/interfaces/package.bash'
[4.071s] INFO:colcon.colcon_core.shell:Creating package script '/home/peter/ros2.1/UsbCaptureROS4/install/interfaces/share/interfaces/package.zsh'
[4.072s] Level 1:colcon.colcon_core.environment:create_file_with_runtime_dependencies(/home/peter/ros2.1/UsbCaptureROS4/install/interfaces/share/colcon-core/packages/interfaces)
[4.072s] INFO:colcon.colcon_ros.task.ament_cmake.build:Building ROS package in '/home/peter/ros2.1/UsbCaptureROS4/src/ros2_usbcapture' with build type 'ament_cmake'
[4.072s] INFO:colcon.colcon_cmake.task.cmake.build:Building CMake package in '/home/peter/ros2.1/UsbCaptureROS4/src/ros2_usbcapture'
[4.073s] INFO:colcon.colcon_core.shell:Skip shell extension 'powershell' for command environment: Not usable outside of PowerShell
[4.073s] DEBUG:colcon.colcon_core.shell:Skip shell extension 'dsv' for command environment
[4.086s] DEBUG:colcon.colcon_core.event_handler.log_command:Invoking command in '/home/peter/ros2.1/UsbCaptureROS4/build/ros2_usbcapture': CMAKE_PREFIX_PATH=/home/peter/ros2.1/UsbCaptureROS4/install/interfaces:/home/peter/ros2.1/UsbCaptureROS4/install/common:/home/peter/ros2.1/UsbCaptureROS4/install/ros2_usbcapture:/opt/ros/foxy LD_LIBRARY_PATH=/home/peter/ros2.1/UsbCaptureROS4/install/interfaces/lib:/home/peter/ros2.1/UsbCaptureROS4/install/common/lib:/home/peter/ros2.1/UsbCaptureROS4/install/ros2_usbcapture/lib:/opt/ros/foxy/opt/yaml_cpp_vendor/lib:/opt/ros/foxy/opt/rviz_ogre_vendor/lib:/opt/ros/foxy/lib/x86_64-linux-gnu:/opt/ros/foxy/lib /bin/cmake /home/peter/ros2.1/UsbCaptureROS4/src/ros2_usbcapture -DCMAKE_INSTALL_PREFIX=/home/peter/ros2.1/UsbCaptureROS4/install/ros2_usbcapture
[5.465s] DEBUG:colcon.colcon_core.event_handler.log_command:Invoked command in '/home/peter/ros2.1/UsbCaptureROS4/build/ros2_usbcapture' returned '0': CMAKE_PREFIX_PATH=/home/peter/ros2.1/UsbCaptureROS4/install/interfaces:/home/peter/ros2.1/UsbCaptureROS4/install/common:/home/peter/ros2.1/UsbCaptureROS4/install/ros2_usbcapture:/opt/ros/foxy LD_LIBRARY_PATH=/home/peter/ros2.1/UsbCaptureROS4/install/interfaces/lib:/home/peter/ros2.1/UsbCaptureROS4/install/common/lib:/home/peter/ros2.1/UsbCaptureROS4/install/ros2_usbcapture/lib:/opt/ros/foxy/opt/yaml_cpp_vendor/lib:/opt/ros/foxy/opt/rviz_ogre_vendor/lib:/opt/ros/foxy/lib/x86_64-linux-gnu:/opt/ros/foxy/lib /bin/cmake /home/peter/ros2.1/UsbCaptureROS4/src/ros2_usbcapture -DCMAKE_INSTALL_PREFIX=/home/peter/ros2.1/UsbCaptureROS4/install/ros2_usbcapture
[5.467s] DEBUG:colcon.colcon_core.event_handler.log_command:Invoking command in '/home/peter/ros2.1/UsbCaptureROS4/build/ros2_usbcapture': CMAKE_PREFIX_PATH=/home/peter/ros2.1/UsbCaptureROS4/install/interfaces:/home/peter/ros2.1/UsbCaptureROS4/install/common:/home/peter/ros2.1/UsbCaptureROS4/install/ros2_usbcapture:/opt/ros/foxy LD_LIBRARY_PATH=/home/peter/ros2.1/UsbCaptureROS4/install/interfaces/lib:/home/peter/ros2.1/UsbCaptureROS4/install/common/lib:/home/peter/ros2.1/UsbCaptureROS4/install/ros2_usbcapture/lib:/opt/ros/foxy/opt/yaml_cpp_vendor/lib:/opt/ros/foxy/opt/rviz_ogre_vendor/lib:/opt/ros/foxy/lib/x86_64-linux-gnu:/opt/ros/foxy/lib /bin/cmake --build /home/peter/ros2.1/UsbCaptureROS4/build/ros2_usbcapture -- -j16 -l16
[10.951s] DEBUG:colcon.colcon_core.event_handler.log_command:Invoked command in '/home/peter/ros2.1/UsbCaptureROS4/build/ros2_usbcapture' returned '0': CMAKE_PREFIX_PATH=/home/peter/ros2.1/UsbCaptureROS4/install/interfaces:/home/peter/ros2.1/UsbCaptureROS4/install/common:/home/peter/ros2.1/UsbCaptureROS4/install/ros2_usbcapture:/opt/ros/foxy LD_LIBRARY_PATH=/home/peter/ros2.1/UsbCaptureROS4/install/interfaces/lib:/home/peter/ros2.1/UsbCaptureROS4/install/common/lib:/home/peter/ros2.1/UsbCaptureROS4/install/ros2_usbcapture/lib:/opt/ros/foxy/opt/yaml_cpp_vendor/lib:/opt/ros/foxy/opt/rviz_ogre_vendor/lib:/opt/ros/foxy/lib/x86_64-linux-gnu:/opt/ros/foxy/lib /bin/cmake --build /home/peter/ros2.1/UsbCaptureROS4/build/ros2_usbcapture -- -j16 -l16
[10.972s] DEBUG:colcon.colcon_core.event_handler.log_command:Invoking command in '/home/peter/ros2.1/UsbCaptureROS4/build/ros2_usbcapture': CMAKE_PREFIX_PATH=/home/peter/ros2.1/UsbCaptureROS4/install/interfaces:/home/peter/ros2.1/UsbCaptureROS4/install/common:/home/peter/ros2.1/UsbCaptureROS4/install/ros2_usbcapture:/opt/ros/foxy LD_LIBRARY_PATH=/home/peter/ros2.1/UsbCaptureROS4/install/interfaces/lib:/home/peter/ros2.1/UsbCaptureROS4/install/common/lib:/home/peter/ros2.1/UsbCaptureROS4/install/ros2_usbcapture/lib:/opt/ros/foxy/opt/yaml_cpp_vendor/lib:/opt/ros/foxy/opt/rviz_ogre_vendor/lib:/opt/ros/foxy/lib/x86_64-linux-gnu:/opt/ros/foxy/lib /bin/cmake --install /home/peter/ros2.1/UsbCaptureROS4/build/ros2_usbcapture
[10.985s] Level 1:colcon.colcon_core.environment:create_environment_scripts_only(ros2_usbcapture)
[10.987s] Level 1:colcon.colcon_core.environment:checking '/home/peter/ros2.1/UsbCaptureROS4/install/ros2_usbcapture' for CMake module files
[10.987s] DEBUG:colcon.colcon_core.event_handler.log_command:Invoked command in '/home/peter/ros2.1/UsbCaptureROS4/build/ros2_usbcapture' returned '0': CMAKE_PREFIX_PATH=/home/peter/ros2.1/UsbCaptureROS4/install/interfaces:/home/peter/ros2.1/UsbCaptureROS4/install/common:/home/peter/ros2.1/UsbCaptureROS4/install/ros2_usbcapture:/opt/ros/foxy LD_LIBRARY_PATH=/home/peter/ros2.1/UsbCaptureROS4/install/interfaces/lib:/home/peter/ros2.1/UsbCaptureROS4/install/common/lib:/home/peter/ros2.1/UsbCaptureROS4/install/ros2_usbcapture/lib:/opt/ros/foxy/opt/yaml_cpp_vendor/lib:/opt/ros/foxy/opt/rviz_ogre_vendor/lib:/opt/ros/foxy/lib/x86_64-linux-gnu:/opt/ros/foxy/lib /bin/cmake --install /home/peter/ros2.1/UsbCaptureROS4/build/ros2_usbcapture
[10.987s] Level 1:colcon.colcon_core.environment:checking '/home/peter/ros2.1/UsbCaptureROS4/install/ros2_usbcapture' for CMake config files
[10.988s] Level 1:colcon.colcon_core.shell:create_environment_hook('ros2_usbcapture', 'cmake_prefix_path')
[10.989s] INFO:colcon.colcon_core.shell:Creating environment hook '/home/peter/ros2.1/UsbCaptureROS4/install/ros2_usbcapture/share/ros2_usbcapture/hook/cmake_prefix_path.ps1'
[10.989s] INFO:colcon.colcon_core.shell:Creating environment descriptor '/home/peter/ros2.1/UsbCaptureROS4/install/ros2_usbcapture/share/ros2_usbcapture/hook/cmake_prefix_path.dsv'
[10.989s] INFO:colcon.colcon_core.shell:Creating environment hook '/home/peter/ros2.1/UsbCaptureROS4/install/ros2_usbcapture/share/ros2_usbcapture/hook/cmake_prefix_path.sh'
[10.990s] Level 1:colcon.colcon_core.environment:checking '/home/peter/ros2.1/UsbCaptureROS4/install/ros2_usbcapture/lib'
[10.990s] Level 1:colcon.colcon_core.shell:create_environment_hook('ros2_usbcapture', 'ld_library_path_lib')
[10.991s] INFO:colcon.colcon_core.shell:Creating environment hook '/home/peter/ros2.1/UsbCaptureROS4/install/ros2_usbcapture/share/ros2_usbcapture/hook/ld_library_path_lib.ps1'
[10.991s] INFO:colcon.colcon_core.shell:Creating environment descriptor '/home/peter/ros2.1/UsbCaptureROS4/install/ros2_usbcapture/share/ros2_usbcapture/hook/ld_library_path_lib.dsv'
[10.991s] INFO:colcon.colcon_core.shell:Creating environment hook '/home/peter/ros2.1/UsbCaptureROS4/install/ros2_usbcapture/share/ros2_usbcapture/hook/ld_library_path_lib.sh'
[10.992s] Level 1:colcon.colcon_core.environment:checking '/home/peter/ros2.1/UsbCaptureROS4/install/ros2_usbcapture/bin'
[10.992s] Level 1:colcon.colcon_core.environment:checking '/home/peter/ros2.1/UsbCaptureROS4/install/ros2_usbcapture/lib/pkgconfig/ros2_usbcapture.pc'
[10.992s] Level 1:colcon.colcon_core.environment:checking '/home/peter/ros2.1/UsbCaptureROS4/install/ros2_usbcapture/lib/python3.8/site-packages'
[10.992s] Level 1:colcon.colcon_core.environment:checking '/home/peter/ros2.1/UsbCaptureROS4/install/ros2_usbcapture/bin'
[10.993s] INFO:colcon.colcon_core.shell:Creating package script '/home/peter/ros2.1/UsbCaptureROS4/install/ros2_usbcapture/share/ros2_usbcapture/package.ps1'
[10.994s] INFO:colcon.colcon_core.shell:Creating package descriptor '/home/peter/ros2.1/UsbCaptureROS4/install/ros2_usbcapture/share/ros2_usbcapture/package.dsv'
[10.994s] INFO:colcon.colcon_core.shell:Creating package script '/home/peter/ros2.1/UsbCaptureROS4/install/ros2_usbcapture/share/ros2_usbcapture/package.sh'
[10.994s] INFO:colcon.colcon_core.shell:Creating package script '/home/peter/ros2.1/UsbCaptureROS4/install/ros2_usbcapture/share/ros2_usbcapture/package.bash'
[10.994s] INFO:colcon.colcon_core.shell:Creating package script '/home/peter/ros2.1/UsbCaptureROS4/install/ros2_usbcapture/share/ros2_usbcapture/package.zsh'
[10.995s] Level 1:colcon.colcon_core.environment:create_file_with_runtime_dependencies(/home/peter/ros2.1/UsbCaptureROS4/install/ros2_usbcapture/share/colcon-core/packages/ros2_usbcapture)
[11.016s] Level 1:colcon.colcon_core.environment:create_environment_scripts_only(ros2_usbcapture)
[11.018s] Level 1:colcon.colcon_core.environment:checking '/home/peter/ros2.1/UsbCaptureROS4/install/ros2_usbcapture' for CMake module files
[11.018s] Level 1:colcon.colcon_core.environment:checking '/home/peter/ros2.1/UsbCaptureROS4/install/ros2_usbcapture' for CMake config files
[11.018s] Level 1:colcon.colcon_core.shell:create_environment_hook('ros2_usbcapture', 'cmake_prefix_path')
[11.019s] INFO:colcon.colcon_core.shell:Creating environment hook '/home/peter/ros2.1/UsbCaptureROS4/install/ros2_usbcapture/share/ros2_usbcapture/hook/cmake_prefix_path.ps1'
[11.020s] INFO:colcon.colcon_core.shell:Creating environment descriptor '/home/peter/ros2.1/UsbCaptureROS4/install/ros2_usbcapture/share/ros2_usbcapture/hook/cmake_prefix_path.dsv'
[11.020s] INFO:colcon.colcon_core.shell:Creating environment hook '/home/peter/ros2.1/UsbCaptureROS4/install/ros2_usbcapture/share/ros2_usbcapture/hook/cmake_prefix_path.sh'
[11.020s] Level 1:colcon.colcon_core.environment:checking '/home/peter/ros2.1/UsbCaptureROS4/install/ros2_usbcapture/lib'
[11.021s] Level 1:colcon.colcon_core.shell:create_environment_hook('ros2_usbcapture', 'ld_library_path_lib')
[11.022s] INFO:colcon.colcon_core.shell:Creating environment hook '/home/peter/ros2.1/UsbCaptureROS4/install/ros2_usbcapture/share/ros2_usbcapture/hook/ld_library_path_lib.ps1'
[11.022s] INFO:colcon.colcon_core.shell:Creating environment descriptor '/home/peter/ros2.1/UsbCaptureROS4/install/ros2_usbcapture/share/ros2_usbcapture/hook/ld_library_path_lib.dsv'
[11.022s] INFO:colcon.colcon_core.shell:Creating environment hook '/home/peter/ros2.1/UsbCaptureROS4/install/ros2_usbcapture/share/ros2_usbcapture/hook/ld_library_path_lib.sh'
[11.022s] Level 1:colcon.colcon_core.environment:checking '/home/peter/ros2.1/UsbCaptureROS4/install/ros2_usbcapture/bin'
[11.023s] Level 1:colcon.colcon_core.environment:checking '/home/peter/ros2.1/UsbCaptureROS4/install/ros2_usbcapture/lib/pkgconfig/ros2_usbcapture.pc'
[11.023s] Level 1:colcon.colcon_core.environment:checking '/home/peter/ros2.1/UsbCaptureROS4/install/ros2_usbcapture/lib/python3.8/site-packages'
[11.023s] Level 1:colcon.colcon_core.environment:checking '/home/peter/ros2.1/UsbCaptureROS4/install/ros2_usbcapture/bin'
[11.024s] INFO:colcon.colcon_core.shell:Creating package script '/home/peter/ros2.1/UsbCaptureROS4/install/ros2_usbcapture/share/ros2_usbcapture/package.ps1'
[11.024s] INFO:colcon.colcon_core.shell:Creating package descriptor '/home/peter/ros2.1/UsbCaptureROS4/install/ros2_usbcapture/share/ros2_usbcapture/package.dsv'
[11.025s] INFO:colcon.colcon_core.shell:Creating package script '/home/peter/ros2.1/UsbCaptureROS4/install/ros2_usbcapture/share/ros2_usbcapture/package.sh'
[11.025s] INFO:colcon.colcon_core.shell:Creating package script '/home/peter/ros2.1/UsbCaptureROS4/install/ros2_usbcapture/share/ros2_usbcapture/package.bash'
[11.025s] INFO:colcon.colcon_core.shell:Creating package script '/home/peter/ros2.1/UsbCaptureROS4/install/ros2_usbcapture/share/ros2_usbcapture/package.zsh'
[11.026s] Level 1:colcon.colcon_core.environment:create_file_with_runtime_dependencies(/home/peter/ros2.1/UsbCaptureROS4/install/ros2_usbcapture/share/colcon-core/packages/ros2_usbcapture)
[11.026s] DEBUG:colcon.colcon_parallel_executor.executor.parallel:closing loop
[11.026s] DEBUG:colcon.colcon_parallel_executor.executor.parallel:loop closed
[11.026s] DEBUG:colcon.colcon_parallel_executor.executor.parallel:run_until_complete finished with '0'
[11.026s] DEBUG:colcon.colcon_core.event_reactor:joining thread
[11.033s] INFO:colcon.colcon_core.plugin_system:Skipping extension 'colcon_notification.desktop_notification.terminal_notifier': Not used on non-Darwin systems
[11.033s] INFO:colcon.colcon_core.plugin_system:Skipping extension 'colcon_notification.desktop_notification.win32': Not used on non-Windows systems
[11.033s] INFO:colcon.colcon_notification.desktop_notification:Sending desktop notification using 'notify2'
[11.048s] DEBUG:colcon.colcon_core.event_reactor:joined thread
[11.050s] INFO:colcon.colcon_core.shell:Creating prefix script '/home/peter/ros2.1/UsbCaptureROS4/install/local_setup.ps1'
[11.051s] INFO:colcon.colcon_core.shell:Creating prefix util module '/home/peter/ros2.1/UsbCaptureROS4/install/_local_setup_util_ps1.py'
[11.052s] INFO:colcon.colcon_core.shell:Creating prefix chain script '/home/peter/ros2.1/UsbCaptureROS4/install/setup.ps1'
[11.053s] INFO:colcon.colcon_core.shell:Creating prefix script '/home/peter/ros2.1/UsbCaptureROS4/install/local_setup.sh'
[11.053s] INFO:colcon.colcon_core.shell:Creating prefix util module '/home/peter/ros2.1/UsbCaptureROS4/install/_local_setup_util_sh.py'
[11.054s] INFO:colcon.colcon_core.shell:Creating prefix chain script '/home/peter/ros2.1/UsbCaptureROS4/install/setup.sh'
[11.055s] INFO:colcon.colcon_core.shell:Creating prefix script '/home/peter/ros2.1/UsbCaptureROS4/install/local_setup.bash'
[11.055s] INFO:colcon.colcon_core.shell:Creating prefix chain script '/home/peter/ros2.1/UsbCaptureROS4/install/setup.bash'
[11.056s] INFO:colcon.colcon_core.shell:Creating prefix script '/home/peter/ros2.1/UsbCaptureROS4/install/local_setup.zsh'
[11.057s] INFO:colcon.colcon_core.shell:Creating prefix chain script '/home/peter/ros2.1/UsbCaptureROS4/install/setup.zsh'
