[0.020s] Invoking command in '/home/peter/ros2/UsbCaptureROS4/build/common': CMAKE_PREFIX_PATH=${CMAKE_PREFIX_PATH}:/opt/ros/foxy /bin/cmake --build /home/peter/ros2/UsbCaptureROS4/build/common -- -j16 -l16
[0.081s] [100%] Built target Base
[0.081s] [100%] Built target common
[0.089s] Invoked command in '/home/peter/ros2/UsbCaptureROS4/build/common' returned '0': CMAKE_PREFIX_PATH=${CMAKE_PREFIX_PATH}:/opt/ros/foxy /bin/cmake --build /home/peter/ros2/UsbCaptureROS4/build/common -- -j16 -l16
[0.119s] Invoking command in '/home/peter/ros2/UsbCaptureROS4/build/common': CMAKE_PREFIX_PATH=${CMAKE_PREFIX_PATH}:/opt/ros/foxy /bin/cmake --install /home/peter/ros2/UsbCaptureROS4/build/common
[0.125s] -- Install configuration: ""
[0.125s] -- Up-to-date: /home/peter/ros2/UsbCaptureROS4/install/common/share/common/environment/library_path.sh
[0.125s] -- Up-to-date: /home/peter/ros2/UsbCaptureROS4/install/common/share/common/environment/library_path.dsv
[0.125s] -- Up-to-date: /home/peter/ros2/UsbCaptureROS4/install/common/include
[0.126s] -- Up-to-date: /home/peter/ros2/UsbCaptureROS4/install/common/include/common
[0.126s] -- Up-to-date: /home/peter/ros2/UsbCaptureROS4/install/common/include/common/common.h
[0.126s] -- Up-to-date: /home/peter/ros2/UsbCaptureROS4/install/common/lib/libcommon.so
[0.126s] -- Up-to-date: /home/peter/ros2/UsbCaptureROS4/install/common/share/ament_index/resource_index/package_run_dependencies/common
[0.126s] -- Up-to-date: /home/peter/ros2/UsbCaptureROS4/install/common/share/ament_index/resource_index/parent_prefix_path/common
[0.126s] -- Up-to-date: /home/peter/ros2/UsbCaptureROS4/install/common/share/common/environment/ament_prefix_path.sh
[0.126s] -- Up-to-date: /home/peter/ros2/UsbCaptureROS4/install/common/share/common/environment/ament_prefix_path.dsv
[0.127s] -- Up-to-date: /home/peter/ros2/UsbCaptureROS4/install/common/share/common/environment/path.sh
[0.127s] -- Up-to-date: /home/peter/ros2/UsbCaptureROS4/install/common/share/common/environment/path.dsv
[0.127s] -- Up-to-date: /home/peter/ros2/UsbCaptureROS4/install/common/share/common/local_setup.bash
[0.127s] -- Up-to-date: /home/peter/ros2/UsbCaptureROS4/install/common/share/common/local_setup.sh
[0.127s] -- Up-to-date: /home/peter/ros2/UsbCaptureROS4/install/common/share/common/local_setup.zsh
[0.127s] -- Up-to-date: /home/peter/ros2/UsbCaptureROS4/install/common/share/common/local_setup.dsv
[0.127s] -- Installing: /home/peter/ros2/UsbCaptureROS4/install/common/share/common/package.dsv
[0.127s] -- Up-to-date: /home/peter/ros2/UsbCaptureROS4/install/common/share/ament_index/resource_index/packages/common
[0.127s] -- Up-to-date: /home/peter/ros2/UsbCaptureROS4/install/common/share/common/cmake/commonExport.cmake
[0.127s] -- Up-to-date: /home/peter/ros2/UsbCaptureROS4/install/common/share/common/cmake/commonExport-noconfig.cmake
[0.128s] -- Up-to-date: /home/peter/ros2/UsbCaptureROS4/install/common/share/common/cmake/ament_cmake_export_targets-extras.cmake
[0.128s] -- Up-to-date: /home/peter/ros2/UsbCaptureROS4/install/common/share/common/cmake/ament_cmake_export_dependencies-extras.cmake
[0.128s] -- Up-to-date: /home/peter/ros2/UsbCaptureROS4/install/common/share/common/cmake/commonConfig.cmake
[0.128s] -- Up-to-date: /home/peter/ros2/UsbCaptureROS4/install/common/share/common/cmake/commonConfig-version.cmake
[0.128s] -- Up-to-date: /home/peter/ros2/UsbCaptureROS4/install/common/share/common/package.xml
[0.129s] Invoked command in '/home/peter/ros2/UsbCaptureROS4/build/common' returned '0': CMAKE_PREFIX_PATH=${CMAKE_PREFIX_PATH}:/opt/ros/foxy /bin/cmake --install /home/peter/ros2/UsbCaptureROS4/build/common
