[0.094s] DEBUG:colcon:Command line arguments: ['/bin/colcon', 'build']
[0.094s] DEBUG:colcon:Parsed command line arguments: Namespace(allow_overriding=[], ament_cmake_args=None, base_paths=['.'], build_base='build', catkin_cmake_args=None, catkin_skip_building_tests=False, cmake_args=None, cmake_clean_cache=False, cmake_clean_first=False, cmake_force_configure=False, cmake_target=None, cmake_target_skip_unavailable=False, continue_on_error=False, event_handlers=None, executor='parallel', ignore_user_meta=False, install_base='install', log_base=None, log_level=None, main=<bound method BuildVerb.main of <colcon_core.verb.build.BuildVerb object at 0x7f8a0e590400>>, merge_install=False, metas=['./colcon.meta'], packages_above=None, packages_above_and_dependencies=None, packages_above_depth=None, packages_end=None, packages_ignore=None, packages_ignore_regex=None, packages_select=None, packages_select_build_failed=False, packages_select_by_dep=None, packages_select_regex=None, packages_select_test_failures=False, packages_skip=None, packages_skip_build_finished=False, packages_skip_by_dep=None, packages_skip_regex=None, packages_skip_test_passed=False, packages_skip_up_to=None, packages_start=None, packages_up_to=None, packages_up_to_regex=None, parallel_workers=16, paths=None, symlink_install=False, test_result_base=None, verb_extension=<colcon_core.verb.build.BuildVerb object at 0x7f8a0e590400>, verb_name='build', verb_parser=<colcon_defaults.argument_parser.defaults.DefaultArgumentsDecorator object at 0x7f8a0e590940>)
[0.113s] Level 1:colcon.colcon_core.package_discovery:discover_packages(colcon_meta) check parameters
[0.113s] Level 1:colcon.colcon_core.package_discovery:discover_packages(recursive) check parameters
[0.113s] Level 1:colcon.colcon_core.package_discovery:discover_packages(ignore) check parameters
[0.113s] Level 1:colcon.colcon_core.package_discovery:discover_packages(path) check parameters
[0.113s] Level 1:colcon.colcon_core.package_discovery:discover_packages(colcon_meta) discover
[0.113s] Level 1:colcon.colcon_core.package_discovery:discover_packages(recursive) discover
[0.113s] INFO:colcon.colcon_core.package_discovery:Crawling recursively for packages in '/home/peter/ROS/UsbCaptureROS4'
[0.113s] Level 1:colcon.colcon_core.package_identification:_identify(.) by extensions ['ignore', 'ignore_ament_install']
[0.113s] Level 1:colcon.colcon_core.package_identification:_identify(.) by extension 'ignore'
[0.113s] Level 1:colcon.colcon_core.package_identification:_identify(.) by extension 'ignore_ament_install'
[0.114s] Level 1:colcon.colcon_core.package_identification:_identify(.) by extensions ['colcon_pkg']
[0.114s] Level 1:colcon.colcon_core.package_identification:_identify(.) by extension 'colcon_pkg'
[0.114s] Level 1:colcon.colcon_core.package_identification:_identify(.) by extensions ['colcon_meta']
[0.114s] Level 1:colcon.colcon_core.package_identification:_identify(.) by extension 'colcon_meta'
[0.114s] Level 1:colcon.colcon_core.package_identification:_identify(.) by extensions ['ros']
[0.114s] Level 1:colcon.colcon_core.package_identification:_identify(.) by extension 'ros'
[0.121s] Level 1:colcon.colcon_core.package_identification:_identify(.) by extensions ['cmake', 'python']
[0.121s] Level 1:colcon.colcon_core.package_identification:_identify(.) by extension 'cmake'
[0.121s] Level 1:colcon.colcon_core.package_identification:_identify(.) by extension 'python'
[0.121s] Level 1:colcon.colcon_core.package_identification:_identify(.) by extensions ['python_setup_py']
[0.121s] Level 1:colcon.colcon_core.package_identification:_identify(.) by extension 'python_setup_py'
[0.121s] Level 1:colcon.colcon_core.package_identification:_identify(build) by extensions ['ignore', 'ignore_ament_install']
[0.121s] Level 1:colcon.colcon_core.package_identification:_identify(build) by extension 'ignore'
[0.121s] Level 1:colcon.colcon_core.package_identification:_identify(build) ignored
[0.121s] Level 1:colcon.colcon_core.package_identification:_identify(install) by extensions ['ignore', 'ignore_ament_install']
[0.121s] Level 1:colcon.colcon_core.package_identification:_identify(install) by extension 'ignore'
[0.121s] Level 1:colcon.colcon_core.package_identification:_identify(install) ignored
[0.121s] Level 1:colcon.colcon_core.package_identification:_identify(log) by extensions ['ignore', 'ignore_ament_install']
[0.121s] Level 1:colcon.colcon_core.package_identification:_identify(log) by extension 'ignore'
[0.121s] Level 1:colcon.colcon_core.package_identification:_identify(log) ignored
[0.122s] Level 1:colcon.colcon_core.package_identification:_identify(src) by extensions ['ignore', 'ignore_ament_install']
[0.122s] Level 1:colcon.colcon_core.package_identification:_identify(src) by extension 'ignore'
[0.122s] Level 1:colcon.colcon_core.package_identification:_identify(src) by extension 'ignore_ament_install'
[0.122s] Level 1:colcon.colcon_core.package_identification:_identify(src) by extensions ['colcon_pkg']
[0.122s] Level 1:colcon.colcon_core.package_identification:_identify(src) by extension 'colcon_pkg'
[0.122s] Level 1:colcon.colcon_core.package_identification:_identify(src) by extensions ['colcon_meta']
[0.122s] Level 1:colcon.colcon_core.package_identification:_identify(src) by extension 'colcon_meta'
[0.122s] Level 1:colcon.colcon_core.package_identification:_identify(src) by extensions ['ros']
[0.122s] Level 1:colcon.colcon_core.package_identification:_identify(src) by extension 'ros'
[0.122s] Level 1:colcon.colcon_core.package_identification:_identify(src) by extensions ['cmake', 'python']
[0.122s] Level 1:colcon.colcon_core.package_identification:_identify(src) by extension 'cmake'
[0.122s] Level 1:colcon.colcon_core.package_identification:_identify(src) by extension 'python'
[0.122s] Level 1:colcon.colcon_core.package_identification:_identify(src) by extensions ['python_setup_py']
[0.122s] Level 1:colcon.colcon_core.package_identification:_identify(src) by extension 'python_setup_py'
[0.122s] Level 1:colcon.colcon_core.package_identification:_identify(src/common) by extensions ['ignore', 'ignore_ament_install']
[0.122s] Level 1:colcon.colcon_core.package_identification:_identify(src/common) by extension 'ignore'
[0.122s] Level 1:colcon.colcon_core.package_identification:_identify(src/common) by extension 'ignore_ament_install'
[0.122s] Level 1:colcon.colcon_core.package_identification:_identify(src/common) by extensions ['colcon_pkg']
[0.122s] Level 1:colcon.colcon_core.package_identification:_identify(src/common) by extension 'colcon_pkg'
[0.122s] Level 1:colcon.colcon_core.package_identification:_identify(src/common) by extensions ['colcon_meta']
[0.122s] Level 1:colcon.colcon_core.package_identification:_identify(src/common) by extension 'colcon_meta'
[0.122s] Level 1:colcon.colcon_core.package_identification:_identify(src/common) by extensions ['ros']
[0.122s] Level 1:colcon.colcon_core.package_identification:_identify(src/common) by extension 'ros'
[0.124s] DEBUG:colcon.colcon_core.package_identification:Package 'src/common' with type 'ros.ament_cmake' and name 'common'
[0.124s] Level 1:colcon.colcon_core.package_identification:_identify(src/interfaces) by extensions ['ignore', 'ignore_ament_install']
[0.124s] Level 1:colcon.colcon_core.package_identification:_identify(src/interfaces) by extension 'ignore'
[0.124s] Level 1:colcon.colcon_core.package_identification:_identify(src/interfaces) by extension 'ignore_ament_install'
[0.124s] Level 1:colcon.colcon_core.package_identification:_identify(src/interfaces) by extensions ['colcon_pkg']
[0.124s] Level 1:colcon.colcon_core.package_identification:_identify(src/interfaces) by extension 'colcon_pkg'
[0.124s] Level 1:colcon.colcon_core.package_identification:_identify(src/interfaces) by extensions ['colcon_meta']
[0.124s] Level 1:colcon.colcon_core.package_identification:_identify(src/interfaces) by extension 'colcon_meta'
[0.124s] Level 1:colcon.colcon_core.package_identification:_identify(src/interfaces) by extensions ['ros']
[0.125s] Level 1:colcon.colcon_core.package_identification:_identify(src/interfaces) by extension 'ros'
[0.125s] DEBUG:colcon.colcon_core.package_identification:Package 'src/interfaces' with type 'ros.ament_cmake' and name 'interfaces'
[0.125s] Level 1:colcon.colcon_core.package_identification:_identify(src/ros2_usbcapture) by extensions ['ignore', 'ignore_ament_install']
[0.125s] Level 1:colcon.colcon_core.package_identification:_identify(src/ros2_usbcapture) by extension 'ignore'
[0.125s] Level 1:colcon.colcon_core.package_identification:_identify(src/ros2_usbcapture) by extension 'ignore_ament_install'
[0.125s] Level 1:colcon.colcon_core.package_identification:_identify(src/ros2_usbcapture) by extensions ['colcon_pkg']
[0.125s] Level 1:colcon.colcon_core.package_identification:_identify(src/ros2_usbcapture) by extension 'colcon_pkg'
[0.125s] Level 1:colcon.colcon_core.package_identification:_identify(src/ros2_usbcapture) by extensions ['colcon_meta']
[0.125s] Level 1:colcon.colcon_core.package_identification:_identify(src/ros2_usbcapture) by extension 'colcon_meta'
[0.125s] Level 1:colcon.colcon_core.package_identification:_identify(src/ros2_usbcapture) by extensions ['ros']
[0.125s] Level 1:colcon.colcon_core.package_identification:_identify(src/ros2_usbcapture) by extension 'ros'
[0.126s] DEBUG:colcon.colcon_core.package_identification:Package 'src/ros2_usbcapture' with type 'ros.ament_cmake' and name 'ros2_usbcapture'
[0.126s] Level 1:colcon.colcon_core.package_discovery:discover_packages(recursive) using defaults
[0.126s] Level 1:colcon.colcon_core.package_discovery:discover_packages(ignore) discover
[0.126s] Level 1:colcon.colcon_core.package_discovery:discover_packages(ignore) using defaults
[0.126s] Level 1:colcon.colcon_core.package_discovery:discover_packages(path) discover
[0.126s] Level 1:colcon.colcon_core.package_discovery:discover_packages(path) using defaults
[0.146s] Level 1:colcon.colcon_core.package_discovery:discover_packages(prefix_path) check parameters
[0.146s] Level 1:colcon.colcon_core.package_discovery:discover_packages(prefix_path) discover
[0.148s] DEBUG:colcon.colcon_installed_package_information.package_discovery:Found 278 installed packages in /opt/ros/foxy
[0.149s] Level 1:colcon.colcon_core.package_discovery:discover_packages(prefix_path) using defaults
[0.193s] Level 5:colcon.colcon_core.verb:set package 'common' build argument 'cmake_args' from command line to 'None'
[0.193s] Level 5:colcon.colcon_core.verb:set package 'common' build argument 'cmake_target' from command line to 'None'
[0.193s] Level 5:colcon.colcon_core.verb:set package 'common' build argument 'cmake_target_skip_unavailable' from command line to 'False'
[0.193s] Level 5:colcon.colcon_core.verb:set package 'common' build argument 'cmake_clean_cache' from command line to 'False'
[0.193s] Level 5:colcon.colcon_core.verb:set package 'common' build argument 'cmake_clean_first' from command line to 'False'
[0.193s] Level 5:colcon.colcon_core.verb:set package 'common' build argument 'cmake_force_configure' from command line to 'False'
[0.193s] Level 5:colcon.colcon_core.verb:set package 'common' build argument 'ament_cmake_args' from command line to 'None'
[0.193s] Level 5:colcon.colcon_core.verb:set package 'common' build argument 'catkin_cmake_args' from command line to 'None'
[0.193s] Level 5:colcon.colcon_core.verb:set package 'common' build argument 'catkin_skip_building_tests' from command line to 'False'
[0.193s] DEBUG:colcon.colcon_core.verb:Building package 'common' with the following arguments: {'ament_cmake_args': None, 'build_base': '/home/peter/ROS/UsbCaptureROS4/build/common', 'catkin_cmake_args': None, 'catkin_skip_building_tests': False, 'cmake_args': None, 'cmake_clean_cache': False, 'cmake_clean_first': False, 'cmake_force_configure': False, 'cmake_target': None, 'cmake_target_skip_unavailable': False, 'install_base': '/home/peter/ROS/UsbCaptureROS4/install/common', 'merge_install': False, 'path': '/home/peter/ROS/UsbCaptureROS4/src/common', 'symlink_install': False, 'test_result_base': None}
[0.194s] Level 5:colcon.colcon_core.verb:set package 'interfaces' build argument 'cmake_args' from command line to 'None'
[0.194s] Level 5:colcon.colcon_core.verb:set package 'interfaces' build argument 'cmake_target' from command line to 'None'
[0.194s] Level 5:colcon.colcon_core.verb:set package 'interfaces' build argument 'cmake_target_skip_unavailable' from command line to 'False'
[0.194s] Level 5:colcon.colcon_core.verb:set package 'interfaces' build argument 'cmake_clean_cache' from command line to 'False'
[0.194s] Level 5:colcon.colcon_core.verb:set package 'interfaces' build argument 'cmake_clean_first' from command line to 'False'
[0.194s] Level 5:colcon.colcon_core.verb:set package 'interfaces' build argument 'cmake_force_configure' from command line to 'False'
[0.194s] Level 5:colcon.colcon_core.verb:set package 'interfaces' build argument 'ament_cmake_args' from command line to 'None'
[0.194s] Level 5:colcon.colcon_core.verb:set package 'interfaces' build argument 'catkin_cmake_args' from command line to 'None'
[0.194s] Level 5:colcon.colcon_core.verb:set package 'interfaces' build argument 'catkin_skip_building_tests' from command line to 'False'
[0.194s] DEBUG:colcon.colcon_core.verb:Building package 'interfaces' with the following arguments: {'ament_cmake_args': None, 'build_base': '/home/peter/ROS/UsbCaptureROS4/build/interfaces', 'catkin_cmake_args': None, 'catkin_skip_building_tests': False, 'cmake_args': None, 'cmake_clean_cache': False, 'cmake_clean_first': False, 'cmake_force_configure': False, 'cmake_target': None, 'cmake_target_skip_unavailable': False, 'install_base': '/home/peter/ROS/UsbCaptureROS4/install/interfaces', 'merge_install': False, 'path': '/home/peter/ROS/UsbCaptureROS4/src/interfaces', 'symlink_install': False, 'test_result_base': None}
[0.195s] Level 5:colcon.colcon_core.verb:set package 'ros2_usbcapture' build argument 'cmake_args' from command line to 'None'
[0.195s] Level 5:colcon.colcon_core.verb:set package 'ros2_usbcapture' build argument 'cmake_target' from command line to 'None'
[0.195s] Level 5:colcon.colcon_core.verb:set package 'ros2_usbcapture' build argument 'cmake_target_skip_unavailable' from command line to 'False'
[0.195s] Level 5:colcon.colcon_core.verb:set package 'ros2_usbcapture' build argument 'cmake_clean_cache' from command line to 'False'
[0.195s] Level 5:colcon.colcon_core.verb:set package 'ros2_usbcapture' build argument 'cmake_clean_first' from command line to 'False'
[0.195s] Level 5:colcon.colcon_core.verb:set package 'ros2_usbcapture' build argument 'cmake_force_configure' from command line to 'False'
[0.195s] Level 5:colcon.colcon_core.verb:set package 'ros2_usbcapture' build argument 'ament_cmake_args' from command line to 'None'
[0.195s] Level 5:colcon.colcon_core.verb:set package 'ros2_usbcapture' build argument 'catkin_cmake_args' from command line to 'None'
[0.195s] Level 5:colcon.colcon_core.verb:set package 'ros2_usbcapture' build argument 'catkin_skip_building_tests' from command line to 'False'
[0.195s] DEBUG:colcon.colcon_core.verb:Building package 'ros2_usbcapture' with the following arguments: {'ament_cmake_args': None, 'build_base': '/home/peter/ROS/UsbCaptureROS4/build/ros2_usbcapture', 'catkin_cmake_args': None, 'catkin_skip_building_tests': False, 'cmake_args': None, 'cmake_clean_cache': False, 'cmake_clean_first': False, 'cmake_force_configure': False, 'cmake_target': None, 'cmake_target_skip_unavailable': False, 'install_base': '/home/peter/ROS/UsbCaptureROS4/install/ros2_usbcapture', 'merge_install': False, 'path': '/home/peter/ROS/UsbCaptureROS4/src/ros2_usbcapture', 'symlink_install': False, 'test_result_base': None}
[0.195s] INFO:colcon.colcon_core.executor:Executing jobs using 'parallel' executor
[0.198s] DEBUG:colcon.colcon_parallel_executor.executor.parallel:run_until_complete
[0.198s] INFO:colcon.colcon_ros.task.ament_cmake.build:Building ROS package in '/home/peter/ROS/UsbCaptureROS4/src/common' with build type 'ament_cmake'
[0.198s] INFO:colcon.colcon_cmake.task.cmake.build:Building CMake package in '/home/peter/ROS/UsbCaptureROS4/src/common'
[0.201s] INFO:colcon.colcon_core.plugin_system:Skipping extension 'colcon_core.shell.bat': Not used on non-Windows systems
[0.202s] INFO:colcon.colcon_core.shell:Skip shell extension 'powershell' for command environment: Not usable outside of PowerShell
[0.202s] DEBUG:colcon.colcon_core.shell:Skip shell extension 'dsv' for command environment
[0.205s] INFO:colcon.colcon_ros.task.ament_cmake.build:Building ROS package in '/home/peter/ROS/UsbCaptureROS4/src/interfaces' with build type 'ament_cmake'
[0.205s] INFO:colcon.colcon_cmake.task.cmake.build:Building CMake package in '/home/peter/ROS/UsbCaptureROS4/src/interfaces'
[0.207s] INFO:colcon.colcon_core.shell:Skip shell extension 'powershell' for command environment: Not usable outside of PowerShell
[0.207s] DEBUG:colcon.colcon_core.shell:Skip shell extension 'dsv' for command environment
[0.218s] DEBUG:colcon.colcon_core.event_handler.log_command:Invoking command in '/home/peter/ROS/UsbCaptureROS4/build/common': CMAKE_PREFIX_PATH=/opt/ros/foxy /bin/cmake --build /home/peter/ROS/UsbCaptureROS4/build/common -- -j16 -l16
[0.223s] DEBUG:colcon.colcon_core.event_handler.log_command:Invoking command in '/home/peter/ROS/UsbCaptureROS4/build/interfaces': CMAKE_PREFIX_PATH=/opt/ros/foxy /bin/cmake --build /home/peter/ROS/UsbCaptureROS4/build/interfaces -- -j16 -l16
[0.270s] DEBUG:colcon.colcon_core.event_handler.log_command:Invoked command in '/home/peter/ROS/UsbCaptureROS4/build/common' returned '0': CMAKE_PREFIX_PATH=/opt/ros/foxy /bin/cmake --build /home/peter/ROS/UsbCaptureROS4/build/common -- -j16 -l16
[0.296s] DEBUG:colcon.colcon_core.event_handler.log_command:Invoking command in '/home/peter/ROS/UsbCaptureROS4/build/common': CMAKE_PREFIX_PATH=/opt/ros/foxy /bin/cmake --install /home/peter/ROS/UsbCaptureROS4/build/common
[0.306s] Level 1:colcon.colcon_core.environment:create_environment_scripts_only(common)
[0.307s] DEBUG:colcon.colcon_core.event_handler.log_command:Invoked command in '/home/peter/ROS/UsbCaptureROS4/build/common' returned '0': CMAKE_PREFIX_PATH=/opt/ros/foxy /bin/cmake --install /home/peter/ROS/UsbCaptureROS4/build/common
[0.312s] Level 1:colcon.colcon_core.environment:checking '/home/peter/ROS/UsbCaptureROS4/install/common' for CMake module files
[0.312s] Level 1:colcon.colcon_core.environment:checking '/home/peter/ROS/UsbCaptureROS4/install/common' for CMake config files
[0.312s] Level 1:colcon.colcon_core.shell:create_environment_hook('common', 'cmake_prefix_path')
[0.314s] INFO:colcon.colcon_core.shell:Creating environment hook '/home/peter/ROS/UsbCaptureROS4/install/common/share/common/hook/cmake_prefix_path.ps1'
[0.315s] INFO:colcon.colcon_core.shell:Creating environment descriptor '/home/peter/ROS/UsbCaptureROS4/install/common/share/common/hook/cmake_prefix_path.dsv'
[0.315s] INFO:colcon.colcon_core.shell:Creating environment hook '/home/peter/ROS/UsbCaptureROS4/install/common/share/common/hook/cmake_prefix_path.sh'
[0.316s] Level 1:colcon.colcon_core.environment:checking '/home/peter/ROS/UsbCaptureROS4/install/common/lib'
[0.316s] Level 1:colcon.colcon_core.shell:create_environment_hook('common', 'ld_library_path_lib')
[0.318s] INFO:colcon.colcon_core.shell:Creating environment hook '/home/peter/ROS/UsbCaptureROS4/install/common/share/common/hook/ld_library_path_lib.ps1'
[0.318s] INFO:colcon.colcon_core.shell:Creating environment descriptor '/home/peter/ROS/UsbCaptureROS4/install/common/share/common/hook/ld_library_path_lib.dsv'
[0.318s] INFO:colcon.colcon_core.shell:Creating environment hook '/home/peter/ROS/UsbCaptureROS4/install/common/share/common/hook/ld_library_path_lib.sh'
[0.319s] Level 1:colcon.colcon_core.environment:checking '/home/peter/ROS/UsbCaptureROS4/install/common/bin'
[0.319s] Level 1:colcon.colcon_core.environment:checking '/home/peter/ROS/UsbCaptureROS4/install/common/lib/pkgconfig/common.pc'
[0.319s] Level 1:colcon.colcon_core.environment:checking '/home/peter/ROS/UsbCaptureROS4/install/common/lib/python3.8/site-packages'
[0.319s] Level 1:colcon.colcon_core.environment:checking '/home/peter/ROS/UsbCaptureROS4/install/common/bin'
[0.321s] INFO:colcon.colcon_core.shell:Creating package script '/home/peter/ROS/UsbCaptureROS4/install/common/share/common/package.ps1'
[0.321s] INFO:colcon.colcon_core.shell:Creating package descriptor '/home/peter/ROS/UsbCaptureROS4/install/common/share/common/package.dsv'
[0.322s] INFO:colcon.colcon_core.shell:Creating package script '/home/peter/ROS/UsbCaptureROS4/install/common/share/common/package.sh'
[0.323s] INFO:colcon.colcon_core.shell:Creating package script '/home/peter/ROS/UsbCaptureROS4/install/common/share/common/package.bash'
[0.323s] INFO:colcon.colcon_core.shell:Creating package script '/home/peter/ROS/UsbCaptureROS4/install/common/share/common/package.zsh'
[0.324s] Level 1:colcon.colcon_core.environment:create_file_with_runtime_dependencies(/home/peter/ROS/UsbCaptureROS4/install/common/share/colcon-core/packages/common)
[0.345s] Level 1:colcon.colcon_core.environment:create_environment_scripts_only(common)
[0.347s] Level 1:colcon.colcon_core.environment:checking '/home/peter/ROS/UsbCaptureROS4/install/common' for CMake module files
[0.348s] Level 1:colcon.colcon_core.environment:checking '/home/peter/ROS/UsbCaptureROS4/install/common' for CMake config files
[0.348s] Level 1:colcon.colcon_core.shell:create_environment_hook('common', 'cmake_prefix_path')
[0.349s] INFO:colcon.colcon_core.shell:Creating environment hook '/home/peter/ROS/UsbCaptureROS4/install/common/share/common/hook/cmake_prefix_path.ps1'
[0.350s] INFO:colcon.colcon_core.shell:Creating environment descriptor '/home/peter/ROS/UsbCaptureROS4/install/common/share/common/hook/cmake_prefix_path.dsv'
[0.350s] INFO:colcon.colcon_core.shell:Creating environment hook '/home/peter/ROS/UsbCaptureROS4/install/common/share/common/hook/cmake_prefix_path.sh'
[0.351s] Level 1:colcon.colcon_core.environment:checking '/home/peter/ROS/UsbCaptureROS4/install/common/lib'
[0.351s] Level 1:colcon.colcon_core.shell:create_environment_hook('common', 'ld_library_path_lib')
[0.352s] INFO:colcon.colcon_core.shell:Creating environment hook '/home/peter/ROS/UsbCaptureROS4/install/common/share/common/hook/ld_library_path_lib.ps1'
[0.353s] INFO:colcon.colcon_core.shell:Creating environment descriptor '/home/peter/ROS/UsbCaptureROS4/install/common/share/common/hook/ld_library_path_lib.dsv'
[0.353s] INFO:colcon.colcon_core.shell:Creating environment hook '/home/peter/ROS/UsbCaptureROS4/install/common/share/common/hook/ld_library_path_lib.sh'
[0.354s] Level 1:colcon.colcon_core.environment:checking '/home/peter/ROS/UsbCaptureROS4/install/common/bin'
[0.354s] Level 1:colcon.colcon_core.environment:checking '/home/peter/ROS/UsbCaptureROS4/install/common/lib/pkgconfig/common.pc'
[0.354s] Level 1:colcon.colcon_core.environment:checking '/home/peter/ROS/UsbCaptureROS4/install/common/lib/python3.8/site-packages'
[0.354s] Level 1:colcon.colcon_core.environment:checking '/home/peter/ROS/UsbCaptureROS4/install/common/bin'
[0.356s] INFO:colcon.colcon_core.shell:Creating package script '/home/peter/ROS/UsbCaptureROS4/install/common/share/common/package.ps1'
[0.356s] INFO:colcon.colcon_core.shell:Creating package descriptor '/home/peter/ROS/UsbCaptureROS4/install/common/share/common/package.dsv'
[0.357s] INFO:colcon.colcon_core.shell:Creating package script '/home/peter/ROS/UsbCaptureROS4/install/common/share/common/package.sh'
[0.357s] INFO:colcon.colcon_core.shell:Creating package script '/home/peter/ROS/UsbCaptureROS4/install/common/share/common/package.bash'
[0.358s] INFO:colcon.colcon_core.shell:Creating package script '/home/peter/ROS/UsbCaptureROS4/install/common/share/common/package.zsh'
[0.358s] Level 1:colcon.colcon_core.environment:create_file_with_runtime_dependencies(/home/peter/ROS/UsbCaptureROS4/install/common/share/colcon-core/packages/common)
[0.405s] DEBUG:colcon.colcon_core.event_handler.log_command:Invoked command in '/home/peter/ROS/UsbCaptureROS4/build/interfaces' returned '0': CMAKE_PREFIX_PATH=/opt/ros/foxy /bin/cmake --build /home/peter/ROS/UsbCaptureROS4/build/interfaces -- -j16 -l16
[0.466s] DEBUG:colcon.colcon_core.event_handler.log_command:Invoking command in '/home/peter/ROS/UsbCaptureROS4/build/interfaces': CMAKE_PREFIX_PATH=/opt/ros/foxy /bin/cmake --install /home/peter/ROS/UsbCaptureROS4/build/interfaces
[0.511s] Level 1:colcon.colcon_core.environment:create_environment_scripts_only(interfaces)
[0.513s] Level 1:colcon.colcon_core.environment:checking '/home/peter/ROS/UsbCaptureROS4/install/interfaces' for CMake module files
[0.514s] DEBUG:colcon.colcon_core.event_handler.log_command:Invoked command in '/home/peter/ROS/UsbCaptureROS4/build/interfaces' returned '0': CMAKE_PREFIX_PATH=/opt/ros/foxy /bin/cmake --install /home/peter/ROS/UsbCaptureROS4/build/interfaces
[0.514s] Level 1:colcon.colcon_core.environment:checking '/home/peter/ROS/UsbCaptureROS4/install/interfaces' for CMake config files
[0.515s] Level 1:colcon.colcon_core.shell:create_environment_hook('interfaces', 'cmake_prefix_path')
[0.516s] INFO:colcon.colcon_core.shell:Creating environment hook '/home/peter/ROS/UsbCaptureROS4/install/interfaces/share/interfaces/hook/cmake_prefix_path.ps1'
[0.517s] INFO:colcon.colcon_core.shell:Creating environment descriptor '/home/peter/ROS/UsbCaptureROS4/install/interfaces/share/interfaces/hook/cmake_prefix_path.dsv'
[0.517s] INFO:colcon.colcon_core.shell:Creating environment hook '/home/peter/ROS/UsbCaptureROS4/install/interfaces/share/interfaces/hook/cmake_prefix_path.sh'
[0.518s] Level 1:colcon.colcon_core.environment:checking '/home/peter/ROS/UsbCaptureROS4/install/interfaces/lib'
[0.518s] Level 1:colcon.colcon_core.shell:create_environment_hook('interfaces', 'ld_library_path_lib')
[0.519s] INFO:colcon.colcon_core.shell:Creating environment hook '/home/peter/ROS/UsbCaptureROS4/install/interfaces/share/interfaces/hook/ld_library_path_lib.ps1'
[0.519s] INFO:colcon.colcon_core.shell:Creating environment descriptor '/home/peter/ROS/UsbCaptureROS4/install/interfaces/share/interfaces/hook/ld_library_path_lib.dsv'
[0.520s] INFO:colcon.colcon_core.shell:Creating environment hook '/home/peter/ROS/UsbCaptureROS4/install/interfaces/share/interfaces/hook/ld_library_path_lib.sh'
[0.520s] Level 1:colcon.colcon_core.environment:checking '/home/peter/ROS/UsbCaptureROS4/install/interfaces/bin'
[0.520s] Level 1:colcon.colcon_core.environment:checking '/home/peter/ROS/UsbCaptureROS4/install/interfaces/lib/pkgconfig/interfaces.pc'
[0.520s] Level 1:colcon.colcon_core.environment:checking '/home/peter/ROS/UsbCaptureROS4/install/interfaces/lib/python3.8/site-packages'
[0.521s] Level 1:colcon.colcon_core.shell:create_environment_hook('interfaces', 'pythonpath')
[0.522s] INFO:colcon.colcon_core.shell:Creating environment hook '/home/peter/ROS/UsbCaptureROS4/install/interfaces/share/interfaces/hook/pythonpath.ps1'
[0.522s] INFO:colcon.colcon_core.shell:Creating environment descriptor '/home/peter/ROS/UsbCaptureROS4/install/interfaces/share/interfaces/hook/pythonpath.dsv'
[0.522s] INFO:colcon.colcon_core.shell:Creating environment hook '/home/peter/ROS/UsbCaptureROS4/install/interfaces/share/interfaces/hook/pythonpath.sh'
[0.523s] Level 1:colcon.colcon_core.environment:checking '/home/peter/ROS/UsbCaptureROS4/install/interfaces/bin'
[0.524s] INFO:colcon.colcon_core.shell:Creating package script '/home/peter/ROS/UsbCaptureROS4/install/interfaces/share/interfaces/package.ps1'
[0.524s] INFO:colcon.colcon_core.shell:Creating package descriptor '/home/peter/ROS/UsbCaptureROS4/install/interfaces/share/interfaces/package.dsv'
[0.524s] INFO:colcon.colcon_core.shell:Creating package script '/home/peter/ROS/UsbCaptureROS4/install/interfaces/share/interfaces/package.sh'
[0.525s] INFO:colcon.colcon_core.shell:Creating package script '/home/peter/ROS/UsbCaptureROS4/install/interfaces/share/interfaces/package.bash'
[0.525s] INFO:colcon.colcon_core.shell:Creating package script '/home/peter/ROS/UsbCaptureROS4/install/interfaces/share/interfaces/package.zsh'
[0.525s] Level 1:colcon.colcon_core.environment:create_file_with_runtime_dependencies(/home/peter/ROS/UsbCaptureROS4/install/interfaces/share/colcon-core/packages/interfaces)
[0.572s] Level 1:colcon.colcon_core.environment:create_environment_scripts_only(interfaces)
[0.574s] Level 1:colcon.colcon_core.environment:checking '/home/peter/ROS/UsbCaptureROS4/install/interfaces' for CMake module files
[0.575s] Level 1:colcon.colcon_core.environment:checking '/home/peter/ROS/UsbCaptureROS4/install/interfaces' for CMake config files
[0.575s] Level 1:colcon.colcon_core.shell:create_environment_hook('interfaces', 'cmake_prefix_path')
[0.577s] INFO:colcon.colcon_core.shell:Creating environment hook '/home/peter/ROS/UsbCaptureROS4/install/interfaces/share/interfaces/hook/cmake_prefix_path.ps1'
[0.577s] INFO:colcon.colcon_core.shell:Creating environment descriptor '/home/peter/ROS/UsbCaptureROS4/install/interfaces/share/interfaces/hook/cmake_prefix_path.dsv'
[0.578s] INFO:colcon.colcon_core.shell:Creating environment hook '/home/peter/ROS/UsbCaptureROS4/install/interfaces/share/interfaces/hook/cmake_prefix_path.sh'
[0.578s] Level 1:colcon.colcon_core.environment:checking '/home/peter/ROS/UsbCaptureROS4/install/interfaces/lib'
[0.579s] Level 1:colcon.colcon_core.shell:create_environment_hook('interfaces', 'ld_library_path_lib')
[0.580s] INFO:colcon.colcon_core.shell:Creating environment hook '/home/peter/ROS/UsbCaptureROS4/install/interfaces/share/interfaces/hook/ld_library_path_lib.ps1'
[0.580s] INFO:colcon.colcon_core.shell:Creating environment descriptor '/home/peter/ROS/UsbCaptureROS4/install/interfaces/share/interfaces/hook/ld_library_path_lib.dsv'
[0.581s] INFO:colcon.colcon_core.shell:Creating environment hook '/home/peter/ROS/UsbCaptureROS4/install/interfaces/share/interfaces/hook/ld_library_path_lib.sh'
[0.581s] Level 1:colcon.colcon_core.environment:checking '/home/peter/ROS/UsbCaptureROS4/install/interfaces/bin'
[0.581s] Level 1:colcon.colcon_core.environment:checking '/home/peter/ROS/UsbCaptureROS4/install/interfaces/lib/pkgconfig/interfaces.pc'
[0.582s] Level 1:colcon.colcon_core.environment:checking '/home/peter/ROS/UsbCaptureROS4/install/interfaces/lib/python3.8/site-packages'
[0.582s] Level 1:colcon.colcon_core.shell:create_environment_hook('interfaces', 'pythonpath')
[0.583s] INFO:colcon.colcon_core.shell:Creating environment hook '/home/peter/ROS/UsbCaptureROS4/install/interfaces/share/interfaces/hook/pythonpath.ps1'
[0.583s] INFO:colcon.colcon_core.shell:Creating environment descriptor '/home/peter/ROS/UsbCaptureROS4/install/interfaces/share/interfaces/hook/pythonpath.dsv'
[0.583s] INFO:colcon.colcon_core.shell:Creating environment hook '/home/peter/ROS/UsbCaptureROS4/install/interfaces/share/interfaces/hook/pythonpath.sh'
[0.583s] Level 1:colcon.colcon_core.environment:checking '/home/peter/ROS/UsbCaptureROS4/install/interfaces/bin'
[0.584s] INFO:colcon.colcon_core.shell:Creating package script '/home/peter/ROS/UsbCaptureROS4/install/interfaces/share/interfaces/package.ps1'
[0.585s] INFO:colcon.colcon_core.shell:Creating package descriptor '/home/peter/ROS/UsbCaptureROS4/install/interfaces/share/interfaces/package.dsv'
[0.585s] INFO:colcon.colcon_core.shell:Creating package script '/home/peter/ROS/UsbCaptureROS4/install/interfaces/share/interfaces/package.sh'
[0.585s] INFO:colcon.colcon_core.shell:Creating package script '/home/peter/ROS/UsbCaptureROS4/install/interfaces/share/interfaces/package.bash'
[0.586s] INFO:colcon.colcon_core.shell:Creating package script '/home/peter/ROS/UsbCaptureROS4/install/interfaces/share/interfaces/package.zsh'
[0.586s] Level 1:colcon.colcon_core.environment:create_file_with_runtime_dependencies(/home/peter/ROS/UsbCaptureROS4/install/interfaces/share/colcon-core/packages/interfaces)
[0.586s] INFO:colcon.colcon_ros.task.ament_cmake.build:Building ROS package in '/home/peter/ROS/UsbCaptureROS4/src/ros2_usbcapture' with build type 'ament_cmake'
[0.586s] INFO:colcon.colcon_cmake.task.cmake.build:Building CMake package in '/home/peter/ROS/UsbCaptureROS4/src/ros2_usbcapture'
[0.587s] INFO:colcon.colcon_core.shell:Skip shell extension 'powershell' for command environment: Not usable outside of PowerShell
[0.587s] DEBUG:colcon.colcon_core.shell:Skip shell extension 'dsv' for command environment
[0.602s] DEBUG:colcon.colcon_core.event_handler.log_command:Invoking command in '/home/peter/ROS/UsbCaptureROS4/build/ros2_usbcapture': AMENT_PREFIX_PATH=/home/peter/ros2.1/UsbCaptureROS4/install/interfaces:/home/peter/ros2.1/UsbCaptureROS4/install/common:${AMENT_PREFIX_PATH} CMAKE_PREFIX_PATH=/home/peter/ROS/UsbCaptureROS4/install/interfaces:/home/peter/ROS/UsbCaptureROS4/install/common:/opt/ros/foxy LD_LIBRARY_PATH=/home/peter/ros2.1/UsbCaptureROS4/install/interfaces/lib:/home/peter/ROS/UsbCaptureROS4/install/interfaces/lib:/home/peter/ros2.1/UsbCaptureROS4/install/common/lib:/home/peter/ROS/UsbCaptureROS4/install/common/lib:${LD_LIBRARY_PATH} PYTHONPATH=/home/peter/ros2.1/UsbCaptureROS4/install/interfaces/lib/python3.8/site-packages:/home/peter/ROS/UsbCaptureROS4/install/interfaces/lib/python3.8/site-packages:${PYTHONPATH} /bin/cmake --build /home/peter/ROS/UsbCaptureROS4/build/ros2_usbcapture -- -j16 -l16
[6.676s] DEBUG:colcon.colcon_core.event_handler.log_command:Invoked command in '/home/peter/ROS/UsbCaptureROS4/build/ros2_usbcapture' returned '0': AMENT_PREFIX_PATH=/home/peter/ros2.1/UsbCaptureROS4/install/interfaces:/home/peter/ros2.1/UsbCaptureROS4/install/common:${AMENT_PREFIX_PATH} CMAKE_PREFIX_PATH=/home/peter/ROS/UsbCaptureROS4/install/interfaces:/home/peter/ROS/UsbCaptureROS4/install/common:/opt/ros/foxy LD_LIBRARY_PATH=/home/peter/ros2.1/UsbCaptureROS4/install/interfaces/lib:/home/peter/ROS/UsbCaptureROS4/install/interfaces/lib:/home/peter/ros2.1/UsbCaptureROS4/install/common/lib:/home/peter/ROS/UsbCaptureROS4/install/common/lib:${LD_LIBRARY_PATH} PYTHONPATH=/home/peter/ros2.1/UsbCaptureROS4/install/interfaces/lib/python3.8/site-packages:/home/peter/ROS/UsbCaptureROS4/install/interfaces/lib/python3.8/site-packages:${PYTHONPATH} /bin/cmake --build /home/peter/ROS/UsbCaptureROS4/build/ros2_usbcapture -- -j16 -l16
[6.712s] DEBUG:colcon.colcon_core.event_handler.log_command:Invoking command in '/home/peter/ROS/UsbCaptureROS4/build/ros2_usbcapture': AMENT_PREFIX_PATH=/home/peter/ros2.1/UsbCaptureROS4/install/interfaces:/home/peter/ros2.1/UsbCaptureROS4/install/common:${AMENT_PREFIX_PATH} CMAKE_PREFIX_PATH=/home/peter/ROS/UsbCaptureROS4/install/interfaces:/home/peter/ROS/UsbCaptureROS4/install/common:/opt/ros/foxy LD_LIBRARY_PATH=/home/peter/ros2.1/UsbCaptureROS4/install/interfaces/lib:/home/peter/ROS/UsbCaptureROS4/install/interfaces/lib:/home/peter/ros2.1/UsbCaptureROS4/install/common/lib:/home/peter/ROS/UsbCaptureROS4/install/common/lib:${LD_LIBRARY_PATH} PYTHONPATH=/home/peter/ros2.1/UsbCaptureROS4/install/interfaces/lib/python3.8/site-packages:/home/peter/ROS/UsbCaptureROS4/install/interfaces/lib/python3.8/site-packages:${PYTHONPATH} /bin/cmake --install /home/peter/ROS/UsbCaptureROS4/build/ros2_usbcapture
[6.729s] Level 1:colcon.colcon_core.environment:create_environment_scripts_only(ros2_usbcapture)
[6.733s] Level 1:colcon.colcon_core.environment:checking '/home/peter/ROS/UsbCaptureROS4/install/ros2_usbcapture' for CMake module files
[6.733s] DEBUG:colcon.colcon_core.event_handler.log_command:Invoked command in '/home/peter/ROS/UsbCaptureROS4/build/ros2_usbcapture' returned '0': AMENT_PREFIX_PATH=/home/peter/ros2.1/UsbCaptureROS4/install/interfaces:/home/peter/ros2.1/UsbCaptureROS4/install/common:${AMENT_PREFIX_PATH} CMAKE_PREFIX_PATH=/home/peter/ROS/UsbCaptureROS4/install/interfaces:/home/peter/ROS/UsbCaptureROS4/install/common:/opt/ros/foxy LD_LIBRARY_PATH=/home/peter/ros2.1/UsbCaptureROS4/install/interfaces/lib:/home/peter/ROS/UsbCaptureROS4/install/interfaces/lib:/home/peter/ros2.1/UsbCaptureROS4/install/common/lib:/home/peter/ROS/UsbCaptureROS4/install/common/lib:${LD_LIBRARY_PATH} PYTHONPATH=/home/peter/ros2.1/UsbCaptureROS4/install/interfaces/lib/python3.8/site-packages:/home/peter/ROS/UsbCaptureROS4/install/interfaces/lib/python3.8/site-packages:${PYTHONPATH} /bin/cmake --install /home/peter/ROS/UsbCaptureROS4/build/ros2_usbcapture
[6.734s] Level 1:colcon.colcon_core.environment:checking '/home/peter/ROS/UsbCaptureROS4/install/ros2_usbcapture' for CMake config files
[6.734s] Level 1:colcon.colcon_core.shell:create_environment_hook('ros2_usbcapture', 'cmake_prefix_path')
[6.736s] INFO:colcon.colcon_core.shell:Creating environment hook '/home/peter/ROS/UsbCaptureROS4/install/ros2_usbcapture/share/ros2_usbcapture/hook/cmake_prefix_path.ps1'
[6.736s] INFO:colcon.colcon_core.shell:Creating environment descriptor '/home/peter/ROS/UsbCaptureROS4/install/ros2_usbcapture/share/ros2_usbcapture/hook/cmake_prefix_path.dsv'
[6.737s] INFO:colcon.colcon_core.shell:Creating environment hook '/home/peter/ROS/UsbCaptureROS4/install/ros2_usbcapture/share/ros2_usbcapture/hook/cmake_prefix_path.sh'
[6.737s] Level 1:colcon.colcon_core.environment:checking '/home/peter/ROS/UsbCaptureROS4/install/ros2_usbcapture/lib'
[6.737s] Level 1:colcon.colcon_core.shell:create_environment_hook('ros2_usbcapture', 'ld_library_path_lib')
[6.739s] INFO:colcon.colcon_core.shell:Creating environment hook '/home/peter/ROS/UsbCaptureROS4/install/ros2_usbcapture/share/ros2_usbcapture/hook/ld_library_path_lib.ps1'
[6.739s] INFO:colcon.colcon_core.shell:Creating environment descriptor '/home/peter/ROS/UsbCaptureROS4/install/ros2_usbcapture/share/ros2_usbcapture/hook/ld_library_path_lib.dsv'
[6.739s] INFO:colcon.colcon_core.shell:Creating environment hook '/home/peter/ROS/UsbCaptureROS4/install/ros2_usbcapture/share/ros2_usbcapture/hook/ld_library_path_lib.sh'
[6.740s] Level 1:colcon.colcon_core.environment:checking '/home/peter/ROS/UsbCaptureROS4/install/ros2_usbcapture/bin'
[6.740s] Level 1:colcon.colcon_core.environment:checking '/home/peter/ROS/UsbCaptureROS4/install/ros2_usbcapture/lib/pkgconfig/ros2_usbcapture.pc'
[6.740s] Level 1:colcon.colcon_core.environment:checking '/home/peter/ROS/UsbCaptureROS4/install/ros2_usbcapture/lib/python3.8/site-packages'
[6.740s] Level 1:colcon.colcon_core.environment:checking '/home/peter/ROS/UsbCaptureROS4/install/ros2_usbcapture/bin'
[6.741s] INFO:colcon.colcon_core.shell:Creating package script '/home/peter/ROS/UsbCaptureROS4/install/ros2_usbcapture/share/ros2_usbcapture/package.ps1'
[6.741s] INFO:colcon.colcon_core.shell:Creating package descriptor '/home/peter/ROS/UsbCaptureROS4/install/ros2_usbcapture/share/ros2_usbcapture/package.dsv'
[6.741s] INFO:colcon.colcon_core.shell:Creating package script '/home/peter/ROS/UsbCaptureROS4/install/ros2_usbcapture/share/ros2_usbcapture/package.sh'
[6.742s] INFO:colcon.colcon_core.shell:Creating package script '/home/peter/ROS/UsbCaptureROS4/install/ros2_usbcapture/share/ros2_usbcapture/package.bash'
[6.742s] INFO:colcon.colcon_core.shell:Creating package script '/home/peter/ROS/UsbCaptureROS4/install/ros2_usbcapture/share/ros2_usbcapture/package.zsh'
[6.742s] Level 1:colcon.colcon_core.environment:create_file_with_runtime_dependencies(/home/peter/ROS/UsbCaptureROS4/install/ros2_usbcapture/share/colcon-core/packages/ros2_usbcapture)
[6.774s] Level 1:colcon.colcon_core.environment:create_environment_scripts_only(ros2_usbcapture)
[6.779s] Level 1:colcon.colcon_core.environment:checking '/home/peter/ROS/UsbCaptureROS4/install/ros2_usbcapture' for CMake module files
[6.779s] Level 1:colcon.colcon_core.environment:checking '/home/peter/ROS/UsbCaptureROS4/install/ros2_usbcapture' for CMake config files
[6.780s] Level 1:colcon.colcon_core.shell:create_environment_hook('ros2_usbcapture', 'cmake_prefix_path')
[6.781s] INFO:colcon.colcon_core.shell:Creating environment hook '/home/peter/ROS/UsbCaptureROS4/install/ros2_usbcapture/share/ros2_usbcapture/hook/cmake_prefix_path.ps1'
[6.781s] INFO:colcon.colcon_core.shell:Creating environment descriptor '/home/peter/ROS/UsbCaptureROS4/install/ros2_usbcapture/share/ros2_usbcapture/hook/cmake_prefix_path.dsv'
[6.782s] INFO:colcon.colcon_core.shell:Creating environment hook '/home/peter/ROS/UsbCaptureROS4/install/ros2_usbcapture/share/ros2_usbcapture/hook/cmake_prefix_path.sh'
[6.782s] Level 1:colcon.colcon_core.environment:checking '/home/peter/ROS/UsbCaptureROS4/install/ros2_usbcapture/lib'
[6.782s] Level 1:colcon.colcon_core.shell:create_environment_hook('ros2_usbcapture', 'ld_library_path_lib')
[6.783s] INFO:colcon.colcon_core.shell:Creating environment hook '/home/peter/ROS/UsbCaptureROS4/install/ros2_usbcapture/share/ros2_usbcapture/hook/ld_library_path_lib.ps1'
[6.784s] INFO:colcon.colcon_core.shell:Creating environment descriptor '/home/peter/ROS/UsbCaptureROS4/install/ros2_usbcapture/share/ros2_usbcapture/hook/ld_library_path_lib.dsv'
[6.784s] INFO:colcon.colcon_core.shell:Creating environment hook '/home/peter/ROS/UsbCaptureROS4/install/ros2_usbcapture/share/ros2_usbcapture/hook/ld_library_path_lib.sh'
[6.784s] Level 1:colcon.colcon_core.environment:checking '/home/peter/ROS/UsbCaptureROS4/install/ros2_usbcapture/bin'
[6.785s] Level 1:colcon.colcon_core.environment:checking '/home/peter/ROS/UsbCaptureROS4/install/ros2_usbcapture/lib/pkgconfig/ros2_usbcapture.pc'
[6.785s] Level 1:colcon.colcon_core.environment:checking '/home/peter/ROS/UsbCaptureROS4/install/ros2_usbcapture/lib/python3.8/site-packages'
[6.785s] Level 1:colcon.colcon_core.environment:checking '/home/peter/ROS/UsbCaptureROS4/install/ros2_usbcapture/bin'
[6.786s] INFO:colcon.colcon_core.shell:Creating package script '/home/peter/ROS/UsbCaptureROS4/install/ros2_usbcapture/share/ros2_usbcapture/package.ps1'
[6.787s] INFO:colcon.colcon_core.shell:Creating package descriptor '/home/peter/ROS/UsbCaptureROS4/install/ros2_usbcapture/share/ros2_usbcapture/package.dsv'
[6.788s] INFO:colcon.colcon_core.shell:Creating package script '/home/peter/ROS/UsbCaptureROS4/install/ros2_usbcapture/share/ros2_usbcapture/package.sh'
[6.788s] INFO:colcon.colcon_core.shell:Creating package script '/home/peter/ROS/UsbCaptureROS4/install/ros2_usbcapture/share/ros2_usbcapture/package.bash'
[6.789s] INFO:colcon.colcon_core.shell:Creating package script '/home/peter/ROS/UsbCaptureROS4/install/ros2_usbcapture/share/ros2_usbcapture/package.zsh'
[6.789s] Level 1:colcon.colcon_core.environment:create_file_with_runtime_dependencies(/home/peter/ROS/UsbCaptureROS4/install/ros2_usbcapture/share/colcon-core/packages/ros2_usbcapture)
[6.790s] DEBUG:colcon.colcon_parallel_executor.executor.parallel:closing loop
[6.790s] DEBUG:colcon.colcon_parallel_executor.executor.parallel:loop closed
[6.790s] DEBUG:colcon.colcon_parallel_executor.executor.parallel:run_until_complete finished with '0'
[6.791s] DEBUG:colcon.colcon_core.event_reactor:joining thread
[6.798s] INFO:colcon.colcon_core.plugin_system:Skipping extension 'colcon_notification.desktop_notification.terminal_notifier': Not used on non-Darwin systems
[6.798s] INFO:colcon.colcon_core.plugin_system:Skipping extension 'colcon_notification.desktop_notification.win32': Not used on non-Windows systems
[6.798s] INFO:colcon.colcon_notification.desktop_notification:Sending desktop notification using 'notify2'
[6.811s] DEBUG:colcon.colcon_core.event_reactor:joined thread
[6.813s] INFO:colcon.colcon_core.shell:Creating prefix script '/home/peter/ROS/UsbCaptureROS4/install/local_setup.ps1'
[6.814s] INFO:colcon.colcon_core.shell:Creating prefix util module '/home/peter/ROS/UsbCaptureROS4/install/_local_setup_util_ps1.py'
[6.815s] INFO:colcon.colcon_core.shell:Creating prefix chain script '/home/peter/ROS/UsbCaptureROS4/install/setup.ps1'
[6.817s] INFO:colcon.colcon_core.shell:Creating prefix script '/home/peter/ROS/UsbCaptureROS4/install/local_setup.sh'
[6.817s] INFO:colcon.colcon_core.shell:Creating prefix util module '/home/peter/ROS/UsbCaptureROS4/install/_local_setup_util_sh.py'
[6.817s] INFO:colcon.colcon_core.shell:Creating prefix chain script '/home/peter/ROS/UsbCaptureROS4/install/setup.sh'
[6.818s] INFO:colcon.colcon_core.shell:Creating prefix script '/home/peter/ROS/UsbCaptureROS4/install/local_setup.bash'
[6.819s] INFO:colcon.colcon_core.shell:Creating prefix chain script '/home/peter/ROS/UsbCaptureROS4/install/setup.bash'
[6.820s] INFO:colcon.colcon_core.shell:Creating prefix script '/home/peter/ROS/UsbCaptureROS4/install/local_setup.zsh'
[6.821s] INFO:colcon.colcon_core.shell:Creating prefix chain script '/home/peter/ROS/UsbCaptureROS4/install/setup.zsh'
