[35m[1mScanning dependencies of target test_component[0m
[ 60%] Built target camera_component
[ 80%] [32mBuilding CXX object CMakeFiles/test_component.dir/src/test_get_image.cpp.o[0m
[01m[K/home/peter/ros2/UsbCaptureROS4/src/ros2_usbcapture/src/test_get_image.cpp:[m[K In member function ‘[01m[Kvoid wmj::Image_get_test::call_back(interfaces::msg::MatWithTime_<std::allocator<void> >::SharedPtr)[m[K’:
[01m[K/home/peter/ros2/UsbCaptureROS4/src/ros2_usbcapture/src/test_get_image.cpp:31:34:[m[K [01;31m[Kerror: [m[K‘[01m[Khex[m[K’ was not declared in this scope; did you mean ‘[01m[Kstd::hex[m[K’?
   31 |         std::cout << "addr: " << [01;31m[Khex[m[K <<
      |                                  [01;31m[K^~~[m[K
      |                                  [32m[Kstd::hex[m[K
In file included from [01m[K/usr/include/c++/9/ios:42[m[K,
                 from [01m[K/usr/include/c++/9/ostream:38[m[K,
                 from [01m[K/usr/include/c++/9/iostream:39[m[K,
                 from [01m[K/opt/ros/foxy/include/rclcpp/executor.hpp:22[m[K,
                 from [01m[K/opt/ros/foxy/include/rclcpp/executors/multi_threaded_executor.hpp:26[m[K,
                 from [01m[K/opt/ros/foxy/include/rclcpp/executors.hpp:21[m[K,
                 from [01m[K/opt/ros/foxy/include/rclcpp/rclcpp.hpp:146[m[K,
                 from [01m[K/home/peter/ros2/UsbCaptureROS4/src/ros2_usbcapture/include/ros2_usbcapture/test_get_image.h:6[m[K,
                 from [01m[K/home/peter/ros2/UsbCaptureROS4/src/ros2_usbcapture/src/test_get_image.cpp:1[m[K:
[01m[K/usr/include/c++/9/bits/ios_base.h:1036:3:[m[K [01;36m[Knote: [m[K‘[01m[Kstd::hex[m[K’ declared here
 1036 |   [01;36m[Khex[m[K(ios_base& __base)
      |   [01;36m[K^~~[m[K
make[2]: *** [CMakeFiles/test_component.dir/build.make:63：CMakeFiles/test_component.dir/src/test_get_image.cpp.o] 错误 1
make[1]: *** [CMakeFiles/Makefile2:80：CMakeFiles/test_component.dir/all] 错误 2
make: *** [Makefile:141：all] 错误 2
