[0.100s] DEBUG:colcon:Command line arguments: ['/bin/colcon', 'build']
[0.100s] DEBUG:colcon:Parsed command line arguments: Namespace(allow_overriding=[], ament_cmake_args=None, base_paths=['.'], build_base='build', catkin_cmake_args=None, catkin_skip_building_tests=False, cmake_args=None, cmake_clean_cache=False, cmake_clean_first=False, cmake_force_configure=False, cmake_target=None, cmake_target_skip_unavailable=False, continue_on_error=False, event_handlers=None, executor='parallel', ignore_user_meta=False, install_base='install', log_base=None, log_level=None, main=<bound method BuildVerb.main of <colcon_core.verb.build.BuildVerb object at 0x7fc4ac75e250>>, merge_install=False, metas=['./colcon.meta'], packages_above=None, packages_above_and_dependencies=None, packages_above_depth=None, packages_end=None, packages_ignore=None, packages_ignore_regex=None, packages_select=None, packages_select_build_failed=False, packages_select_by_dep=None, packages_select_regex=None, packages_select_test_failures=False, packages_skip=None, packages_skip_build_finished=False, packages_skip_by_dep=None, packages_skip_regex=None, packages_skip_test_passed=False, packages_skip_up_to=None, packages_start=None, packages_up_to=None, packages_up_to_regex=None, parallel_workers=16, paths=None, symlink_install=False, test_result_base=None, verb_extension=<colcon_core.verb.build.BuildVerb object at 0x7fc4ac75e250>, verb_name='build', verb_parser=<colcon_defaults.argument_parser.defaults.DefaultArgumentsDecorator object at 0x7fc4ac75e790>)
[0.116s] Level 1:colcon.colcon_core.package_discovery:discover_packages(colcon_meta) check parameters
[0.116s] Level 1:colcon.colcon_core.package_discovery:discover_packages(recursive) check parameters
[0.116s] Level 1:colcon.colcon_core.package_discovery:discover_packages(ignore) check parameters
[0.116s] Level 1:colcon.colcon_core.package_discovery:discover_packages(path) check parameters
[0.116s] Level 1:colcon.colcon_core.package_discovery:discover_packages(colcon_meta) discover
[0.116s] Level 1:colcon.colcon_core.package_discovery:discover_packages(recursive) discover
[0.116s] INFO:colcon.colcon_core.package_discovery:Crawling recursively for packages in '/home/peter/ros2/UsbCaptureROS4'
[0.116s] Level 1:colcon.colcon_core.package_identification:_identify(.) by extensions ['ignore', 'ignore_ament_install']
[0.117s] Level 1:colcon.colcon_core.package_identification:_identify(.) by extension 'ignore'
[0.117s] Level 1:colcon.colcon_core.package_identification:_identify(.) by extension 'ignore_ament_install'
[0.117s] Level 1:colcon.colcon_core.package_identification:_identify(.) by extensions ['colcon_pkg']
[0.117s] Level 1:colcon.colcon_core.package_identification:_identify(.) by extension 'colcon_pkg'
[0.117s] Level 1:colcon.colcon_core.package_identification:_identify(.) by extensions ['colcon_meta']
[0.117s] Level 1:colcon.colcon_core.package_identification:_identify(.) by extension 'colcon_meta'
[0.117s] Level 1:colcon.colcon_core.package_identification:_identify(.) by extensions ['ros']
[0.117s] Level 1:colcon.colcon_core.package_identification:_identify(.) by extension 'ros'
[0.124s] Level 1:colcon.colcon_core.package_identification:_identify(.) by extensions ['cmake', 'python']
[0.124s] Level 1:colcon.colcon_core.package_identification:_identify(.) by extension 'cmake'
[0.124s] Level 1:colcon.colcon_core.package_identification:_identify(.) by extension 'python'
[0.124s] Level 1:colcon.colcon_core.package_identification:_identify(.) by extensions ['python_setup_py']
[0.124s] Level 1:colcon.colcon_core.package_identification:_identify(.) by extension 'python_setup_py'
[0.124s] Level 1:colcon.colcon_core.package_identification:_identify(build) by extensions ['ignore', 'ignore_ament_install']
[0.124s] Level 1:colcon.colcon_core.package_identification:_identify(build) by extension 'ignore'
[0.124s] Level 1:colcon.colcon_core.package_identification:_identify(build) ignored
[0.124s] Level 1:colcon.colcon_core.package_identification:_identify(install) by extensions ['ignore', 'ignore_ament_install']
[0.124s] Level 1:colcon.colcon_core.package_identification:_identify(install) by extension 'ignore'
[0.124s] Level 1:colcon.colcon_core.package_identification:_identify(install) ignored
[0.124s] Level 1:colcon.colcon_core.package_identification:_identify(log) by extensions ['ignore', 'ignore_ament_install']
[0.125s] Level 1:colcon.colcon_core.package_identification:_identify(log) by extension 'ignore'
[0.125s] Level 1:colcon.colcon_core.package_identification:_identify(log) ignored
[0.125s] Level 1:colcon.colcon_core.package_identification:_identify(src) by extensions ['ignore', 'ignore_ament_install']
[0.125s] Level 1:colcon.colcon_core.package_identification:_identify(src) by extension 'ignore'
[0.125s] Level 1:colcon.colcon_core.package_identification:_identify(src) by extension 'ignore_ament_install'
[0.125s] Level 1:colcon.colcon_core.package_identification:_identify(src) by extensions ['colcon_pkg']
[0.125s] Level 1:colcon.colcon_core.package_identification:_identify(src) by extension 'colcon_pkg'
[0.125s] Level 1:colcon.colcon_core.package_identification:_identify(src) by extensions ['colcon_meta']
[0.125s] Level 1:colcon.colcon_core.package_identification:_identify(src) by extension 'colcon_meta'
[0.125s] Level 1:colcon.colcon_core.package_identification:_identify(src) by extensions ['ros']
[0.125s] Level 1:colcon.colcon_core.package_identification:_identify(src) by extension 'ros'
[0.125s] Level 1:colcon.colcon_core.package_identification:_identify(src) by extensions ['cmake', 'python']
[0.125s] Level 1:colcon.colcon_core.package_identification:_identify(src) by extension 'cmake'
[0.125s] Level 1:colcon.colcon_core.package_identification:_identify(src) by extension 'python'
[0.125s] Level 1:colcon.colcon_core.package_identification:_identify(src) by extensions ['python_setup_py']
[0.125s] Level 1:colcon.colcon_core.package_identification:_identify(src) by extension 'python_setup_py'
[0.125s] Level 1:colcon.colcon_core.package_identification:_identify(src/common) by extensions ['ignore', 'ignore_ament_install']
[0.125s] Level 1:colcon.colcon_core.package_identification:_identify(src/common) by extension 'ignore'
[0.125s] Level 1:colcon.colcon_core.package_identification:_identify(src/common) by extension 'ignore_ament_install'
[0.125s] Level 1:colcon.colcon_core.package_identification:_identify(src/common) by extensions ['colcon_pkg']
[0.125s] Level 1:colcon.colcon_core.package_identification:_identify(src/common) by extension 'colcon_pkg'
[0.125s] Level 1:colcon.colcon_core.package_identification:_identify(src/common) by extensions ['colcon_meta']
[0.125s] Level 1:colcon.colcon_core.package_identification:_identify(src/common) by extension 'colcon_meta'
[0.126s] Level 1:colcon.colcon_core.package_identification:_identify(src/common) by extensions ['ros']
[0.126s] Level 1:colcon.colcon_core.package_identification:_identify(src/common) by extension 'ros'
[0.127s] DEBUG:colcon.colcon_core.package_identification:Package 'src/common' with type 'ros.ament_cmake' and name 'common'
[0.127s] Level 1:colcon.colcon_core.package_identification:_identify(src/interfaces) by extensions ['ignore', 'ignore_ament_install']
[0.127s] Level 1:colcon.colcon_core.package_identification:_identify(src/interfaces) by extension 'ignore'
[0.127s] Level 1:colcon.colcon_core.package_identification:_identify(src/interfaces) by extension 'ignore_ament_install'
[0.127s] Level 1:colcon.colcon_core.package_identification:_identify(src/interfaces) by extensions ['colcon_pkg']
[0.127s] Level 1:colcon.colcon_core.package_identification:_identify(src/interfaces) by extension 'colcon_pkg'
[0.127s] Level 1:colcon.colcon_core.package_identification:_identify(src/interfaces) by extensions ['colcon_meta']
[0.127s] Level 1:colcon.colcon_core.package_identification:_identify(src/interfaces) by extension 'colcon_meta'
[0.128s] Level 1:colcon.colcon_core.package_identification:_identify(src/interfaces) by extensions ['ros']
[0.128s] Level 1:colcon.colcon_core.package_identification:_identify(src/interfaces) by extension 'ros'
[0.128s] DEBUG:colcon.colcon_core.package_identification:Package 'src/interfaces' with type 'ros.ament_cmake' and name 'interfaces'
[0.128s] Level 1:colcon.colcon_core.package_identification:_identify(src/ros2_usbcapture) by extensions ['ignore', 'ignore_ament_install']
[0.128s] Level 1:colcon.colcon_core.package_identification:_identify(src/ros2_usbcapture) by extension 'ignore'
[0.128s] Level 1:colcon.colcon_core.package_identification:_identify(src/ros2_usbcapture) by extension 'ignore_ament_install'
[0.128s] Level 1:colcon.colcon_core.package_identification:_identify(src/ros2_usbcapture) by extensions ['colcon_pkg']
[0.128s] Level 1:colcon.colcon_core.package_identification:_identify(src/ros2_usbcapture) by extension 'colcon_pkg'
[0.128s] Level 1:colcon.colcon_core.package_identification:_identify(src/ros2_usbcapture) by extensions ['colcon_meta']
[0.128s] Level 1:colcon.colcon_core.package_identification:_identify(src/ros2_usbcapture) by extension 'colcon_meta'
[0.128s] Level 1:colcon.colcon_core.package_identification:_identify(src/ros2_usbcapture) by extensions ['ros']
[0.128s] Level 1:colcon.colcon_core.package_identification:_identify(src/ros2_usbcapture) by extension 'ros'
[0.129s] DEBUG:colcon.colcon_core.package_identification:Package 'src/ros2_usbcapture' with type 'ros.ament_cmake' and name 'ros2_usbcapture'
[0.129s] Level 1:colcon.colcon_core.package_discovery:discover_packages(recursive) using defaults
[0.129s] Level 1:colcon.colcon_core.package_discovery:discover_packages(ignore) discover
[0.129s] Level 1:colcon.colcon_core.package_discovery:discover_packages(ignore) using defaults
[0.129s] Level 1:colcon.colcon_core.package_discovery:discover_packages(path) discover
[0.129s] Level 1:colcon.colcon_core.package_discovery:discover_packages(path) using defaults
[0.151s] Level 1:colcon.colcon_core.package_discovery:discover_packages(prefix_path) check parameters
[0.151s] Level 1:colcon.colcon_core.package_discovery:discover_packages(prefix_path) discover
[0.153s] DEBUG:colcon.colcon_installed_package_information.package_discovery:Found 3 installed packages in /home/peter/ros2/UsbCaptureROS4/install
[0.155s] DEBUG:colcon.colcon_installed_package_information.package_discovery:Found 278 installed packages in /opt/ros/foxy
[0.157s] Level 1:colcon.colcon_core.package_discovery:discover_packages(prefix_path) using defaults
[0.201s] Level 5:colcon.colcon_core.verb:set package 'common' build argument 'cmake_args' from command line to 'None'
[0.201s] Level 5:colcon.colcon_core.verb:set package 'common' build argument 'cmake_target' from command line to 'None'
[0.201s] Level 5:colcon.colcon_core.verb:set package 'common' build argument 'cmake_target_skip_unavailable' from command line to 'False'
[0.201s] Level 5:colcon.colcon_core.verb:set package 'common' build argument 'cmake_clean_cache' from command line to 'False'
[0.201s] Level 5:colcon.colcon_core.verb:set package 'common' build argument 'cmake_clean_first' from command line to 'False'
[0.201s] Level 5:colcon.colcon_core.verb:set package 'common' build argument 'cmake_force_configure' from command line to 'False'
[0.202s] Level 5:colcon.colcon_core.verb:set package 'common' build argument 'ament_cmake_args' from command line to 'None'
[0.202s] Level 5:colcon.colcon_core.verb:set package 'common' build argument 'catkin_cmake_args' from command line to 'None'
[0.202s] Level 5:colcon.colcon_core.verb:set package 'common' build argument 'catkin_skip_building_tests' from command line to 'False'
[0.202s] DEBUG:colcon.colcon_core.verb:Building package 'common' with the following arguments: {'ament_cmake_args': None, 'build_base': '/home/peter/ros2/UsbCaptureROS4/build/common', 'catkin_cmake_args': None, 'catkin_skip_building_tests': False, 'cmake_args': None, 'cmake_clean_cache': False, 'cmake_clean_first': False, 'cmake_force_configure': False, 'cmake_target': None, 'cmake_target_skip_unavailable': False, 'install_base': '/home/peter/ros2/UsbCaptureROS4/install/common', 'merge_install': False, 'path': '/home/peter/ros2/UsbCaptureROS4/src/common', 'symlink_install': False, 'test_result_base': None}
[0.202s] Level 5:colcon.colcon_core.verb:set package 'interfaces' build argument 'cmake_args' from command line to 'None'
[0.202s] Level 5:colcon.colcon_core.verb:set package 'interfaces' build argument 'cmake_target' from command line to 'None'
[0.202s] Level 5:colcon.colcon_core.verb:set package 'interfaces' build argument 'cmake_target_skip_unavailable' from command line to 'False'
[0.202s] Level 5:colcon.colcon_core.verb:set package 'interfaces' build argument 'cmake_clean_cache' from command line to 'False'
[0.202s] Level 5:colcon.colcon_core.verb:set package 'interfaces' build argument 'cmake_clean_first' from command line to 'False'
[0.202s] Level 5:colcon.colcon_core.verb:set package 'interfaces' build argument 'cmake_force_configure' from command line to 'False'
[0.202s] Level 5:colcon.colcon_core.verb:set package 'interfaces' build argument 'ament_cmake_args' from command line to 'None'
[0.202s] Level 5:colcon.colcon_core.verb:set package 'interfaces' build argument 'catkin_cmake_args' from command line to 'None'
[0.202s] Level 5:colcon.colcon_core.verb:set package 'interfaces' build argument 'catkin_skip_building_tests' from command line to 'False'
[0.202s] DEBUG:colcon.colcon_core.verb:Building package 'interfaces' with the following arguments: {'ament_cmake_args': None, 'build_base': '/home/peter/ros2/UsbCaptureROS4/build/interfaces', 'catkin_cmake_args': None, 'catkin_skip_building_tests': False, 'cmake_args': None, 'cmake_clean_cache': False, 'cmake_clean_first': False, 'cmake_force_configure': False, 'cmake_target': None, 'cmake_target_skip_unavailable': False, 'install_base': '/home/peter/ros2/UsbCaptureROS4/install/interfaces', 'merge_install': False, 'path': '/home/peter/ros2/UsbCaptureROS4/src/interfaces', 'symlink_install': False, 'test_result_base': None}
[0.203s] Level 5:colcon.colcon_core.verb:set package 'ros2_usbcapture' build argument 'cmake_args' from command line to 'None'
[0.203s] Level 5:colcon.colcon_core.verb:set package 'ros2_usbcapture' build argument 'cmake_target' from command line to 'None'
[0.203s] Level 5:colcon.colcon_core.verb:set package 'ros2_usbcapture' build argument 'cmake_target_skip_unavailable' from command line to 'False'
[0.203s] Level 5:colcon.colcon_core.verb:set package 'ros2_usbcapture' build argument 'cmake_clean_cache' from command line to 'False'
[0.203s] Level 5:colcon.colcon_core.verb:set package 'ros2_usbcapture' build argument 'cmake_clean_first' from command line to 'False'
[0.203s] Level 5:colcon.colcon_core.verb:set package 'ros2_usbcapture' build argument 'cmake_force_configure' from command line to 'False'
[0.203s] Level 5:colcon.colcon_core.verb:set package 'ros2_usbcapture' build argument 'ament_cmake_args' from command line to 'None'
[0.203s] Level 5:colcon.colcon_core.verb:set package 'ros2_usbcapture' build argument 'catkin_cmake_args' from command line to 'None'
[0.203s] Level 5:colcon.colcon_core.verb:set package 'ros2_usbcapture' build argument 'catkin_skip_building_tests' from command line to 'False'
[0.203s] DEBUG:colcon.colcon_core.verb:Building package 'ros2_usbcapture' with the following arguments: {'ament_cmake_args': None, 'build_base': '/home/peter/ros2/UsbCaptureROS4/build/ros2_usbcapture', 'catkin_cmake_args': None, 'catkin_skip_building_tests': False, 'cmake_args': None, 'cmake_clean_cache': False, 'cmake_clean_first': False, 'cmake_force_configure': False, 'cmake_target': None, 'cmake_target_skip_unavailable': False, 'install_base': '/home/peter/ros2/UsbCaptureROS4/install/ros2_usbcapture', 'merge_install': False, 'path': '/home/peter/ros2/UsbCaptureROS4/src/ros2_usbcapture', 'symlink_install': False, 'test_result_base': None}
[0.204s] INFO:colcon.colcon_core.executor:Executing jobs using 'parallel' executor
[0.207s] DEBUG:colcon.colcon_parallel_executor.executor.parallel:run_until_complete
[0.207s] INFO:colcon.colcon_ros.task.ament_cmake.build:Building ROS package in '/home/peter/ros2/UsbCaptureROS4/src/common' with build type 'ament_cmake'
[0.207s] INFO:colcon.colcon_cmake.task.cmake.build:Building CMake package in '/home/peter/ros2/UsbCaptureROS4/src/common'
[0.210s] INFO:colcon.colcon_core.plugin_system:Skipping extension 'colcon_core.shell.bat': Not used on non-Windows systems
[0.210s] INFO:colcon.colcon_core.shell:Skip shell extension 'powershell' for command environment: Not usable outside of PowerShell
[0.210s] DEBUG:colcon.colcon_core.shell:Skip shell extension 'dsv' for command environment
[0.216s] INFO:colcon.colcon_ros.task.ament_cmake.build:Building ROS package in '/home/peter/ros2/UsbCaptureROS4/src/interfaces' with build type 'ament_cmake'
[0.217s] INFO:colcon.colcon_cmake.task.cmake.build:Building CMake package in '/home/peter/ros2/UsbCaptureROS4/src/interfaces'
[0.218s] INFO:colcon.colcon_core.shell:Skip shell extension 'powershell' for command environment: Not usable outside of PowerShell
[0.219s] DEBUG:colcon.colcon_core.shell:Skip shell extension 'dsv' for command environment
[0.231s] DEBUG:colcon.colcon_core.event_handler.log_command:Invoking command in '/home/peter/ros2/UsbCaptureROS4/build/common': CMAKE_PREFIX_PATH=${CMAKE_PREFIX_PATH}:/opt/ros/foxy /bin/cmake --build /home/peter/ros2/UsbCaptureROS4/build/common -- -j16 -l16
[0.243s] DEBUG:colcon.colcon_core.event_handler.log_command:Invoking command in '/home/peter/ros2/UsbCaptureROS4/build/interfaces': CMAKE_PREFIX_PATH=${CMAKE_PREFIX_PATH}:/opt/ros/foxy /bin/cmake --build /home/peter/ros2/UsbCaptureROS4/build/interfaces -- -j16 -l16
[0.296s] DEBUG:colcon.colcon_core.event_handler.log_command:Invoked command in '/home/peter/ros2/UsbCaptureROS4/build/common' returned '0': CMAKE_PREFIX_PATH=${CMAKE_PREFIX_PATH}:/opt/ros/foxy /bin/cmake --build /home/peter/ros2/UsbCaptureROS4/build/common -- -j16 -l16
[0.325s] DEBUG:colcon.colcon_core.event_handler.log_command:Invoking command in '/home/peter/ros2/UsbCaptureROS4/build/common': CMAKE_PREFIX_PATH=${CMAKE_PREFIX_PATH}:/opt/ros/foxy /bin/cmake --install /home/peter/ros2/UsbCaptureROS4/build/common
[0.334s] Level 1:colcon.colcon_core.environment:create_environment_scripts_only(common)
[0.338s] DEBUG:colcon.colcon_core.event_handler.log_command:Invoked command in '/home/peter/ros2/UsbCaptureROS4/build/common' returned '0': CMAKE_PREFIX_PATH=${CMAKE_PREFIX_PATH}:/opt/ros/foxy /bin/cmake --install /home/peter/ros2/UsbCaptureROS4/build/common
[0.342s] Level 1:colcon.colcon_core.environment:checking '/home/peter/ros2/UsbCaptureROS4/install/common' for CMake module files
[0.342s] Level 1:colcon.colcon_core.environment:checking '/home/peter/ros2/UsbCaptureROS4/install/common' for CMake config files
[0.342s] Level 1:colcon.colcon_core.shell:create_environment_hook('common', 'cmake_prefix_path')
[0.344s] INFO:colcon.colcon_core.shell:Creating environment hook '/home/peter/ros2/UsbCaptureROS4/install/common/share/common/hook/cmake_prefix_path.ps1'
[0.345s] INFO:colcon.colcon_core.shell:Creating environment descriptor '/home/peter/ros2/UsbCaptureROS4/install/common/share/common/hook/cmake_prefix_path.dsv'
[0.345s] INFO:colcon.colcon_core.shell:Creating environment hook '/home/peter/ros2/UsbCaptureROS4/install/common/share/common/hook/cmake_prefix_path.sh'
[0.346s] Level 1:colcon.colcon_core.environment:checking '/home/peter/ros2/UsbCaptureROS4/install/common/lib'
[0.346s] Level 1:colcon.colcon_core.shell:create_environment_hook('common', 'ld_library_path_lib')
[0.348s] INFO:colcon.colcon_core.shell:Creating environment hook '/home/peter/ros2/UsbCaptureROS4/install/common/share/common/hook/ld_library_path_lib.ps1'
[0.348s] INFO:colcon.colcon_core.shell:Creating environment descriptor '/home/peter/ros2/UsbCaptureROS4/install/common/share/common/hook/ld_library_path_lib.dsv'
[0.348s] INFO:colcon.colcon_core.shell:Creating environment hook '/home/peter/ros2/UsbCaptureROS4/install/common/share/common/hook/ld_library_path_lib.sh'
[0.349s] Level 1:colcon.colcon_core.environment:checking '/home/peter/ros2/UsbCaptureROS4/install/common/bin'
[0.349s] Level 1:colcon.colcon_core.environment:checking '/home/peter/ros2/UsbCaptureROS4/install/common/lib/pkgconfig/common.pc'
[0.349s] Level 1:colcon.colcon_core.environment:checking '/home/peter/ros2/UsbCaptureROS4/install/common/lib/python3.8/site-packages'
[0.349s] Level 1:colcon.colcon_core.environment:checking '/home/peter/ros2/UsbCaptureROS4/install/common/bin'
[0.350s] INFO:colcon.colcon_core.shell:Creating package script '/home/peter/ros2/UsbCaptureROS4/install/common/share/common/package.ps1'
[0.351s] INFO:colcon.colcon_core.shell:Creating package descriptor '/home/peter/ros2/UsbCaptureROS4/install/common/share/common/package.dsv'
[0.351s] INFO:colcon.colcon_core.shell:Creating package script '/home/peter/ros2/UsbCaptureROS4/install/common/share/common/package.sh'
[0.352s] INFO:colcon.colcon_core.shell:Creating package script '/home/peter/ros2/UsbCaptureROS4/install/common/share/common/package.bash'
[0.353s] INFO:colcon.colcon_core.shell:Creating package script '/home/peter/ros2/UsbCaptureROS4/install/common/share/common/package.zsh'
[0.353s] Level 1:colcon.colcon_core.environment:create_file_with_runtime_dependencies(/home/peter/ros2/UsbCaptureROS4/install/common/share/colcon-core/packages/common)
[0.374s] Level 1:colcon.colcon_core.environment:create_environment_scripts_only(common)
[0.377s] Level 1:colcon.colcon_core.environment:checking '/home/peter/ros2/UsbCaptureROS4/install/common' for CMake module files
[0.377s] Level 1:colcon.colcon_core.environment:checking '/home/peter/ros2/UsbCaptureROS4/install/common' for CMake config files
[0.377s] Level 1:colcon.colcon_core.shell:create_environment_hook('common', 'cmake_prefix_path')
[0.379s] INFO:colcon.colcon_core.shell:Creating environment hook '/home/peter/ros2/UsbCaptureROS4/install/common/share/common/hook/cmake_prefix_path.ps1'
[0.379s] INFO:colcon.colcon_core.shell:Creating environment descriptor '/home/peter/ros2/UsbCaptureROS4/install/common/share/common/hook/cmake_prefix_path.dsv'
[0.380s] INFO:colcon.colcon_core.shell:Creating environment hook '/home/peter/ros2/UsbCaptureROS4/install/common/share/common/hook/cmake_prefix_path.sh'
[0.380s] Level 1:colcon.colcon_core.environment:checking '/home/peter/ros2/UsbCaptureROS4/install/common/lib'
[0.380s] Level 1:colcon.colcon_core.shell:create_environment_hook('common', 'ld_library_path_lib')
[0.381s] INFO:colcon.colcon_core.shell:Creating environment hook '/home/peter/ros2/UsbCaptureROS4/install/common/share/common/hook/ld_library_path_lib.ps1'
[0.381s] INFO:colcon.colcon_core.shell:Creating environment descriptor '/home/peter/ros2/UsbCaptureROS4/install/common/share/common/hook/ld_library_path_lib.dsv'
[0.382s] INFO:colcon.colcon_core.shell:Creating environment hook '/home/peter/ros2/UsbCaptureROS4/install/common/share/common/hook/ld_library_path_lib.sh'
[0.382s] Level 1:colcon.colcon_core.environment:checking '/home/peter/ros2/UsbCaptureROS4/install/common/bin'
[0.382s] Level 1:colcon.colcon_core.environment:checking '/home/peter/ros2/UsbCaptureROS4/install/common/lib/pkgconfig/common.pc'
[0.382s] Level 1:colcon.colcon_core.environment:checking '/home/peter/ros2/UsbCaptureROS4/install/common/lib/python3.8/site-packages'
[0.382s] Level 1:colcon.colcon_core.environment:checking '/home/peter/ros2/UsbCaptureROS4/install/common/bin'
[0.383s] INFO:colcon.colcon_core.shell:Creating package script '/home/peter/ros2/UsbCaptureROS4/install/common/share/common/package.ps1'
[0.384s] INFO:colcon.colcon_core.shell:Creating package descriptor '/home/peter/ros2/UsbCaptureROS4/install/common/share/common/package.dsv'
[0.384s] INFO:colcon.colcon_core.shell:Creating package script '/home/peter/ros2/UsbCaptureROS4/install/common/share/common/package.sh'
[0.384s] INFO:colcon.colcon_core.shell:Creating package script '/home/peter/ros2/UsbCaptureROS4/install/common/share/common/package.bash'
[0.385s] INFO:colcon.colcon_core.shell:Creating package script '/home/peter/ros2/UsbCaptureROS4/install/common/share/common/package.zsh'
[0.385s] Level 1:colcon.colcon_core.environment:create_file_with_runtime_dependencies(/home/peter/ros2/UsbCaptureROS4/install/common/share/colcon-core/packages/common)
[0.430s] DEBUG:colcon.colcon_core.event_handler.log_command:Invoked command in '/home/peter/ros2/UsbCaptureROS4/build/interfaces' returned '0': CMAKE_PREFIX_PATH=${CMAKE_PREFIX_PATH}:/opt/ros/foxy /bin/cmake --build /home/peter/ros2/UsbCaptureROS4/build/interfaces -- -j16 -l16
[0.497s] DEBUG:colcon.colcon_core.event_handler.log_command:Invoking command in '/home/peter/ros2/UsbCaptureROS4/build/interfaces': CMAKE_PREFIX_PATH=${CMAKE_PREFIX_PATH}:/opt/ros/foxy /bin/cmake --install /home/peter/ros2/UsbCaptureROS4/build/interfaces
[0.542s] Level 1:colcon.colcon_core.environment:create_environment_scripts_only(interfaces)
[0.544s] Level 1:colcon.colcon_core.environment:checking '/home/peter/ros2/UsbCaptureROS4/install/interfaces' for CMake module files
[0.544s] DEBUG:colcon.colcon_core.event_handler.log_command:Invoked command in '/home/peter/ros2/UsbCaptureROS4/build/interfaces' returned '0': CMAKE_PREFIX_PATH=${CMAKE_PREFIX_PATH}:/opt/ros/foxy /bin/cmake --install /home/peter/ros2/UsbCaptureROS4/build/interfaces
[0.545s] Level 1:colcon.colcon_core.environment:checking '/home/peter/ros2/UsbCaptureROS4/install/interfaces' for CMake config files
[0.545s] Level 1:colcon.colcon_core.shell:create_environment_hook('interfaces', 'cmake_prefix_path')
[0.547s] INFO:colcon.colcon_core.shell:Creating environment hook '/home/peter/ros2/UsbCaptureROS4/install/interfaces/share/interfaces/hook/cmake_prefix_path.ps1'
[0.547s] INFO:colcon.colcon_core.shell:Creating environment descriptor '/home/peter/ros2/UsbCaptureROS4/install/interfaces/share/interfaces/hook/cmake_prefix_path.dsv'
[0.548s] INFO:colcon.colcon_core.shell:Creating environment hook '/home/peter/ros2/UsbCaptureROS4/install/interfaces/share/interfaces/hook/cmake_prefix_path.sh'
[0.549s] Level 1:colcon.colcon_core.environment:checking '/home/peter/ros2/UsbCaptureROS4/install/interfaces/lib'
[0.549s] Level 1:colcon.colcon_core.shell:create_environment_hook('interfaces', 'ld_library_path_lib')
[0.550s] INFO:colcon.colcon_core.shell:Creating environment hook '/home/peter/ros2/UsbCaptureROS4/install/interfaces/share/interfaces/hook/ld_library_path_lib.ps1'
[0.551s] INFO:colcon.colcon_core.shell:Creating environment descriptor '/home/peter/ros2/UsbCaptureROS4/install/interfaces/share/interfaces/hook/ld_library_path_lib.dsv'
[0.551s] INFO:colcon.colcon_core.shell:Creating environment hook '/home/peter/ros2/UsbCaptureROS4/install/interfaces/share/interfaces/hook/ld_library_path_lib.sh'
[0.551s] Level 1:colcon.colcon_core.environment:checking '/home/peter/ros2/UsbCaptureROS4/install/interfaces/bin'
[0.551s] Level 1:colcon.colcon_core.environment:checking '/home/peter/ros2/UsbCaptureROS4/install/interfaces/lib/pkgconfig/interfaces.pc'
[0.552s] Level 1:colcon.colcon_core.environment:checking '/home/peter/ros2/UsbCaptureROS4/install/interfaces/lib/python3.8/site-packages'
[0.552s] Level 1:colcon.colcon_core.shell:create_environment_hook('interfaces', 'pythonpath')
[0.553s] INFO:colcon.colcon_core.shell:Creating environment hook '/home/peter/ros2/UsbCaptureROS4/install/interfaces/share/interfaces/hook/pythonpath.ps1'
[0.553s] INFO:colcon.colcon_core.shell:Creating environment descriptor '/home/peter/ros2/UsbCaptureROS4/install/interfaces/share/interfaces/hook/pythonpath.dsv'
[0.553s] INFO:colcon.colcon_core.shell:Creating environment hook '/home/peter/ros2/UsbCaptureROS4/install/interfaces/share/interfaces/hook/pythonpath.sh'
[0.554s] Level 1:colcon.colcon_core.environment:checking '/home/peter/ros2/UsbCaptureROS4/install/interfaces/bin'
[0.555s] INFO:colcon.colcon_core.shell:Creating package script '/home/peter/ros2/UsbCaptureROS4/install/interfaces/share/interfaces/package.ps1'
[0.555s] INFO:colcon.colcon_core.shell:Creating package descriptor '/home/peter/ros2/UsbCaptureROS4/install/interfaces/share/interfaces/package.dsv'
[0.555s] INFO:colcon.colcon_core.shell:Creating package script '/home/peter/ros2/UsbCaptureROS4/install/interfaces/share/interfaces/package.sh'
[0.555s] INFO:colcon.colcon_core.shell:Creating package script '/home/peter/ros2/UsbCaptureROS4/install/interfaces/share/interfaces/package.bash'
[0.556s] INFO:colcon.colcon_core.shell:Creating package script '/home/peter/ros2/UsbCaptureROS4/install/interfaces/share/interfaces/package.zsh'
[0.556s] Level 1:colcon.colcon_core.environment:create_file_with_runtime_dependencies(/home/peter/ros2/UsbCaptureROS4/install/interfaces/share/colcon-core/packages/interfaces)
[0.621s] Level 1:colcon.colcon_core.environment:create_environment_scripts_only(interfaces)
[0.624s] Level 1:colcon.colcon_core.environment:checking '/home/peter/ros2/UsbCaptureROS4/install/interfaces' for CMake module files
[0.625s] Level 1:colcon.colcon_core.environment:checking '/home/peter/ros2/UsbCaptureROS4/install/interfaces' for CMake config files
[0.625s] Level 1:colcon.colcon_core.shell:create_environment_hook('interfaces', 'cmake_prefix_path')
[0.627s] INFO:colcon.colcon_core.shell:Creating environment hook '/home/peter/ros2/UsbCaptureROS4/install/interfaces/share/interfaces/hook/cmake_prefix_path.ps1'
[0.627s] INFO:colcon.colcon_core.shell:Creating environment descriptor '/home/peter/ros2/UsbCaptureROS4/install/interfaces/share/interfaces/hook/cmake_prefix_path.dsv'
[0.628s] INFO:colcon.colcon_core.shell:Creating environment hook '/home/peter/ros2/UsbCaptureROS4/install/interfaces/share/interfaces/hook/cmake_prefix_path.sh'
[0.628s] Level 1:colcon.colcon_core.environment:checking '/home/peter/ros2/UsbCaptureROS4/install/interfaces/lib'
[0.628s] Level 1:colcon.colcon_core.shell:create_environment_hook('interfaces', 'ld_library_path_lib')
[0.629s] INFO:colcon.colcon_core.shell:Creating environment hook '/home/peter/ros2/UsbCaptureROS4/install/interfaces/share/interfaces/hook/ld_library_path_lib.ps1'
[0.630s] INFO:colcon.colcon_core.shell:Creating environment descriptor '/home/peter/ros2/UsbCaptureROS4/install/interfaces/share/interfaces/hook/ld_library_path_lib.dsv'
[0.630s] INFO:colcon.colcon_core.shell:Creating environment hook '/home/peter/ros2/UsbCaptureROS4/install/interfaces/share/interfaces/hook/ld_library_path_lib.sh'
[0.630s] Level 1:colcon.colcon_core.environment:checking '/home/peter/ros2/UsbCaptureROS4/install/interfaces/bin'
[0.630s] Level 1:colcon.colcon_core.environment:checking '/home/peter/ros2/UsbCaptureROS4/install/interfaces/lib/pkgconfig/interfaces.pc'
[0.630s] Level 1:colcon.colcon_core.environment:checking '/home/peter/ros2/UsbCaptureROS4/install/interfaces/lib/python3.8/site-packages'
[0.630s] Level 1:colcon.colcon_core.shell:create_environment_hook('interfaces', 'pythonpath')
[0.631s] INFO:colcon.colcon_core.shell:Creating environment hook '/home/peter/ros2/UsbCaptureROS4/install/interfaces/share/interfaces/hook/pythonpath.ps1'
[0.631s] INFO:colcon.colcon_core.shell:Creating environment descriptor '/home/peter/ros2/UsbCaptureROS4/install/interfaces/share/interfaces/hook/pythonpath.dsv'
[0.631s] INFO:colcon.colcon_core.shell:Creating environment hook '/home/peter/ros2/UsbCaptureROS4/install/interfaces/share/interfaces/hook/pythonpath.sh'
[0.632s] Level 1:colcon.colcon_core.environment:checking '/home/peter/ros2/UsbCaptureROS4/install/interfaces/bin'
[0.633s] INFO:colcon.colcon_core.shell:Creating package script '/home/peter/ros2/UsbCaptureROS4/install/interfaces/share/interfaces/package.ps1'
[0.633s] INFO:colcon.colcon_core.shell:Creating package descriptor '/home/peter/ros2/UsbCaptureROS4/install/interfaces/share/interfaces/package.dsv'
[0.633s] INFO:colcon.colcon_core.shell:Creating package script '/home/peter/ros2/UsbCaptureROS4/install/interfaces/share/interfaces/package.sh'
[0.633s] INFO:colcon.colcon_core.shell:Creating package script '/home/peter/ros2/UsbCaptureROS4/install/interfaces/share/interfaces/package.bash'
[0.634s] INFO:colcon.colcon_core.shell:Creating package script '/home/peter/ros2/UsbCaptureROS4/install/interfaces/share/interfaces/package.zsh'
[0.634s] Level 1:colcon.colcon_core.environment:create_file_with_runtime_dependencies(/home/peter/ros2/UsbCaptureROS4/install/interfaces/share/colcon-core/packages/interfaces)
[0.634s] INFO:colcon.colcon_ros.task.ament_cmake.build:Building ROS package in '/home/peter/ros2/UsbCaptureROS4/src/ros2_usbcapture' with build type 'ament_cmake'
[0.634s] INFO:colcon.colcon_cmake.task.cmake.build:Building CMake package in '/home/peter/ros2/UsbCaptureROS4/src/ros2_usbcapture'
[0.635s] INFO:colcon.colcon_core.shell:Skip shell extension 'powershell' for command environment: Not usable outside of PowerShell
[0.635s] DEBUG:colcon.colcon_core.shell:Skip shell extension 'dsv' for command environment
[0.648s] DEBUG:colcon.colcon_core.event_handler.log_command:Invoking command in '/home/peter/ros2/UsbCaptureROS4/build/ros2_usbcapture': CMAKE_PREFIX_PATH=/home/peter/ros2/UsbCaptureROS4/install/interfaces:/home/peter/ros2/UsbCaptureROS4/install/common:/home/peter/ros2/UsbCaptureROS4/install/ros2_usbcapture:/opt/ros/foxy LD_LIBRARY_PATH=/home/peter/ros2/UsbCaptureROS4/install/interfaces/lib:/home/peter/ros2/UsbCaptureROS4/install/common/lib:/home/peter/ros2/UsbCaptureROS4/install/ros2_usbcapture/lib:/opt/ros/foxy/opt/yaml_cpp_vendor/lib:/opt/ros/foxy/opt/rviz_ogre_vendor/lib:/opt/ros/foxy/lib/x86_64-linux-gnu:/opt/ros/foxy/lib /bin/cmake --build /home/peter/ros2/UsbCaptureROS4/build/ros2_usbcapture -- -j16 -l16
[4.199s] DEBUG:colcon.colcon_core.event_handler.log_command:Invoked command in '/home/peter/ros2/UsbCaptureROS4/build/ros2_usbcapture' returned '0': CMAKE_PREFIX_PATH=/home/peter/ros2/UsbCaptureROS4/install/interfaces:/home/peter/ros2/UsbCaptureROS4/install/common:/home/peter/ros2/UsbCaptureROS4/install/ros2_usbcapture:/opt/ros/foxy LD_LIBRARY_PATH=/home/peter/ros2/UsbCaptureROS4/install/interfaces/lib:/home/peter/ros2/UsbCaptureROS4/install/common/lib:/home/peter/ros2/UsbCaptureROS4/install/ros2_usbcapture/lib:/opt/ros/foxy/opt/yaml_cpp_vendor/lib:/opt/ros/foxy/opt/rviz_ogre_vendor/lib:/opt/ros/foxy/lib/x86_64-linux-gnu:/opt/ros/foxy/lib /bin/cmake --build /home/peter/ros2/UsbCaptureROS4/build/ros2_usbcapture -- -j16 -l16
[4.222s] DEBUG:colcon.colcon_core.event_handler.log_command:Invoking command in '/home/peter/ros2/UsbCaptureROS4/build/ros2_usbcapture': CMAKE_PREFIX_PATH=/home/peter/ros2/UsbCaptureROS4/install/interfaces:/home/peter/ros2/UsbCaptureROS4/install/common:/home/peter/ros2/UsbCaptureROS4/install/ros2_usbcapture:/opt/ros/foxy LD_LIBRARY_PATH=/home/peter/ros2/UsbCaptureROS4/install/interfaces/lib:/home/peter/ros2/UsbCaptureROS4/install/common/lib:/home/peter/ros2/UsbCaptureROS4/install/ros2_usbcapture/lib:/opt/ros/foxy/opt/yaml_cpp_vendor/lib:/opt/ros/foxy/opt/rviz_ogre_vendor/lib:/opt/ros/foxy/lib/x86_64-linux-gnu:/opt/ros/foxy/lib /bin/cmake --install /home/peter/ros2/UsbCaptureROS4/build/ros2_usbcapture
[4.235s] Level 1:colcon.colcon_core.environment:create_environment_scripts_only(ros2_usbcapture)
[4.238s] Level 1:colcon.colcon_core.environment:checking '/home/peter/ros2/UsbCaptureROS4/install/ros2_usbcapture' for CMake module files
[4.238s] DEBUG:colcon.colcon_core.event_handler.log_command:Invoked command in '/home/peter/ros2/UsbCaptureROS4/build/ros2_usbcapture' returned '0': CMAKE_PREFIX_PATH=/home/peter/ros2/UsbCaptureROS4/install/interfaces:/home/peter/ros2/UsbCaptureROS4/install/common:/home/peter/ros2/UsbCaptureROS4/install/ros2_usbcapture:/opt/ros/foxy LD_LIBRARY_PATH=/home/peter/ros2/UsbCaptureROS4/install/interfaces/lib:/home/peter/ros2/UsbCaptureROS4/install/common/lib:/home/peter/ros2/UsbCaptureROS4/install/ros2_usbcapture/lib:/opt/ros/foxy/opt/yaml_cpp_vendor/lib:/opt/ros/foxy/opt/rviz_ogre_vendor/lib:/opt/ros/foxy/lib/x86_64-linux-gnu:/opt/ros/foxy/lib /bin/cmake --install /home/peter/ros2/UsbCaptureROS4/build/ros2_usbcapture
[4.238s] Level 1:colcon.colcon_core.environment:checking '/home/peter/ros2/UsbCaptureROS4/install/ros2_usbcapture' for CMake config files
[4.239s] Level 1:colcon.colcon_core.shell:create_environment_hook('ros2_usbcapture', 'cmake_prefix_path')
[4.240s] INFO:colcon.colcon_core.shell:Creating environment hook '/home/peter/ros2/UsbCaptureROS4/install/ros2_usbcapture/share/ros2_usbcapture/hook/cmake_prefix_path.ps1'
[4.241s] INFO:colcon.colcon_core.shell:Creating environment descriptor '/home/peter/ros2/UsbCaptureROS4/install/ros2_usbcapture/share/ros2_usbcapture/hook/cmake_prefix_path.dsv'
[4.241s] INFO:colcon.colcon_core.shell:Creating environment hook '/home/peter/ros2/UsbCaptureROS4/install/ros2_usbcapture/share/ros2_usbcapture/hook/cmake_prefix_path.sh'
[4.242s] Level 1:colcon.colcon_core.environment:checking '/home/peter/ros2/UsbCaptureROS4/install/ros2_usbcapture/lib'
[4.242s] Level 1:colcon.colcon_core.shell:create_environment_hook('ros2_usbcapture', 'ld_library_path_lib')
[4.243s] INFO:colcon.colcon_core.shell:Creating environment hook '/home/peter/ros2/UsbCaptureROS4/install/ros2_usbcapture/share/ros2_usbcapture/hook/ld_library_path_lib.ps1'
[4.243s] INFO:colcon.colcon_core.shell:Creating environment descriptor '/home/peter/ros2/UsbCaptureROS4/install/ros2_usbcapture/share/ros2_usbcapture/hook/ld_library_path_lib.dsv'
[4.244s] INFO:colcon.colcon_core.shell:Creating environment hook '/home/peter/ros2/UsbCaptureROS4/install/ros2_usbcapture/share/ros2_usbcapture/hook/ld_library_path_lib.sh'
[4.244s] Level 1:colcon.colcon_core.environment:checking '/home/peter/ros2/UsbCaptureROS4/install/ros2_usbcapture/bin'
[4.244s] Level 1:colcon.colcon_core.environment:checking '/home/peter/ros2/UsbCaptureROS4/install/ros2_usbcapture/lib/pkgconfig/ros2_usbcapture.pc'
[4.244s] Level 1:colcon.colcon_core.environment:checking '/home/peter/ros2/UsbCaptureROS4/install/ros2_usbcapture/lib/python3.8/site-packages'
[4.245s] Level 1:colcon.colcon_core.environment:checking '/home/peter/ros2/UsbCaptureROS4/install/ros2_usbcapture/bin'
[4.246s] INFO:colcon.colcon_core.shell:Creating package script '/home/peter/ros2/UsbCaptureROS4/install/ros2_usbcapture/share/ros2_usbcapture/package.ps1'
[4.246s] INFO:colcon.colcon_core.shell:Creating package descriptor '/home/peter/ros2/UsbCaptureROS4/install/ros2_usbcapture/share/ros2_usbcapture/package.dsv'
[4.246s] INFO:colcon.colcon_core.shell:Creating package script '/home/peter/ros2/UsbCaptureROS4/install/ros2_usbcapture/share/ros2_usbcapture/package.sh'
[4.247s] INFO:colcon.colcon_core.shell:Creating package script '/home/peter/ros2/UsbCaptureROS4/install/ros2_usbcapture/share/ros2_usbcapture/package.bash'
[4.247s] INFO:colcon.colcon_core.shell:Creating package script '/home/peter/ros2/UsbCaptureROS4/install/ros2_usbcapture/share/ros2_usbcapture/package.zsh'
[4.247s] Level 1:colcon.colcon_core.environment:create_file_with_runtime_dependencies(/home/peter/ros2/UsbCaptureROS4/install/ros2_usbcapture/share/colcon-core/packages/ros2_usbcapture)
[4.270s] Level 1:colcon.colcon_core.environment:create_environment_scripts_only(ros2_usbcapture)
[4.275s] Level 1:colcon.colcon_core.environment:checking '/home/peter/ros2/UsbCaptureROS4/install/ros2_usbcapture' for CMake module files
[4.276s] Level 1:colcon.colcon_core.environment:checking '/home/peter/ros2/UsbCaptureROS4/install/ros2_usbcapture' for CMake config files
[4.276s] Level 1:colcon.colcon_core.shell:create_environment_hook('ros2_usbcapture', 'cmake_prefix_path')
[4.277s] INFO:colcon.colcon_core.shell:Creating environment hook '/home/peter/ros2/UsbCaptureROS4/install/ros2_usbcapture/share/ros2_usbcapture/hook/cmake_prefix_path.ps1'
[4.278s] INFO:colcon.colcon_core.shell:Creating environment descriptor '/home/peter/ros2/UsbCaptureROS4/install/ros2_usbcapture/share/ros2_usbcapture/hook/cmake_prefix_path.dsv'
[4.278s] INFO:colcon.colcon_core.shell:Creating environment hook '/home/peter/ros2/UsbCaptureROS4/install/ros2_usbcapture/share/ros2_usbcapture/hook/cmake_prefix_path.sh'
[4.278s] Level 1:colcon.colcon_core.environment:checking '/home/peter/ros2/UsbCaptureROS4/install/ros2_usbcapture/lib'
[4.279s] Level 1:colcon.colcon_core.shell:create_environment_hook('ros2_usbcapture', 'ld_library_path_lib')
[4.279s] INFO:colcon.colcon_core.shell:Creating environment hook '/home/peter/ros2/UsbCaptureROS4/install/ros2_usbcapture/share/ros2_usbcapture/hook/ld_library_path_lib.ps1'
[4.280s] INFO:colcon.colcon_core.shell:Creating environment descriptor '/home/peter/ros2/UsbCaptureROS4/install/ros2_usbcapture/share/ros2_usbcapture/hook/ld_library_path_lib.dsv'
[4.280s] INFO:colcon.colcon_core.shell:Creating environment hook '/home/peter/ros2/UsbCaptureROS4/install/ros2_usbcapture/share/ros2_usbcapture/hook/ld_library_path_lib.sh'
[4.280s] Level 1:colcon.colcon_core.environment:checking '/home/peter/ros2/UsbCaptureROS4/install/ros2_usbcapture/bin'
[4.280s] Level 1:colcon.colcon_core.environment:checking '/home/peter/ros2/UsbCaptureROS4/install/ros2_usbcapture/lib/pkgconfig/ros2_usbcapture.pc'
[4.280s] Level 1:colcon.colcon_core.environment:checking '/home/peter/ros2/UsbCaptureROS4/install/ros2_usbcapture/lib/python3.8/site-packages'
[4.280s] Level 1:colcon.colcon_core.environment:checking '/home/peter/ros2/UsbCaptureROS4/install/ros2_usbcapture/bin'
[4.281s] INFO:colcon.colcon_core.shell:Creating package script '/home/peter/ros2/UsbCaptureROS4/install/ros2_usbcapture/share/ros2_usbcapture/package.ps1'
[4.282s] INFO:colcon.colcon_core.shell:Creating package descriptor '/home/peter/ros2/UsbCaptureROS4/install/ros2_usbcapture/share/ros2_usbcapture/package.dsv'
[4.282s] INFO:colcon.colcon_core.shell:Creating package script '/home/peter/ros2/UsbCaptureROS4/install/ros2_usbcapture/share/ros2_usbcapture/package.sh'
[4.282s] INFO:colcon.colcon_core.shell:Creating package script '/home/peter/ros2/UsbCaptureROS4/install/ros2_usbcapture/share/ros2_usbcapture/package.bash'
[4.283s] INFO:colcon.colcon_core.shell:Creating package script '/home/peter/ros2/UsbCaptureROS4/install/ros2_usbcapture/share/ros2_usbcapture/package.zsh'
[4.283s] Level 1:colcon.colcon_core.environment:create_file_with_runtime_dependencies(/home/peter/ros2/UsbCaptureROS4/install/ros2_usbcapture/share/colcon-core/packages/ros2_usbcapture)
[4.283s] DEBUG:colcon.colcon_parallel_executor.executor.parallel:closing loop
[4.283s] DEBUG:colcon.colcon_parallel_executor.executor.parallel:loop closed
[4.283s] DEBUG:colcon.colcon_parallel_executor.executor.parallel:run_until_complete finished with '0'
[4.283s] DEBUG:colcon.colcon_core.event_reactor:joining thread
[4.290s] INFO:colcon.colcon_core.plugin_system:Skipping extension 'colcon_notification.desktop_notification.terminal_notifier': Not used on non-Darwin systems
[4.290s] INFO:colcon.colcon_core.plugin_system:Skipping extension 'colcon_notification.desktop_notification.win32': Not used on non-Windows systems
[4.290s] INFO:colcon.colcon_notification.desktop_notification:Sending desktop notification using 'notify2'
[4.305s] DEBUG:colcon.colcon_core.event_reactor:joined thread
[4.307s] INFO:colcon.colcon_core.shell:Creating prefix script '/home/peter/ros2/UsbCaptureROS4/install/local_setup.ps1'
[4.308s] INFO:colcon.colcon_core.shell:Creating prefix util module '/home/peter/ros2/UsbCaptureROS4/install/_local_setup_util_ps1.py'
[4.310s] INFO:colcon.colcon_core.shell:Creating prefix chain script '/home/peter/ros2/UsbCaptureROS4/install/setup.ps1'
[4.311s] INFO:colcon.colcon_core.shell:Creating prefix script '/home/peter/ros2/UsbCaptureROS4/install/local_setup.sh'
[4.311s] INFO:colcon.colcon_core.shell:Creating prefix util module '/home/peter/ros2/UsbCaptureROS4/install/_local_setup_util_sh.py'
[4.312s] INFO:colcon.colcon_core.shell:Creating prefix chain script '/home/peter/ros2/UsbCaptureROS4/install/setup.sh'
[4.313s] INFO:colcon.colcon_core.shell:Creating prefix script '/home/peter/ros2/UsbCaptureROS4/install/local_setup.bash'
[4.314s] INFO:colcon.colcon_core.shell:Creating prefix chain script '/home/peter/ros2/UsbCaptureROS4/install/setup.bash'
[4.315s] INFO:colcon.colcon_core.shell:Creating prefix script '/home/peter/ros2/UsbCaptureROS4/install/local_setup.zsh'
[4.316s] INFO:colcon.colcon_core.shell:Creating prefix chain script '/home/peter/ros2/UsbCaptureROS4/install/setup.zsh'
