[0.097s] DEBUG:colcon:Command line arguments: ['/bin/colcon', 'build']
[0.097s] DEBUG:colcon:Parsed command line arguments: Namespace(allow_overriding=[], ament_cmake_args=None, base_paths=['.'], build_base='build', catkin_cmake_args=None, catkin_skip_building_tests=False, cmake_args=None, cmake_clean_cache=False, cmake_clean_first=False, cmake_force_configure=False, cmake_target=None, cmake_target_skip_unavailable=False, continue_on_error=False, event_handlers=None, executor='parallel', ignore_user_meta=False, install_base='install', log_base=None, log_level=None, main=<bound method BuildVerb.main of <colcon_core.verb.build.BuildVerb object at 0x7ff67af32520>>, merge_install=False, metas=['./colcon.meta'], packages_above=None, packages_above_and_dependencies=None, packages_above_depth=None, packages_end=None, packages_ignore=None, packages_ignore_regex=None, packages_select=None, packages_select_build_failed=False, packages_select_by_dep=None, packages_select_regex=None, packages_select_test_failures=False, packages_skip=None, packages_skip_build_finished=False, packages_skip_by_dep=None, packages_skip_regex=None, packages_skip_test_passed=False, packages_skip_up_to=None, packages_start=None, packages_up_to=None, packages_up_to_regex=None, parallel_workers=16, paths=None, symlink_install=False, test_result_base=None, verb_extension=<colcon_core.verb.build.BuildVerb object at 0x7ff67af32520>, verb_name='build', verb_parser=<colcon_defaults.argument_parser.defaults.DefaultArgumentsDecorator object at 0x7ff67af32a60>)
[0.113s] Level 1:colcon.colcon_core.package_discovery:discover_packages(colcon_meta) check parameters
[0.113s] Level 1:colcon.colcon_core.package_discovery:discover_packages(recursive) check parameters
[0.113s] Level 1:colcon.colcon_core.package_discovery:discover_packages(ignore) check parameters
[0.113s] Level 1:colcon.colcon_core.package_discovery:discover_packages(path) check parameters
[0.113s] Level 1:colcon.colcon_core.package_discovery:discover_packages(colcon_meta) discover
[0.113s] Level 1:colcon.colcon_core.package_discovery:discover_packages(recursive) discover
[0.113s] INFO:colcon.colcon_core.package_discovery:Crawling recursively for packages in '/home/peter/ros2.1/UsbCaptureROS4'
[0.113s] Level 1:colcon.colcon_core.package_identification:_identify(.) by extensions ['ignore', 'ignore_ament_install']
[0.113s] Level 1:colcon.colcon_core.package_identification:_identify(.) by extension 'ignore'
[0.114s] Level 1:colcon.colcon_core.package_identification:_identify(.) by extension 'ignore_ament_install'
[0.114s] Level 1:colcon.colcon_core.package_identification:_identify(.) by extensions ['colcon_pkg']
[0.114s] Level 1:colcon.colcon_core.package_identification:_identify(.) by extension 'colcon_pkg'
[0.114s] Level 1:colcon.colcon_core.package_identification:_identify(.) by extensions ['colcon_meta']
[0.114s] Level 1:colcon.colcon_core.package_identification:_identify(.) by extension 'colcon_meta'
[0.114s] Level 1:colcon.colcon_core.package_identification:_identify(.) by extensions ['ros']
[0.114s] Level 1:colcon.colcon_core.package_identification:_identify(.) by extension 'ros'
[0.121s] Level 1:colcon.colcon_core.package_identification:_identify(.) by extensions ['cmake', 'python']
[0.121s] Level 1:colcon.colcon_core.package_identification:_identify(.) by extension 'cmake'
[0.121s] Level 1:colcon.colcon_core.package_identification:_identify(.) by extension 'python'
[0.121s] Level 1:colcon.colcon_core.package_identification:_identify(.) by extensions ['python_setup_py']
[0.121s] Level 1:colcon.colcon_core.package_identification:_identify(.) by extension 'python_setup_py'
[0.121s] Level 1:colcon.colcon_core.package_identification:_identify(build) by extensions ['ignore', 'ignore_ament_install']
[0.121s] Level 1:colcon.colcon_core.package_identification:_identify(build) by extension 'ignore'
[0.121s] Level 1:colcon.colcon_core.package_identification:_identify(build) ignored
[0.121s] Level 1:colcon.colcon_core.package_identification:_identify(install) by extensions ['ignore', 'ignore_ament_install']
[0.121s] Level 1:colcon.colcon_core.package_identification:_identify(install) by extension 'ignore'
[0.121s] Level 1:colcon.colcon_core.package_identification:_identify(install) ignored
[0.121s] Level 1:colcon.colcon_core.package_identification:_identify(log) by extensions ['ignore', 'ignore_ament_install']
[0.121s] Level 1:colcon.colcon_core.package_identification:_identify(log) by extension 'ignore'
[0.122s] Level 1:colcon.colcon_core.package_identification:_identify(log) ignored
[0.122s] Level 1:colcon.colcon_core.package_identification:_identify(src) by extensions ['ignore', 'ignore_ament_install']
[0.122s] Level 1:colcon.colcon_core.package_identification:_identify(src) by extension 'ignore'
[0.122s] Level 1:colcon.colcon_core.package_identification:_identify(src) by extension 'ignore_ament_install'
[0.122s] Level 1:colcon.colcon_core.package_identification:_identify(src) by extensions ['colcon_pkg']
[0.122s] Level 1:colcon.colcon_core.package_identification:_identify(src) by extension 'colcon_pkg'
[0.122s] Level 1:colcon.colcon_core.package_identification:_identify(src) by extensions ['colcon_meta']
[0.122s] Level 1:colcon.colcon_core.package_identification:_identify(src) by extension 'colcon_meta'
[0.122s] Level 1:colcon.colcon_core.package_identification:_identify(src) by extensions ['ros']
[0.122s] Level 1:colcon.colcon_core.package_identification:_identify(src) by extension 'ros'
[0.122s] Level 1:colcon.colcon_core.package_identification:_identify(src) by extensions ['cmake', 'python']
[0.122s] Level 1:colcon.colcon_core.package_identification:_identify(src) by extension 'cmake'
[0.122s] Level 1:colcon.colcon_core.package_identification:_identify(src) by extension 'python'
[0.122s] Level 1:colcon.colcon_core.package_identification:_identify(src) by extensions ['python_setup_py']
[0.122s] Level 1:colcon.colcon_core.package_identification:_identify(src) by extension 'python_setup_py'
[0.122s] Level 1:colcon.colcon_core.package_identification:_identify(src/common) by extensions ['ignore', 'ignore_ament_install']
[0.122s] Level 1:colcon.colcon_core.package_identification:_identify(src/common) by extension 'ignore'
[0.122s] Level 1:colcon.colcon_core.package_identification:_identify(src/common) by extension 'ignore_ament_install'
[0.122s] Level 1:colcon.colcon_core.package_identification:_identify(src/common) by extensions ['colcon_pkg']
[0.122s] Level 1:colcon.colcon_core.package_identification:_identify(src/common) by extension 'colcon_pkg'
[0.122s] Level 1:colcon.colcon_core.package_identification:_identify(src/common) by extensions ['colcon_meta']
[0.123s] Level 1:colcon.colcon_core.package_identification:_identify(src/common) by extension 'colcon_meta'
[0.123s] Level 1:colcon.colcon_core.package_identification:_identify(src/common) by extensions ['ros']
[0.123s] Level 1:colcon.colcon_core.package_identification:_identify(src/common) by extension 'ros'
[0.124s] DEBUG:colcon.colcon_core.package_identification:Package 'src/common' with type 'ros.ament_cmake' and name 'common'
[0.124s] Level 1:colcon.colcon_core.package_identification:_identify(src/interfaces) by extensions ['ignore', 'ignore_ament_install']
[0.124s] Level 1:colcon.colcon_core.package_identification:_identify(src/interfaces) by extension 'ignore'
[0.124s] Level 1:colcon.colcon_core.package_identification:_identify(src/interfaces) by extension 'ignore_ament_install'
[0.124s] Level 1:colcon.colcon_core.package_identification:_identify(src/interfaces) by extensions ['colcon_pkg']
[0.125s] Level 1:colcon.colcon_core.package_identification:_identify(src/interfaces) by extension 'colcon_pkg'
[0.125s] Level 1:colcon.colcon_core.package_identification:_identify(src/interfaces) by extensions ['colcon_meta']
[0.125s] Level 1:colcon.colcon_core.package_identification:_identify(src/interfaces) by extension 'colcon_meta'
[0.125s] Level 1:colcon.colcon_core.package_identification:_identify(src/interfaces) by extensions ['ros']
[0.125s] Level 1:colcon.colcon_core.package_identification:_identify(src/interfaces) by extension 'ros'
[0.125s] DEBUG:colcon.colcon_core.package_identification:Package 'src/interfaces' with type 'ros.ament_cmake' and name 'interfaces'
[0.125s] Level 1:colcon.colcon_core.package_identification:_identify(src/ros2_usbcapture) by extensions ['ignore', 'ignore_ament_install']
[0.125s] Level 1:colcon.colcon_core.package_identification:_identify(src/ros2_usbcapture) by extension 'ignore'
[0.125s] Level 1:colcon.colcon_core.package_identification:_identify(src/ros2_usbcapture) by extension 'ignore_ament_install'
[0.125s] Level 1:colcon.colcon_core.package_identification:_identify(src/ros2_usbcapture) by extensions ['colcon_pkg']
[0.125s] Level 1:colcon.colcon_core.package_identification:_identify(src/ros2_usbcapture) by extension 'colcon_pkg'
[0.125s] Level 1:colcon.colcon_core.package_identification:_identify(src/ros2_usbcapture) by extensions ['colcon_meta']
[0.125s] Level 1:colcon.colcon_core.package_identification:_identify(src/ros2_usbcapture) by extension 'colcon_meta'
[0.125s] Level 1:colcon.colcon_core.package_identification:_identify(src/ros2_usbcapture) by extensions ['ros']
[0.125s] Level 1:colcon.colcon_core.package_identification:_identify(src/ros2_usbcapture) by extension 'ros'
[0.126s] DEBUG:colcon.colcon_core.package_identification:Package 'src/ros2_usbcapture' with type 'ros.ament_cmake' and name 'ros2_usbcapture'
[0.126s] Level 1:colcon.colcon_core.package_discovery:discover_packages(recursive) using defaults
[0.126s] Level 1:colcon.colcon_core.package_discovery:discover_packages(ignore) discover
[0.126s] Level 1:colcon.colcon_core.package_discovery:discover_packages(ignore) using defaults
[0.126s] Level 1:colcon.colcon_core.package_discovery:discover_packages(path) discover
[0.126s] Level 1:colcon.colcon_core.package_discovery:discover_packages(path) using defaults
[0.146s] Level 1:colcon.colcon_core.package_discovery:discover_packages(prefix_path) check parameters
[0.146s] Level 1:colcon.colcon_core.package_discovery:discover_packages(prefix_path) discover
[0.148s] DEBUG:colcon.colcon_installed_package_information.package_discovery:Found 3 installed packages in /home/peter/ros2.1/UsbCaptureROS4/install
[0.150s] DEBUG:colcon.colcon_installed_package_information.package_discovery:Found 278 installed packages in /opt/ros/foxy
[0.151s] Level 1:colcon.colcon_core.package_discovery:discover_packages(prefix_path) using defaults
[0.196s] Level 5:colcon.colcon_core.verb:set package 'common' build argument 'cmake_args' from command line to 'None'
[0.196s] Level 5:colcon.colcon_core.verb:set package 'common' build argument 'cmake_target' from command line to 'None'
[0.196s] Level 5:colcon.colcon_core.verb:set package 'common' build argument 'cmake_target_skip_unavailable' from command line to 'False'
[0.196s] Level 5:colcon.colcon_core.verb:set package 'common' build argument 'cmake_clean_cache' from command line to 'False'
[0.196s] Level 5:colcon.colcon_core.verb:set package 'common' build argument 'cmake_clean_first' from command line to 'False'
[0.196s] Level 5:colcon.colcon_core.verb:set package 'common' build argument 'cmake_force_configure' from command line to 'False'
[0.196s] Level 5:colcon.colcon_core.verb:set package 'common' build argument 'ament_cmake_args' from command line to 'None'
[0.196s] Level 5:colcon.colcon_core.verb:set package 'common' build argument 'catkin_cmake_args' from command line to 'None'
[0.196s] Level 5:colcon.colcon_core.verb:set package 'common' build argument 'catkin_skip_building_tests' from command line to 'False'
[0.196s] DEBUG:colcon.colcon_core.verb:Building package 'common' with the following arguments: {'ament_cmake_args': None, 'build_base': '/home/peter/ros2.1/UsbCaptureROS4/build/common', 'catkin_cmake_args': None, 'catkin_skip_building_tests': False, 'cmake_args': None, 'cmake_clean_cache': False, 'cmake_clean_first': False, 'cmake_force_configure': False, 'cmake_target': None, 'cmake_target_skip_unavailable': False, 'install_base': '/home/peter/ros2.1/UsbCaptureROS4/install/common', 'merge_install': False, 'path': '/home/peter/ros2.1/UsbCaptureROS4/src/common', 'symlink_install': False, 'test_result_base': None}
[0.197s] Level 5:colcon.colcon_core.verb:set package 'interfaces' build argument 'cmake_args' from command line to 'None'
[0.197s] Level 5:colcon.colcon_core.verb:set package 'interfaces' build argument 'cmake_target' from command line to 'None'
[0.197s] Level 5:colcon.colcon_core.verb:set package 'interfaces' build argument 'cmake_target_skip_unavailable' from command line to 'False'
[0.197s] Level 5:colcon.colcon_core.verb:set package 'interfaces' build argument 'cmake_clean_cache' from command line to 'False'
[0.197s] Level 5:colcon.colcon_core.verb:set package 'interfaces' build argument 'cmake_clean_first' from command line to 'False'
[0.197s] Level 5:colcon.colcon_core.verb:set package 'interfaces' build argument 'cmake_force_configure' from command line to 'False'
[0.197s] Level 5:colcon.colcon_core.verb:set package 'interfaces' build argument 'ament_cmake_args' from command line to 'None'
[0.197s] Level 5:colcon.colcon_core.verb:set package 'interfaces' build argument 'catkin_cmake_args' from command line to 'None'
[0.197s] Level 5:colcon.colcon_core.verb:set package 'interfaces' build argument 'catkin_skip_building_tests' from command line to 'False'
[0.197s] DEBUG:colcon.colcon_core.verb:Building package 'interfaces' with the following arguments: {'ament_cmake_args': None, 'build_base': '/home/peter/ros2.1/UsbCaptureROS4/build/interfaces', 'catkin_cmake_args': None, 'catkin_skip_building_tests': False, 'cmake_args': None, 'cmake_clean_cache': False, 'cmake_clean_first': False, 'cmake_force_configure': False, 'cmake_target': None, 'cmake_target_skip_unavailable': False, 'install_base': '/home/peter/ros2.1/UsbCaptureROS4/install/interfaces', 'merge_install': False, 'path': '/home/peter/ros2.1/UsbCaptureROS4/src/interfaces', 'symlink_install': False, 'test_result_base': None}
[0.198s] Level 5:colcon.colcon_core.verb:set package 'ros2_usbcapture' build argument 'cmake_args' from command line to 'None'
[0.198s] Level 5:colcon.colcon_core.verb:set package 'ros2_usbcapture' build argument 'cmake_target' from command line to 'None'
[0.198s] Level 5:colcon.colcon_core.verb:set package 'ros2_usbcapture' build argument 'cmake_target_skip_unavailable' from command line to 'False'
[0.198s] Level 5:colcon.colcon_core.verb:set package 'ros2_usbcapture' build argument 'cmake_clean_cache' from command line to 'False'
[0.198s] Level 5:colcon.colcon_core.verb:set package 'ros2_usbcapture' build argument 'cmake_clean_first' from command line to 'False'
[0.198s] Level 5:colcon.colcon_core.verb:set package 'ros2_usbcapture' build argument 'cmake_force_configure' from command line to 'False'
[0.198s] Level 5:colcon.colcon_core.verb:set package 'ros2_usbcapture' build argument 'ament_cmake_args' from command line to 'None'
[0.198s] Level 5:colcon.colcon_core.verb:set package 'ros2_usbcapture' build argument 'catkin_cmake_args' from command line to 'None'
[0.198s] Level 5:colcon.colcon_core.verb:set package 'ros2_usbcapture' build argument 'catkin_skip_building_tests' from command line to 'False'
[0.198s] DEBUG:colcon.colcon_core.verb:Building package 'ros2_usbcapture' with the following arguments: {'ament_cmake_args': None, 'build_base': '/home/peter/ros2.1/UsbCaptureROS4/build/ros2_usbcapture', 'catkin_cmake_args': None, 'catkin_skip_building_tests': False, 'cmake_args': None, 'cmake_clean_cache': False, 'cmake_clean_first': False, 'cmake_force_configure': False, 'cmake_target': None, 'cmake_target_skip_unavailable': False, 'install_base': '/home/peter/ros2.1/UsbCaptureROS4/install/ros2_usbcapture', 'merge_install': False, 'path': '/home/peter/ros2.1/UsbCaptureROS4/src/ros2_usbcapture', 'symlink_install': False, 'test_result_base': None}
[0.199s] INFO:colcon.colcon_core.executor:Executing jobs using 'parallel' executor
[0.202s] DEBUG:colcon.colcon_parallel_executor.executor.parallel:run_until_complete
[0.202s] INFO:colcon.colcon_ros.task.ament_cmake.build:Building ROS package in '/home/peter/ros2.1/UsbCaptureROS4/src/common' with build type 'ament_cmake'
[0.202s] INFO:colcon.colcon_cmake.task.cmake.build:Building CMake package in '/home/peter/ros2.1/UsbCaptureROS4/src/common'
[0.205s] INFO:colcon.colcon_core.plugin_system:Skipping extension 'colcon_core.shell.bat': Not used on non-Windows systems
[0.205s] INFO:colcon.colcon_core.shell:Skip shell extension 'powershell' for command environment: Not usable outside of PowerShell
[0.205s] DEBUG:colcon.colcon_core.shell:Skip shell extension 'dsv' for command environment
[0.210s] INFO:colcon.colcon_ros.task.ament_cmake.build:Building ROS package in '/home/peter/ros2.1/UsbCaptureROS4/src/interfaces' with build type 'ament_cmake'
[0.211s] INFO:colcon.colcon_cmake.task.cmake.build:Building CMake package in '/home/peter/ros2.1/UsbCaptureROS4/src/interfaces'
[0.212s] INFO:colcon.colcon_core.shell:Skip shell extension 'powershell' for command environment: Not usable outside of PowerShell
[0.212s] DEBUG:colcon.colcon_core.shell:Skip shell extension 'dsv' for command environment
[0.226s] DEBUG:colcon.colcon_core.event_handler.log_command:Invoking command in '/home/peter/ros2.1/UsbCaptureROS4/build/common': CMAKE_PREFIX_PATH=${CMAKE_PREFIX_PATH}:/opt/ros/foxy /bin/cmake --build /home/peter/ros2.1/UsbCaptureROS4/build/common -- -j16 -l16
[0.231s] DEBUG:colcon.colcon_core.event_handler.log_command:Invoking command in '/home/peter/ros2.1/UsbCaptureROS4/build/interfaces': CMAKE_PREFIX_PATH=${CMAKE_PREFIX_PATH}:/opt/ros/foxy /bin/cmake --build /home/peter/ros2.1/UsbCaptureROS4/build/interfaces -- -j16 -l16
[0.292s] DEBUG:colcon.colcon_core.event_handler.log_command:Invoked command in '/home/peter/ros2.1/UsbCaptureROS4/build/common' returned '0': CMAKE_PREFIX_PATH=${CMAKE_PREFIX_PATH}:/opt/ros/foxy /bin/cmake --build /home/peter/ros2.1/UsbCaptureROS4/build/common -- -j16 -l16
[0.320s] DEBUG:colcon.colcon_core.event_handler.log_command:Invoking command in '/home/peter/ros2.1/UsbCaptureROS4/build/common': CMAKE_PREFIX_PATH=${CMAKE_PREFIX_PATH}:/opt/ros/foxy /bin/cmake --install /home/peter/ros2.1/UsbCaptureROS4/build/common
[0.331s] Level 1:colcon.colcon_core.environment:create_environment_scripts_only(common)
[0.331s] DEBUG:colcon.colcon_core.event_handler.log_command:Invoked command in '/home/peter/ros2.1/UsbCaptureROS4/build/common' returned '0': CMAKE_PREFIX_PATH=${CMAKE_PREFIX_PATH}:/opt/ros/foxy /bin/cmake --install /home/peter/ros2.1/UsbCaptureROS4/build/common
[0.336s] Level 1:colcon.colcon_core.environment:checking '/home/peter/ros2.1/UsbCaptureROS4/install/common' for CMake module files
[0.337s] Level 1:colcon.colcon_core.environment:checking '/home/peter/ros2.1/UsbCaptureROS4/install/common' for CMake config files
[0.337s] Level 1:colcon.colcon_core.shell:create_environment_hook('common', 'cmake_prefix_path')
[0.338s] INFO:colcon.colcon_core.shell:Creating environment hook '/home/peter/ros2.1/UsbCaptureROS4/install/common/share/common/hook/cmake_prefix_path.ps1'
[0.339s] INFO:colcon.colcon_core.shell:Creating environment descriptor '/home/peter/ros2.1/UsbCaptureROS4/install/common/share/common/hook/cmake_prefix_path.dsv'
[0.339s] INFO:colcon.colcon_core.shell:Creating environment hook '/home/peter/ros2.1/UsbCaptureROS4/install/common/share/common/hook/cmake_prefix_path.sh'
[0.340s] Level 1:colcon.colcon_core.environment:checking '/home/peter/ros2.1/UsbCaptureROS4/install/common/lib'
[0.340s] Level 1:colcon.colcon_core.shell:create_environment_hook('common', 'ld_library_path_lib')
[0.341s] INFO:colcon.colcon_core.shell:Creating environment hook '/home/peter/ros2.1/UsbCaptureROS4/install/common/share/common/hook/ld_library_path_lib.ps1'
[0.342s] INFO:colcon.colcon_core.shell:Creating environment descriptor '/home/peter/ros2.1/UsbCaptureROS4/install/common/share/common/hook/ld_library_path_lib.dsv'
[0.342s] INFO:colcon.colcon_core.shell:Creating environment hook '/home/peter/ros2.1/UsbCaptureROS4/install/common/share/common/hook/ld_library_path_lib.sh'
[0.342s] Level 1:colcon.colcon_core.environment:checking '/home/peter/ros2.1/UsbCaptureROS4/install/common/bin'
[0.342s] Level 1:colcon.colcon_core.environment:checking '/home/peter/ros2.1/UsbCaptureROS4/install/common/lib/pkgconfig/common.pc'
[0.342s] Level 1:colcon.colcon_core.environment:checking '/home/peter/ros2.1/UsbCaptureROS4/install/common/lib/python3.8/site-packages'
[0.342s] Level 1:colcon.colcon_core.environment:checking '/home/peter/ros2.1/UsbCaptureROS4/install/common/bin'
[0.344s] INFO:colcon.colcon_core.shell:Creating package script '/home/peter/ros2.1/UsbCaptureROS4/install/common/share/common/package.ps1'
[0.344s] INFO:colcon.colcon_core.shell:Creating package descriptor '/home/peter/ros2.1/UsbCaptureROS4/install/common/share/common/package.dsv'
[0.345s] INFO:colcon.colcon_core.shell:Creating package script '/home/peter/ros2.1/UsbCaptureROS4/install/common/share/common/package.sh'
[0.345s] INFO:colcon.colcon_core.shell:Creating package script '/home/peter/ros2.1/UsbCaptureROS4/install/common/share/common/package.bash'
[0.346s] INFO:colcon.colcon_core.shell:Creating package script '/home/peter/ros2.1/UsbCaptureROS4/install/common/share/common/package.zsh'
[0.346s] Level 1:colcon.colcon_core.environment:create_file_with_runtime_dependencies(/home/peter/ros2.1/UsbCaptureROS4/install/common/share/colcon-core/packages/common)
[0.366s] Level 1:colcon.colcon_core.environment:create_environment_scripts_only(common)
[0.368s] Level 1:colcon.colcon_core.environment:checking '/home/peter/ros2.1/UsbCaptureROS4/install/common' for CMake module files
[0.368s] Level 1:colcon.colcon_core.environment:checking '/home/peter/ros2.1/UsbCaptureROS4/install/common' for CMake config files
[0.369s] Level 1:colcon.colcon_core.shell:create_environment_hook('common', 'cmake_prefix_path')
[0.370s] INFO:colcon.colcon_core.shell:Creating environment hook '/home/peter/ros2.1/UsbCaptureROS4/install/common/share/common/hook/cmake_prefix_path.ps1'
[0.370s] INFO:colcon.colcon_core.shell:Creating environment descriptor '/home/peter/ros2.1/UsbCaptureROS4/install/common/share/common/hook/cmake_prefix_path.dsv'
[0.370s] INFO:colcon.colcon_core.shell:Creating environment hook '/home/peter/ros2.1/UsbCaptureROS4/install/common/share/common/hook/cmake_prefix_path.sh'
[0.371s] Level 1:colcon.colcon_core.environment:checking '/home/peter/ros2.1/UsbCaptureROS4/install/common/lib'
[0.371s] Level 1:colcon.colcon_core.shell:create_environment_hook('common', 'ld_library_path_lib')
[0.372s] INFO:colcon.colcon_core.shell:Creating environment hook '/home/peter/ros2.1/UsbCaptureROS4/install/common/share/common/hook/ld_library_path_lib.ps1'
[0.372s] INFO:colcon.colcon_core.shell:Creating environment descriptor '/home/peter/ros2.1/UsbCaptureROS4/install/common/share/common/hook/ld_library_path_lib.dsv'
[0.372s] INFO:colcon.colcon_core.shell:Creating environment hook '/home/peter/ros2.1/UsbCaptureROS4/install/common/share/common/hook/ld_library_path_lib.sh'
[0.373s] Level 1:colcon.colcon_core.environment:checking '/home/peter/ros2.1/UsbCaptureROS4/install/common/bin'
[0.373s] Level 1:colcon.colcon_core.environment:checking '/home/peter/ros2.1/UsbCaptureROS4/install/common/lib/pkgconfig/common.pc'
[0.373s] Level 1:colcon.colcon_core.environment:checking '/home/peter/ros2.1/UsbCaptureROS4/install/common/lib/python3.8/site-packages'
[0.373s] Level 1:colcon.colcon_core.environment:checking '/home/peter/ros2.1/UsbCaptureROS4/install/common/bin'
[0.375s] INFO:colcon.colcon_core.shell:Creating package script '/home/peter/ros2.1/UsbCaptureROS4/install/common/share/common/package.ps1'
[0.376s] INFO:colcon.colcon_core.shell:Creating package descriptor '/home/peter/ros2.1/UsbCaptureROS4/install/common/share/common/package.dsv'
[0.376s] INFO:colcon.colcon_core.shell:Creating package script '/home/peter/ros2.1/UsbCaptureROS4/install/common/share/common/package.sh'
[0.376s] INFO:colcon.colcon_core.shell:Creating package script '/home/peter/ros2.1/UsbCaptureROS4/install/common/share/common/package.bash'
[0.376s] INFO:colcon.colcon_core.shell:Creating package script '/home/peter/ros2.1/UsbCaptureROS4/install/common/share/common/package.zsh'
[0.377s] Level 1:colcon.colcon_core.environment:create_file_with_runtime_dependencies(/home/peter/ros2.1/UsbCaptureROS4/install/common/share/colcon-core/packages/common)
[0.405s] DEBUG:colcon.colcon_core.event_handler.log_command:Invoked command in '/home/peter/ros2.1/UsbCaptureROS4/build/interfaces' returned '0': CMAKE_PREFIX_PATH=${CMAKE_PREFIX_PATH}:/opt/ros/foxy /bin/cmake --build /home/peter/ros2.1/UsbCaptureROS4/build/interfaces -- -j16 -l16
[0.468s] DEBUG:colcon.colcon_core.event_handler.log_command:Invoking command in '/home/peter/ros2.1/UsbCaptureROS4/build/interfaces': CMAKE_PREFIX_PATH=${CMAKE_PREFIX_PATH}:/opt/ros/foxy /bin/cmake --install /home/peter/ros2.1/UsbCaptureROS4/build/interfaces
[0.516s] Level 1:colcon.colcon_core.environment:create_environment_scripts_only(interfaces)
[0.519s] Level 1:colcon.colcon_core.environment:checking '/home/peter/ros2.1/UsbCaptureROS4/install/interfaces' for CMake module files
[0.520s] DEBUG:colcon.colcon_core.event_handler.log_command:Invoked command in '/home/peter/ros2.1/UsbCaptureROS4/build/interfaces' returned '0': CMAKE_PREFIX_PATH=${CMAKE_PREFIX_PATH}:/opt/ros/foxy /bin/cmake --install /home/peter/ros2.1/UsbCaptureROS4/build/interfaces
[0.520s] Level 1:colcon.colcon_core.environment:checking '/home/peter/ros2.1/UsbCaptureROS4/install/interfaces' for CMake config files
[0.521s] Level 1:colcon.colcon_core.shell:create_environment_hook('interfaces', 'cmake_prefix_path')
[0.523s] INFO:colcon.colcon_core.shell:Creating environment hook '/home/peter/ros2.1/UsbCaptureROS4/install/interfaces/share/interfaces/hook/cmake_prefix_path.ps1'
[0.524s] INFO:colcon.colcon_core.shell:Creating environment descriptor '/home/peter/ros2.1/UsbCaptureROS4/install/interfaces/share/interfaces/hook/cmake_prefix_path.dsv'
[0.524s] INFO:colcon.colcon_core.shell:Creating environment hook '/home/peter/ros2.1/UsbCaptureROS4/install/interfaces/share/interfaces/hook/cmake_prefix_path.sh'
[0.525s] Level 1:colcon.colcon_core.environment:checking '/home/peter/ros2.1/UsbCaptureROS4/install/interfaces/lib'
[0.525s] Level 1:colcon.colcon_core.shell:create_environment_hook('interfaces', 'ld_library_path_lib')
[0.528s] INFO:colcon.colcon_core.shell:Creating environment hook '/home/peter/ros2.1/UsbCaptureROS4/install/interfaces/share/interfaces/hook/ld_library_path_lib.ps1'
[0.528s] INFO:colcon.colcon_core.shell:Creating environment descriptor '/home/peter/ros2.1/UsbCaptureROS4/install/interfaces/share/interfaces/hook/ld_library_path_lib.dsv'
[0.529s] INFO:colcon.colcon_core.shell:Creating environment hook '/home/peter/ros2.1/UsbCaptureROS4/install/interfaces/share/interfaces/hook/ld_library_path_lib.sh'
[0.530s] Level 1:colcon.colcon_core.environment:checking '/home/peter/ros2.1/UsbCaptureROS4/install/interfaces/bin'
[0.530s] Level 1:colcon.colcon_core.environment:checking '/home/peter/ros2.1/UsbCaptureROS4/install/interfaces/lib/pkgconfig/interfaces.pc'
[0.530s] Level 1:colcon.colcon_core.environment:checking '/home/peter/ros2.1/UsbCaptureROS4/install/interfaces/lib/python3.8/site-packages'
[0.530s] Level 1:colcon.colcon_core.shell:create_environment_hook('interfaces', 'pythonpath')
[0.531s] INFO:colcon.colcon_core.shell:Creating environment hook '/home/peter/ros2.1/UsbCaptureROS4/install/interfaces/share/interfaces/hook/pythonpath.ps1'
[0.531s] INFO:colcon.colcon_core.shell:Creating environment descriptor '/home/peter/ros2.1/UsbCaptureROS4/install/interfaces/share/interfaces/hook/pythonpath.dsv'
[0.531s] INFO:colcon.colcon_core.shell:Creating environment hook '/home/peter/ros2.1/UsbCaptureROS4/install/interfaces/share/interfaces/hook/pythonpath.sh'
[0.532s] Level 1:colcon.colcon_core.environment:checking '/home/peter/ros2.1/UsbCaptureROS4/install/interfaces/bin'
[0.533s] INFO:colcon.colcon_core.shell:Creating package script '/home/peter/ros2.1/UsbCaptureROS4/install/interfaces/share/interfaces/package.ps1'
[0.533s] INFO:colcon.colcon_core.shell:Creating package descriptor '/home/peter/ros2.1/UsbCaptureROS4/install/interfaces/share/interfaces/package.dsv'
[0.533s] INFO:colcon.colcon_core.shell:Creating package script '/home/peter/ros2.1/UsbCaptureROS4/install/interfaces/share/interfaces/package.sh'
[0.534s] INFO:colcon.colcon_core.shell:Creating package script '/home/peter/ros2.1/UsbCaptureROS4/install/interfaces/share/interfaces/package.bash'
[0.534s] INFO:colcon.colcon_core.shell:Creating package script '/home/peter/ros2.1/UsbCaptureROS4/install/interfaces/share/interfaces/package.zsh'
[0.534s] Level 1:colcon.colcon_core.environment:create_file_with_runtime_dependencies(/home/peter/ros2.1/UsbCaptureROS4/install/interfaces/share/colcon-core/packages/interfaces)
[0.597s] Level 1:colcon.colcon_core.environment:create_environment_scripts_only(interfaces)
[0.601s] Level 1:colcon.colcon_core.environment:checking '/home/peter/ros2.1/UsbCaptureROS4/install/interfaces' for CMake module files
[0.602s] Level 1:colcon.colcon_core.environment:checking '/home/peter/ros2.1/UsbCaptureROS4/install/interfaces' for CMake config files
[0.603s] Level 1:colcon.colcon_core.shell:create_environment_hook('interfaces', 'cmake_prefix_path')
[0.604s] INFO:colcon.colcon_core.shell:Creating environment hook '/home/peter/ros2.1/UsbCaptureROS4/install/interfaces/share/interfaces/hook/cmake_prefix_path.ps1'
[0.604s] INFO:colcon.colcon_core.shell:Creating environment descriptor '/home/peter/ros2.1/UsbCaptureROS4/install/interfaces/share/interfaces/hook/cmake_prefix_path.dsv'
[0.604s] INFO:colcon.colcon_core.shell:Creating environment hook '/home/peter/ros2.1/UsbCaptureROS4/install/interfaces/share/interfaces/hook/cmake_prefix_path.sh'
[0.605s] Level 1:colcon.colcon_core.environment:checking '/home/peter/ros2.1/UsbCaptureROS4/install/interfaces/lib'
[0.605s] Level 1:colcon.colcon_core.shell:create_environment_hook('interfaces', 'ld_library_path_lib')
[0.606s] INFO:colcon.colcon_core.shell:Creating environment hook '/home/peter/ros2.1/UsbCaptureROS4/install/interfaces/share/interfaces/hook/ld_library_path_lib.ps1'
[0.606s] INFO:colcon.colcon_core.shell:Creating environment descriptor '/home/peter/ros2.1/UsbCaptureROS4/install/interfaces/share/interfaces/hook/ld_library_path_lib.dsv'
[0.606s] INFO:colcon.colcon_core.shell:Creating environment hook '/home/peter/ros2.1/UsbCaptureROS4/install/interfaces/share/interfaces/hook/ld_library_path_lib.sh'
[0.607s] Level 1:colcon.colcon_core.environment:checking '/home/peter/ros2.1/UsbCaptureROS4/install/interfaces/bin'
[0.607s] Level 1:colcon.colcon_core.environment:checking '/home/peter/ros2.1/UsbCaptureROS4/install/interfaces/lib/pkgconfig/interfaces.pc'
[0.607s] Level 1:colcon.colcon_core.environment:checking '/home/peter/ros2.1/UsbCaptureROS4/install/interfaces/lib/python3.8/site-packages'
[0.607s] Level 1:colcon.colcon_core.shell:create_environment_hook('interfaces', 'pythonpath')
[0.608s] INFO:colcon.colcon_core.shell:Creating environment hook '/home/peter/ros2.1/UsbCaptureROS4/install/interfaces/share/interfaces/hook/pythonpath.ps1'
[0.608s] INFO:colcon.colcon_core.shell:Creating environment descriptor '/home/peter/ros2.1/UsbCaptureROS4/install/interfaces/share/interfaces/hook/pythonpath.dsv'
[0.608s] INFO:colcon.colcon_core.shell:Creating environment hook '/home/peter/ros2.1/UsbCaptureROS4/install/interfaces/share/interfaces/hook/pythonpath.sh'
[0.609s] Level 1:colcon.colcon_core.environment:checking '/home/peter/ros2.1/UsbCaptureROS4/install/interfaces/bin'
[0.610s] INFO:colcon.colcon_core.shell:Creating package script '/home/peter/ros2.1/UsbCaptureROS4/install/interfaces/share/interfaces/package.ps1'
[0.610s] INFO:colcon.colcon_core.shell:Creating package descriptor '/home/peter/ros2.1/UsbCaptureROS4/install/interfaces/share/interfaces/package.dsv'
[0.610s] INFO:colcon.colcon_core.shell:Creating package script '/home/peter/ros2.1/UsbCaptureROS4/install/interfaces/share/interfaces/package.sh'
[0.611s] INFO:colcon.colcon_core.shell:Creating package script '/home/peter/ros2.1/UsbCaptureROS4/install/interfaces/share/interfaces/package.bash'
[0.611s] INFO:colcon.colcon_core.shell:Creating package script '/home/peter/ros2.1/UsbCaptureROS4/install/interfaces/share/interfaces/package.zsh'
[0.611s] Level 1:colcon.colcon_core.environment:create_file_with_runtime_dependencies(/home/peter/ros2.1/UsbCaptureROS4/install/interfaces/share/colcon-core/packages/interfaces)
[0.612s] INFO:colcon.colcon_ros.task.ament_cmake.build:Building ROS package in '/home/peter/ros2.1/UsbCaptureROS4/src/ros2_usbcapture' with build type 'ament_cmake'
[0.612s] INFO:colcon.colcon_cmake.task.cmake.build:Building CMake package in '/home/peter/ros2.1/UsbCaptureROS4/src/ros2_usbcapture'
[0.613s] INFO:colcon.colcon_core.shell:Skip shell extension 'powershell' for command environment: Not usable outside of PowerShell
[0.613s] DEBUG:colcon.colcon_core.shell:Skip shell extension 'dsv' for command environment
[0.628s] DEBUG:colcon.colcon_core.event_handler.log_command:Invoking command in '/home/peter/ros2.1/UsbCaptureROS4/build/ros2_usbcapture': CMAKE_PREFIX_PATH=/home/peter/ros2.1/UsbCaptureROS4/install/interfaces:/home/peter/ros2.1/UsbCaptureROS4/install/common:/home/peter/ros2.1/UsbCaptureROS4/install/ros2_usbcapture:/opt/ros/foxy LD_LIBRARY_PATH=/home/peter/ros2.1/UsbCaptureROS4/install/interfaces/lib:/home/peter/ros2.1/UsbCaptureROS4/install/common/lib:/home/peter/ros2.1/UsbCaptureROS4/install/ros2_usbcapture/lib:/opt/ros/foxy/opt/yaml_cpp_vendor/lib:/opt/ros/foxy/opt/rviz_ogre_vendor/lib:/opt/ros/foxy/lib/x86_64-linux-gnu:/opt/ros/foxy/lib /bin/cmake --build /home/peter/ros2.1/UsbCaptureROS4/build/ros2_usbcapture -- -j16 -l16
[5.672s] DEBUG:colcon.colcon_core.event_handler.log_command:Invoked command in '/home/peter/ros2.1/UsbCaptureROS4/build/ros2_usbcapture' returned '0': CMAKE_PREFIX_PATH=/home/peter/ros2.1/UsbCaptureROS4/install/interfaces:/home/peter/ros2.1/UsbCaptureROS4/install/common:/home/peter/ros2.1/UsbCaptureROS4/install/ros2_usbcapture:/opt/ros/foxy LD_LIBRARY_PATH=/home/peter/ros2.1/UsbCaptureROS4/install/interfaces/lib:/home/peter/ros2.1/UsbCaptureROS4/install/common/lib:/home/peter/ros2.1/UsbCaptureROS4/install/ros2_usbcapture/lib:/opt/ros/foxy/opt/yaml_cpp_vendor/lib:/opt/ros/foxy/opt/rviz_ogre_vendor/lib:/opt/ros/foxy/lib/x86_64-linux-gnu:/opt/ros/foxy/lib /bin/cmake --build /home/peter/ros2.1/UsbCaptureROS4/build/ros2_usbcapture -- -j16 -l16
[5.697s] DEBUG:colcon.colcon_core.event_handler.log_command:Invoking command in '/home/peter/ros2.1/UsbCaptureROS4/build/ros2_usbcapture': CMAKE_PREFIX_PATH=/home/peter/ros2.1/UsbCaptureROS4/install/interfaces:/home/peter/ros2.1/UsbCaptureROS4/install/common:/home/peter/ros2.1/UsbCaptureROS4/install/ros2_usbcapture:/opt/ros/foxy LD_LIBRARY_PATH=/home/peter/ros2.1/UsbCaptureROS4/install/interfaces/lib:/home/peter/ros2.1/UsbCaptureROS4/install/common/lib:/home/peter/ros2.1/UsbCaptureROS4/install/ros2_usbcapture/lib:/opt/ros/foxy/opt/yaml_cpp_vendor/lib:/opt/ros/foxy/opt/rviz_ogre_vendor/lib:/opt/ros/foxy/lib/x86_64-linux-gnu:/opt/ros/foxy/lib /bin/cmake --install /home/peter/ros2.1/UsbCaptureROS4/build/ros2_usbcapture
[5.711s] Level 1:colcon.colcon_core.environment:create_environment_scripts_only(ros2_usbcapture)
[5.714s] Level 1:colcon.colcon_core.environment:checking '/home/peter/ros2.1/UsbCaptureROS4/install/ros2_usbcapture' for CMake module files
[5.714s] DEBUG:colcon.colcon_core.event_handler.log_command:Invoked command in '/home/peter/ros2.1/UsbCaptureROS4/build/ros2_usbcapture' returned '0': CMAKE_PREFIX_PATH=/home/peter/ros2.1/UsbCaptureROS4/install/interfaces:/home/peter/ros2.1/UsbCaptureROS4/install/common:/home/peter/ros2.1/UsbCaptureROS4/install/ros2_usbcapture:/opt/ros/foxy LD_LIBRARY_PATH=/home/peter/ros2.1/UsbCaptureROS4/install/interfaces/lib:/home/peter/ros2.1/UsbCaptureROS4/install/common/lib:/home/peter/ros2.1/UsbCaptureROS4/install/ros2_usbcapture/lib:/opt/ros/foxy/opt/yaml_cpp_vendor/lib:/opt/ros/foxy/opt/rviz_ogre_vendor/lib:/opt/ros/foxy/lib/x86_64-linux-gnu:/opt/ros/foxy/lib /bin/cmake --install /home/peter/ros2.1/UsbCaptureROS4/build/ros2_usbcapture
[5.715s] Level 1:colcon.colcon_core.environment:checking '/home/peter/ros2.1/UsbCaptureROS4/install/ros2_usbcapture' for CMake config files
[5.715s] Level 1:colcon.colcon_core.shell:create_environment_hook('ros2_usbcapture', 'cmake_prefix_path')
[5.716s] INFO:colcon.colcon_core.shell:Creating environment hook '/home/peter/ros2.1/UsbCaptureROS4/install/ros2_usbcapture/share/ros2_usbcapture/hook/cmake_prefix_path.ps1'
[5.717s] INFO:colcon.colcon_core.shell:Creating environment descriptor '/home/peter/ros2.1/UsbCaptureROS4/install/ros2_usbcapture/share/ros2_usbcapture/hook/cmake_prefix_path.dsv'
[5.717s] INFO:colcon.colcon_core.shell:Creating environment hook '/home/peter/ros2.1/UsbCaptureROS4/install/ros2_usbcapture/share/ros2_usbcapture/hook/cmake_prefix_path.sh'
[5.718s] Level 1:colcon.colcon_core.environment:checking '/home/peter/ros2.1/UsbCaptureROS4/install/ros2_usbcapture/lib'
[5.718s] Level 1:colcon.colcon_core.shell:create_environment_hook('ros2_usbcapture', 'ld_library_path_lib')
[5.719s] INFO:colcon.colcon_core.shell:Creating environment hook '/home/peter/ros2.1/UsbCaptureROS4/install/ros2_usbcapture/share/ros2_usbcapture/hook/ld_library_path_lib.ps1'
[5.720s] INFO:colcon.colcon_core.shell:Creating environment descriptor '/home/peter/ros2.1/UsbCaptureROS4/install/ros2_usbcapture/share/ros2_usbcapture/hook/ld_library_path_lib.dsv'
[5.720s] INFO:colcon.colcon_core.shell:Creating environment hook '/home/peter/ros2.1/UsbCaptureROS4/install/ros2_usbcapture/share/ros2_usbcapture/hook/ld_library_path_lib.sh'
[5.721s] Level 1:colcon.colcon_core.environment:checking '/home/peter/ros2.1/UsbCaptureROS4/install/ros2_usbcapture/bin'
[5.721s] Level 1:colcon.colcon_core.environment:checking '/home/peter/ros2.1/UsbCaptureROS4/install/ros2_usbcapture/lib/pkgconfig/ros2_usbcapture.pc'
[5.721s] Level 1:colcon.colcon_core.environment:checking '/home/peter/ros2.1/UsbCaptureROS4/install/ros2_usbcapture/lib/python3.8/site-packages'
[5.721s] Level 1:colcon.colcon_core.environment:checking '/home/peter/ros2.1/UsbCaptureROS4/install/ros2_usbcapture/bin'
[5.723s] INFO:colcon.colcon_core.shell:Creating package script '/home/peter/ros2.1/UsbCaptureROS4/install/ros2_usbcapture/share/ros2_usbcapture/package.ps1'
[5.723s] INFO:colcon.colcon_core.shell:Creating package descriptor '/home/peter/ros2.1/UsbCaptureROS4/install/ros2_usbcapture/share/ros2_usbcapture/package.dsv'
[5.724s] INFO:colcon.colcon_core.shell:Creating package script '/home/peter/ros2.1/UsbCaptureROS4/install/ros2_usbcapture/share/ros2_usbcapture/package.sh'
[5.724s] INFO:colcon.colcon_core.shell:Creating package script '/home/peter/ros2.1/UsbCaptureROS4/install/ros2_usbcapture/share/ros2_usbcapture/package.bash'
[5.725s] INFO:colcon.colcon_core.shell:Creating package script '/home/peter/ros2.1/UsbCaptureROS4/install/ros2_usbcapture/share/ros2_usbcapture/package.zsh'
[5.725s] Level 1:colcon.colcon_core.environment:create_file_with_runtime_dependencies(/home/peter/ros2.1/UsbCaptureROS4/install/ros2_usbcapture/share/colcon-core/packages/ros2_usbcapture)
[5.763s] Level 1:colcon.colcon_core.environment:create_environment_scripts_only(ros2_usbcapture)
[5.767s] Level 1:colcon.colcon_core.environment:checking '/home/peter/ros2.1/UsbCaptureROS4/install/ros2_usbcapture' for CMake module files
[5.768s] Level 1:colcon.colcon_core.environment:checking '/home/peter/ros2.1/UsbCaptureROS4/install/ros2_usbcapture' for CMake config files
[5.768s] Level 1:colcon.colcon_core.shell:create_environment_hook('ros2_usbcapture', 'cmake_prefix_path')
[5.771s] INFO:colcon.colcon_core.shell:Creating environment hook '/home/peter/ros2.1/UsbCaptureROS4/install/ros2_usbcapture/share/ros2_usbcapture/hook/cmake_prefix_path.ps1'
[5.772s] INFO:colcon.colcon_core.shell:Creating environment descriptor '/home/peter/ros2.1/UsbCaptureROS4/install/ros2_usbcapture/share/ros2_usbcapture/hook/cmake_prefix_path.dsv'
[5.772s] INFO:colcon.colcon_core.shell:Creating environment hook '/home/peter/ros2.1/UsbCaptureROS4/install/ros2_usbcapture/share/ros2_usbcapture/hook/cmake_prefix_path.sh'
[5.772s] Level 1:colcon.colcon_core.environment:checking '/home/peter/ros2.1/UsbCaptureROS4/install/ros2_usbcapture/lib'
[5.773s] Level 1:colcon.colcon_core.shell:create_environment_hook('ros2_usbcapture', 'ld_library_path_lib')
[5.773s] INFO:colcon.colcon_core.shell:Creating environment hook '/home/peter/ros2.1/UsbCaptureROS4/install/ros2_usbcapture/share/ros2_usbcapture/hook/ld_library_path_lib.ps1'
[5.774s] INFO:colcon.colcon_core.shell:Creating environment descriptor '/home/peter/ros2.1/UsbCaptureROS4/install/ros2_usbcapture/share/ros2_usbcapture/hook/ld_library_path_lib.dsv'
[5.774s] INFO:colcon.colcon_core.shell:Creating environment hook '/home/peter/ros2.1/UsbCaptureROS4/install/ros2_usbcapture/share/ros2_usbcapture/hook/ld_library_path_lib.sh'
[5.774s] Level 1:colcon.colcon_core.environment:checking '/home/peter/ros2.1/UsbCaptureROS4/install/ros2_usbcapture/bin'
[5.774s] Level 1:colcon.colcon_core.environment:checking '/home/peter/ros2.1/UsbCaptureROS4/install/ros2_usbcapture/lib/pkgconfig/ros2_usbcapture.pc'
[5.774s] Level 1:colcon.colcon_core.environment:checking '/home/peter/ros2.1/UsbCaptureROS4/install/ros2_usbcapture/lib/python3.8/site-packages'
[5.774s] Level 1:colcon.colcon_core.environment:checking '/home/peter/ros2.1/UsbCaptureROS4/install/ros2_usbcapture/bin'
[5.775s] INFO:colcon.colcon_core.shell:Creating package script '/home/peter/ros2.1/UsbCaptureROS4/install/ros2_usbcapture/share/ros2_usbcapture/package.ps1'
[5.776s] INFO:colcon.colcon_core.shell:Creating package descriptor '/home/peter/ros2.1/UsbCaptureROS4/install/ros2_usbcapture/share/ros2_usbcapture/package.dsv'
[5.776s] INFO:colcon.colcon_core.shell:Creating package script '/home/peter/ros2.1/UsbCaptureROS4/install/ros2_usbcapture/share/ros2_usbcapture/package.sh'
[5.776s] INFO:colcon.colcon_core.shell:Creating package script '/home/peter/ros2.1/UsbCaptureROS4/install/ros2_usbcapture/share/ros2_usbcapture/package.bash'
[5.776s] INFO:colcon.colcon_core.shell:Creating package script '/home/peter/ros2.1/UsbCaptureROS4/install/ros2_usbcapture/share/ros2_usbcapture/package.zsh'
[5.777s] Level 1:colcon.colcon_core.environment:create_file_with_runtime_dependencies(/home/peter/ros2.1/UsbCaptureROS4/install/ros2_usbcapture/share/colcon-core/packages/ros2_usbcapture)
[5.777s] DEBUG:colcon.colcon_parallel_executor.executor.parallel:closing loop
[5.777s] DEBUG:colcon.colcon_parallel_executor.executor.parallel:loop closed
[5.777s] DEBUG:colcon.colcon_parallel_executor.executor.parallel:run_until_complete finished with '0'
[5.777s] DEBUG:colcon.colcon_core.event_reactor:joining thread
[5.785s] INFO:colcon.colcon_core.plugin_system:Skipping extension 'colcon_notification.desktop_notification.terminal_notifier': Not used on non-Darwin systems
[5.785s] INFO:colcon.colcon_core.plugin_system:Skipping extension 'colcon_notification.desktop_notification.win32': Not used on non-Windows systems
[5.785s] INFO:colcon.colcon_notification.desktop_notification:Sending desktop notification using 'notify2'
[5.803s] DEBUG:colcon.colcon_core.event_reactor:joined thread
[5.805s] INFO:colcon.colcon_core.shell:Creating prefix script '/home/peter/ros2.1/UsbCaptureROS4/install/local_setup.ps1'
[5.806s] INFO:colcon.colcon_core.shell:Creating prefix util module '/home/peter/ros2.1/UsbCaptureROS4/install/_local_setup_util_ps1.py'
[5.808s] INFO:colcon.colcon_core.shell:Creating prefix chain script '/home/peter/ros2.1/UsbCaptureROS4/install/setup.ps1'
[5.809s] INFO:colcon.colcon_core.shell:Creating prefix script '/home/peter/ros2.1/UsbCaptureROS4/install/local_setup.sh'
[5.810s] INFO:colcon.colcon_core.shell:Creating prefix util module '/home/peter/ros2.1/UsbCaptureROS4/install/_local_setup_util_sh.py'
[5.810s] INFO:colcon.colcon_core.shell:Creating prefix chain script '/home/peter/ros2.1/UsbCaptureROS4/install/setup.sh'
[5.812s] INFO:colcon.colcon_core.shell:Creating prefix script '/home/peter/ros2.1/UsbCaptureROS4/install/local_setup.bash'
[5.812s] INFO:colcon.colcon_core.shell:Creating prefix chain script '/home/peter/ros2.1/UsbCaptureROS4/install/setup.bash'
[5.814s] INFO:colcon.colcon_core.shell:Creating prefix script '/home/peter/ros2.1/UsbCaptureROS4/install/local_setup.zsh'
[5.814s] INFO:colcon.colcon_core.shell:Creating prefix chain script '/home/peter/ros2.1/UsbCaptureROS4/install/setup.zsh'
