[0.097s] DEBUG:colcon:Command line arguments: ['/bin/colcon', 'build']
[0.097s] DEBUG:colcon:Parsed command line arguments: Namespace(allow_overriding=[], ament_cmake_args=None, base_paths=['.'], build_base='build', catkin_cmake_args=None, catkin_skip_building_tests=False, cmake_args=None, cmake_clean_cache=False, cmake_clean_first=False, cmake_force_configure=False, cmake_target=None, cmake_target_skip_unavailable=False, continue_on_error=False, event_handlers=None, executor='parallel', ignore_user_meta=False, install_base='install', log_base=None, log_level=None, main=<bound method BuildVerb.main of <colcon_core.verb.build.BuildVerb object at 0x7ff118d812e0>>, merge_install=False, metas=['./colcon.meta'], packages_above=None, packages_above_and_dependencies=None, packages_above_depth=None, packages_end=None, packages_ignore=None, packages_ignore_regex=None, packages_select=None, packages_select_build_failed=False, packages_select_by_dep=None, packages_select_regex=None, packages_select_test_failures=False, packages_skip=None, packages_skip_build_finished=False, packages_skip_by_dep=None, packages_skip_regex=None, packages_skip_test_passed=False, packages_skip_up_to=None, packages_start=None, packages_up_to=None, packages_up_to_regex=None, parallel_workers=16, paths=None, symlink_install=False, test_result_base=None, verb_extension=<colcon_core.verb.build.BuildVerb object at 0x7ff118d812e0>, verb_name='build', verb_parser=<colcon_defaults.argument_parser.defaults.DefaultArgumentsDecorator object at 0x7ff118d81820>)
[0.113s] Level 1:colcon.colcon_core.package_discovery:discover_packages(colcon_meta) check parameters
[0.113s] Level 1:colcon.colcon_core.package_discovery:discover_packages(recursive) check parameters
[0.113s] Level 1:colcon.colcon_core.package_discovery:discover_packages(ignore) check parameters
[0.113s] Level 1:colcon.colcon_core.package_discovery:discover_packages(path) check parameters
[0.113s] Level 1:colcon.colcon_core.package_discovery:discover_packages(colcon_meta) discover
[0.113s] Level 1:colcon.colcon_core.package_discovery:discover_packages(recursive) discover
[0.113s] INFO:colcon.colcon_core.package_discovery:Crawling recursively for packages in '/home/peter/ros2/UsbCaptureROS4'
[0.113s] Level 1:colcon.colcon_core.package_identification:_identify(.) by extensions ['ignore', 'ignore_ament_install']
[0.113s] Level 1:colcon.colcon_core.package_identification:_identify(.) by extension 'ignore'
[0.113s] Level 1:colcon.colcon_core.package_identification:_identify(.) by extension 'ignore_ament_install'
[0.113s] Level 1:colcon.colcon_core.package_identification:_identify(.) by extensions ['colcon_pkg']
[0.113s] Level 1:colcon.colcon_core.package_identification:_identify(.) by extension 'colcon_pkg'
[0.114s] Level 1:colcon.colcon_core.package_identification:_identify(.) by extensions ['colcon_meta']
[0.114s] Level 1:colcon.colcon_core.package_identification:_identify(.) by extension 'colcon_meta'
[0.114s] Level 1:colcon.colcon_core.package_identification:_identify(.) by extensions ['ros']
[0.114s] Level 1:colcon.colcon_core.package_identification:_identify(.) by extension 'ros'
[0.121s] Level 1:colcon.colcon_core.package_identification:_identify(.) by extensions ['cmake', 'python']
[0.121s] Level 1:colcon.colcon_core.package_identification:_identify(.) by extension 'cmake'
[0.121s] Level 1:colcon.colcon_core.package_identification:_identify(.) by extension 'python'
[0.121s] Level 1:colcon.colcon_core.package_identification:_identify(.) by extensions ['python_setup_py']
[0.121s] Level 1:colcon.colcon_core.package_identification:_identify(.) by extension 'python_setup_py'
[0.121s] Level 1:colcon.colcon_core.package_identification:_identify(build) by extensions ['ignore', 'ignore_ament_install']
[0.121s] Level 1:colcon.colcon_core.package_identification:_identify(build) by extension 'ignore'
[0.121s] Level 1:colcon.colcon_core.package_identification:_identify(build) ignored
[0.121s] Level 1:colcon.colcon_core.package_identification:_identify(install) by extensions ['ignore', 'ignore_ament_install']
[0.121s] Level 1:colcon.colcon_core.package_identification:_identify(install) by extension 'ignore'
[0.121s] Level 1:colcon.colcon_core.package_identification:_identify(install) ignored
[0.122s] Level 1:colcon.colcon_core.package_identification:_identify(log) by extensions ['ignore', 'ignore_ament_install']
[0.122s] Level 1:colcon.colcon_core.package_identification:_identify(log) by extension 'ignore'
[0.122s] Level 1:colcon.colcon_core.package_identification:_identify(log) ignored
[0.122s] Level 1:colcon.colcon_core.package_identification:_identify(src) by extensions ['ignore', 'ignore_ament_install']
[0.122s] Level 1:colcon.colcon_core.package_identification:_identify(src) by extension 'ignore'
[0.122s] Level 1:colcon.colcon_core.package_identification:_identify(src) by extension 'ignore_ament_install'
[0.122s] Level 1:colcon.colcon_core.package_identification:_identify(src) by extensions ['colcon_pkg']
[0.122s] Level 1:colcon.colcon_core.package_identification:_identify(src) by extension 'colcon_pkg'
[0.122s] Level 1:colcon.colcon_core.package_identification:_identify(src) by extensions ['colcon_meta']
[0.122s] Level 1:colcon.colcon_core.package_identification:_identify(src) by extension 'colcon_meta'
[0.122s] Level 1:colcon.colcon_core.package_identification:_identify(src) by extensions ['ros']
[0.122s] Level 1:colcon.colcon_core.package_identification:_identify(src) by extension 'ros'
[0.122s] Level 1:colcon.colcon_core.package_identification:_identify(src) by extensions ['cmake', 'python']
[0.122s] Level 1:colcon.colcon_core.package_identification:_identify(src) by extension 'cmake'
[0.122s] Level 1:colcon.colcon_core.package_identification:_identify(src) by extension 'python'
[0.122s] Level 1:colcon.colcon_core.package_identification:_identify(src) by extensions ['python_setup_py']
[0.122s] Level 1:colcon.colcon_core.package_identification:_identify(src) by extension 'python_setup_py'
[0.122s] Level 1:colcon.colcon_core.package_identification:_identify(src/common) by extensions ['ignore', 'ignore_ament_install']
[0.122s] Level 1:colcon.colcon_core.package_identification:_identify(src/common) by extension 'ignore'
[0.122s] Level 1:colcon.colcon_core.package_identification:_identify(src/common) by extension 'ignore_ament_install'
[0.122s] Level 1:colcon.colcon_core.package_identification:_identify(src/common) by extensions ['colcon_pkg']
[0.122s] Level 1:colcon.colcon_core.package_identification:_identify(src/common) by extension 'colcon_pkg'
[0.122s] Level 1:colcon.colcon_core.package_identification:_identify(src/common) by extensions ['colcon_meta']
[0.122s] Level 1:colcon.colcon_core.package_identification:_identify(src/common) by extension 'colcon_meta'
[0.122s] Level 1:colcon.colcon_core.package_identification:_identify(src/common) by extensions ['ros']
[0.122s] Level 1:colcon.colcon_core.package_identification:_identify(src/common) by extension 'ros'
[0.124s] DEBUG:colcon.colcon_core.package_identification:Package 'src/common' with type 'ros.ament_cmake' and name 'common'
[0.124s] Level 1:colcon.colcon_core.package_identification:_identify(src/interfaces) by extensions ['ignore', 'ignore_ament_install']
[0.124s] Level 1:colcon.colcon_core.package_identification:_identify(src/interfaces) by extension 'ignore'
[0.124s] Level 1:colcon.colcon_core.package_identification:_identify(src/interfaces) by extension 'ignore_ament_install'
[0.124s] Level 1:colcon.colcon_core.package_identification:_identify(src/interfaces) by extensions ['colcon_pkg']
[0.124s] Level 1:colcon.colcon_core.package_identification:_identify(src/interfaces) by extension 'colcon_pkg'
[0.124s] Level 1:colcon.colcon_core.package_identification:_identify(src/interfaces) by extensions ['colcon_meta']
[0.124s] Level 1:colcon.colcon_core.package_identification:_identify(src/interfaces) by extension 'colcon_meta'
[0.124s] Level 1:colcon.colcon_core.package_identification:_identify(src/interfaces) by extensions ['ros']
[0.124s] Level 1:colcon.colcon_core.package_identification:_identify(src/interfaces) by extension 'ros'
[0.125s] DEBUG:colcon.colcon_core.package_identification:Package 'src/interfaces' with type 'ros.ament_cmake' and name 'interfaces'
[0.125s] Level 1:colcon.colcon_core.package_identification:_identify(src/ros2_usbcapture) by extensions ['ignore', 'ignore_ament_install']
[0.125s] Level 1:colcon.colcon_core.package_identification:_identify(src/ros2_usbcapture) by extension 'ignore'
[0.125s] Level 1:colcon.colcon_core.package_identification:_identify(src/ros2_usbcapture) by extension 'ignore_ament_install'
[0.125s] Level 1:colcon.colcon_core.package_identification:_identify(src/ros2_usbcapture) by extensions ['colcon_pkg']
[0.125s] Level 1:colcon.colcon_core.package_identification:_identify(src/ros2_usbcapture) by extension 'colcon_pkg'
[0.125s] Level 1:colcon.colcon_core.package_identification:_identify(src/ros2_usbcapture) by extensions ['colcon_meta']
[0.125s] Level 1:colcon.colcon_core.package_identification:_identify(src/ros2_usbcapture) by extension 'colcon_meta'
[0.125s] Level 1:colcon.colcon_core.package_identification:_identify(src/ros2_usbcapture) by extensions ['ros']
[0.125s] Level 1:colcon.colcon_core.package_identification:_identify(src/ros2_usbcapture) by extension 'ros'
[0.126s] DEBUG:colcon.colcon_core.package_identification:Package 'src/ros2_usbcapture' with type 'ros.ament_cmake' and name 'ros2_usbcapture'
[0.126s] Level 1:colcon.colcon_core.package_discovery:discover_packages(recursive) using defaults
[0.126s] Level 1:colcon.colcon_core.package_discovery:discover_packages(ignore) discover
[0.126s] Level 1:colcon.colcon_core.package_discovery:discover_packages(ignore) using defaults
[0.126s] Level 1:colcon.colcon_core.package_discovery:discover_packages(path) discover
[0.126s] Level 1:colcon.colcon_core.package_discovery:discover_packages(path) using defaults
[0.147s] Level 1:colcon.colcon_core.package_discovery:discover_packages(prefix_path) check parameters
[0.147s] Level 1:colcon.colcon_core.package_discovery:discover_packages(prefix_path) discover
[0.149s] DEBUG:colcon.colcon_installed_package_information.package_discovery:Found 278 installed packages in /opt/ros/foxy
[0.150s] Level 1:colcon.colcon_core.package_discovery:discover_packages(prefix_path) using defaults
[0.194s] Level 5:colcon.colcon_core.verb:set package 'common' build argument 'cmake_args' from command line to 'None'
[0.194s] Level 5:colcon.colcon_core.verb:set package 'common' build argument 'cmake_target' from command line to 'None'
[0.194s] Level 5:colcon.colcon_core.verb:set package 'common' build argument 'cmake_target_skip_unavailable' from command line to 'False'
[0.194s] Level 5:colcon.colcon_core.verb:set package 'common' build argument 'cmake_clean_cache' from command line to 'False'
[0.194s] Level 5:colcon.colcon_core.verb:set package 'common' build argument 'cmake_clean_first' from command line to 'False'
[0.194s] Level 5:colcon.colcon_core.verb:set package 'common' build argument 'cmake_force_configure' from command line to 'False'
[0.194s] Level 5:colcon.colcon_core.verb:set package 'common' build argument 'ament_cmake_args' from command line to 'None'
[0.194s] Level 5:colcon.colcon_core.verb:set package 'common' build argument 'catkin_cmake_args' from command line to 'None'
[0.194s] Level 5:colcon.colcon_core.verb:set package 'common' build argument 'catkin_skip_building_tests' from command line to 'False'
[0.194s] DEBUG:colcon.colcon_core.verb:Building package 'common' with the following arguments: {'ament_cmake_args': None, 'build_base': '/home/peter/ros2/UsbCaptureROS4/build/common', 'catkin_cmake_args': None, 'catkin_skip_building_tests': False, 'cmake_args': None, 'cmake_clean_cache': False, 'cmake_clean_first': False, 'cmake_force_configure': False, 'cmake_target': None, 'cmake_target_skip_unavailable': False, 'install_base': '/home/peter/ros2/UsbCaptureROS4/install/common', 'merge_install': False, 'path': '/home/peter/ros2/UsbCaptureROS4/src/common', 'symlink_install': False, 'test_result_base': None}
[0.195s] Level 5:colcon.colcon_core.verb:set package 'interfaces' build argument 'cmake_args' from command line to 'None'
[0.195s] Level 5:colcon.colcon_core.verb:set package 'interfaces' build argument 'cmake_target' from command line to 'None'
[0.195s] Level 5:colcon.colcon_core.verb:set package 'interfaces' build argument 'cmake_target_skip_unavailable' from command line to 'False'
[0.195s] Level 5:colcon.colcon_core.verb:set package 'interfaces' build argument 'cmake_clean_cache' from command line to 'False'
[0.195s] Level 5:colcon.colcon_core.verb:set package 'interfaces' build argument 'cmake_clean_first' from command line to 'False'
[0.195s] Level 5:colcon.colcon_core.verb:set package 'interfaces' build argument 'cmake_force_configure' from command line to 'False'
[0.195s] Level 5:colcon.colcon_core.verb:set package 'interfaces' build argument 'ament_cmake_args' from command line to 'None'
[0.195s] Level 5:colcon.colcon_core.verb:set package 'interfaces' build argument 'catkin_cmake_args' from command line to 'None'
[0.195s] Level 5:colcon.colcon_core.verb:set package 'interfaces' build argument 'catkin_skip_building_tests' from command line to 'False'
[0.195s] DEBUG:colcon.colcon_core.verb:Building package 'interfaces' with the following arguments: {'ament_cmake_args': None, 'build_base': '/home/peter/ros2/UsbCaptureROS4/build/interfaces', 'catkin_cmake_args': None, 'catkin_skip_building_tests': False, 'cmake_args': None, 'cmake_clean_cache': False, 'cmake_clean_first': False, 'cmake_force_configure': False, 'cmake_target': None, 'cmake_target_skip_unavailable': False, 'install_base': '/home/peter/ros2/UsbCaptureROS4/install/interfaces', 'merge_install': False, 'path': '/home/peter/ros2/UsbCaptureROS4/src/interfaces', 'symlink_install': False, 'test_result_base': None}
[0.195s] Level 5:colcon.colcon_core.verb:set package 'ros2_usbcapture' build argument 'cmake_args' from command line to 'None'
[0.195s] Level 5:colcon.colcon_core.verb:set package 'ros2_usbcapture' build argument 'cmake_target' from command line to 'None'
[0.196s] Level 5:colcon.colcon_core.verb:set package 'ros2_usbcapture' build argument 'cmake_target_skip_unavailable' from command line to 'False'
[0.196s] Level 5:colcon.colcon_core.verb:set package 'ros2_usbcapture' build argument 'cmake_clean_cache' from command line to 'False'
[0.196s] Level 5:colcon.colcon_core.verb:set package 'ros2_usbcapture' build argument 'cmake_clean_first' from command line to 'False'
[0.196s] Level 5:colcon.colcon_core.verb:set package 'ros2_usbcapture' build argument 'cmake_force_configure' from command line to 'False'
[0.196s] Level 5:colcon.colcon_core.verb:set package 'ros2_usbcapture' build argument 'ament_cmake_args' from command line to 'None'
[0.196s] Level 5:colcon.colcon_core.verb:set package 'ros2_usbcapture' build argument 'catkin_cmake_args' from command line to 'None'
[0.196s] Level 5:colcon.colcon_core.verb:set package 'ros2_usbcapture' build argument 'catkin_skip_building_tests' from command line to 'False'
[0.196s] DEBUG:colcon.colcon_core.verb:Building package 'ros2_usbcapture' with the following arguments: {'ament_cmake_args': None, 'build_base': '/home/peter/ros2/UsbCaptureROS4/build/ros2_usbcapture', 'catkin_cmake_args': None, 'catkin_skip_building_tests': False, 'cmake_args': None, 'cmake_clean_cache': False, 'cmake_clean_first': False, 'cmake_force_configure': False, 'cmake_target': None, 'cmake_target_skip_unavailable': False, 'install_base': '/home/peter/ros2/UsbCaptureROS4/install/ros2_usbcapture', 'merge_install': False, 'path': '/home/peter/ros2/UsbCaptureROS4/src/ros2_usbcapture', 'symlink_install': False, 'test_result_base': None}
[0.196s] INFO:colcon.colcon_core.executor:Executing jobs using 'parallel' executor
[0.199s] DEBUG:colcon.colcon_parallel_executor.executor.parallel:run_until_complete
[0.199s] INFO:colcon.colcon_ros.task.ament_cmake.build:Building ROS package in '/home/peter/ros2/UsbCaptureROS4/src/common' with build type 'ament_cmake'
[0.199s] INFO:colcon.colcon_cmake.task.cmake.build:Building CMake package in '/home/peter/ros2/UsbCaptureROS4/src/common'
[0.202s] INFO:colcon.colcon_core.plugin_system:Skipping extension 'colcon_core.shell.bat': Not used on non-Windows systems
[0.202s] INFO:colcon.colcon_core.shell:Skip shell extension 'powershell' for command environment: Not usable outside of PowerShell
[0.202s] DEBUG:colcon.colcon_core.shell:Skip shell extension 'dsv' for command environment
[0.206s] INFO:colcon.colcon_ros.task.ament_cmake.build:Building ROS package in '/home/peter/ros2/UsbCaptureROS4/src/interfaces' with build type 'ament_cmake'
[0.206s] INFO:colcon.colcon_cmake.task.cmake.build:Building CMake package in '/home/peter/ros2/UsbCaptureROS4/src/interfaces'
[0.208s] INFO:colcon.colcon_core.shell:Skip shell extension 'powershell' for command environment: Not usable outside of PowerShell
[0.208s] DEBUG:colcon.colcon_core.shell:Skip shell extension 'dsv' for command environment
[0.220s] DEBUG:colcon.colcon_core.event_handler.log_command:Invoking command in '/home/peter/ros2/UsbCaptureROS4/build/common': CMAKE_PREFIX_PATH=/opt/ros/foxy /bin/cmake --build /home/peter/ros2/UsbCaptureROS4/build/common -- -j16 -l16
[0.225s] DEBUG:colcon.colcon_core.event_handler.log_command:Invoking command in '/home/peter/ros2/UsbCaptureROS4/build/interfaces': CMAKE_PREFIX_PATH=/opt/ros/foxy /bin/cmake --build /home/peter/ros2/UsbCaptureROS4/build/interfaces -- -j16 -l16
[0.283s] DEBUG:colcon.colcon_core.event_handler.log_command:Invoked command in '/home/peter/ros2/UsbCaptureROS4/build/common' returned '0': CMAKE_PREFIX_PATH=/opt/ros/foxy /bin/cmake --build /home/peter/ros2/UsbCaptureROS4/build/common -- -j16 -l16
[0.312s] DEBUG:colcon.colcon_core.event_handler.log_command:Invoking command in '/home/peter/ros2/UsbCaptureROS4/build/common': CMAKE_PREFIX_PATH=/opt/ros/foxy /bin/cmake --install /home/peter/ros2/UsbCaptureROS4/build/common
[0.321s] Level 1:colcon.colcon_core.environment:create_environment_scripts_only(common)
[0.324s] DEBUG:colcon.colcon_core.event_handler.log_command:Invoked command in '/home/peter/ros2/UsbCaptureROS4/build/common' returned '0': CMAKE_PREFIX_PATH=/opt/ros/foxy /bin/cmake --install /home/peter/ros2/UsbCaptureROS4/build/common
[0.329s] Level 1:colcon.colcon_core.environment:checking '/home/peter/ros2/UsbCaptureROS4/install/common' for CMake module files
[0.329s] Level 1:colcon.colcon_core.environment:checking '/home/peter/ros2/UsbCaptureROS4/install/common' for CMake config files
[0.330s] Level 1:colcon.colcon_core.shell:create_environment_hook('common', 'cmake_prefix_path')
[0.331s] INFO:colcon.colcon_core.shell:Creating environment hook '/home/peter/ros2/UsbCaptureROS4/install/common/share/common/hook/cmake_prefix_path.ps1'
[0.331s] INFO:colcon.colcon_core.shell:Creating environment descriptor '/home/peter/ros2/UsbCaptureROS4/install/common/share/common/hook/cmake_prefix_path.dsv'
[0.332s] INFO:colcon.colcon_core.shell:Creating environment hook '/home/peter/ros2/UsbCaptureROS4/install/common/share/common/hook/cmake_prefix_path.sh'
[0.332s] Level 1:colcon.colcon_core.environment:checking '/home/peter/ros2/UsbCaptureROS4/install/common/lib'
[0.332s] Level 1:colcon.colcon_core.shell:create_environment_hook('common', 'ld_library_path_lib')
[0.333s] INFO:colcon.colcon_core.shell:Creating environment hook '/home/peter/ros2/UsbCaptureROS4/install/common/share/common/hook/ld_library_path_lib.ps1'
[0.334s] INFO:colcon.colcon_core.shell:Creating environment descriptor '/home/peter/ros2/UsbCaptureROS4/install/common/share/common/hook/ld_library_path_lib.dsv'
[0.334s] INFO:colcon.colcon_core.shell:Creating environment hook '/home/peter/ros2/UsbCaptureROS4/install/common/share/common/hook/ld_library_path_lib.sh'
[0.334s] Level 1:colcon.colcon_core.environment:checking '/home/peter/ros2/UsbCaptureROS4/install/common/bin'
[0.334s] Level 1:colcon.colcon_core.environment:checking '/home/peter/ros2/UsbCaptureROS4/install/common/lib/pkgconfig/common.pc'
[0.334s] Level 1:colcon.colcon_core.environment:checking '/home/peter/ros2/UsbCaptureROS4/install/common/lib/python3.8/site-packages'
[0.335s] Level 1:colcon.colcon_core.environment:checking '/home/peter/ros2/UsbCaptureROS4/install/common/bin'
[0.336s] INFO:colcon.colcon_core.shell:Creating package script '/home/peter/ros2/UsbCaptureROS4/install/common/share/common/package.ps1'
[0.336s] INFO:colcon.colcon_core.shell:Creating package descriptor '/home/peter/ros2/UsbCaptureROS4/install/common/share/common/package.dsv'
[0.336s] INFO:colcon.colcon_core.shell:Creating package script '/home/peter/ros2/UsbCaptureROS4/install/common/share/common/package.sh'
[0.337s] INFO:colcon.colcon_core.shell:Creating package script '/home/peter/ros2/UsbCaptureROS4/install/common/share/common/package.bash'
[0.338s] INFO:colcon.colcon_core.shell:Creating package script '/home/peter/ros2/UsbCaptureROS4/install/common/share/common/package.zsh'
[0.338s] Level 1:colcon.colcon_core.environment:create_file_with_runtime_dependencies(/home/peter/ros2/UsbCaptureROS4/install/common/share/colcon-core/packages/common)
[0.358s] Level 1:colcon.colcon_core.environment:create_environment_scripts_only(common)
[0.360s] Level 1:colcon.colcon_core.environment:checking '/home/peter/ros2/UsbCaptureROS4/install/common' for CMake module files
[0.360s] Level 1:colcon.colcon_core.environment:checking '/home/peter/ros2/UsbCaptureROS4/install/common' for CMake config files
[0.360s] Level 1:colcon.colcon_core.shell:create_environment_hook('common', 'cmake_prefix_path')
[0.362s] INFO:colcon.colcon_core.shell:Creating environment hook '/home/peter/ros2/UsbCaptureROS4/install/common/share/common/hook/cmake_prefix_path.ps1'
[0.362s] INFO:colcon.colcon_core.shell:Creating environment descriptor '/home/peter/ros2/UsbCaptureROS4/install/common/share/common/hook/cmake_prefix_path.dsv'
[0.362s] INFO:colcon.colcon_core.shell:Creating environment hook '/home/peter/ros2/UsbCaptureROS4/install/common/share/common/hook/cmake_prefix_path.sh'
[0.363s] Level 1:colcon.colcon_core.environment:checking '/home/peter/ros2/UsbCaptureROS4/install/common/lib'
[0.363s] Level 1:colcon.colcon_core.shell:create_environment_hook('common', 'ld_library_path_lib')
[0.364s] INFO:colcon.colcon_core.shell:Creating environment hook '/home/peter/ros2/UsbCaptureROS4/install/common/share/common/hook/ld_library_path_lib.ps1'
[0.365s] INFO:colcon.colcon_core.shell:Creating environment descriptor '/home/peter/ros2/UsbCaptureROS4/install/common/share/common/hook/ld_library_path_lib.dsv'
[0.365s] INFO:colcon.colcon_core.shell:Creating environment hook '/home/peter/ros2/UsbCaptureROS4/install/common/share/common/hook/ld_library_path_lib.sh'
[0.365s] Level 1:colcon.colcon_core.environment:checking '/home/peter/ros2/UsbCaptureROS4/install/common/bin'
[0.365s] Level 1:colcon.colcon_core.environment:checking '/home/peter/ros2/UsbCaptureROS4/install/common/lib/pkgconfig/common.pc'
[0.365s] Level 1:colcon.colcon_core.environment:checking '/home/peter/ros2/UsbCaptureROS4/install/common/lib/python3.8/site-packages'
[0.366s] Level 1:colcon.colcon_core.environment:checking '/home/peter/ros2/UsbCaptureROS4/install/common/bin'
[0.366s] INFO:colcon.colcon_core.shell:Creating package script '/home/peter/ros2/UsbCaptureROS4/install/common/share/common/package.ps1'
[0.367s] INFO:colcon.colcon_core.shell:Creating package descriptor '/home/peter/ros2/UsbCaptureROS4/install/common/share/common/package.dsv'
[0.367s] INFO:colcon.colcon_core.shell:Creating package script '/home/peter/ros2/UsbCaptureROS4/install/common/share/common/package.sh'
[0.367s] INFO:colcon.colcon_core.shell:Creating package script '/home/peter/ros2/UsbCaptureROS4/install/common/share/common/package.bash'
[0.368s] INFO:colcon.colcon_core.shell:Creating package script '/home/peter/ros2/UsbCaptureROS4/install/common/share/common/package.zsh'
[0.368s] Level 1:colcon.colcon_core.environment:create_file_with_runtime_dependencies(/home/peter/ros2/UsbCaptureROS4/install/common/share/colcon-core/packages/common)
[0.415s] DEBUG:colcon.colcon_core.event_handler.log_command:Invoked command in '/home/peter/ros2/UsbCaptureROS4/build/interfaces' returned '0': CMAKE_PREFIX_PATH=/opt/ros/foxy /bin/cmake --build /home/peter/ros2/UsbCaptureROS4/build/interfaces -- -j16 -l16
[0.477s] DEBUG:colcon.colcon_core.event_handler.log_command:Invoking command in '/home/peter/ros2/UsbCaptureROS4/build/interfaces': CMAKE_PREFIX_PATH=/opt/ros/foxy /bin/cmake --install /home/peter/ros2/UsbCaptureROS4/build/interfaces
[0.521s] Level 1:colcon.colcon_core.environment:create_environment_scripts_only(interfaces)
[0.524s] Level 1:colcon.colcon_core.environment:checking '/home/peter/ros2/UsbCaptureROS4/install/interfaces' for CMake module files
[0.524s] DEBUG:colcon.colcon_core.event_handler.log_command:Invoked command in '/home/peter/ros2/UsbCaptureROS4/build/interfaces' returned '0': CMAKE_PREFIX_PATH=/opt/ros/foxy /bin/cmake --install /home/peter/ros2/UsbCaptureROS4/build/interfaces
[0.525s] Level 1:colcon.colcon_core.environment:checking '/home/peter/ros2/UsbCaptureROS4/install/interfaces' for CMake config files
[0.525s] Level 1:colcon.colcon_core.shell:create_environment_hook('interfaces', 'cmake_prefix_path')
[0.527s] INFO:colcon.colcon_core.shell:Creating environment hook '/home/peter/ros2/UsbCaptureROS4/install/interfaces/share/interfaces/hook/cmake_prefix_path.ps1'
[0.527s] INFO:colcon.colcon_core.shell:Creating environment descriptor '/home/peter/ros2/UsbCaptureROS4/install/interfaces/share/interfaces/hook/cmake_prefix_path.dsv'
[0.528s] INFO:colcon.colcon_core.shell:Creating environment hook '/home/peter/ros2/UsbCaptureROS4/install/interfaces/share/interfaces/hook/cmake_prefix_path.sh'
[0.528s] Level 1:colcon.colcon_core.environment:checking '/home/peter/ros2/UsbCaptureROS4/install/interfaces/lib'
[0.528s] Level 1:colcon.colcon_core.shell:create_environment_hook('interfaces', 'ld_library_path_lib')
[0.530s] INFO:colcon.colcon_core.shell:Creating environment hook '/home/peter/ros2/UsbCaptureROS4/install/interfaces/share/interfaces/hook/ld_library_path_lib.ps1'
[0.530s] INFO:colcon.colcon_core.shell:Creating environment descriptor '/home/peter/ros2/UsbCaptureROS4/install/interfaces/share/interfaces/hook/ld_library_path_lib.dsv'
[0.531s] INFO:colcon.colcon_core.shell:Creating environment hook '/home/peter/ros2/UsbCaptureROS4/install/interfaces/share/interfaces/hook/ld_library_path_lib.sh'
[0.531s] Level 1:colcon.colcon_core.environment:checking '/home/peter/ros2/UsbCaptureROS4/install/interfaces/bin'
[0.531s] Level 1:colcon.colcon_core.environment:checking '/home/peter/ros2/UsbCaptureROS4/install/interfaces/lib/pkgconfig/interfaces.pc'
[0.531s] Level 1:colcon.colcon_core.environment:checking '/home/peter/ros2/UsbCaptureROS4/install/interfaces/lib/python3.8/site-packages'
[0.531s] Level 1:colcon.colcon_core.shell:create_environment_hook('interfaces', 'pythonpath')
[0.533s] INFO:colcon.colcon_core.shell:Creating environment hook '/home/peter/ros2/UsbCaptureROS4/install/interfaces/share/interfaces/hook/pythonpath.ps1'
[0.533s] INFO:colcon.colcon_core.shell:Creating environment descriptor '/home/peter/ros2/UsbCaptureROS4/install/interfaces/share/interfaces/hook/pythonpath.dsv'
[0.533s] INFO:colcon.colcon_core.shell:Creating environment hook '/home/peter/ros2/UsbCaptureROS4/install/interfaces/share/interfaces/hook/pythonpath.sh'
[0.534s] Level 1:colcon.colcon_core.environment:checking '/home/peter/ros2/UsbCaptureROS4/install/interfaces/bin'
[0.535s] INFO:colcon.colcon_core.shell:Creating package script '/home/peter/ros2/UsbCaptureROS4/install/interfaces/share/interfaces/package.ps1'
[0.535s] INFO:colcon.colcon_core.shell:Creating package descriptor '/home/peter/ros2/UsbCaptureROS4/install/interfaces/share/interfaces/package.dsv'
[0.535s] INFO:colcon.colcon_core.shell:Creating package script '/home/peter/ros2/UsbCaptureROS4/install/interfaces/share/interfaces/package.sh'
[0.536s] INFO:colcon.colcon_core.shell:Creating package script '/home/peter/ros2/UsbCaptureROS4/install/interfaces/share/interfaces/package.bash'
[0.536s] INFO:colcon.colcon_core.shell:Creating package script '/home/peter/ros2/UsbCaptureROS4/install/interfaces/share/interfaces/package.zsh'
[0.536s] Level 1:colcon.colcon_core.environment:create_file_with_runtime_dependencies(/home/peter/ros2/UsbCaptureROS4/install/interfaces/share/colcon-core/packages/interfaces)
[0.578s] Level 1:colcon.colcon_core.environment:create_environment_scripts_only(interfaces)
[0.581s] Level 1:colcon.colcon_core.environment:checking '/home/peter/ros2/UsbCaptureROS4/install/interfaces' for CMake module files
[0.582s] Level 1:colcon.colcon_core.environment:checking '/home/peter/ros2/UsbCaptureROS4/install/interfaces' for CMake config files
[0.583s] Level 1:colcon.colcon_core.shell:create_environment_hook('interfaces', 'cmake_prefix_path')
[0.585s] INFO:colcon.colcon_core.shell:Creating environment hook '/home/peter/ros2/UsbCaptureROS4/install/interfaces/share/interfaces/hook/cmake_prefix_path.ps1'
[0.586s] INFO:colcon.colcon_core.shell:Creating environment descriptor '/home/peter/ros2/UsbCaptureROS4/install/interfaces/share/interfaces/hook/cmake_prefix_path.dsv'
[0.586s] INFO:colcon.colcon_core.shell:Creating environment hook '/home/peter/ros2/UsbCaptureROS4/install/interfaces/share/interfaces/hook/cmake_prefix_path.sh'
[0.586s] Level 1:colcon.colcon_core.environment:checking '/home/peter/ros2/UsbCaptureROS4/install/interfaces/lib'
[0.587s] Level 1:colcon.colcon_core.shell:create_environment_hook('interfaces', 'ld_library_path_lib')
[0.587s] INFO:colcon.colcon_core.shell:Creating environment hook '/home/peter/ros2/UsbCaptureROS4/install/interfaces/share/interfaces/hook/ld_library_path_lib.ps1'
[0.588s] INFO:colcon.colcon_core.shell:Creating environment descriptor '/home/peter/ros2/UsbCaptureROS4/install/interfaces/share/interfaces/hook/ld_library_path_lib.dsv'
[0.588s] INFO:colcon.colcon_core.shell:Creating environment hook '/home/peter/ros2/UsbCaptureROS4/install/interfaces/share/interfaces/hook/ld_library_path_lib.sh'
[0.588s] Level 1:colcon.colcon_core.environment:checking '/home/peter/ros2/UsbCaptureROS4/install/interfaces/bin'
[0.588s] Level 1:colcon.colcon_core.environment:checking '/home/peter/ros2/UsbCaptureROS4/install/interfaces/lib/pkgconfig/interfaces.pc'
[0.588s] Level 1:colcon.colcon_core.environment:checking '/home/peter/ros2/UsbCaptureROS4/install/interfaces/lib/python3.8/site-packages'
[0.588s] Level 1:colcon.colcon_core.shell:create_environment_hook('interfaces', 'pythonpath')
[0.589s] INFO:colcon.colcon_core.shell:Creating environment hook '/home/peter/ros2/UsbCaptureROS4/install/interfaces/share/interfaces/hook/pythonpath.ps1'
[0.589s] INFO:colcon.colcon_core.shell:Creating environment descriptor '/home/peter/ros2/UsbCaptureROS4/install/interfaces/share/interfaces/hook/pythonpath.dsv'
[0.590s] INFO:colcon.colcon_core.shell:Creating environment hook '/home/peter/ros2/UsbCaptureROS4/install/interfaces/share/interfaces/hook/pythonpath.sh'
[0.590s] Level 1:colcon.colcon_core.environment:checking '/home/peter/ros2/UsbCaptureROS4/install/interfaces/bin'
[0.591s] INFO:colcon.colcon_core.shell:Creating package script '/home/peter/ros2/UsbCaptureROS4/install/interfaces/share/interfaces/package.ps1'
[0.591s] INFO:colcon.colcon_core.shell:Creating package descriptor '/home/peter/ros2/UsbCaptureROS4/install/interfaces/share/interfaces/package.dsv'
[0.592s] INFO:colcon.colcon_core.shell:Creating package script '/home/peter/ros2/UsbCaptureROS4/install/interfaces/share/interfaces/package.sh'
[0.592s] INFO:colcon.colcon_core.shell:Creating package script '/home/peter/ros2/UsbCaptureROS4/install/interfaces/share/interfaces/package.bash'
[0.592s] INFO:colcon.colcon_core.shell:Creating package script '/home/peter/ros2/UsbCaptureROS4/install/interfaces/share/interfaces/package.zsh'
[0.592s] Level 1:colcon.colcon_core.environment:create_file_with_runtime_dependencies(/home/peter/ros2/UsbCaptureROS4/install/interfaces/share/colcon-core/packages/interfaces)
[0.593s] INFO:colcon.colcon_ros.task.ament_cmake.build:Building ROS package in '/home/peter/ros2/UsbCaptureROS4/src/ros2_usbcapture' with build type 'ament_cmake'
[0.593s] INFO:colcon.colcon_cmake.task.cmake.build:Building CMake package in '/home/peter/ros2/UsbCaptureROS4/src/ros2_usbcapture'
[0.594s] INFO:colcon.colcon_core.shell:Skip shell extension 'powershell' for command environment: Not usable outside of PowerShell
[0.594s] DEBUG:colcon.colcon_core.shell:Skip shell extension 'dsv' for command environment
[0.608s] DEBUG:colcon.colcon_core.event_handler.log_command:Invoking command in '/home/peter/ros2/UsbCaptureROS4/build/ros2_usbcapture': AMENT_PREFIX_PATH=/home/peter/ros2/UsbCaptureROS4/install/interfaces:/home/peter/ros2/UsbCaptureROS4/install/common:${AMENT_PREFIX_PATH} CMAKE_PREFIX_PATH=/home/peter/ros2/UsbCaptureROS4/install/interfaces:/home/peter/ros2/UsbCaptureROS4/install/common:/opt/ros/foxy LD_LIBRARY_PATH=/home/peter/ros2/UsbCaptureROS4/install/interfaces/lib:/home/peter/ros2/UsbCaptureROS4/install/common/lib:${LD_LIBRARY_PATH} PYTHONPATH=/home/peter/ros2/UsbCaptureROS4/install/interfaces/lib/python3.8/site-packages:${PYTHONPATH} /bin/cmake --build /home/peter/ros2/UsbCaptureROS4/build/ros2_usbcapture -- -j16 -l16
[3.097s] DEBUG:colcon.colcon_core.event_handler.log_command:Invoked command in '/home/peter/ros2/UsbCaptureROS4/build/ros2_usbcapture' returned '2': AMENT_PREFIX_PATH=/home/peter/ros2/UsbCaptureROS4/install/interfaces:/home/peter/ros2/UsbCaptureROS4/install/common:${AMENT_PREFIX_PATH} CMAKE_PREFIX_PATH=/home/peter/ros2/UsbCaptureROS4/install/interfaces:/home/peter/ros2/UsbCaptureROS4/install/common:/opt/ros/foxy LD_LIBRARY_PATH=/home/peter/ros2/UsbCaptureROS4/install/interfaces/lib:/home/peter/ros2/UsbCaptureROS4/install/common/lib:${LD_LIBRARY_PATH} PYTHONPATH=/home/peter/ros2/UsbCaptureROS4/install/interfaces/lib/python3.8/site-packages:${PYTHONPATH} /bin/cmake --build /home/peter/ros2/UsbCaptureROS4/build/ros2_usbcapture -- -j16 -l16
[3.124s] Level 1:colcon.colcon_core.environment:create_environment_scripts_only(ros2_usbcapture)
[3.126s] Level 1:colcon.colcon_core.environment:checking '/home/peter/ros2/UsbCaptureROS4/install/ros2_usbcapture' for CMake module files
[3.127s] Level 1:colcon.colcon_core.environment:checking '/home/peter/ros2/UsbCaptureROS4/install/ros2_usbcapture' for CMake config files
[3.127s] Level 1:colcon.colcon_core.shell:create_environment_hook('ros2_usbcapture', 'cmake_prefix_path')
[3.129s] INFO:colcon.colcon_core.shell:Creating environment hook '/home/peter/ros2/UsbCaptureROS4/install/ros2_usbcapture/share/ros2_usbcapture/hook/cmake_prefix_path.ps1'
[3.129s] INFO:colcon.colcon_core.shell:Creating environment descriptor '/home/peter/ros2/UsbCaptureROS4/install/ros2_usbcapture/share/ros2_usbcapture/hook/cmake_prefix_path.dsv'
[3.129s] INFO:colcon.colcon_core.shell:Creating environment hook '/home/peter/ros2/UsbCaptureROS4/install/ros2_usbcapture/share/ros2_usbcapture/hook/cmake_prefix_path.sh'
[3.130s] Level 1:colcon.colcon_core.environment:checking '/home/peter/ros2/UsbCaptureROS4/install/ros2_usbcapture/lib'
[3.130s] Level 1:colcon.colcon_core.shell:create_environment_hook('ros2_usbcapture', 'ld_library_path_lib')
[3.131s] INFO:colcon.colcon_core.shell:Creating environment hook '/home/peter/ros2/UsbCaptureROS4/install/ros2_usbcapture/share/ros2_usbcapture/hook/ld_library_path_lib.ps1'
[3.132s] INFO:colcon.colcon_core.shell:Creating environment descriptor '/home/peter/ros2/UsbCaptureROS4/install/ros2_usbcapture/share/ros2_usbcapture/hook/ld_library_path_lib.dsv'
[3.132s] INFO:colcon.colcon_core.shell:Creating environment hook '/home/peter/ros2/UsbCaptureROS4/install/ros2_usbcapture/share/ros2_usbcapture/hook/ld_library_path_lib.sh'
[3.132s] Level 1:colcon.colcon_core.environment:checking '/home/peter/ros2/UsbCaptureROS4/install/ros2_usbcapture/bin'
[3.132s] Level 1:colcon.colcon_core.environment:checking '/home/peter/ros2/UsbCaptureROS4/install/ros2_usbcapture/lib/pkgconfig/ros2_usbcapture.pc'
[3.133s] Level 1:colcon.colcon_core.environment:checking '/home/peter/ros2/UsbCaptureROS4/install/ros2_usbcapture/lib/python3.8/site-packages'
[3.133s] Level 1:colcon.colcon_core.environment:checking '/home/peter/ros2/UsbCaptureROS4/install/ros2_usbcapture/bin'
[3.134s] INFO:colcon.colcon_core.shell:Creating package script '/home/peter/ros2/UsbCaptureROS4/install/ros2_usbcapture/share/ros2_usbcapture/package.ps1'
[3.134s] INFO:colcon.colcon_core.shell:Creating package descriptor '/home/peter/ros2/UsbCaptureROS4/install/ros2_usbcapture/share/ros2_usbcapture/package.dsv'
[3.134s] INFO:colcon.colcon_core.shell:Creating package script '/home/peter/ros2/UsbCaptureROS4/install/ros2_usbcapture/share/ros2_usbcapture/package.sh'
[3.135s] INFO:colcon.colcon_core.shell:Creating package script '/home/peter/ros2/UsbCaptureROS4/install/ros2_usbcapture/share/ros2_usbcapture/package.bash'
[3.135s] INFO:colcon.colcon_core.shell:Creating package script '/home/peter/ros2/UsbCaptureROS4/install/ros2_usbcapture/share/ros2_usbcapture/package.zsh'
[3.135s] Level 1:colcon.colcon_core.environment:create_file_with_runtime_dependencies(/home/peter/ros2/UsbCaptureROS4/install/ros2_usbcapture/share/colcon-core/packages/ros2_usbcapture)
[3.146s] DEBUG:colcon.colcon_parallel_executor.executor.parallel:closing loop
[3.146s] DEBUG:colcon.colcon_parallel_executor.executor.parallel:loop closed
[3.146s] DEBUG:colcon.colcon_parallel_executor.executor.parallel:run_until_complete finished with '2'
[3.146s] DEBUG:colcon.colcon_core.event_reactor:joining thread
[3.152s] INFO:colcon.colcon_core.plugin_system:Skipping extension 'colcon_notification.desktop_notification.terminal_notifier': Not used on non-Darwin systems
[3.152s] INFO:colcon.colcon_core.plugin_system:Skipping extension 'colcon_notification.desktop_notification.win32': Not used on non-Windows systems
[3.152s] INFO:colcon.colcon_notification.desktop_notification:Sending desktop notification using 'notify2'
[3.166s] DEBUG:colcon.colcon_core.event_reactor:joined thread
[3.167s] INFO:colcon.colcon_core.shell:Creating prefix script '/home/peter/ros2/UsbCaptureROS4/install/local_setup.ps1'
[3.169s] INFO:colcon.colcon_core.shell:Creating prefix util module '/home/peter/ros2/UsbCaptureROS4/install/_local_setup_util_ps1.py'
[3.171s] INFO:colcon.colcon_core.shell:Creating prefix chain script '/home/peter/ros2/UsbCaptureROS4/install/setup.ps1'
[3.173s] INFO:colcon.colcon_core.shell:Creating prefix script '/home/peter/ros2/UsbCaptureROS4/install/local_setup.sh'
[3.174s] INFO:colcon.colcon_core.shell:Creating prefix util module '/home/peter/ros2/UsbCaptureROS4/install/_local_setup_util_sh.py'
[3.174s] INFO:colcon.colcon_core.shell:Creating prefix chain script '/home/peter/ros2/UsbCaptureROS4/install/setup.sh'
[3.177s] INFO:colcon.colcon_core.shell:Creating prefix script '/home/peter/ros2/UsbCaptureROS4/install/local_setup.bash'
[3.177s] INFO:colcon.colcon_core.shell:Creating prefix chain script '/home/peter/ros2/UsbCaptureROS4/install/setup.bash'
[3.179s] INFO:colcon.colcon_core.shell:Creating prefix script '/home/peter/ros2/UsbCaptureROS4/install/local_setup.zsh'
[3.179s] INFO:colcon.colcon_core.shell:Creating prefix chain script '/home/peter/ros2/UsbCaptureROS4/install/setup.zsh'
