[0.108s] DEBUG:colcon:Command line arguments: ['/bin/colcon', 'build']
[0.108s] DEBUG:colcon:Parsed command line arguments: Namespace(allow_overriding=[], ament_cmake_args=None, base_paths=['.'], build_base='build', catkin_cmake_args=None, catkin_skip_building_tests=False, cmake_args=None, cmake_clean_cache=False, cmake_clean_first=False, cmake_force_configure=False, cmake_target=None, cmake_target_skip_unavailable=False, continue_on_error=False, event_handlers=None, executor='parallel', ignore_user_meta=False, install_base='install', log_base=None, log_level=None, main=<bound method BuildVerb.main of <colcon_core.verb.build.BuildVerb object at 0x7feb21203670>>, merge_install=False, metas=['./colcon.meta'], packages_above=None, packages_above_and_dependencies=None, packages_above_depth=None, packages_end=None, packages_ignore=None, packages_ignore_regex=None, packages_select=None, packages_select_build_failed=False, packages_select_by_dep=None, packages_select_regex=None, packages_select_test_failures=False, packages_skip=None, packages_skip_build_finished=False, packages_skip_by_dep=None, packages_skip_regex=None, packages_skip_test_passed=False, packages_skip_up_to=None, packages_start=None, packages_up_to=None, packages_up_to_regex=None, parallel_workers=16, paths=None, symlink_install=False, test_result_base=None, verb_extension=<colcon_core.verb.build.BuildVerb object at 0x7feb21203670>, verb_name='build', verb_parser=<colcon_defaults.argument_parser.defaults.DefaultArgumentsDecorator object at 0x7feb21203bb0>)
[0.125s] Level 1:colcon.colcon_core.package_discovery:discover_packages(colcon_meta) check parameters
[0.125s] Level 1:colcon.colcon_core.package_discovery:discover_packages(recursive) check parameters
[0.125s] Level 1:colcon.colcon_core.package_discovery:discover_packages(ignore) check parameters
[0.125s] Level 1:colcon.colcon_core.package_discovery:discover_packages(path) check parameters
[0.125s] Level 1:colcon.colcon_core.package_discovery:discover_packages(colcon_meta) discover
[0.125s] Level 1:colcon.colcon_core.package_discovery:discover_packages(recursive) discover
[0.125s] INFO:colcon.colcon_core.package_discovery:Crawling recursively for packages in '/home/peter/ros2/UsbCaptureROS4'
[0.125s] Level 1:colcon.colcon_core.package_identification:_identify(.) by extensions ['ignore', 'ignore_ament_install']
[0.125s] Level 1:colcon.colcon_core.package_identification:_identify(.) by extension 'ignore'
[0.125s] Level 1:colcon.colcon_core.package_identification:_identify(.) by extension 'ignore_ament_install'
[0.125s] Level 1:colcon.colcon_core.package_identification:_identify(.) by extensions ['colcon_pkg']
[0.125s] Level 1:colcon.colcon_core.package_identification:_identify(.) by extension 'colcon_pkg'
[0.125s] Level 1:colcon.colcon_core.package_identification:_identify(.) by extensions ['colcon_meta']
[0.125s] Level 1:colcon.colcon_core.package_identification:_identify(.) by extension 'colcon_meta'
[0.125s] Level 1:colcon.colcon_core.package_identification:_identify(.) by extensions ['ros']
[0.125s] Level 1:colcon.colcon_core.package_identification:_identify(.) by extension 'ros'
[0.133s] Level 1:colcon.colcon_core.package_identification:_identify(.) by extensions ['cmake', 'python']
[0.133s] Level 1:colcon.colcon_core.package_identification:_identify(.) by extension 'cmake'
[0.133s] Level 1:colcon.colcon_core.package_identification:_identify(.) by extension 'python'
[0.133s] Level 1:colcon.colcon_core.package_identification:_identify(.) by extensions ['python_setup_py']
[0.133s] Level 1:colcon.colcon_core.package_identification:_identify(.) by extension 'python_setup_py'
[0.133s] Level 1:colcon.colcon_core.package_identification:_identify(build) by extensions ['ignore', 'ignore_ament_install']
[0.133s] Level 1:colcon.colcon_core.package_identification:_identify(build) by extension 'ignore'
[0.133s] Level 1:colcon.colcon_core.package_identification:_identify(build) ignored
[0.133s] Level 1:colcon.colcon_core.package_identification:_identify(install) by extensions ['ignore', 'ignore_ament_install']
[0.133s] Level 1:colcon.colcon_core.package_identification:_identify(install) by extension 'ignore'
[0.133s] Level 1:colcon.colcon_core.package_identification:_identify(install) ignored
[0.133s] Level 1:colcon.colcon_core.package_identification:_identify(log) by extensions ['ignore', 'ignore_ament_install']
[0.133s] Level 1:colcon.colcon_core.package_identification:_identify(log) by extension 'ignore'
[0.133s] Level 1:colcon.colcon_core.package_identification:_identify(log) ignored
[0.134s] Level 1:colcon.colcon_core.package_identification:_identify(src) by extensions ['ignore', 'ignore_ament_install']
[0.134s] Level 1:colcon.colcon_core.package_identification:_identify(src) by extension 'ignore'
[0.134s] Level 1:colcon.colcon_core.package_identification:_identify(src) by extension 'ignore_ament_install'
[0.134s] Level 1:colcon.colcon_core.package_identification:_identify(src) by extensions ['colcon_pkg']
[0.134s] Level 1:colcon.colcon_core.package_identification:_identify(src) by extension 'colcon_pkg'
[0.134s] Level 1:colcon.colcon_core.package_identification:_identify(src) by extensions ['colcon_meta']
[0.134s] Level 1:colcon.colcon_core.package_identification:_identify(src) by extension 'colcon_meta'
[0.134s] Level 1:colcon.colcon_core.package_identification:_identify(src) by extensions ['ros']
[0.134s] Level 1:colcon.colcon_core.package_identification:_identify(src) by extension 'ros'
[0.134s] Level 1:colcon.colcon_core.package_identification:_identify(src) by extensions ['cmake', 'python']
[0.134s] Level 1:colcon.colcon_core.package_identification:_identify(src) by extension 'cmake'
[0.134s] Level 1:colcon.colcon_core.package_identification:_identify(src) by extension 'python'
[0.134s] Level 1:colcon.colcon_core.package_identification:_identify(src) by extensions ['python_setup_py']
[0.134s] Level 1:colcon.colcon_core.package_identification:_identify(src) by extension 'python_setup_py'
[0.134s] Level 1:colcon.colcon_core.package_identification:_identify(src/common) by extensions ['ignore', 'ignore_ament_install']
[0.134s] Level 1:colcon.colcon_core.package_identification:_identify(src/common) by extension 'ignore'
[0.134s] Level 1:colcon.colcon_core.package_identification:_identify(src/common) by extension 'ignore_ament_install'
[0.134s] Level 1:colcon.colcon_core.package_identification:_identify(src/common) by extensions ['colcon_pkg']
[0.134s] Level 1:colcon.colcon_core.package_identification:_identify(src/common) by extension 'colcon_pkg'
[0.134s] Level 1:colcon.colcon_core.package_identification:_identify(src/common) by extensions ['colcon_meta']
[0.134s] Level 1:colcon.colcon_core.package_identification:_identify(src/common) by extension 'colcon_meta'
[0.134s] Level 1:colcon.colcon_core.package_identification:_identify(src/common) by extensions ['ros']
[0.134s] Level 1:colcon.colcon_core.package_identification:_identify(src/common) by extension 'ros'
[0.136s] DEBUG:colcon.colcon_core.package_identification:Package 'src/common' with type 'ros.ament_cmake' and name 'common'
[0.136s] Level 1:colcon.colcon_core.package_identification:_identify(src/interfaces) by extensions ['ignore', 'ignore_ament_install']
[0.136s] Level 1:colcon.colcon_core.package_identification:_identify(src/interfaces) by extension 'ignore'
[0.136s] Level 1:colcon.colcon_core.package_identification:_identify(src/interfaces) by extension 'ignore_ament_install'
[0.136s] Level 1:colcon.colcon_core.package_identification:_identify(src/interfaces) by extensions ['colcon_pkg']
[0.136s] Level 1:colcon.colcon_core.package_identification:_identify(src/interfaces) by extension 'colcon_pkg'
[0.136s] Level 1:colcon.colcon_core.package_identification:_identify(src/interfaces) by extensions ['colcon_meta']
[0.136s] Level 1:colcon.colcon_core.package_identification:_identify(src/interfaces) by extension 'colcon_meta'
[0.136s] Level 1:colcon.colcon_core.package_identification:_identify(src/interfaces) by extensions ['ros']
[0.136s] Level 1:colcon.colcon_core.package_identification:_identify(src/interfaces) by extension 'ros'
[0.137s] DEBUG:colcon.colcon_core.package_identification:Package 'src/interfaces' with type 'ros.ament_cmake' and name 'interfaces'
[0.137s] Level 1:colcon.colcon_core.package_identification:_identify(src/ros2_usbcapture) by extensions ['ignore', 'ignore_ament_install']
[0.137s] Level 1:colcon.colcon_core.package_identification:_identify(src/ros2_usbcapture) by extension 'ignore'
[0.137s] Level 1:colcon.colcon_core.package_identification:_identify(src/ros2_usbcapture) by extension 'ignore_ament_install'
[0.137s] Level 1:colcon.colcon_core.package_identification:_identify(src/ros2_usbcapture) by extensions ['colcon_pkg']
[0.137s] Level 1:colcon.colcon_core.package_identification:_identify(src/ros2_usbcapture) by extension 'colcon_pkg'
[0.137s] Level 1:colcon.colcon_core.package_identification:_identify(src/ros2_usbcapture) by extensions ['colcon_meta']
[0.137s] Level 1:colcon.colcon_core.package_identification:_identify(src/ros2_usbcapture) by extension 'colcon_meta'
[0.137s] Level 1:colcon.colcon_core.package_identification:_identify(src/ros2_usbcapture) by extensions ['ros']
[0.137s] Level 1:colcon.colcon_core.package_identification:_identify(src/ros2_usbcapture) by extension 'ros'
[0.138s] DEBUG:colcon.colcon_core.package_identification:Package 'src/ros2_usbcapture' with type 'ros.ament_cmake' and name 'ros2_usbcapture'
[0.138s] Level 1:colcon.colcon_core.package_discovery:discover_packages(recursive) using defaults
[0.138s] Level 1:colcon.colcon_core.package_discovery:discover_packages(ignore) discover
[0.138s] Level 1:colcon.colcon_core.package_discovery:discover_packages(ignore) using defaults
[0.138s] Level 1:colcon.colcon_core.package_discovery:discover_packages(path) discover
[0.138s] Level 1:colcon.colcon_core.package_discovery:discover_packages(path) using defaults
[0.161s] Level 1:colcon.colcon_core.package_discovery:discover_packages(prefix_path) check parameters
[0.161s] Level 1:colcon.colcon_core.package_discovery:discover_packages(prefix_path) discover
[0.163s] DEBUG:colcon.colcon_installed_package_information.package_discovery:Found 3 installed packages in /home/peter/ros2/UsbCaptureROS4/install
[0.164s] DEBUG:colcon.colcon_installed_package_information.package_discovery:Found 278 installed packages in /opt/ros/foxy
[0.165s] Level 1:colcon.colcon_core.package_discovery:discover_packages(prefix_path) using defaults
[0.211s] Level 5:colcon.colcon_core.verb:set package 'common' build argument 'cmake_args' from command line to 'None'
[0.211s] Level 5:colcon.colcon_core.verb:set package 'common' build argument 'cmake_target' from command line to 'None'
[0.211s] Level 5:colcon.colcon_core.verb:set package 'common' build argument 'cmake_target_skip_unavailable' from command line to 'False'
[0.211s] Level 5:colcon.colcon_core.verb:set package 'common' build argument 'cmake_clean_cache' from command line to 'False'
[0.211s] Level 5:colcon.colcon_core.verb:set package 'common' build argument 'cmake_clean_first' from command line to 'False'
[0.211s] Level 5:colcon.colcon_core.verb:set package 'common' build argument 'cmake_force_configure' from command line to 'False'
[0.211s] Level 5:colcon.colcon_core.verb:set package 'common' build argument 'ament_cmake_args' from command line to 'None'
[0.211s] Level 5:colcon.colcon_core.verb:set package 'common' build argument 'catkin_cmake_args' from command line to 'None'
[0.211s] Level 5:colcon.colcon_core.verb:set package 'common' build argument 'catkin_skip_building_tests' from command line to 'False'
[0.211s] DEBUG:colcon.colcon_core.verb:Building package 'common' with the following arguments: {'ament_cmake_args': None, 'build_base': '/home/peter/ros2/UsbCaptureROS4/build/common', 'catkin_cmake_args': None, 'catkin_skip_building_tests': False, 'cmake_args': None, 'cmake_clean_cache': False, 'cmake_clean_first': False, 'cmake_force_configure': False, 'cmake_target': None, 'cmake_target_skip_unavailable': False, 'install_base': '/home/peter/ros2/UsbCaptureROS4/install/common', 'merge_install': False, 'path': '/home/peter/ros2/UsbCaptureROS4/src/common', 'symlink_install': False, 'test_result_base': None}
[0.212s] Level 5:colcon.colcon_core.verb:set package 'interfaces' build argument 'cmake_args' from command line to 'None'
[0.212s] Level 5:colcon.colcon_core.verb:set package 'interfaces' build argument 'cmake_target' from command line to 'None'
[0.212s] Level 5:colcon.colcon_core.verb:set package 'interfaces' build argument 'cmake_target_skip_unavailable' from command line to 'False'
[0.212s] Level 5:colcon.colcon_core.verb:set package 'interfaces' build argument 'cmake_clean_cache' from command line to 'False'
[0.212s] Level 5:colcon.colcon_core.verb:set package 'interfaces' build argument 'cmake_clean_first' from command line to 'False'
[0.212s] Level 5:colcon.colcon_core.verb:set package 'interfaces' build argument 'cmake_force_configure' from command line to 'False'
[0.212s] Level 5:colcon.colcon_core.verb:set package 'interfaces' build argument 'ament_cmake_args' from command line to 'None'
[0.212s] Level 5:colcon.colcon_core.verb:set package 'interfaces' build argument 'catkin_cmake_args' from command line to 'None'
[0.212s] Level 5:colcon.colcon_core.verb:set package 'interfaces' build argument 'catkin_skip_building_tests' from command line to 'False'
[0.212s] DEBUG:colcon.colcon_core.verb:Building package 'interfaces' with the following arguments: {'ament_cmake_args': None, 'build_base': '/home/peter/ros2/UsbCaptureROS4/build/interfaces', 'catkin_cmake_args': None, 'catkin_skip_building_tests': False, 'cmake_args': None, 'cmake_clean_cache': False, 'cmake_clean_first': False, 'cmake_force_configure': False, 'cmake_target': None, 'cmake_target_skip_unavailable': False, 'install_base': '/home/peter/ros2/UsbCaptureROS4/install/interfaces', 'merge_install': False, 'path': '/home/peter/ros2/UsbCaptureROS4/src/interfaces', 'symlink_install': False, 'test_result_base': None}
[0.213s] Level 5:colcon.colcon_core.verb:set package 'ros2_usbcapture' build argument 'cmake_args' from command line to 'None'
[0.213s] Level 5:colcon.colcon_core.verb:set package 'ros2_usbcapture' build argument 'cmake_target' from command line to 'None'
[0.213s] Level 5:colcon.colcon_core.verb:set package 'ros2_usbcapture' build argument 'cmake_target_skip_unavailable' from command line to 'False'
[0.213s] Level 5:colcon.colcon_core.verb:set package 'ros2_usbcapture' build argument 'cmake_clean_cache' from command line to 'False'
[0.213s] Level 5:colcon.colcon_core.verb:set package 'ros2_usbcapture' build argument 'cmake_clean_first' from command line to 'False'
[0.213s] Level 5:colcon.colcon_core.verb:set package 'ros2_usbcapture' build argument 'cmake_force_configure' from command line to 'False'
[0.213s] Level 5:colcon.colcon_core.verb:set package 'ros2_usbcapture' build argument 'ament_cmake_args' from command line to 'None'
[0.213s] Level 5:colcon.colcon_core.verb:set package 'ros2_usbcapture' build argument 'catkin_cmake_args' from command line to 'None'
[0.213s] Level 5:colcon.colcon_core.verb:set package 'ros2_usbcapture' build argument 'catkin_skip_building_tests' from command line to 'False'
[0.213s] DEBUG:colcon.colcon_core.verb:Building package 'ros2_usbcapture' with the following arguments: {'ament_cmake_args': None, 'build_base': '/home/peter/ros2/UsbCaptureROS4/build/ros2_usbcapture', 'catkin_cmake_args': None, 'catkin_skip_building_tests': False, 'cmake_args': None, 'cmake_clean_cache': False, 'cmake_clean_first': False, 'cmake_force_configure': False, 'cmake_target': None, 'cmake_target_skip_unavailable': False, 'install_base': '/home/peter/ros2/UsbCaptureROS4/install/ros2_usbcapture', 'merge_install': False, 'path': '/home/peter/ros2/UsbCaptureROS4/src/ros2_usbcapture', 'symlink_install': False, 'test_result_base': None}
[0.214s] INFO:colcon.colcon_core.executor:Executing jobs using 'parallel' executor
[0.216s] DEBUG:colcon.colcon_parallel_executor.executor.parallel:run_until_complete
[0.217s] INFO:colcon.colcon_ros.task.ament_cmake.build:Building ROS package in '/home/peter/ros2/UsbCaptureROS4/src/common' with build type 'ament_cmake'
[0.217s] INFO:colcon.colcon_cmake.task.cmake.build:Building CMake package in '/home/peter/ros2/UsbCaptureROS4/src/common'
[0.221s] INFO:colcon.colcon_core.plugin_system:Skipping extension 'colcon_core.shell.bat': Not used on non-Windows systems
[0.221s] INFO:colcon.colcon_core.shell:Skip shell extension 'powershell' for command environment: Not usable outside of PowerShell
[0.221s] DEBUG:colcon.colcon_core.shell:Skip shell extension 'dsv' for command environment
[0.228s] INFO:colcon.colcon_ros.task.ament_cmake.build:Building ROS package in '/home/peter/ros2/UsbCaptureROS4/src/interfaces' with build type 'ament_cmake'
[0.228s] INFO:colcon.colcon_cmake.task.cmake.build:Building CMake package in '/home/peter/ros2/UsbCaptureROS4/src/interfaces'
[0.230s] INFO:colcon.colcon_core.shell:Skip shell extension 'powershell' for command environment: Not usable outside of PowerShell
[0.231s] DEBUG:colcon.colcon_core.shell:Skip shell extension 'dsv' for command environment
[0.241s] DEBUG:colcon.colcon_core.event_handler.log_command:Invoking command in '/home/peter/ros2/UsbCaptureROS4/build/common': CMAKE_PREFIX_PATH=${CMAKE_PREFIX_PATH}:/opt/ros/foxy /bin/cmake --build /home/peter/ros2/UsbCaptureROS4/build/common -- -j16 -l16
[0.249s] DEBUG:colcon.colcon_core.event_handler.log_command:Invoking command in '/home/peter/ros2/UsbCaptureROS4/build/interfaces': CMAKE_PREFIX_PATH=${CMAKE_PREFIX_PATH}:/opt/ros/foxy /bin/cmake --build /home/peter/ros2/UsbCaptureROS4/build/interfaces -- -j16 -l16
[0.301s] DEBUG:colcon.colcon_core.event_handler.log_command:Invoked command in '/home/peter/ros2/UsbCaptureROS4/build/common' returned '0': CMAKE_PREFIX_PATH=${CMAKE_PREFIX_PATH}:/opt/ros/foxy /bin/cmake --build /home/peter/ros2/UsbCaptureROS4/build/common -- -j16 -l16
[0.331s] DEBUG:colcon.colcon_core.event_handler.log_command:Invoking command in '/home/peter/ros2/UsbCaptureROS4/build/common': CMAKE_PREFIX_PATH=${CMAKE_PREFIX_PATH}:/opt/ros/foxy /bin/cmake --install /home/peter/ros2/UsbCaptureROS4/build/common
[0.343s] Level 1:colcon.colcon_core.environment:create_environment_scripts_only(common)
[0.343s] DEBUG:colcon.colcon_core.event_handler.log_command:Invoked command in '/home/peter/ros2/UsbCaptureROS4/build/common' returned '0': CMAKE_PREFIX_PATH=${CMAKE_PREFIX_PATH}:/opt/ros/foxy /bin/cmake --install /home/peter/ros2/UsbCaptureROS4/build/common
[0.349s] Level 1:colcon.colcon_core.environment:checking '/home/peter/ros2/UsbCaptureROS4/install/common' for CMake module files
[0.349s] Level 1:colcon.colcon_core.environment:checking '/home/peter/ros2/UsbCaptureROS4/install/common' for CMake config files
[0.350s] Level 1:colcon.colcon_core.shell:create_environment_hook('common', 'cmake_prefix_path')
[0.351s] INFO:colcon.colcon_core.shell:Creating environment hook '/home/peter/ros2/UsbCaptureROS4/install/common/share/common/hook/cmake_prefix_path.ps1'
[0.352s] INFO:colcon.colcon_core.shell:Creating environment descriptor '/home/peter/ros2/UsbCaptureROS4/install/common/share/common/hook/cmake_prefix_path.dsv'
[0.352s] INFO:colcon.colcon_core.shell:Creating environment hook '/home/peter/ros2/UsbCaptureROS4/install/common/share/common/hook/cmake_prefix_path.sh'
[0.353s] Level 1:colcon.colcon_core.environment:checking '/home/peter/ros2/UsbCaptureROS4/install/common/lib'
[0.354s] Level 1:colcon.colcon_core.shell:create_environment_hook('common', 'ld_library_path_lib')
[0.355s] INFO:colcon.colcon_core.shell:Creating environment hook '/home/peter/ros2/UsbCaptureROS4/install/common/share/common/hook/ld_library_path_lib.ps1'
[0.355s] INFO:colcon.colcon_core.shell:Creating environment descriptor '/home/peter/ros2/UsbCaptureROS4/install/common/share/common/hook/ld_library_path_lib.dsv'
[0.356s] INFO:colcon.colcon_core.shell:Creating environment hook '/home/peter/ros2/UsbCaptureROS4/install/common/share/common/hook/ld_library_path_lib.sh'
[0.356s] Level 1:colcon.colcon_core.environment:checking '/home/peter/ros2/UsbCaptureROS4/install/common/bin'
[0.356s] Level 1:colcon.colcon_core.environment:checking '/home/peter/ros2/UsbCaptureROS4/install/common/lib/pkgconfig/common.pc'
[0.356s] Level 1:colcon.colcon_core.environment:checking '/home/peter/ros2/UsbCaptureROS4/install/common/lib/python3.8/site-packages'
[0.357s] Level 1:colcon.colcon_core.environment:checking '/home/peter/ros2/UsbCaptureROS4/install/common/bin'
[0.358s] INFO:colcon.colcon_core.shell:Creating package script '/home/peter/ros2/UsbCaptureROS4/install/common/share/common/package.ps1'
[0.359s] INFO:colcon.colcon_core.shell:Creating package descriptor '/home/peter/ros2/UsbCaptureROS4/install/common/share/common/package.dsv'
[0.359s] INFO:colcon.colcon_core.shell:Creating package script '/home/peter/ros2/UsbCaptureROS4/install/common/share/common/package.sh'
[0.360s] INFO:colcon.colcon_core.shell:Creating package script '/home/peter/ros2/UsbCaptureROS4/install/common/share/common/package.bash'
[0.360s] INFO:colcon.colcon_core.shell:Creating package script '/home/peter/ros2/UsbCaptureROS4/install/common/share/common/package.zsh'
[0.361s] Level 1:colcon.colcon_core.environment:create_file_with_runtime_dependencies(/home/peter/ros2/UsbCaptureROS4/install/common/share/colcon-core/packages/common)
[0.381s] Level 1:colcon.colcon_core.environment:create_environment_scripts_only(common)
[0.383s] Level 1:colcon.colcon_core.environment:checking '/home/peter/ros2/UsbCaptureROS4/install/common' for CMake module files
[0.384s] Level 1:colcon.colcon_core.environment:checking '/home/peter/ros2/UsbCaptureROS4/install/common' for CMake config files
[0.384s] Level 1:colcon.colcon_core.shell:create_environment_hook('common', 'cmake_prefix_path')
[0.385s] INFO:colcon.colcon_core.shell:Creating environment hook '/home/peter/ros2/UsbCaptureROS4/install/common/share/common/hook/cmake_prefix_path.ps1'
[0.386s] INFO:colcon.colcon_core.shell:Creating environment descriptor '/home/peter/ros2/UsbCaptureROS4/install/common/share/common/hook/cmake_prefix_path.dsv'
[0.387s] INFO:colcon.colcon_core.shell:Creating environment hook '/home/peter/ros2/UsbCaptureROS4/install/common/share/common/hook/cmake_prefix_path.sh'
[0.387s] Level 1:colcon.colcon_core.environment:checking '/home/peter/ros2/UsbCaptureROS4/install/common/lib'
[0.387s] Level 1:colcon.colcon_core.shell:create_environment_hook('common', 'ld_library_path_lib')
[0.388s] INFO:colcon.colcon_core.shell:Creating environment hook '/home/peter/ros2/UsbCaptureROS4/install/common/share/common/hook/ld_library_path_lib.ps1'
[0.389s] INFO:colcon.colcon_core.shell:Creating environment descriptor '/home/peter/ros2/UsbCaptureROS4/install/common/share/common/hook/ld_library_path_lib.dsv'
[0.389s] INFO:colcon.colcon_core.shell:Creating environment hook '/home/peter/ros2/UsbCaptureROS4/install/common/share/common/hook/ld_library_path_lib.sh'
[0.390s] Level 1:colcon.colcon_core.environment:checking '/home/peter/ros2/UsbCaptureROS4/install/common/bin'
[0.390s] Level 1:colcon.colcon_core.environment:checking '/home/peter/ros2/UsbCaptureROS4/install/common/lib/pkgconfig/common.pc'
[0.390s] Level 1:colcon.colcon_core.environment:checking '/home/peter/ros2/UsbCaptureROS4/install/common/lib/python3.8/site-packages'
[0.390s] Level 1:colcon.colcon_core.environment:checking '/home/peter/ros2/UsbCaptureROS4/install/common/bin'
[0.392s] INFO:colcon.colcon_core.shell:Creating package script '/home/peter/ros2/UsbCaptureROS4/install/common/share/common/package.ps1'
[0.392s] INFO:colcon.colcon_core.shell:Creating package descriptor '/home/peter/ros2/UsbCaptureROS4/install/common/share/common/package.dsv'
[0.393s] INFO:colcon.colcon_core.shell:Creating package script '/home/peter/ros2/UsbCaptureROS4/install/common/share/common/package.sh'
[0.393s] INFO:colcon.colcon_core.shell:Creating package script '/home/peter/ros2/UsbCaptureROS4/install/common/share/common/package.bash'
[0.394s] INFO:colcon.colcon_core.shell:Creating package script '/home/peter/ros2/UsbCaptureROS4/install/common/share/common/package.zsh'
[0.394s] Level 1:colcon.colcon_core.environment:create_file_with_runtime_dependencies(/home/peter/ros2/UsbCaptureROS4/install/common/share/colcon-core/packages/common)
[0.439s] DEBUG:colcon.colcon_core.event_handler.log_command:Invoked command in '/home/peter/ros2/UsbCaptureROS4/build/interfaces' returned '0': CMAKE_PREFIX_PATH=${CMAKE_PREFIX_PATH}:/opt/ros/foxy /bin/cmake --build /home/peter/ros2/UsbCaptureROS4/build/interfaces -- -j16 -l16
[0.508s] DEBUG:colcon.colcon_core.event_handler.log_command:Invoking command in '/home/peter/ros2/UsbCaptureROS4/build/interfaces': CMAKE_PREFIX_PATH=${CMAKE_PREFIX_PATH}:/opt/ros/foxy /bin/cmake --install /home/peter/ros2/UsbCaptureROS4/build/interfaces
[0.554s] Level 1:colcon.colcon_core.environment:create_environment_scripts_only(interfaces)
[0.557s] Level 1:colcon.colcon_core.environment:checking '/home/peter/ros2/UsbCaptureROS4/install/interfaces' for CMake module files
[0.557s] DEBUG:colcon.colcon_core.event_handler.log_command:Invoked command in '/home/peter/ros2/UsbCaptureROS4/build/interfaces' returned '0': CMAKE_PREFIX_PATH=${CMAKE_PREFIX_PATH}:/opt/ros/foxy /bin/cmake --install /home/peter/ros2/UsbCaptureROS4/build/interfaces
[0.558s] Level 1:colcon.colcon_core.environment:checking '/home/peter/ros2/UsbCaptureROS4/install/interfaces' for CMake config files
[0.558s] Level 1:colcon.colcon_core.shell:create_environment_hook('interfaces', 'cmake_prefix_path')
[0.560s] INFO:colcon.colcon_core.shell:Creating environment hook '/home/peter/ros2/UsbCaptureROS4/install/interfaces/share/interfaces/hook/cmake_prefix_path.ps1'
[0.561s] INFO:colcon.colcon_core.shell:Creating environment descriptor '/home/peter/ros2/UsbCaptureROS4/install/interfaces/share/interfaces/hook/cmake_prefix_path.dsv'
[0.561s] INFO:colcon.colcon_core.shell:Creating environment hook '/home/peter/ros2/UsbCaptureROS4/install/interfaces/share/interfaces/hook/cmake_prefix_path.sh'
[0.562s] Level 1:colcon.colcon_core.environment:checking '/home/peter/ros2/UsbCaptureROS4/install/interfaces/lib'
[0.562s] Level 1:colcon.colcon_core.shell:create_environment_hook('interfaces', 'ld_library_path_lib')
[0.563s] INFO:colcon.colcon_core.shell:Creating environment hook '/home/peter/ros2/UsbCaptureROS4/install/interfaces/share/interfaces/hook/ld_library_path_lib.ps1'
[0.564s] INFO:colcon.colcon_core.shell:Creating environment descriptor '/home/peter/ros2/UsbCaptureROS4/install/interfaces/share/interfaces/hook/ld_library_path_lib.dsv'
[0.564s] INFO:colcon.colcon_core.shell:Creating environment hook '/home/peter/ros2/UsbCaptureROS4/install/interfaces/share/interfaces/hook/ld_library_path_lib.sh'
[0.565s] Level 1:colcon.colcon_core.environment:checking '/home/peter/ros2/UsbCaptureROS4/install/interfaces/bin'
[0.565s] Level 1:colcon.colcon_core.environment:checking '/home/peter/ros2/UsbCaptureROS4/install/interfaces/lib/pkgconfig/interfaces.pc'
[0.565s] Level 1:colcon.colcon_core.environment:checking '/home/peter/ros2/UsbCaptureROS4/install/interfaces/lib/python3.8/site-packages'
[0.565s] Level 1:colcon.colcon_core.shell:create_environment_hook('interfaces', 'pythonpath')
[0.566s] INFO:colcon.colcon_core.shell:Creating environment hook '/home/peter/ros2/UsbCaptureROS4/install/interfaces/share/interfaces/hook/pythonpath.ps1'
[0.567s] INFO:colcon.colcon_core.shell:Creating environment descriptor '/home/peter/ros2/UsbCaptureROS4/install/interfaces/share/interfaces/hook/pythonpath.dsv'
[0.567s] INFO:colcon.colcon_core.shell:Creating environment hook '/home/peter/ros2/UsbCaptureROS4/install/interfaces/share/interfaces/hook/pythonpath.sh'
[0.567s] Level 1:colcon.colcon_core.environment:checking '/home/peter/ros2/UsbCaptureROS4/install/interfaces/bin'
[0.569s] INFO:colcon.colcon_core.shell:Creating package script '/home/peter/ros2/UsbCaptureROS4/install/interfaces/share/interfaces/package.ps1'
[0.569s] INFO:colcon.colcon_core.shell:Creating package descriptor '/home/peter/ros2/UsbCaptureROS4/install/interfaces/share/interfaces/package.dsv'
[0.570s] INFO:colcon.colcon_core.shell:Creating package script '/home/peter/ros2/UsbCaptureROS4/install/interfaces/share/interfaces/package.sh'
[0.570s] INFO:colcon.colcon_core.shell:Creating package script '/home/peter/ros2/UsbCaptureROS4/install/interfaces/share/interfaces/package.bash'
[0.571s] INFO:colcon.colcon_core.shell:Creating package script '/home/peter/ros2/UsbCaptureROS4/install/interfaces/share/interfaces/package.zsh'
[0.571s] Level 1:colcon.colcon_core.environment:create_file_with_runtime_dependencies(/home/peter/ros2/UsbCaptureROS4/install/interfaces/share/colcon-core/packages/interfaces)
[0.641s] Level 1:colcon.colcon_core.environment:create_environment_scripts_only(interfaces)
[0.643s] Level 1:colcon.colcon_core.environment:checking '/home/peter/ros2/UsbCaptureROS4/install/interfaces' for CMake module files
[0.644s] Level 1:colcon.colcon_core.environment:checking '/home/peter/ros2/UsbCaptureROS4/install/interfaces' for CMake config files
[0.645s] Level 1:colcon.colcon_core.shell:create_environment_hook('interfaces', 'cmake_prefix_path')
[0.646s] INFO:colcon.colcon_core.shell:Creating environment hook '/home/peter/ros2/UsbCaptureROS4/install/interfaces/share/interfaces/hook/cmake_prefix_path.ps1'
[0.647s] INFO:colcon.colcon_core.shell:Creating environment descriptor '/home/peter/ros2/UsbCaptureROS4/install/interfaces/share/interfaces/hook/cmake_prefix_path.dsv'
[0.647s] INFO:colcon.colcon_core.shell:Creating environment hook '/home/peter/ros2/UsbCaptureROS4/install/interfaces/share/interfaces/hook/cmake_prefix_path.sh'
[0.648s] Level 1:colcon.colcon_core.environment:checking '/home/peter/ros2/UsbCaptureROS4/install/interfaces/lib'
[0.648s] Level 1:colcon.colcon_core.shell:create_environment_hook('interfaces', 'ld_library_path_lib')
[0.650s] INFO:colcon.colcon_core.shell:Creating environment hook '/home/peter/ros2/UsbCaptureROS4/install/interfaces/share/interfaces/hook/ld_library_path_lib.ps1'
[0.650s] INFO:colcon.colcon_core.shell:Creating environment descriptor '/home/peter/ros2/UsbCaptureROS4/install/interfaces/share/interfaces/hook/ld_library_path_lib.dsv'
[0.650s] INFO:colcon.colcon_core.shell:Creating environment hook '/home/peter/ros2/UsbCaptureROS4/install/interfaces/share/interfaces/hook/ld_library_path_lib.sh'
[0.651s] Level 1:colcon.colcon_core.environment:checking '/home/peter/ros2/UsbCaptureROS4/install/interfaces/bin'
[0.651s] Level 1:colcon.colcon_core.environment:checking '/home/peter/ros2/UsbCaptureROS4/install/interfaces/lib/pkgconfig/interfaces.pc'
[0.651s] Level 1:colcon.colcon_core.environment:checking '/home/peter/ros2/UsbCaptureROS4/install/interfaces/lib/python3.8/site-packages'
[0.651s] Level 1:colcon.colcon_core.shell:create_environment_hook('interfaces', 'pythonpath')
[0.653s] INFO:colcon.colcon_core.shell:Creating environment hook '/home/peter/ros2/UsbCaptureROS4/install/interfaces/share/interfaces/hook/pythonpath.ps1'
[0.653s] INFO:colcon.colcon_core.shell:Creating environment descriptor '/home/peter/ros2/UsbCaptureROS4/install/interfaces/share/interfaces/hook/pythonpath.dsv'
[0.653s] INFO:colcon.colcon_core.shell:Creating environment hook '/home/peter/ros2/UsbCaptureROS4/install/interfaces/share/interfaces/hook/pythonpath.sh'
[0.654s] Level 1:colcon.colcon_core.environment:checking '/home/peter/ros2/UsbCaptureROS4/install/interfaces/bin'
[0.655s] INFO:colcon.colcon_core.shell:Creating package script '/home/peter/ros2/UsbCaptureROS4/install/interfaces/share/interfaces/package.ps1'
[0.655s] INFO:colcon.colcon_core.shell:Creating package descriptor '/home/peter/ros2/UsbCaptureROS4/install/interfaces/share/interfaces/package.dsv'
[0.656s] INFO:colcon.colcon_core.shell:Creating package script '/home/peter/ros2/UsbCaptureROS4/install/interfaces/share/interfaces/package.sh'
[0.656s] INFO:colcon.colcon_core.shell:Creating package script '/home/peter/ros2/UsbCaptureROS4/install/interfaces/share/interfaces/package.bash'
[0.656s] INFO:colcon.colcon_core.shell:Creating package script '/home/peter/ros2/UsbCaptureROS4/install/interfaces/share/interfaces/package.zsh'
[0.656s] Level 1:colcon.colcon_core.environment:create_file_with_runtime_dependencies(/home/peter/ros2/UsbCaptureROS4/install/interfaces/share/colcon-core/packages/interfaces)
[0.657s] INFO:colcon.colcon_ros.task.ament_cmake.build:Building ROS package in '/home/peter/ros2/UsbCaptureROS4/src/ros2_usbcapture' with build type 'ament_cmake'
[0.657s] INFO:colcon.colcon_cmake.task.cmake.build:Building CMake package in '/home/peter/ros2/UsbCaptureROS4/src/ros2_usbcapture'
[0.658s] INFO:colcon.colcon_core.shell:Skip shell extension 'powershell' for command environment: Not usable outside of PowerShell
[0.658s] DEBUG:colcon.colcon_core.shell:Skip shell extension 'dsv' for command environment
[0.672s] DEBUG:colcon.colcon_core.event_handler.log_command:Invoking command in '/home/peter/ros2/UsbCaptureROS4/build/ros2_usbcapture': CMAKE_PREFIX_PATH=/home/peter/ros2/UsbCaptureROS4/install/interfaces:/home/peter/ros2/UsbCaptureROS4/install/common:/home/peter/ros2/UsbCaptureROS4/install/ros2_usbcapture:/opt/ros/foxy LD_LIBRARY_PATH=/home/peter/ros2/UsbCaptureROS4/install/interfaces/lib:/home/peter/ros2/UsbCaptureROS4/install/common/lib:/home/peter/ros2/UsbCaptureROS4/install/ros2_usbcapture/lib:/opt/ros/foxy/opt/yaml_cpp_vendor/lib:/opt/ros/foxy/opt/rviz_ogre_vendor/lib:/opt/ros/foxy/lib/x86_64-linux-gnu:/opt/ros/foxy/lib /bin/cmake --build /home/peter/ros2/UsbCaptureROS4/build/ros2_usbcapture -- -j16 -l16
[6.051s] DEBUG:colcon.colcon_core.event_handler.log_command:Invoked command in '/home/peter/ros2/UsbCaptureROS4/build/ros2_usbcapture' returned '0': CMAKE_PREFIX_PATH=/home/peter/ros2/UsbCaptureROS4/install/interfaces:/home/peter/ros2/UsbCaptureROS4/install/common:/home/peter/ros2/UsbCaptureROS4/install/ros2_usbcapture:/opt/ros/foxy LD_LIBRARY_PATH=/home/peter/ros2/UsbCaptureROS4/install/interfaces/lib:/home/peter/ros2/UsbCaptureROS4/install/common/lib:/home/peter/ros2/UsbCaptureROS4/install/ros2_usbcapture/lib:/opt/ros/foxy/opt/yaml_cpp_vendor/lib:/opt/ros/foxy/opt/rviz_ogre_vendor/lib:/opt/ros/foxy/lib/x86_64-linux-gnu:/opt/ros/foxy/lib /bin/cmake --build /home/peter/ros2/UsbCaptureROS4/build/ros2_usbcapture -- -j16 -l16
[6.087s] DEBUG:colcon.colcon_core.event_handler.log_command:Invoking command in '/home/peter/ros2/UsbCaptureROS4/build/ros2_usbcapture': CMAKE_PREFIX_PATH=/home/peter/ros2/UsbCaptureROS4/install/interfaces:/home/peter/ros2/UsbCaptureROS4/install/common:/home/peter/ros2/UsbCaptureROS4/install/ros2_usbcapture:/opt/ros/foxy LD_LIBRARY_PATH=/home/peter/ros2/UsbCaptureROS4/install/interfaces/lib:/home/peter/ros2/UsbCaptureROS4/install/common/lib:/home/peter/ros2/UsbCaptureROS4/install/ros2_usbcapture/lib:/opt/ros/foxy/opt/yaml_cpp_vendor/lib:/opt/ros/foxy/opt/rviz_ogre_vendor/lib:/opt/ros/foxy/lib/x86_64-linux-gnu:/opt/ros/foxy/lib /bin/cmake --install /home/peter/ros2/UsbCaptureROS4/build/ros2_usbcapture
[6.105s] Level 1:colcon.colcon_core.environment:create_environment_scripts_only(ros2_usbcapture)
[6.107s] Level 1:colcon.colcon_core.environment:checking '/home/peter/ros2/UsbCaptureROS4/install/ros2_usbcapture' for CMake module files
[6.108s] DEBUG:colcon.colcon_core.event_handler.log_command:Invoked command in '/home/peter/ros2/UsbCaptureROS4/build/ros2_usbcapture' returned '0': CMAKE_PREFIX_PATH=/home/peter/ros2/UsbCaptureROS4/install/interfaces:/home/peter/ros2/UsbCaptureROS4/install/common:/home/peter/ros2/UsbCaptureROS4/install/ros2_usbcapture:/opt/ros/foxy LD_LIBRARY_PATH=/home/peter/ros2/UsbCaptureROS4/install/interfaces/lib:/home/peter/ros2/UsbCaptureROS4/install/common/lib:/home/peter/ros2/UsbCaptureROS4/install/ros2_usbcapture/lib:/opt/ros/foxy/opt/yaml_cpp_vendor/lib:/opt/ros/foxy/opt/rviz_ogre_vendor/lib:/opt/ros/foxy/lib/x86_64-linux-gnu:/opt/ros/foxy/lib /bin/cmake --install /home/peter/ros2/UsbCaptureROS4/build/ros2_usbcapture
[6.108s] Level 1:colcon.colcon_core.environment:checking '/home/peter/ros2/UsbCaptureROS4/install/ros2_usbcapture' for CMake config files
[6.108s] Level 1:colcon.colcon_core.shell:create_environment_hook('ros2_usbcapture', 'cmake_prefix_path')
[6.110s] INFO:colcon.colcon_core.shell:Creating environment hook '/home/peter/ros2/UsbCaptureROS4/install/ros2_usbcapture/share/ros2_usbcapture/hook/cmake_prefix_path.ps1'
[6.110s] INFO:colcon.colcon_core.shell:Creating environment descriptor '/home/peter/ros2/UsbCaptureROS4/install/ros2_usbcapture/share/ros2_usbcapture/hook/cmake_prefix_path.dsv'
[6.111s] INFO:colcon.colcon_core.shell:Creating environment hook '/home/peter/ros2/UsbCaptureROS4/install/ros2_usbcapture/share/ros2_usbcapture/hook/cmake_prefix_path.sh'
[6.111s] Level 1:colcon.colcon_core.environment:checking '/home/peter/ros2/UsbCaptureROS4/install/ros2_usbcapture/lib'
[6.111s] Level 1:colcon.colcon_core.shell:create_environment_hook('ros2_usbcapture', 'ld_library_path_lib')
[6.113s] INFO:colcon.colcon_core.shell:Creating environment hook '/home/peter/ros2/UsbCaptureROS4/install/ros2_usbcapture/share/ros2_usbcapture/hook/ld_library_path_lib.ps1'
[6.113s] INFO:colcon.colcon_core.shell:Creating environment descriptor '/home/peter/ros2/UsbCaptureROS4/install/ros2_usbcapture/share/ros2_usbcapture/hook/ld_library_path_lib.dsv'
[6.114s] INFO:colcon.colcon_core.shell:Creating environment hook '/home/peter/ros2/UsbCaptureROS4/install/ros2_usbcapture/share/ros2_usbcapture/hook/ld_library_path_lib.sh'
[6.114s] Level 1:colcon.colcon_core.environment:checking '/home/peter/ros2/UsbCaptureROS4/install/ros2_usbcapture/bin'
[6.114s] Level 1:colcon.colcon_core.environment:checking '/home/peter/ros2/UsbCaptureROS4/install/ros2_usbcapture/lib/pkgconfig/ros2_usbcapture.pc'
[6.115s] Level 1:colcon.colcon_core.environment:checking '/home/peter/ros2/UsbCaptureROS4/install/ros2_usbcapture/lib/python3.8/site-packages'
[6.115s] Level 1:colcon.colcon_core.environment:checking '/home/peter/ros2/UsbCaptureROS4/install/ros2_usbcapture/bin'
[6.116s] INFO:colcon.colcon_core.shell:Creating package script '/home/peter/ros2/UsbCaptureROS4/install/ros2_usbcapture/share/ros2_usbcapture/package.ps1'
[6.117s] INFO:colcon.colcon_core.shell:Creating package descriptor '/home/peter/ros2/UsbCaptureROS4/install/ros2_usbcapture/share/ros2_usbcapture/package.dsv'
[6.117s] INFO:colcon.colcon_core.shell:Creating package script '/home/peter/ros2/UsbCaptureROS4/install/ros2_usbcapture/share/ros2_usbcapture/package.sh'
[6.118s] INFO:colcon.colcon_core.shell:Creating package script '/home/peter/ros2/UsbCaptureROS4/install/ros2_usbcapture/share/ros2_usbcapture/package.bash'
[6.118s] INFO:colcon.colcon_core.shell:Creating package script '/home/peter/ros2/UsbCaptureROS4/install/ros2_usbcapture/share/ros2_usbcapture/package.zsh'
[6.118s] Level 1:colcon.colcon_core.environment:create_file_with_runtime_dependencies(/home/peter/ros2/UsbCaptureROS4/install/ros2_usbcapture/share/colcon-core/packages/ros2_usbcapture)
[6.149s] Level 1:colcon.colcon_core.environment:create_environment_scripts_only(ros2_usbcapture)
[6.152s] Level 1:colcon.colcon_core.environment:checking '/home/peter/ros2/UsbCaptureROS4/install/ros2_usbcapture' for CMake module files
[6.152s] Level 1:colcon.colcon_core.environment:checking '/home/peter/ros2/UsbCaptureROS4/install/ros2_usbcapture' for CMake config files
[6.153s] Level 1:colcon.colcon_core.shell:create_environment_hook('ros2_usbcapture', 'cmake_prefix_path')
[6.154s] INFO:colcon.colcon_core.shell:Creating environment hook '/home/peter/ros2/UsbCaptureROS4/install/ros2_usbcapture/share/ros2_usbcapture/hook/cmake_prefix_path.ps1'
[6.154s] INFO:colcon.colcon_core.shell:Creating environment descriptor '/home/peter/ros2/UsbCaptureROS4/install/ros2_usbcapture/share/ros2_usbcapture/hook/cmake_prefix_path.dsv'
[6.155s] INFO:colcon.colcon_core.shell:Creating environment hook '/home/peter/ros2/UsbCaptureROS4/install/ros2_usbcapture/share/ros2_usbcapture/hook/cmake_prefix_path.sh'
[6.155s] Level 1:colcon.colcon_core.environment:checking '/home/peter/ros2/UsbCaptureROS4/install/ros2_usbcapture/lib'
[6.155s] Level 1:colcon.colcon_core.shell:create_environment_hook('ros2_usbcapture', 'ld_library_path_lib')
[6.156s] INFO:colcon.colcon_core.shell:Creating environment hook '/home/peter/ros2/UsbCaptureROS4/install/ros2_usbcapture/share/ros2_usbcapture/hook/ld_library_path_lib.ps1'
[6.157s] INFO:colcon.colcon_core.shell:Creating environment descriptor '/home/peter/ros2/UsbCaptureROS4/install/ros2_usbcapture/share/ros2_usbcapture/hook/ld_library_path_lib.dsv'
[6.157s] INFO:colcon.colcon_core.shell:Creating environment hook '/home/peter/ros2/UsbCaptureROS4/install/ros2_usbcapture/share/ros2_usbcapture/hook/ld_library_path_lib.sh'
[6.157s] Level 1:colcon.colcon_core.environment:checking '/home/peter/ros2/UsbCaptureROS4/install/ros2_usbcapture/bin'
[6.157s] Level 1:colcon.colcon_core.environment:checking '/home/peter/ros2/UsbCaptureROS4/install/ros2_usbcapture/lib/pkgconfig/ros2_usbcapture.pc'
[6.157s] Level 1:colcon.colcon_core.environment:checking '/home/peter/ros2/UsbCaptureROS4/install/ros2_usbcapture/lib/python3.8/site-packages'
[6.158s] Level 1:colcon.colcon_core.environment:checking '/home/peter/ros2/UsbCaptureROS4/install/ros2_usbcapture/bin'
[6.159s] INFO:colcon.colcon_core.shell:Creating package script '/home/peter/ros2/UsbCaptureROS4/install/ros2_usbcapture/share/ros2_usbcapture/package.ps1'
[6.159s] INFO:colcon.colcon_core.shell:Creating package descriptor '/home/peter/ros2/UsbCaptureROS4/install/ros2_usbcapture/share/ros2_usbcapture/package.dsv'
[6.160s] INFO:colcon.colcon_core.shell:Creating package script '/home/peter/ros2/UsbCaptureROS4/install/ros2_usbcapture/share/ros2_usbcapture/package.sh'
[6.160s] INFO:colcon.colcon_core.shell:Creating package script '/home/peter/ros2/UsbCaptureROS4/install/ros2_usbcapture/share/ros2_usbcapture/package.bash'
[6.160s] INFO:colcon.colcon_core.shell:Creating package script '/home/peter/ros2/UsbCaptureROS4/install/ros2_usbcapture/share/ros2_usbcapture/package.zsh'
[6.161s] Level 1:colcon.colcon_core.environment:create_file_with_runtime_dependencies(/home/peter/ros2/UsbCaptureROS4/install/ros2_usbcapture/share/colcon-core/packages/ros2_usbcapture)
[6.161s] DEBUG:colcon.colcon_parallel_executor.executor.parallel:closing loop
[6.162s] DEBUG:colcon.colcon_parallel_executor.executor.parallel:loop closed
[6.162s] DEBUG:colcon.colcon_parallel_executor.executor.parallel:run_until_complete finished with '0'
[6.162s] DEBUG:colcon.colcon_core.event_reactor:joining thread
[6.171s] INFO:colcon.colcon_core.plugin_system:Skipping extension 'colcon_notification.desktop_notification.terminal_notifier': Not used on non-Darwin systems
[6.171s] INFO:colcon.colcon_core.plugin_system:Skipping extension 'colcon_notification.desktop_notification.win32': Not used on non-Windows systems
[6.171s] INFO:colcon.colcon_notification.desktop_notification:Sending desktop notification using 'notify2'
[6.186s] DEBUG:colcon.colcon_core.event_reactor:joined thread
[6.188s] INFO:colcon.colcon_core.shell:Creating prefix script '/home/peter/ros2/UsbCaptureROS4/install/local_setup.ps1'
[6.189s] INFO:colcon.colcon_core.shell:Creating prefix util module '/home/peter/ros2/UsbCaptureROS4/install/_local_setup_util_ps1.py'
[6.190s] INFO:colcon.colcon_core.shell:Creating prefix chain script '/home/peter/ros2/UsbCaptureROS4/install/setup.ps1'
[6.192s] INFO:colcon.colcon_core.shell:Creating prefix script '/home/peter/ros2/UsbCaptureROS4/install/local_setup.sh'
[6.192s] INFO:colcon.colcon_core.shell:Creating prefix util module '/home/peter/ros2/UsbCaptureROS4/install/_local_setup_util_sh.py'
[6.193s] INFO:colcon.colcon_core.shell:Creating prefix chain script '/home/peter/ros2/UsbCaptureROS4/install/setup.sh'
[6.194s] INFO:colcon.colcon_core.shell:Creating prefix script '/home/peter/ros2/UsbCaptureROS4/install/local_setup.bash'
[6.194s] INFO:colcon.colcon_core.shell:Creating prefix chain script '/home/peter/ros2/UsbCaptureROS4/install/setup.bash'
[6.195s] INFO:colcon.colcon_core.shell:Creating prefix script '/home/peter/ros2/UsbCaptureROS4/install/local_setup.zsh'
[6.195s] INFO:colcon.colcon_core.shell:Creating prefix chain script '/home/peter/ros2/UsbCaptureROS4/install/setup.zsh'
