[0.108s] DEBUG:colcon:Command line arguments: ['/bin/colcon', 'build']
[0.108s] DEBUG:colcon:Parsed command line arguments: Namespace(allow_overriding=[], ament_cmake_args=None, base_paths=['.'], build_base='build', catkin_cmake_args=None, catkin_skip_building_tests=False, cmake_args=None, cmake_clean_cache=False, cmake_clean_first=False, cmake_force_configure=False, cmake_target=None, cmake_target_skip_unavailable=False, continue_on_error=False, event_handlers=None, executor='parallel', ignore_user_meta=False, install_base='install', log_base=None, log_level=None, main=<bound method BuildVerb.main of <colcon_core.verb.build.BuildVerb object at 0x7f7870472400>>, merge_install=False, metas=['./colcon.meta'], packages_above=None, packages_above_and_dependencies=None, packages_above_depth=None, packages_end=None, packages_ignore=None, packages_ignore_regex=None, packages_select=None, packages_select_build_failed=False, packages_select_by_dep=None, packages_select_regex=None, packages_select_test_failures=False, packages_skip=None, packages_skip_build_finished=False, packages_skip_by_dep=None, packages_skip_regex=None, packages_skip_test_passed=False, packages_skip_up_to=None, packages_start=None, packages_up_to=None, packages_up_to_regex=None, parallel_workers=16, paths=None, symlink_install=False, test_result_base=None, verb_extension=<colcon_core.verb.build.BuildVerb object at 0x7f7870472400>, verb_name='build', verb_parser=<colcon_defaults.argument_parser.defaults.DefaultArgumentsDecorator object at 0x7f7870472940>)
[0.125s] Level 1:colcon.colcon_core.package_discovery:discover_packages(colcon_meta) check parameters
[0.125s] Level 1:colcon.colcon_core.package_discovery:discover_packages(recursive) check parameters
[0.125s] Level 1:colcon.colcon_core.package_discovery:discover_packages(ignore) check parameters
[0.125s] Level 1:colcon.colcon_core.package_discovery:discover_packages(path) check parameters
[0.125s] Level 1:colcon.colcon_core.package_discovery:discover_packages(colcon_meta) discover
[0.125s] Level 1:colcon.colcon_core.package_discovery:discover_packages(recursive) discover
[0.125s] INFO:colcon.colcon_core.package_discovery:Crawling recursively for packages in '/home/peter/ros2.1/UsbCaptureROS4'
[0.126s] Level 1:colcon.colcon_core.package_identification:_identify(.) by extensions ['ignore', 'ignore_ament_install']
[0.126s] Level 1:colcon.colcon_core.package_identification:_identify(.) by extension 'ignore'
[0.126s] Level 1:colcon.colcon_core.package_identification:_identify(.) by extension 'ignore_ament_install'
[0.126s] Level 1:colcon.colcon_core.package_identification:_identify(.) by extensions ['colcon_pkg']
[0.126s] Level 1:colcon.colcon_core.package_identification:_identify(.) by extension 'colcon_pkg'
[0.126s] Level 1:colcon.colcon_core.package_identification:_identify(.) by extensions ['colcon_meta']
[0.126s] Level 1:colcon.colcon_core.package_identification:_identify(.) by extension 'colcon_meta'
[0.126s] Level 1:colcon.colcon_core.package_identification:_identify(.) by extensions ['ros']
[0.126s] Level 1:colcon.colcon_core.package_identification:_identify(.) by extension 'ros'
[0.133s] Level 1:colcon.colcon_core.package_identification:_identify(.) by extensions ['cmake', 'python']
[0.133s] Level 1:colcon.colcon_core.package_identification:_identify(.) by extension 'cmake'
[0.133s] Level 1:colcon.colcon_core.package_identification:_identify(.) by extension 'python'
[0.133s] Level 1:colcon.colcon_core.package_identification:_identify(.) by extensions ['python_setup_py']
[0.133s] Level 1:colcon.colcon_core.package_identification:_identify(.) by extension 'python_setup_py'
[0.133s] Level 1:colcon.colcon_core.package_identification:_identify(build) by extensions ['ignore', 'ignore_ament_install']
[0.133s] Level 1:colcon.colcon_core.package_identification:_identify(build) by extension 'ignore'
[0.133s] Level 1:colcon.colcon_core.package_identification:_identify(build) ignored
[0.134s] Level 1:colcon.colcon_core.package_identification:_identify(install) by extensions ['ignore', 'ignore_ament_install']
[0.134s] Level 1:colcon.colcon_core.package_identification:_identify(install) by extension 'ignore'
[0.134s] Level 1:colcon.colcon_core.package_identification:_identify(install) ignored
[0.134s] Level 1:colcon.colcon_core.package_identification:_identify(log) by extensions ['ignore', 'ignore_ament_install']
[0.134s] Level 1:colcon.colcon_core.package_identification:_identify(log) by extension 'ignore'
[0.134s] Level 1:colcon.colcon_core.package_identification:_identify(log) ignored
[0.134s] Level 1:colcon.colcon_core.package_identification:_identify(src) by extensions ['ignore', 'ignore_ament_install']
[0.134s] Level 1:colcon.colcon_core.package_identification:_identify(src) by extension 'ignore'
[0.134s] Level 1:colcon.colcon_core.package_identification:_identify(src) by extension 'ignore_ament_install'
[0.134s] Level 1:colcon.colcon_core.package_identification:_identify(src) by extensions ['colcon_pkg']
[0.134s] Level 1:colcon.colcon_core.package_identification:_identify(src) by extension 'colcon_pkg'
[0.134s] Level 1:colcon.colcon_core.package_identification:_identify(src) by extensions ['colcon_meta']
[0.134s] Level 1:colcon.colcon_core.package_identification:_identify(src) by extension 'colcon_meta'
[0.134s] Level 1:colcon.colcon_core.package_identification:_identify(src) by extensions ['ros']
[0.134s] Level 1:colcon.colcon_core.package_identification:_identify(src) by extension 'ros'
[0.134s] Level 1:colcon.colcon_core.package_identification:_identify(src) by extensions ['cmake', 'python']
[0.134s] Level 1:colcon.colcon_core.package_identification:_identify(src) by extension 'cmake'
[0.134s] Level 1:colcon.colcon_core.package_identification:_identify(src) by extension 'python'
[0.134s] Level 1:colcon.colcon_core.package_identification:_identify(src) by extensions ['python_setup_py']
[0.135s] Level 1:colcon.colcon_core.package_identification:_identify(src) by extension 'python_setup_py'
[0.135s] Level 1:colcon.colcon_core.package_identification:_identify(src/common) by extensions ['ignore', 'ignore_ament_install']
[0.135s] Level 1:colcon.colcon_core.package_identification:_identify(src/common) by extension 'ignore'
[0.135s] Level 1:colcon.colcon_core.package_identification:_identify(src/common) by extension 'ignore_ament_install'
[0.135s] Level 1:colcon.colcon_core.package_identification:_identify(src/common) by extensions ['colcon_pkg']
[0.135s] Level 1:colcon.colcon_core.package_identification:_identify(src/common) by extension 'colcon_pkg'
[0.135s] Level 1:colcon.colcon_core.package_identification:_identify(src/common) by extensions ['colcon_meta']
[0.135s] Level 1:colcon.colcon_core.package_identification:_identify(src/common) by extension 'colcon_meta'
[0.135s] Level 1:colcon.colcon_core.package_identification:_identify(src/common) by extensions ['ros']
[0.135s] Level 1:colcon.colcon_core.package_identification:_identify(src/common) by extension 'ros'
[0.137s] DEBUG:colcon.colcon_core.package_identification:Package 'src/common' with type 'ros.ament_cmake' and name 'common'
[0.137s] Level 1:colcon.colcon_core.package_identification:_identify(src/interfaces) by extensions ['ignore', 'ignore_ament_install']
[0.137s] Level 1:colcon.colcon_core.package_identification:_identify(src/interfaces) by extension 'ignore'
[0.137s] Level 1:colcon.colcon_core.package_identification:_identify(src/interfaces) by extension 'ignore_ament_install'
[0.137s] Level 1:colcon.colcon_core.package_identification:_identify(src/interfaces) by extensions ['colcon_pkg']
[0.137s] Level 1:colcon.colcon_core.package_identification:_identify(src/interfaces) by extension 'colcon_pkg'
[0.137s] Level 1:colcon.colcon_core.package_identification:_identify(src/interfaces) by extensions ['colcon_meta']
[0.137s] Level 1:colcon.colcon_core.package_identification:_identify(src/interfaces) by extension 'colcon_meta'
[0.137s] Level 1:colcon.colcon_core.package_identification:_identify(src/interfaces) by extensions ['ros']
[0.137s] Level 1:colcon.colcon_core.package_identification:_identify(src/interfaces) by extension 'ros'
[0.137s] DEBUG:colcon.colcon_core.package_identification:Package 'src/interfaces' with type 'ros.ament_cmake' and name 'interfaces'
[0.137s] Level 1:colcon.colcon_core.package_identification:_identify(src/ros2_usbcapture) by extensions ['ignore', 'ignore_ament_install']
[0.138s] Level 1:colcon.colcon_core.package_identification:_identify(src/ros2_usbcapture) by extension 'ignore'
[0.138s] Level 1:colcon.colcon_core.package_identification:_identify(src/ros2_usbcapture) by extension 'ignore_ament_install'
[0.138s] Level 1:colcon.colcon_core.package_identification:_identify(src/ros2_usbcapture) by extensions ['colcon_pkg']
[0.138s] Level 1:colcon.colcon_core.package_identification:_identify(src/ros2_usbcapture) by extension 'colcon_pkg'
[0.138s] Level 1:colcon.colcon_core.package_identification:_identify(src/ros2_usbcapture) by extensions ['colcon_meta']
[0.138s] Level 1:colcon.colcon_core.package_identification:_identify(src/ros2_usbcapture) by extension 'colcon_meta'
[0.138s] Level 1:colcon.colcon_core.package_identification:_identify(src/ros2_usbcapture) by extensions ['ros']
[0.138s] Level 1:colcon.colcon_core.package_identification:_identify(src/ros2_usbcapture) by extension 'ros'
[0.138s] DEBUG:colcon.colcon_core.package_identification:Package 'src/ros2_usbcapture' with type 'ros.ament_cmake' and name 'ros2_usbcapture'
[0.138s] Level 1:colcon.colcon_core.package_discovery:discover_packages(recursive) using defaults
[0.138s] Level 1:colcon.colcon_core.package_discovery:discover_packages(ignore) discover
[0.138s] Level 1:colcon.colcon_core.package_discovery:discover_packages(ignore) using defaults
[0.138s] Level 1:colcon.colcon_core.package_discovery:discover_packages(path) discover
[0.138s] Level 1:colcon.colcon_core.package_discovery:discover_packages(path) using defaults
[0.159s] Level 1:colcon.colcon_core.package_discovery:discover_packages(prefix_path) check parameters
[0.160s] Level 1:colcon.colcon_core.package_discovery:discover_packages(prefix_path) discover
[0.161s] DEBUG:colcon.colcon_installed_package_information.package_discovery:Found 3 installed packages in /home/peter/ros2.1/UsbCaptureROS4/install
[0.163s] DEBUG:colcon.colcon_installed_package_information.package_discovery:Found 278 installed packages in /opt/ros/foxy
[0.164s] Level 1:colcon.colcon_core.package_discovery:discover_packages(prefix_path) using defaults
[0.214s] Level 5:colcon.colcon_core.verb:set package 'common' build argument 'cmake_args' from command line to 'None'
[0.214s] Level 5:colcon.colcon_core.verb:set package 'common' build argument 'cmake_target' from command line to 'None'
[0.214s] Level 5:colcon.colcon_core.verb:set package 'common' build argument 'cmake_target_skip_unavailable' from command line to 'False'
[0.214s] Level 5:colcon.colcon_core.verb:set package 'common' build argument 'cmake_clean_cache' from command line to 'False'
[0.214s] Level 5:colcon.colcon_core.verb:set package 'common' build argument 'cmake_clean_first' from command line to 'False'
[0.214s] Level 5:colcon.colcon_core.verb:set package 'common' build argument 'cmake_force_configure' from command line to 'False'
[0.214s] Level 5:colcon.colcon_core.verb:set package 'common' build argument 'ament_cmake_args' from command line to 'None'
[0.214s] Level 5:colcon.colcon_core.verb:set package 'common' build argument 'catkin_cmake_args' from command line to 'None'
[0.214s] Level 5:colcon.colcon_core.verb:set package 'common' build argument 'catkin_skip_building_tests' from command line to 'False'
[0.214s] DEBUG:colcon.colcon_core.verb:Building package 'common' with the following arguments: {'ament_cmake_args': None, 'build_base': '/home/peter/ros2.1/UsbCaptureROS4/build/common', 'catkin_cmake_args': None, 'catkin_skip_building_tests': False, 'cmake_args': None, 'cmake_clean_cache': False, 'cmake_clean_first': False, 'cmake_force_configure': False, 'cmake_target': None, 'cmake_target_skip_unavailable': False, 'install_base': '/home/peter/ros2.1/UsbCaptureROS4/install/common', 'merge_install': False, 'path': '/home/peter/ros2.1/UsbCaptureROS4/src/common', 'symlink_install': False, 'test_result_base': None}
[0.215s] Level 5:colcon.colcon_core.verb:set package 'interfaces' build argument 'cmake_args' from command line to 'None'
[0.215s] Level 5:colcon.colcon_core.verb:set package 'interfaces' build argument 'cmake_target' from command line to 'None'
[0.215s] Level 5:colcon.colcon_core.verb:set package 'interfaces' build argument 'cmake_target_skip_unavailable' from command line to 'False'
[0.215s] Level 5:colcon.colcon_core.verb:set package 'interfaces' build argument 'cmake_clean_cache' from command line to 'False'
[0.215s] Level 5:colcon.colcon_core.verb:set package 'interfaces' build argument 'cmake_clean_first' from command line to 'False'
[0.215s] Level 5:colcon.colcon_core.verb:set package 'interfaces' build argument 'cmake_force_configure' from command line to 'False'
[0.215s] Level 5:colcon.colcon_core.verb:set package 'interfaces' build argument 'ament_cmake_args' from command line to 'None'
[0.215s] Level 5:colcon.colcon_core.verb:set package 'interfaces' build argument 'catkin_cmake_args' from command line to 'None'
[0.215s] Level 5:colcon.colcon_core.verb:set package 'interfaces' build argument 'catkin_skip_building_tests' from command line to 'False'
[0.215s] DEBUG:colcon.colcon_core.verb:Building package 'interfaces' with the following arguments: {'ament_cmake_args': None, 'build_base': '/home/peter/ros2.1/UsbCaptureROS4/build/interfaces', 'catkin_cmake_args': None, 'catkin_skip_building_tests': False, 'cmake_args': None, 'cmake_clean_cache': False, 'cmake_clean_first': False, 'cmake_force_configure': False, 'cmake_target': None, 'cmake_target_skip_unavailable': False, 'install_base': '/home/peter/ros2.1/UsbCaptureROS4/install/interfaces', 'merge_install': False, 'path': '/home/peter/ros2.1/UsbCaptureROS4/src/interfaces', 'symlink_install': False, 'test_result_base': None}
[0.216s] Level 5:colcon.colcon_core.verb:set package 'ros2_usbcapture' build argument 'cmake_args' from command line to 'None'
[0.216s] Level 5:colcon.colcon_core.verb:set package 'ros2_usbcapture' build argument 'cmake_target' from command line to 'None'
[0.216s] Level 5:colcon.colcon_core.verb:set package 'ros2_usbcapture' build argument 'cmake_target_skip_unavailable' from command line to 'False'
[0.216s] Level 5:colcon.colcon_core.verb:set package 'ros2_usbcapture' build argument 'cmake_clean_cache' from command line to 'False'
[0.216s] Level 5:colcon.colcon_core.verb:set package 'ros2_usbcapture' build argument 'cmake_clean_first' from command line to 'False'
[0.216s] Level 5:colcon.colcon_core.verb:set package 'ros2_usbcapture' build argument 'cmake_force_configure' from command line to 'False'
[0.216s] Level 5:colcon.colcon_core.verb:set package 'ros2_usbcapture' build argument 'ament_cmake_args' from command line to 'None'
[0.216s] Level 5:colcon.colcon_core.verb:set package 'ros2_usbcapture' build argument 'catkin_cmake_args' from command line to 'None'
[0.216s] Level 5:colcon.colcon_core.verb:set package 'ros2_usbcapture' build argument 'catkin_skip_building_tests' from command line to 'False'
[0.216s] DEBUG:colcon.colcon_core.verb:Building package 'ros2_usbcapture' with the following arguments: {'ament_cmake_args': None, 'build_base': '/home/peter/ros2.1/UsbCaptureROS4/build/ros2_usbcapture', 'catkin_cmake_args': None, 'catkin_skip_building_tests': False, 'cmake_args': None, 'cmake_clean_cache': False, 'cmake_clean_first': False, 'cmake_force_configure': False, 'cmake_target': None, 'cmake_target_skip_unavailable': False, 'install_base': '/home/peter/ros2.1/UsbCaptureROS4/install/ros2_usbcapture', 'merge_install': False, 'path': '/home/peter/ros2.1/UsbCaptureROS4/src/ros2_usbcapture', 'symlink_install': False, 'test_result_base': None}
[0.216s] INFO:colcon.colcon_core.executor:Executing jobs using 'parallel' executor
[0.220s] DEBUG:colcon.colcon_parallel_executor.executor.parallel:run_until_complete
[0.220s] INFO:colcon.colcon_ros.task.ament_cmake.build:Building ROS package in '/home/peter/ros2.1/UsbCaptureROS4/src/common' with build type 'ament_cmake'
[0.220s] INFO:colcon.colcon_cmake.task.cmake.build:Building CMake package in '/home/peter/ros2.1/UsbCaptureROS4/src/common'
[0.223s] INFO:colcon.colcon_core.plugin_system:Skipping extension 'colcon_core.shell.bat': Not used on non-Windows systems
[0.223s] INFO:colcon.colcon_core.shell:Skip shell extension 'powershell' for command environment: Not usable outside of PowerShell
[0.223s] DEBUG:colcon.colcon_core.shell:Skip shell extension 'dsv' for command environment
[0.228s] INFO:colcon.colcon_ros.task.ament_cmake.build:Building ROS package in '/home/peter/ros2.1/UsbCaptureROS4/src/interfaces' with build type 'ament_cmake'
[0.228s] INFO:colcon.colcon_cmake.task.cmake.build:Building CMake package in '/home/peter/ros2.1/UsbCaptureROS4/src/interfaces'
[0.229s] INFO:colcon.colcon_core.shell:Skip shell extension 'powershell' for command environment: Not usable outside of PowerShell
[0.230s] DEBUG:colcon.colcon_core.shell:Skip shell extension 'dsv' for command environment
[0.243s] DEBUG:colcon.colcon_core.event_handler.log_command:Invoking command in '/home/peter/ros2.1/UsbCaptureROS4/build/common': CMAKE_PREFIX_PATH=${CMAKE_PREFIX_PATH}:/opt/ros/foxy /bin/cmake --build /home/peter/ros2.1/UsbCaptureROS4/build/common -- -j16 -l16
[0.250s] DEBUG:colcon.colcon_core.event_handler.log_command:Invoking command in '/home/peter/ros2.1/UsbCaptureROS4/build/interfaces': CMAKE_PREFIX_PATH=${CMAKE_PREFIX_PATH}:/opt/ros/foxy /bin/cmake --build /home/peter/ros2.1/UsbCaptureROS4/build/interfaces -- -j16 -l16
[0.299s] DEBUG:colcon.colcon_core.event_handler.log_command:Invoked command in '/home/peter/ros2.1/UsbCaptureROS4/build/common' returned '0': CMAKE_PREFIX_PATH=${CMAKE_PREFIX_PATH}:/opt/ros/foxy /bin/cmake --build /home/peter/ros2.1/UsbCaptureROS4/build/common -- -j16 -l16
[0.326s] DEBUG:colcon.colcon_core.event_handler.log_command:Invoking command in '/home/peter/ros2.1/UsbCaptureROS4/build/common': CMAKE_PREFIX_PATH=${CMAKE_PREFIX_PATH}:/opt/ros/foxy /bin/cmake --install /home/peter/ros2.1/UsbCaptureROS4/build/common
[0.336s] Level 1:colcon.colcon_core.environment:create_environment_scripts_only(common)
[0.336s] DEBUG:colcon.colcon_core.event_handler.log_command:Invoked command in '/home/peter/ros2.1/UsbCaptureROS4/build/common' returned '0': CMAKE_PREFIX_PATH=${CMAKE_PREFIX_PATH}:/opt/ros/foxy /bin/cmake --install /home/peter/ros2.1/UsbCaptureROS4/build/common
[0.341s] Level 1:colcon.colcon_core.environment:checking '/home/peter/ros2.1/UsbCaptureROS4/install/common' for CMake module files
[0.341s] Level 1:colcon.colcon_core.environment:checking '/home/peter/ros2.1/UsbCaptureROS4/install/common' for CMake config files
[0.342s] Level 1:colcon.colcon_core.shell:create_environment_hook('common', 'cmake_prefix_path')
[0.343s] INFO:colcon.colcon_core.shell:Creating environment hook '/home/peter/ros2.1/UsbCaptureROS4/install/common/share/common/hook/cmake_prefix_path.ps1'
[0.344s] INFO:colcon.colcon_core.shell:Creating environment descriptor '/home/peter/ros2.1/UsbCaptureROS4/install/common/share/common/hook/cmake_prefix_path.dsv'
[0.344s] INFO:colcon.colcon_core.shell:Creating environment hook '/home/peter/ros2.1/UsbCaptureROS4/install/common/share/common/hook/cmake_prefix_path.sh'
[0.345s] Level 1:colcon.colcon_core.environment:checking '/home/peter/ros2.1/UsbCaptureROS4/install/common/lib'
[0.345s] Level 1:colcon.colcon_core.shell:create_environment_hook('common', 'ld_library_path_lib')
[0.346s] INFO:colcon.colcon_core.shell:Creating environment hook '/home/peter/ros2.1/UsbCaptureROS4/install/common/share/common/hook/ld_library_path_lib.ps1'
[0.347s] INFO:colcon.colcon_core.shell:Creating environment descriptor '/home/peter/ros2.1/UsbCaptureROS4/install/common/share/common/hook/ld_library_path_lib.dsv'
[0.347s] INFO:colcon.colcon_core.shell:Creating environment hook '/home/peter/ros2.1/UsbCaptureROS4/install/common/share/common/hook/ld_library_path_lib.sh'
[0.347s] Level 1:colcon.colcon_core.environment:checking '/home/peter/ros2.1/UsbCaptureROS4/install/common/bin'
[0.347s] Level 1:colcon.colcon_core.environment:checking '/home/peter/ros2.1/UsbCaptureROS4/install/common/lib/pkgconfig/common.pc'
[0.347s] Level 1:colcon.colcon_core.environment:checking '/home/peter/ros2.1/UsbCaptureROS4/install/common/lib/python3.8/site-packages'
[0.348s] Level 1:colcon.colcon_core.environment:checking '/home/peter/ros2.1/UsbCaptureROS4/install/common/bin'
[0.349s] INFO:colcon.colcon_core.shell:Creating package script '/home/peter/ros2.1/UsbCaptureROS4/install/common/share/common/package.ps1'
[0.350s] INFO:colcon.colcon_core.shell:Creating package descriptor '/home/peter/ros2.1/UsbCaptureROS4/install/common/share/common/package.dsv'
[0.350s] INFO:colcon.colcon_core.shell:Creating package script '/home/peter/ros2.1/UsbCaptureROS4/install/common/share/common/package.sh'
[0.351s] INFO:colcon.colcon_core.shell:Creating package script '/home/peter/ros2.1/UsbCaptureROS4/install/common/share/common/package.bash'
[0.351s] INFO:colcon.colcon_core.shell:Creating package script '/home/peter/ros2.1/UsbCaptureROS4/install/common/share/common/package.zsh'
[0.352s] Level 1:colcon.colcon_core.environment:create_file_with_runtime_dependencies(/home/peter/ros2.1/UsbCaptureROS4/install/common/share/colcon-core/packages/common)
[0.370s] Level 1:colcon.colcon_core.environment:create_environment_scripts_only(common)
[0.372s] Level 1:colcon.colcon_core.environment:checking '/home/peter/ros2.1/UsbCaptureROS4/install/common' for CMake module files
[0.373s] Level 1:colcon.colcon_core.environment:checking '/home/peter/ros2.1/UsbCaptureROS4/install/common' for CMake config files
[0.373s] Level 1:colcon.colcon_core.shell:create_environment_hook('common', 'cmake_prefix_path')
[0.374s] INFO:colcon.colcon_core.shell:Creating environment hook '/home/peter/ros2.1/UsbCaptureROS4/install/common/share/common/hook/cmake_prefix_path.ps1'
[0.375s] INFO:colcon.colcon_core.shell:Creating environment descriptor '/home/peter/ros2.1/UsbCaptureROS4/install/common/share/common/hook/cmake_prefix_path.dsv'
[0.375s] INFO:colcon.colcon_core.shell:Creating environment hook '/home/peter/ros2.1/UsbCaptureROS4/install/common/share/common/hook/cmake_prefix_path.sh'
[0.375s] Level 1:colcon.colcon_core.environment:checking '/home/peter/ros2.1/UsbCaptureROS4/install/common/lib'
[0.375s] Level 1:colcon.colcon_core.shell:create_environment_hook('common', 'ld_library_path_lib')
[0.377s] INFO:colcon.colcon_core.shell:Creating environment hook '/home/peter/ros2.1/UsbCaptureROS4/install/common/share/common/hook/ld_library_path_lib.ps1'
[0.377s] INFO:colcon.colcon_core.shell:Creating environment descriptor '/home/peter/ros2.1/UsbCaptureROS4/install/common/share/common/hook/ld_library_path_lib.dsv'
[0.377s] INFO:colcon.colcon_core.shell:Creating environment hook '/home/peter/ros2.1/UsbCaptureROS4/install/common/share/common/hook/ld_library_path_lib.sh'
[0.377s] Level 1:colcon.colcon_core.environment:checking '/home/peter/ros2.1/UsbCaptureROS4/install/common/bin'
[0.378s] Level 1:colcon.colcon_core.environment:checking '/home/peter/ros2.1/UsbCaptureROS4/install/common/lib/pkgconfig/common.pc'
[0.378s] Level 1:colcon.colcon_core.environment:checking '/home/peter/ros2.1/UsbCaptureROS4/install/common/lib/python3.8/site-packages'
[0.378s] Level 1:colcon.colcon_core.environment:checking '/home/peter/ros2.1/UsbCaptureROS4/install/common/bin'
[0.379s] INFO:colcon.colcon_core.shell:Creating package script '/home/peter/ros2.1/UsbCaptureROS4/install/common/share/common/package.ps1'
[0.380s] INFO:colcon.colcon_core.shell:Creating package descriptor '/home/peter/ros2.1/UsbCaptureROS4/install/common/share/common/package.dsv'
[0.380s] INFO:colcon.colcon_core.shell:Creating package script '/home/peter/ros2.1/UsbCaptureROS4/install/common/share/common/package.sh'
[0.380s] INFO:colcon.colcon_core.shell:Creating package script '/home/peter/ros2.1/UsbCaptureROS4/install/common/share/common/package.bash'
[0.381s] INFO:colcon.colcon_core.shell:Creating package script '/home/peter/ros2.1/UsbCaptureROS4/install/common/share/common/package.zsh'
[0.381s] Level 1:colcon.colcon_core.environment:create_file_with_runtime_dependencies(/home/peter/ros2.1/UsbCaptureROS4/install/common/share/colcon-core/packages/common)
[0.428s] DEBUG:colcon.colcon_core.event_handler.log_command:Invoked command in '/home/peter/ros2.1/UsbCaptureROS4/build/interfaces' returned '0': CMAKE_PREFIX_PATH=${CMAKE_PREFIX_PATH}:/opt/ros/foxy /bin/cmake --build /home/peter/ros2.1/UsbCaptureROS4/build/interfaces -- -j16 -l16
[0.465s] DEBUG:colcon.colcon_core.event_handler.log_command:Invoking command in '/home/peter/ros2.1/UsbCaptureROS4/build/interfaces': CMAKE_PREFIX_PATH=${CMAKE_PREFIX_PATH}:/opt/ros/foxy /bin/cmake --install /home/peter/ros2.1/UsbCaptureROS4/build/interfaces
[0.506s] Level 1:colcon.colcon_core.environment:create_environment_scripts_only(interfaces)
[0.508s] Level 1:colcon.colcon_core.environment:checking '/home/peter/ros2.1/UsbCaptureROS4/install/interfaces' for CMake module files
[0.509s] DEBUG:colcon.colcon_core.event_handler.log_command:Invoked command in '/home/peter/ros2.1/UsbCaptureROS4/build/interfaces' returned '0': CMAKE_PREFIX_PATH=${CMAKE_PREFIX_PATH}:/opt/ros/foxy /bin/cmake --install /home/peter/ros2.1/UsbCaptureROS4/build/interfaces
[0.509s] Level 1:colcon.colcon_core.environment:checking '/home/peter/ros2.1/UsbCaptureROS4/install/interfaces' for CMake config files
[0.509s] Level 1:colcon.colcon_core.shell:create_environment_hook('interfaces', 'cmake_prefix_path')
[0.511s] INFO:colcon.colcon_core.shell:Creating environment hook '/home/peter/ros2.1/UsbCaptureROS4/install/interfaces/share/interfaces/hook/cmake_prefix_path.ps1'
[0.511s] INFO:colcon.colcon_core.shell:Creating environment descriptor '/home/peter/ros2.1/UsbCaptureROS4/install/interfaces/share/interfaces/hook/cmake_prefix_path.dsv'
[0.511s] INFO:colcon.colcon_core.shell:Creating environment hook '/home/peter/ros2.1/UsbCaptureROS4/install/interfaces/share/interfaces/hook/cmake_prefix_path.sh'
[0.512s] Level 1:colcon.colcon_core.environment:checking '/home/peter/ros2.1/UsbCaptureROS4/install/interfaces/lib'
[0.512s] Level 1:colcon.colcon_core.shell:create_environment_hook('interfaces', 'ld_library_path_lib')
[0.513s] INFO:colcon.colcon_core.shell:Creating environment hook '/home/peter/ros2.1/UsbCaptureROS4/install/interfaces/share/interfaces/hook/ld_library_path_lib.ps1'
[0.513s] INFO:colcon.colcon_core.shell:Creating environment descriptor '/home/peter/ros2.1/UsbCaptureROS4/install/interfaces/share/interfaces/hook/ld_library_path_lib.dsv'
[0.514s] INFO:colcon.colcon_core.shell:Creating environment hook '/home/peter/ros2.1/UsbCaptureROS4/install/interfaces/share/interfaces/hook/ld_library_path_lib.sh'
[0.514s] Level 1:colcon.colcon_core.environment:checking '/home/peter/ros2.1/UsbCaptureROS4/install/interfaces/bin'
[0.514s] Level 1:colcon.colcon_core.environment:checking '/home/peter/ros2.1/UsbCaptureROS4/install/interfaces/lib/pkgconfig/interfaces.pc'
[0.514s] Level 1:colcon.colcon_core.environment:checking '/home/peter/ros2.1/UsbCaptureROS4/install/interfaces/lib/python3.8/site-packages'
[0.514s] Level 1:colcon.colcon_core.shell:create_environment_hook('interfaces', 'pythonpath')
[0.515s] INFO:colcon.colcon_core.shell:Creating environment hook '/home/peter/ros2.1/UsbCaptureROS4/install/interfaces/share/interfaces/hook/pythonpath.ps1'
[0.516s] INFO:colcon.colcon_core.shell:Creating environment descriptor '/home/peter/ros2.1/UsbCaptureROS4/install/interfaces/share/interfaces/hook/pythonpath.dsv'
[0.516s] INFO:colcon.colcon_core.shell:Creating environment hook '/home/peter/ros2.1/UsbCaptureROS4/install/interfaces/share/interfaces/hook/pythonpath.sh'
[0.516s] Level 1:colcon.colcon_core.environment:checking '/home/peter/ros2.1/UsbCaptureROS4/install/interfaces/bin'
[0.518s] INFO:colcon.colcon_core.shell:Creating package script '/home/peter/ros2.1/UsbCaptureROS4/install/interfaces/share/interfaces/package.ps1'
[0.518s] INFO:colcon.colcon_core.shell:Creating package descriptor '/home/peter/ros2.1/UsbCaptureROS4/install/interfaces/share/interfaces/package.dsv'
[0.519s] INFO:colcon.colcon_core.shell:Creating package script '/home/peter/ros2.1/UsbCaptureROS4/install/interfaces/share/interfaces/package.sh'
[0.519s] INFO:colcon.colcon_core.shell:Creating package script '/home/peter/ros2.1/UsbCaptureROS4/install/interfaces/share/interfaces/package.bash'
[0.519s] INFO:colcon.colcon_core.shell:Creating package script '/home/peter/ros2.1/UsbCaptureROS4/install/interfaces/share/interfaces/package.zsh'
[0.519s] Level 1:colcon.colcon_core.environment:create_file_with_runtime_dependencies(/home/peter/ros2.1/UsbCaptureROS4/install/interfaces/share/colcon-core/packages/interfaces)
[0.555s] Level 1:colcon.colcon_core.environment:create_environment_scripts_only(interfaces)
[0.557s] Level 1:colcon.colcon_core.environment:checking '/home/peter/ros2.1/UsbCaptureROS4/install/interfaces' for CMake module files
[0.557s] Level 1:colcon.colcon_core.environment:checking '/home/peter/ros2.1/UsbCaptureROS4/install/interfaces' for CMake config files
[0.558s] Level 1:colcon.colcon_core.shell:create_environment_hook('interfaces', 'cmake_prefix_path')
[0.559s] INFO:colcon.colcon_core.shell:Creating environment hook '/home/peter/ros2.1/UsbCaptureROS4/install/interfaces/share/interfaces/hook/cmake_prefix_path.ps1'
[0.559s] INFO:colcon.colcon_core.shell:Creating environment descriptor '/home/peter/ros2.1/UsbCaptureROS4/install/interfaces/share/interfaces/hook/cmake_prefix_path.dsv'
[0.559s] INFO:colcon.colcon_core.shell:Creating environment hook '/home/peter/ros2.1/UsbCaptureROS4/install/interfaces/share/interfaces/hook/cmake_prefix_path.sh'
[0.560s] Level 1:colcon.colcon_core.environment:checking '/home/peter/ros2.1/UsbCaptureROS4/install/interfaces/lib'
[0.560s] Level 1:colcon.colcon_core.shell:create_environment_hook('interfaces', 'ld_library_path_lib')
[0.561s] INFO:colcon.colcon_core.shell:Creating environment hook '/home/peter/ros2.1/UsbCaptureROS4/install/interfaces/share/interfaces/hook/ld_library_path_lib.ps1'
[0.561s] INFO:colcon.colcon_core.shell:Creating environment descriptor '/home/peter/ros2.1/UsbCaptureROS4/install/interfaces/share/interfaces/hook/ld_library_path_lib.dsv'
[0.562s] INFO:colcon.colcon_core.shell:Creating environment hook '/home/peter/ros2.1/UsbCaptureROS4/install/interfaces/share/interfaces/hook/ld_library_path_lib.sh'
[0.562s] Level 1:colcon.colcon_core.environment:checking '/home/peter/ros2.1/UsbCaptureROS4/install/interfaces/bin'
[0.562s] Level 1:colcon.colcon_core.environment:checking '/home/peter/ros2.1/UsbCaptureROS4/install/interfaces/lib/pkgconfig/interfaces.pc'
[0.562s] Level 1:colcon.colcon_core.environment:checking '/home/peter/ros2.1/UsbCaptureROS4/install/interfaces/lib/python3.8/site-packages'
[0.562s] Level 1:colcon.colcon_core.shell:create_environment_hook('interfaces', 'pythonpath')
[0.563s] INFO:colcon.colcon_core.shell:Creating environment hook '/home/peter/ros2.1/UsbCaptureROS4/install/interfaces/share/interfaces/hook/pythonpath.ps1'
[0.564s] INFO:colcon.colcon_core.shell:Creating environment descriptor '/home/peter/ros2.1/UsbCaptureROS4/install/interfaces/share/interfaces/hook/pythonpath.dsv'
[0.564s] INFO:colcon.colcon_core.shell:Creating environment hook '/home/peter/ros2.1/UsbCaptureROS4/install/interfaces/share/interfaces/hook/pythonpath.sh'
[0.564s] Level 1:colcon.colcon_core.environment:checking '/home/peter/ros2.1/UsbCaptureROS4/install/interfaces/bin'
[0.565s] INFO:colcon.colcon_core.shell:Creating package script '/home/peter/ros2.1/UsbCaptureROS4/install/interfaces/share/interfaces/package.ps1'
[0.566s] INFO:colcon.colcon_core.shell:Creating package descriptor '/home/peter/ros2.1/UsbCaptureROS4/install/interfaces/share/interfaces/package.dsv'
[0.566s] INFO:colcon.colcon_core.shell:Creating package script '/home/peter/ros2.1/UsbCaptureROS4/install/interfaces/share/interfaces/package.sh'
[0.567s] INFO:colcon.colcon_core.shell:Creating package script '/home/peter/ros2.1/UsbCaptureROS4/install/interfaces/share/interfaces/package.bash'
[0.567s] INFO:colcon.colcon_core.shell:Creating package script '/home/peter/ros2.1/UsbCaptureROS4/install/interfaces/share/interfaces/package.zsh'
[0.567s] Level 1:colcon.colcon_core.environment:create_file_with_runtime_dependencies(/home/peter/ros2.1/UsbCaptureROS4/install/interfaces/share/colcon-core/packages/interfaces)
[0.568s] INFO:colcon.colcon_ros.task.ament_cmake.build:Building ROS package in '/home/peter/ros2.1/UsbCaptureROS4/src/ros2_usbcapture' with build type 'ament_cmake'
[0.568s] INFO:colcon.colcon_cmake.task.cmake.build:Building CMake package in '/home/peter/ros2.1/UsbCaptureROS4/src/ros2_usbcapture'
[0.569s] INFO:colcon.colcon_core.shell:Skip shell extension 'powershell' for command environment: Not usable outside of PowerShell
[0.569s] DEBUG:colcon.colcon_core.shell:Skip shell extension 'dsv' for command environment
[0.583s] DEBUG:colcon.colcon_core.event_handler.log_command:Invoking command in '/home/peter/ros2.1/UsbCaptureROS4/build/ros2_usbcapture': CMAKE_PREFIX_PATH=/home/peter/ros2.1/UsbCaptureROS4/install/interfaces:/home/peter/ros2.1/UsbCaptureROS4/install/common:/home/peter/ros2.1/UsbCaptureROS4/install/ros2_usbcapture:/opt/ros/foxy LD_LIBRARY_PATH=/home/peter/ros2.1/UsbCaptureROS4/install/interfaces/lib:/home/peter/ros2.1/UsbCaptureROS4/install/common/lib:/home/peter/ros2.1/UsbCaptureROS4/install/ros2_usbcapture/lib:/opt/ros/foxy/opt/yaml_cpp_vendor/lib:/opt/ros/foxy/opt/rviz_ogre_vendor/lib:/opt/ros/foxy/lib/x86_64-linux-gnu:/opt/ros/foxy/lib /bin/cmake --build /home/peter/ros2.1/UsbCaptureROS4/build/ros2_usbcapture -- -j16 -l16
[5.724s] DEBUG:colcon.colcon_core.event_handler.log_command:Invoked command in '/home/peter/ros2.1/UsbCaptureROS4/build/ros2_usbcapture' returned '0': CMAKE_PREFIX_PATH=/home/peter/ros2.1/UsbCaptureROS4/install/interfaces:/home/peter/ros2.1/UsbCaptureROS4/install/common:/home/peter/ros2.1/UsbCaptureROS4/install/ros2_usbcapture:/opt/ros/foxy LD_LIBRARY_PATH=/home/peter/ros2.1/UsbCaptureROS4/install/interfaces/lib:/home/peter/ros2.1/UsbCaptureROS4/install/common/lib:/home/peter/ros2.1/UsbCaptureROS4/install/ros2_usbcapture/lib:/opt/ros/foxy/opt/yaml_cpp_vendor/lib:/opt/ros/foxy/opt/rviz_ogre_vendor/lib:/opt/ros/foxy/lib/x86_64-linux-gnu:/opt/ros/foxy/lib /bin/cmake --build /home/peter/ros2.1/UsbCaptureROS4/build/ros2_usbcapture -- -j16 -l16
[5.747s] DEBUG:colcon.colcon_core.event_handler.log_command:Invoking command in '/home/peter/ros2.1/UsbCaptureROS4/build/ros2_usbcapture': CMAKE_PREFIX_PATH=/home/peter/ros2.1/UsbCaptureROS4/install/interfaces:/home/peter/ros2.1/UsbCaptureROS4/install/common:/home/peter/ros2.1/UsbCaptureROS4/install/ros2_usbcapture:/opt/ros/foxy LD_LIBRARY_PATH=/home/peter/ros2.1/UsbCaptureROS4/install/interfaces/lib:/home/peter/ros2.1/UsbCaptureROS4/install/common/lib:/home/peter/ros2.1/UsbCaptureROS4/install/ros2_usbcapture/lib:/opt/ros/foxy/opt/yaml_cpp_vendor/lib:/opt/ros/foxy/opt/rviz_ogre_vendor/lib:/opt/ros/foxy/lib/x86_64-linux-gnu:/opt/ros/foxy/lib /bin/cmake --install /home/peter/ros2.1/UsbCaptureROS4/build/ros2_usbcapture
[5.759s] Level 1:colcon.colcon_core.environment:create_environment_scripts_only(ros2_usbcapture)
[5.761s] Level 1:colcon.colcon_core.environment:checking '/home/peter/ros2.1/UsbCaptureROS4/install/ros2_usbcapture' for CMake module files
[5.761s] DEBUG:colcon.colcon_core.event_handler.log_command:Invoked command in '/home/peter/ros2.1/UsbCaptureROS4/build/ros2_usbcapture' returned '0': CMAKE_PREFIX_PATH=/home/peter/ros2.1/UsbCaptureROS4/install/interfaces:/home/peter/ros2.1/UsbCaptureROS4/install/common:/home/peter/ros2.1/UsbCaptureROS4/install/ros2_usbcapture:/opt/ros/foxy LD_LIBRARY_PATH=/home/peter/ros2.1/UsbCaptureROS4/install/interfaces/lib:/home/peter/ros2.1/UsbCaptureROS4/install/common/lib:/home/peter/ros2.1/UsbCaptureROS4/install/ros2_usbcapture/lib:/opt/ros/foxy/opt/yaml_cpp_vendor/lib:/opt/ros/foxy/opt/rviz_ogre_vendor/lib:/opt/ros/foxy/lib/x86_64-linux-gnu:/opt/ros/foxy/lib /bin/cmake --install /home/peter/ros2.1/UsbCaptureROS4/build/ros2_usbcapture
[5.762s] Level 1:colcon.colcon_core.environment:checking '/home/peter/ros2.1/UsbCaptureROS4/install/ros2_usbcapture' for CMake config files
[5.762s] Level 1:colcon.colcon_core.shell:create_environment_hook('ros2_usbcapture', 'cmake_prefix_path')
[5.763s] INFO:colcon.colcon_core.shell:Creating environment hook '/home/peter/ros2.1/UsbCaptureROS4/install/ros2_usbcapture/share/ros2_usbcapture/hook/cmake_prefix_path.ps1'
[5.764s] INFO:colcon.colcon_core.shell:Creating environment descriptor '/home/peter/ros2.1/UsbCaptureROS4/install/ros2_usbcapture/share/ros2_usbcapture/hook/cmake_prefix_path.dsv'
[5.764s] INFO:colcon.colcon_core.shell:Creating environment hook '/home/peter/ros2.1/UsbCaptureROS4/install/ros2_usbcapture/share/ros2_usbcapture/hook/cmake_prefix_path.sh'
[5.764s] Level 1:colcon.colcon_core.environment:checking '/home/peter/ros2.1/UsbCaptureROS4/install/ros2_usbcapture/lib'
[5.764s] Level 1:colcon.colcon_core.shell:create_environment_hook('ros2_usbcapture', 'ld_library_path_lib')
[5.766s] INFO:colcon.colcon_core.shell:Creating environment hook '/home/peter/ros2.1/UsbCaptureROS4/install/ros2_usbcapture/share/ros2_usbcapture/hook/ld_library_path_lib.ps1'
[5.766s] INFO:colcon.colcon_core.shell:Creating environment descriptor '/home/peter/ros2.1/UsbCaptureROS4/install/ros2_usbcapture/share/ros2_usbcapture/hook/ld_library_path_lib.dsv'
[5.766s] INFO:colcon.colcon_core.shell:Creating environment hook '/home/peter/ros2.1/UsbCaptureROS4/install/ros2_usbcapture/share/ros2_usbcapture/hook/ld_library_path_lib.sh'
[5.766s] Level 1:colcon.colcon_core.environment:checking '/home/peter/ros2.1/UsbCaptureROS4/install/ros2_usbcapture/bin'
[5.766s] Level 1:colcon.colcon_core.environment:checking '/home/peter/ros2.1/UsbCaptureROS4/install/ros2_usbcapture/lib/pkgconfig/ros2_usbcapture.pc'
[5.767s] Level 1:colcon.colcon_core.environment:checking '/home/peter/ros2.1/UsbCaptureROS4/install/ros2_usbcapture/lib/python3.8/site-packages'
[5.767s] Level 1:colcon.colcon_core.environment:checking '/home/peter/ros2.1/UsbCaptureROS4/install/ros2_usbcapture/bin'
[5.768s] INFO:colcon.colcon_core.shell:Creating package script '/home/peter/ros2.1/UsbCaptureROS4/install/ros2_usbcapture/share/ros2_usbcapture/package.ps1'
[5.768s] INFO:colcon.colcon_core.shell:Creating package descriptor '/home/peter/ros2.1/UsbCaptureROS4/install/ros2_usbcapture/share/ros2_usbcapture/package.dsv'
[5.769s] INFO:colcon.colcon_core.shell:Creating package script '/home/peter/ros2.1/UsbCaptureROS4/install/ros2_usbcapture/share/ros2_usbcapture/package.sh'
[5.769s] INFO:colcon.colcon_core.shell:Creating package script '/home/peter/ros2.1/UsbCaptureROS4/install/ros2_usbcapture/share/ros2_usbcapture/package.bash'
[5.769s] INFO:colcon.colcon_core.shell:Creating package script '/home/peter/ros2.1/UsbCaptureROS4/install/ros2_usbcapture/share/ros2_usbcapture/package.zsh'
[5.770s] Level 1:colcon.colcon_core.environment:create_file_with_runtime_dependencies(/home/peter/ros2.1/UsbCaptureROS4/install/ros2_usbcapture/share/colcon-core/packages/ros2_usbcapture)
[5.790s] Level 1:colcon.colcon_core.environment:create_environment_scripts_only(ros2_usbcapture)
[5.792s] Level 1:colcon.colcon_core.environment:checking '/home/peter/ros2.1/UsbCaptureROS4/install/ros2_usbcapture' for CMake module files
[5.792s] Level 1:colcon.colcon_core.environment:checking '/home/peter/ros2.1/UsbCaptureROS4/install/ros2_usbcapture' for CMake config files
[5.793s] Level 1:colcon.colcon_core.shell:create_environment_hook('ros2_usbcapture', 'cmake_prefix_path')
[5.794s] INFO:colcon.colcon_core.shell:Creating environment hook '/home/peter/ros2.1/UsbCaptureROS4/install/ros2_usbcapture/share/ros2_usbcapture/hook/cmake_prefix_path.ps1'
[5.794s] INFO:colcon.colcon_core.shell:Creating environment descriptor '/home/peter/ros2.1/UsbCaptureROS4/install/ros2_usbcapture/share/ros2_usbcapture/hook/cmake_prefix_path.dsv'
[5.794s] INFO:colcon.colcon_core.shell:Creating environment hook '/home/peter/ros2.1/UsbCaptureROS4/install/ros2_usbcapture/share/ros2_usbcapture/hook/cmake_prefix_path.sh'
[5.795s] Level 1:colcon.colcon_core.environment:checking '/home/peter/ros2.1/UsbCaptureROS4/install/ros2_usbcapture/lib'
[5.795s] Level 1:colcon.colcon_core.shell:create_environment_hook('ros2_usbcapture', 'ld_library_path_lib')
[5.796s] INFO:colcon.colcon_core.shell:Creating environment hook '/home/peter/ros2.1/UsbCaptureROS4/install/ros2_usbcapture/share/ros2_usbcapture/hook/ld_library_path_lib.ps1'
[5.796s] INFO:colcon.colcon_core.shell:Creating environment descriptor '/home/peter/ros2.1/UsbCaptureROS4/install/ros2_usbcapture/share/ros2_usbcapture/hook/ld_library_path_lib.dsv'
[5.796s] INFO:colcon.colcon_core.shell:Creating environment hook '/home/peter/ros2.1/UsbCaptureROS4/install/ros2_usbcapture/share/ros2_usbcapture/hook/ld_library_path_lib.sh'
[5.797s] Level 1:colcon.colcon_core.environment:checking '/home/peter/ros2.1/UsbCaptureROS4/install/ros2_usbcapture/bin'
[5.797s] Level 1:colcon.colcon_core.environment:checking '/home/peter/ros2.1/UsbCaptureROS4/install/ros2_usbcapture/lib/pkgconfig/ros2_usbcapture.pc'
[5.797s] Level 1:colcon.colcon_core.environment:checking '/home/peter/ros2.1/UsbCaptureROS4/install/ros2_usbcapture/lib/python3.8/site-packages'
[5.797s] Level 1:colcon.colcon_core.environment:checking '/home/peter/ros2.1/UsbCaptureROS4/install/ros2_usbcapture/bin'
[5.798s] INFO:colcon.colcon_core.shell:Creating package script '/home/peter/ros2.1/UsbCaptureROS4/install/ros2_usbcapture/share/ros2_usbcapture/package.ps1'
[5.799s] INFO:colcon.colcon_core.shell:Creating package descriptor '/home/peter/ros2.1/UsbCaptureROS4/install/ros2_usbcapture/share/ros2_usbcapture/package.dsv'
[5.799s] INFO:colcon.colcon_core.shell:Creating package script '/home/peter/ros2.1/UsbCaptureROS4/install/ros2_usbcapture/share/ros2_usbcapture/package.sh'
[5.799s] INFO:colcon.colcon_core.shell:Creating package script '/home/peter/ros2.1/UsbCaptureROS4/install/ros2_usbcapture/share/ros2_usbcapture/package.bash'
[5.800s] INFO:colcon.colcon_core.shell:Creating package script '/home/peter/ros2.1/UsbCaptureROS4/install/ros2_usbcapture/share/ros2_usbcapture/package.zsh'
[5.800s] Level 1:colcon.colcon_core.environment:create_file_with_runtime_dependencies(/home/peter/ros2.1/UsbCaptureROS4/install/ros2_usbcapture/share/colcon-core/packages/ros2_usbcapture)
[5.800s] DEBUG:colcon.colcon_parallel_executor.executor.parallel:closing loop
[5.801s] DEBUG:colcon.colcon_parallel_executor.executor.parallel:loop closed
[5.801s] DEBUG:colcon.colcon_parallel_executor.executor.parallel:run_until_complete finished with '0'
[5.801s] DEBUG:colcon.colcon_core.event_reactor:joining thread
[5.807s] INFO:colcon.colcon_core.plugin_system:Skipping extension 'colcon_notification.desktop_notification.terminal_notifier': Not used on non-Darwin systems
[5.807s] INFO:colcon.colcon_core.plugin_system:Skipping extension 'colcon_notification.desktop_notification.win32': Not used on non-Windows systems
[5.807s] INFO:colcon.colcon_notification.desktop_notification:Sending desktop notification using 'notify2'
[5.824s] DEBUG:colcon.colcon_core.event_reactor:joined thread
[5.826s] INFO:colcon.colcon_core.shell:Creating prefix script '/home/peter/ros2.1/UsbCaptureROS4/install/local_setup.ps1'
[5.828s] INFO:colcon.colcon_core.shell:Creating prefix util module '/home/peter/ros2.1/UsbCaptureROS4/install/_local_setup_util_ps1.py'
[5.829s] INFO:colcon.colcon_core.shell:Creating prefix chain script '/home/peter/ros2.1/UsbCaptureROS4/install/setup.ps1'
[5.831s] INFO:colcon.colcon_core.shell:Creating prefix script '/home/peter/ros2.1/UsbCaptureROS4/install/local_setup.sh'
[5.832s] INFO:colcon.colcon_core.shell:Creating prefix util module '/home/peter/ros2.1/UsbCaptureROS4/install/_local_setup_util_sh.py'
[5.832s] INFO:colcon.colcon_core.shell:Creating prefix chain script '/home/peter/ros2.1/UsbCaptureROS4/install/setup.sh'
[5.834s] INFO:colcon.colcon_core.shell:Creating prefix script '/home/peter/ros2.1/UsbCaptureROS4/install/local_setup.bash'
[5.835s] INFO:colcon.colcon_core.shell:Creating prefix chain script '/home/peter/ros2.1/UsbCaptureROS4/install/setup.bash'
[5.836s] INFO:colcon.colcon_core.shell:Creating prefix script '/home/peter/ros2.1/UsbCaptureROS4/install/local_setup.zsh'
[5.837s] INFO:colcon.colcon_core.shell:Creating prefix chain script '/home/peter/ros2.1/UsbCaptureROS4/install/setup.zsh'
