-- The C compiler identification is GNU 9.4.0
-- The CXX compiler identification is GNU 9.4.0
-- Check for working C compiler: /bin/cc
-- Check for working C compiler: /bin/cc -- works
-- Detecting C compiler ABI info
-- Detecting C compiler ABI info - done
-- Detecting C compile features
-- Detecting C compile features - done
-- Check for working CXX compiler: /bin/c++
-- Check for working CXX compiler: /bin/c++ -- works
-- Detecting CXX compiler ABI info
-- Detecting CXX compiler ABI info - done
-- Detecting CXX compile features
-- Detecting CXX compile features - done
-- Found ament_cmake: 0.9.11 (/opt/ros/foxy/share/ament_cmake/cmake)
-- Found PythonInterp: /bin/python3 (found suitable version "3.8.10", minimum required is "3") 
-- Using PYTHON_EXECUTABLE: /bin/python3
-- Found rclcpp: 2.4.2 (/opt/ros/foxy/share/rclcpp/cmake)
-- Using all available rosidl_typesupport_c: rosidl_typesupport_fastrtps_c;rosidl_typesupport_introspection_c
-- Found rosidl_adapter: 1.3.0 (/opt/ros/foxy/share/rosidl_adapter/cmake)
-- Found OpenSSL: /usr/lib/x86_64-linux-gnu/libcrypto.so (found version "1.1.1f")  
-- Found FastRTPS: /opt/ros/foxy/include  
-- Using all available rosidl_typesupport_cpp: rosidl_typesupport_fastrtps_cpp;rosidl_typesupport_introspection_cpp
-- Found rmw_implementation_cmake: 1.0.3 (/opt/ros/foxy/share/rmw_implementation_cmake/cmake)
-- Using RMW implementation 'rmw_fastrtps_cpp' as default
-- Looking for pthread.h
-- Looking for pthread.h - found
-- Performing Test CMAKE_HAVE_LIBC_PTHREAD
-- Performing Test CMAKE_HAVE_LIBC_PTHREAD - Failed
-- Looking for pthread_create in pthreads
-- Looking for pthread_create in pthreads - not found
-- Looking for pthread_create in pthread
-- Looking for pthread_create in pthread - found
-- Found Threads: TRUE  
-- Found ament_lint_auto: 0.9.7 (/opt/ros/foxy/share/ament_lint_auto/cmake)
-- Found common: 0.0.0 (/home/peter/ros2.1/UsbCaptureROS4/install/common/share/common/cmake)
-- Found OpenCV: /usr/local (found suitable version "3.4.13", minimum required is "3.4.13") 
-- Found interfaces: 0.0.0 (/home/peter/ros2.1/UsbCaptureROS4/install/interfaces/share/interfaces/cmake)
-- Found cv_bridge: 3.0.6 (/opt/ros/foxy/share/cv_bridge/cmake)
-- Found rclcpp_components: 2.4.2 (/opt/ros/foxy/share/rclcpp_components/cmake)
-- Added test 'copyright' to check source files copyright and LICENSE
-- Added test 'cppcheck' to perform static code analysis on C / C++ code
-- Configured cppcheck include dirs: /home/peter/ros2.1/UsbCaptureROS4/src/ros2_usbcapture/include
-- Configured cppcheck exclude dirs and/or files: 
-- Added test 'cpplint' to check C / C++ code against the Google style
-- Configured cpplint exclude dirs and/or files: 
-- Added test 'flake8' to check Python code syntax and style conventions
-- Added test 'lint_cmake' to check CMake code style
-- Added test 'pep257' to check Python code against some of the style conventions in PEP 257
-- Added test 'uncrustify' to check C / C++ code style
-- Configured uncrustify additional arguments: 
-- Added test 'xmllint' to check XML markup files
-- Configuring done
-- Generating done
-- Build files have been written to: /home/peter/ros2.1/UsbCaptureROS4/build/ros2_usbcapture
[35m[1mScanning dependencies of target camera_component[0m
[35m[1mScanning dependencies of target test_component[0m
[ 20%] [32mBuilding CXX object CMakeFiles/test_component.dir/src/test_get_image.cpp.o[0m
[ 60%] [32mBuilding CXX object CMakeFiles/camera_component.dir/src/RosNode.cpp.o[0m
[ 60%] [32mBuilding CXX object CMakeFiles/camera_component.dir/src/UsbCaptureSystem.cpp.o[0m
In file included from [01m[K/home/peter/ros2.1/UsbCaptureROS4/src/ros2_usbcapture/src/test_get_image.cpp:1[m[K:
[01m[K/home/peter/ros2.1/UsbCaptureROS4/src/ros2_usbcapture/include/ros2_usbcapture/test_get_image.h:29:43:[m[K [01;35m[Kwarning: [m[K‘[01m[Ksensor_msgs::msg::Image_<std::allocator<void> >::ConstPtr[m[K’ is deprecated [[01;35m[K-Wdeprecated-declarations[m[K]
   29 |         sensor_msgs::msg::Image::ConstPtr [01;35m[Kimg_ptr[m[K;
      |                                           [01;35m[K^~~~~~~[m[K
In file included from [01m[K/home/peter/ros2.1/UsbCaptureROS4/install/interfaces/include/interfaces/msg/detail/mat_with_time__struct.hpp:19[m[K,
                 from [01m[K/home/peter/ros2.1/UsbCaptureROS4/install/interfaces/include/interfaces/msg/mat_with_time.hpp:7[m[K,
                 from [01m[K/home/peter/ros2.1/UsbCaptureROS4/src/ros2_usbcapture/include/ros2_usbcapture/test_get_image.h:8[m[K,
                 from [01m[K/home/peter/ros2.1/UsbCaptureROS4/src/ros2_usbcapture/src/test_get_image.cpp:1[m[K:
[01m[K/opt/ros/foxy/include/sensor_msgs/msg/detail/image__struct.hpp:172:5:[m[K [01;36m[Knote: [m[Kdeclared here
  172 |     [01;36m[KConstPtr[m[K;
      |     [01;36m[K^~~~~~~~[m[K
[ 80%] [32m[1mLinking CXX shared library libcamera_component.so[0m
[ 80%] Built target camera_component
[100%] [32m[1mLinking CXX shared library libtest_component.so[0m
[100%] Built target test_component
-- Install configuration: ""
-- Installing: /home/peter/ros2.1/UsbCaptureROS4/install/ros2_usbcapture/lib/libcamera_component.so
-- Set runtime path of "/home/peter/ros2.1/UsbCaptureROS4/install/ros2_usbcapture/lib/libcamera_component.so" to ""
-- Installing: /home/peter/ros2.1/UsbCaptureROS4/install/ros2_usbcapture/lib/libtest_component.so
-- Set runtime path of "/home/peter/ros2.1/UsbCaptureROS4/install/ros2_usbcapture/lib/libtest_component.so" to ""
-- Installing: /home/peter/ros2.1/UsbCaptureROS4/install/ros2_usbcapture/share/ros2_usbcapture/launch
-- Installing: /home/peter/ros2.1/UsbCaptureROS4/install/ros2_usbcapture/share/ros2_usbcapture/launch/image.launch.py
-- Installing: /home/peter/ros2.1/UsbCaptureROS4/install/ros2_usbcapture/share/ament_index/resource_index/package_run_dependencies/ros2_usbcapture
-- Installing: /home/peter/ros2.1/UsbCaptureROS4/install/ros2_usbcapture/share/ament_index/resource_index/parent_prefix_path/ros2_usbcapture
-- Installing: /home/peter/ros2.1/UsbCaptureROS4/install/ros2_usbcapture/share/ros2_usbcapture/environment/ament_prefix_path.sh
-- Installing: /home/peter/ros2.1/UsbCaptureROS4/install/ros2_usbcapture/share/ros2_usbcapture/environment/ament_prefix_path.dsv
-- Installing: /home/peter/ros2.1/UsbCaptureROS4/install/ros2_usbcapture/share/ros2_usbcapture/environment/path.sh
-- Installing: /home/peter/ros2.1/UsbCaptureROS4/install/ros2_usbcapture/share/ros2_usbcapture/environment/path.dsv
-- Installing: /home/peter/ros2.1/UsbCaptureROS4/install/ros2_usbcapture/share/ros2_usbcapture/local_setup.bash
-- Installing: /home/peter/ros2.1/UsbCaptureROS4/install/ros2_usbcapture/share/ros2_usbcapture/local_setup.sh
-- Installing: /home/peter/ros2.1/UsbCaptureROS4/install/ros2_usbcapture/share/ros2_usbcapture/local_setup.zsh
-- Installing: /home/peter/ros2.1/UsbCaptureROS4/install/ros2_usbcapture/share/ros2_usbcapture/local_setup.dsv
-- Installing: /home/peter/ros2.1/UsbCaptureROS4/install/ros2_usbcapture/share/ros2_usbcapture/package.dsv
-- Installing: /home/peter/ros2.1/UsbCaptureROS4/install/ros2_usbcapture/share/ament_index/resource_index/packages/ros2_usbcapture
-- Installing: /home/peter/ros2.1/UsbCaptureROS4/install/ros2_usbcapture/share/ament_index/resource_index/rclcpp_components/ros2_usbcapture
-- Installing: /home/peter/ros2.1/UsbCaptureROS4/install/ros2_usbcapture/share/ros2_usbcapture/cmake/ros2_usbcaptureConfig.cmake
-- Installing: /home/peter/ros2.1/UsbCaptureROS4/install/ros2_usbcapture/share/ros2_usbcapture/cmake/ros2_usbcaptureConfig-version.cmake
-- Installing: /home/peter/ros2.1/UsbCaptureROS4/install/ros2_usbcapture/share/ros2_usbcapture/package.xml
