[0.011s] Invoking command in '/home/peter/ros2.1/UsbCaptureROS4/build/ros2_usbcapture': AMENT_PREFIX_PATH=/home/peter/ros2.1/UsbCaptureROS4/install/interfaces:/home/peter/ros2.1/UsbCaptureROS4/install/common:${AMENT_PREFIX_PATH} CMAKE_PREFIX_PATH=/home/peter/ros2.1/UsbCaptureROS4/install/interfaces:/home/peter/ros2.1/UsbCaptureROS4/install/common:/opt/ros/foxy LD_LIBRARY_PATH=/home/peter/ros2.1/UsbCaptureROS4/install/interfaces/lib:/home/peter/ros2.1/UsbCaptureROS4/install/common/lib:${LD_LIBRARY_PATH} PYTHONPATH=/home/peter/ros2.1/UsbCaptureROS4/install/interfaces/lib/python3.8/site-packages:${PYTHONPATH} /bin/cmake /home/peter/ros2.1/UsbCaptureROS4/src/ros2_usbcapture -DCMAKE_INSTALL_PREFIX=/home/peter/ros2.1/UsbCaptureROS4/install/ros2_usbcapture
[0.062s] -- The C compiler identification is GNU 9.4.0
[0.104s] -- The CXX compiler identification is GNU 9.4.0
[0.108s] -- Check for working C compiler: /bin/cc
[0.162s] -- Check for working C compiler: /bin/cc -- works
[0.163s] -- Detecting C compiler ABI info
[0.218s] -- Detecting C compiler ABI info - done
[0.228s] -- Detecting C compile features
[0.228s] -- Detecting C compile features - done
[0.230s] -- Check for working CXX compiler: /bin/c++
[0.294s] -- Check for working CXX compiler: /bin/c++ -- works
[0.295s] -- Detecting CXX compiler ABI info
[0.357s] -- Detecting CXX compiler ABI info - done
[0.368s] -- Detecting CXX compile features
[0.368s] -- Detecting CXX compile features - done
[0.370s] -- Found ament_cmake: 0.9.11 (/opt/ros/foxy/share/ament_cmake/cmake)
[0.391s] -- Found PythonInterp: /bin/python3 (found suitable version "3.8.10", minimum required is "3") 
[0.391s] -- Using PYTHON_EXECUTABLE: /bin/python3
[0.531s] -- Found rclcpp: 2.4.2 (/opt/ros/foxy/share/rclcpp/cmake)
[0.561s] -- Using all available rosidl_typesupport_c: rosidl_typesupport_fastrtps_c;rosidl_typesupport_introspection_c
[0.567s] -- Found rosidl_adapter: 1.3.0 (/opt/ros/foxy/share/rosidl_adapter/cmake)
[0.624s] -- Found OpenSSL: /usr/lib/x86_64-linux-gnu/libcrypto.so (found version "1.1.1f")  
[0.645s] -- Found FastRTPS: /opt/ros/foxy/include  
[0.702s] -- Using all available rosidl_typesupport_cpp: rosidl_typesupport_fastrtps_cpp;rosidl_typesupport_introspection_cpp
[0.744s] -- Found rmw_implementation_cmake: 1.0.3 (/opt/ros/foxy/share/rmw_implementation_cmake/cmake)
[0.745s] -- Using RMW implementation 'rmw_fastrtps_cpp' as default
[0.745s] -- Looking for pthread.h
[0.803s] -- Looking for pthread.h - found
[0.803s] -- Performing Test CMAKE_HAVE_LIBC_PTHREAD
[0.857s] -- Performing Test CMAKE_HAVE_LIBC_PTHREAD - Failed
[0.858s] -- Looking for pthread_create in pthreads
[0.907s] -- Looking for pthread_create in pthreads - not found
[0.908s] -- Looking for pthread_create in pthread
[0.962s] -- Looking for pthread_create in pthread - found
[0.963s] -- Found Threads: TRUE  
[1.089s] -- Found ament_lint_auto: 0.9.7 (/opt/ros/foxy/share/ament_lint_auto/cmake)
[1.145s] -- Found common: 0.0.0 (/home/peter/ros2.1/UsbCaptureROS4/install/common/share/common/cmake)
[1.161s] -- Found OpenCV: /usr/local (found suitable version "3.4.13", minimum required is "3.4.13") 
[1.161s] -- Found interfaces: 0.0.0 (/home/peter/ros2.1/UsbCaptureROS4/install/interfaces/share/interfaces/cmake)
[1.340s] -- Found cv_bridge: 3.0.6 (/opt/ros/foxy/share/cv_bridge/cmake)
[1.352s] -- Found rclcpp_components: 2.4.2 (/opt/ros/foxy/share/rclcpp_components/cmake)
[1.416s] -- Added test 'copyright' to check source files copyright and LICENSE
[1.417s] -- Added test 'cppcheck' to perform static code analysis on C / C++ code
[1.417s] -- Configured cppcheck include dirs: /home/peter/ros2.1/UsbCaptureROS4/src/ros2_usbcapture/include
[1.417s] -- Configured cppcheck exclude dirs and/or files: 
[1.418s] -- Added test 'cpplint' to check C / C++ code against the Google style
[1.418s] -- Configured cpplint exclude dirs and/or files: 
[1.418s] -- Added test 'flake8' to check Python code syntax and style conventions
[1.418s] -- Added test 'lint_cmake' to check CMake code style
[1.419s] -- Added test 'pep257' to check Python code against some of the style conventions in PEP 257
[1.419s] -- Added test 'uncrustify' to check C / C++ code style
[1.419s] -- Configured uncrustify additional arguments: 
[1.419s] -- Added test 'xmllint' to check XML markup files
[1.422s] -- Configuring done
[1.437s] -- Generating done
[1.438s] -- Build files have been written to: /home/peter/ros2.1/UsbCaptureROS4/build/ros2_usbcapture
[1.446s] Invoked command in '/home/peter/ros2.1/UsbCaptureROS4/build/ros2_usbcapture' returned '0': AMENT_PREFIX_PATH=/home/peter/ros2.1/UsbCaptureROS4/install/interfaces:/home/peter/ros2.1/UsbCaptureROS4/install/common:${AMENT_PREFIX_PATH} CMAKE_PREFIX_PATH=/home/peter/ros2.1/UsbCaptureROS4/install/interfaces:/home/peter/ros2.1/UsbCaptureROS4/install/common:/opt/ros/foxy LD_LIBRARY_PATH=/home/peter/ros2.1/UsbCaptureROS4/install/interfaces/lib:/home/peter/ros2.1/UsbCaptureROS4/install/common/lib:${LD_LIBRARY_PATH} PYTHONPATH=/home/peter/ros2.1/UsbCaptureROS4/install/interfaces/lib/python3.8/site-packages:${PYTHONPATH} /bin/cmake /home/peter/ros2.1/UsbCaptureROS4/src/ros2_usbcapture -DCMAKE_INSTALL_PREFIX=/home/peter/ros2.1/UsbCaptureROS4/install/ros2_usbcapture
[1.448s] Invoking command in '/home/peter/ros2.1/UsbCaptureROS4/build/ros2_usbcapture': AMENT_PREFIX_PATH=/home/peter/ros2.1/UsbCaptureROS4/install/interfaces:/home/peter/ros2.1/UsbCaptureROS4/install/common:${AMENT_PREFIX_PATH} CMAKE_PREFIX_PATH=/home/peter/ros2.1/UsbCaptureROS4/install/interfaces:/home/peter/ros2.1/UsbCaptureROS4/install/common:/opt/ros/foxy LD_LIBRARY_PATH=/home/peter/ros2.1/UsbCaptureROS4/install/interfaces/lib:/home/peter/ros2.1/UsbCaptureROS4/install/common/lib:${LD_LIBRARY_PATH} PYTHONPATH=/home/peter/ros2.1/UsbCaptureROS4/install/interfaces/lib/python3.8/site-packages:${PYTHONPATH} /bin/cmake --build /home/peter/ros2.1/UsbCaptureROS4/build/ros2_usbcapture -- -j16 -l16
[1.479s] [35m[1mScanning dependencies of target camera_component[0m
[1.479s] [35m[1mScanning dependencies of target test_component[0m
[1.510s] [ 20%] [32mBuilding CXX object CMakeFiles/test_component.dir/src/test_get_image.cpp.o[0m
[1.512s] [ 60%] [32mBuilding CXX object CMakeFiles/camera_component.dir/src/RosNode.cpp.o[0m
[1.512s] [ 60%] [32mBuilding CXX object CMakeFiles/camera_component.dir/src/UsbCaptureSystem.cpp.o[0m
[3.459s] In file included from [01m[K/home/peter/ros2.1/UsbCaptureROS4/src/ros2_usbcapture/src/test_get_image.cpp:1[m[K:
[3.459s] [01m[K/home/peter/ros2.1/UsbCaptureROS4/src/ros2_usbcapture/include/ros2_usbcapture/test_get_image.h:29:43:[m[K [01;35m[Kwarning: [m[K‘[01m[Ksensor_msgs::msg::Image_<std::allocator<void> >::ConstPtr[m[K’ is deprecated [[01;35m[K-Wdeprecated-declarations[m[K]
[3.459s]    29 |         sensor_msgs::msg::Image::ConstPtr [01;35m[Kimg_ptr[m[K;
[3.459s]       |                                           [01;35m[K^~~~~~~[m[K
[3.460s] In file included from [01m[K/home/peter/ros2.1/UsbCaptureROS4/install/interfaces/include/interfaces/msg/detail/mat_with_time__struct.hpp:19[m[K,
[3.460s]                  from [01m[K/home/peter/ros2.1/UsbCaptureROS4/install/interfaces/include/interfaces/msg/mat_with_time.hpp:7[m[K,
[3.460s]                  from [01m[K/home/peter/ros2.1/UsbCaptureROS4/src/ros2_usbcapture/include/ros2_usbcapture/test_get_image.h:8[m[K,
[3.460s]                  from [01m[K/home/peter/ros2.1/UsbCaptureROS4/src/ros2_usbcapture/src/test_get_image.cpp:1[m[K:
[3.460s] [01m[K/opt/ros/foxy/include/sensor_msgs/msg/detail/image__struct.hpp:172:5:[m[K [01;36m[Knote: [m[Kdeclared here
[3.460s]   172 |     [01;36m[KConstPtr[m[K;
[3.460s]       |     [01;36m[K^~~~~~~~[m[K
[5.221s] [ 80%] [32m[1mLinking CXX shared library libcamera_component.so[0m
[5.520s] [ 80%] Built target camera_component
[6.809s] [100%] [32m[1mLinking CXX shared library libtest_component.so[0m
[6.997s] [100%] Built target test_component
[7.005s] Invoked command in '/home/peter/ros2.1/UsbCaptureROS4/build/ros2_usbcapture' returned '0': AMENT_PREFIX_PATH=/home/peter/ros2.1/UsbCaptureROS4/install/interfaces:/home/peter/ros2.1/UsbCaptureROS4/install/common:${AMENT_PREFIX_PATH} CMAKE_PREFIX_PATH=/home/peter/ros2.1/UsbCaptureROS4/install/interfaces:/home/peter/ros2.1/UsbCaptureROS4/install/common:/opt/ros/foxy LD_LIBRARY_PATH=/home/peter/ros2.1/UsbCaptureROS4/install/interfaces/lib:/home/peter/ros2.1/UsbCaptureROS4/install/common/lib:${LD_LIBRARY_PATH} PYTHONPATH=/home/peter/ros2.1/UsbCaptureROS4/install/interfaces/lib/python3.8/site-packages:${PYTHONPATH} /bin/cmake --build /home/peter/ros2.1/UsbCaptureROS4/build/ros2_usbcapture -- -j16 -l16
[7.028s] Invoking command in '/home/peter/ros2.1/UsbCaptureROS4/build/ros2_usbcapture': AMENT_PREFIX_PATH=/home/peter/ros2.1/UsbCaptureROS4/install/interfaces:/home/peter/ros2.1/UsbCaptureROS4/install/common:${AMENT_PREFIX_PATH} CMAKE_PREFIX_PATH=/home/peter/ros2.1/UsbCaptureROS4/install/interfaces:/home/peter/ros2.1/UsbCaptureROS4/install/common:/opt/ros/foxy LD_LIBRARY_PATH=/home/peter/ros2.1/UsbCaptureROS4/install/interfaces/lib:/home/peter/ros2.1/UsbCaptureROS4/install/common/lib:${LD_LIBRARY_PATH} PYTHONPATH=/home/peter/ros2.1/UsbCaptureROS4/install/interfaces/lib/python3.8/site-packages:${PYTHONPATH} /bin/cmake --install /home/peter/ros2.1/UsbCaptureROS4/build/ros2_usbcapture
[7.036s] -- Install configuration: ""
[7.037s] -- Installing: /home/peter/ros2.1/UsbCaptureROS4/install/ros2_usbcapture/lib/libcamera_component.so
[7.038s] -- Set runtime path of "/home/peter/ros2.1/UsbCaptureROS4/install/ros2_usbcapture/lib/libcamera_component.so" to ""
[7.038s] -- Installing: /home/peter/ros2.1/UsbCaptureROS4/install/ros2_usbcapture/lib/libtest_component.so
[7.041s] -- Set runtime path of "/home/peter/ros2.1/UsbCaptureROS4/install/ros2_usbcapture/lib/libtest_component.so" to ""
[7.041s] -- Installing: /home/peter/ros2.1/UsbCaptureROS4/install/ros2_usbcapture/share/ros2_usbcapture/launch
[7.041s] -- Installing: /home/peter/ros2.1/UsbCaptureROS4/install/ros2_usbcapture/share/ros2_usbcapture/launch/image.launch.py
[7.041s] -- Installing: /home/peter/ros2.1/UsbCaptureROS4/install/ros2_usbcapture/share/ament_index/resource_index/package_run_dependencies/ros2_usbcapture
[7.042s] -- Installing: /home/peter/ros2.1/UsbCaptureROS4/install/ros2_usbcapture/share/ament_index/resource_index/parent_prefix_path/ros2_usbcapture
[7.042s] -- Installing: /home/peter/ros2.1/UsbCaptureROS4/install/ros2_usbcapture/share/ros2_usbcapture/environment/ament_prefix_path.sh
[7.042s] -- Installing: /home/peter/ros2.1/UsbCaptureROS4/install/ros2_usbcapture/share/ros2_usbcapture/environment/ament_prefix_path.dsv
[7.042s] -- Installing: /home/peter/ros2.1/UsbCaptureROS4/install/ros2_usbcapture/share/ros2_usbcapture/environment/path.sh
[7.042s] -- Installing: /home/peter/ros2.1/UsbCaptureROS4/install/ros2_usbcapture/share/ros2_usbcapture/environment/path.dsv
[7.042s] -- Installing: /home/peter/ros2.1/UsbCaptureROS4/install/ros2_usbcapture/share/ros2_usbcapture/local_setup.bash
[7.042s] -- Installing: /home/peter/ros2.1/UsbCaptureROS4/install/ros2_usbcapture/share/ros2_usbcapture/local_setup.sh
[7.042s] -- Installing: /home/peter/ros2.1/UsbCaptureROS4/install/ros2_usbcapture/share/ros2_usbcapture/local_setup.zsh
[7.042s] -- Installing: /home/peter/ros2.1/UsbCaptureROS4/install/ros2_usbcapture/share/ros2_usbcapture/local_setup.dsv
[7.042s] -- Installing: /home/peter/ros2.1/UsbCaptureROS4/install/ros2_usbcapture/share/ros2_usbcapture/package.dsv
[7.043s] -- Installing: /home/peter/ros2.1/UsbCaptureROS4/install/ros2_usbcapture/share/ament_index/resource_index/packages/ros2_usbcapture
[7.043s] -- Installing: /home/peter/ros2.1/UsbCaptureROS4/install/ros2_usbcapture/share/ament_index/resource_index/rclcpp_components/ros2_usbcapture
[7.043s] -- Installing: /home/peter/ros2.1/UsbCaptureROS4/install/ros2_usbcapture/share/ros2_usbcapture/cmake/ros2_usbcaptureConfig.cmake
[7.043s] -- Installing: /home/peter/ros2.1/UsbCaptureROS4/install/ros2_usbcapture/share/ros2_usbcapture/cmake/ros2_usbcaptureConfig-version.cmake
[7.043s] -- Installing: /home/peter/ros2.1/UsbCaptureROS4/install/ros2_usbcapture/share/ros2_usbcapture/package.xml
[7.046s] Invoked command in '/home/peter/ros2.1/UsbCaptureROS4/build/ros2_usbcapture' returned '0': AMENT_PREFIX_PATH=/home/peter/ros2.1/UsbCaptureROS4/install/interfaces:/home/peter/ros2.1/UsbCaptureROS4/install/common:${AMENT_PREFIX_PATH} CMAKE_PREFIX_PATH=/home/peter/ros2.1/UsbCaptureROS4/install/interfaces:/home/peter/ros2.1/UsbCaptureROS4/install/common:/opt/ros/foxy LD_LIBRARY_PATH=/home/peter/ros2.1/UsbCaptureROS4/install/interfaces/lib:/home/peter/ros2.1/UsbCaptureROS4/install/common/lib:${LD_LIBRARY_PATH} PYTHONPATH=/home/peter/ros2.1/UsbCaptureROS4/install/interfaces/lib/python3.8/site-packages:${PYTHONPATH} /bin/cmake --install /home/peter/ros2.1/UsbCaptureROS4/build/ros2_usbcapture
