-- Found ament_cmake: 0.9.11 (/opt/ros/foxy/share/ament_cmake/cmake)
-- Using PYTHON_EXECUTABLE: /bin/python3
-- Found rclcpp: 2.4.2 (/opt/ros/foxy/share/rclcpp/cmake)
-- Using all available rosidl_typesupport_c: rosidl_typesupport_fastrtps_c;rosidl_typesupport_introspection_c
-- Found rosidl_adapter: 1.3.0 (/opt/ros/foxy/share/rosidl_adapter/cmake)
-- Using all available rosidl_typesupport_cpp: rosidl_typesupport_fastrtps_cpp;rosidl_typesupport_introspection_cpp
-- Found rmw_implementation_cmake: 1.0.3 (/opt/ros/foxy/share/rmw_implementation_cmake/cmake)
-- Using RMW implementation 'rmw_fastrtps_cpp' as default
-- Found ament_lint_auto: 0.9.7 (/opt/ros/foxy/share/ament_lint_auto/cmake)
-- Found common: 0.0.0 (/home/peter/ros2/UsbCaptureROS4/install/common/share/common/cmake)
-- Found OpenCV: /usr/local (found suitable version "3.4.13", minimum required is "3.4.13") 
-- Found interfaces: 0.0.0 (/home/peter/ros2/UsbCaptureROS4/install/interfaces/share/interfaces/cmake)
-- Found cv_bridge: 3.0.6 (/opt/ros/foxy/share/cv_bridge/cmake)
-- Found rclcpp_components: 2.4.2 (/opt/ros/foxy/share/rclcpp_components/cmake)
-- Added test 'copyright' to check source files copyright and LICENSE
-- Added test 'cppcheck' to perform static code analysis on C / C++ code
-- Configured cppcheck include dirs: /home/peter/ros2/UsbCaptureROS4/src/ros2_usbcapture/include
-- Configured cppcheck exclude dirs and/or files: 
-- Added test 'cpplint' to check C / C++ code against the Google style
-- Configured cpplint exclude dirs and/or files: 
-- Added test 'flake8' to check Python code syntax and style conventions
-- Added test 'lint_cmake' to check CMake code style
-- Added test 'pep257' to check Python code against some of the style conventions in PEP 257
-- Added test 'uncrustify' to check C / C++ code style
-- Configured uncrustify additional arguments: 
-- Added test 'xmllint' to check XML markup files
-- Configuring done
-- Generating done
-- Build files have been written to: /home/peter/ros2/UsbCaptureROS4/build/ros2_usbcapture
[35m[1mScanning dependencies of target camera_component[0m
[ 40%] Built target test_component
[ 60%] [32mBuilding CXX object CMakeFiles/camera_component.dir/src/UsbCaptureSystem.cpp.o[0m
[ 80%] [32m[1mLinking CXX shared library libcamera_component.so[0m
[100%] Built target camera_component
-- Install configuration: ""
-- Installing: /home/peter/ros2/UsbCaptureROS4/install/ros2_usbcapture/lib/libcamera_component.so
-- Set runtime path of "/home/peter/ros2/UsbCaptureROS4/install/ros2_usbcapture/lib/libcamera_component.so" to ""
-- Up-to-date: /home/peter/ros2/UsbCaptureROS4/install/ros2_usbcapture/lib/libtest_component.so
-- Up-to-date: /home/peter/ros2/UsbCaptureROS4/install/ros2_usbcapture/share/ros2_usbcapture/launch
-- Up-to-date: /home/peter/ros2/UsbCaptureROS4/install/ros2_usbcapture/share/ros2_usbcapture/launch/image.launch.py
-- Up-to-date: /home/peter/ros2/UsbCaptureROS4/install/ros2_usbcapture/share/ament_index/resource_index/package_run_dependencies/ros2_usbcapture
-- Up-to-date: /home/peter/ros2/UsbCaptureROS4/install/ros2_usbcapture/share/ament_index/resource_index/parent_prefix_path/ros2_usbcapture
-- Up-to-date: /home/peter/ros2/UsbCaptureROS4/install/ros2_usbcapture/share/ros2_usbcapture/environment/ament_prefix_path.sh
-- Installing: /home/peter/ros2/UsbCaptureROS4/install/ros2_usbcapture/share/ros2_usbcapture/environment/ament_prefix_path.dsv
-- Up-to-date: /home/peter/ros2/UsbCaptureROS4/install/ros2_usbcapture/share/ros2_usbcapture/environment/path.sh
-- Installing: /home/peter/ros2/UsbCaptureROS4/install/ros2_usbcapture/share/ros2_usbcapture/environment/path.dsv
-- Up-to-date: /home/peter/ros2/UsbCaptureROS4/install/ros2_usbcapture/share/ros2_usbcapture/local_setup.bash
-- Up-to-date: /home/peter/ros2/UsbCaptureROS4/install/ros2_usbcapture/share/ros2_usbcapture/local_setup.sh
-- Up-to-date: /home/peter/ros2/UsbCaptureROS4/install/ros2_usbcapture/share/ros2_usbcapture/local_setup.zsh
-- Installing: /home/peter/ros2/UsbCaptureROS4/install/ros2_usbcapture/share/ros2_usbcapture/local_setup.dsv
-- Installing: /home/peter/ros2/UsbCaptureROS4/install/ros2_usbcapture/share/ros2_usbcapture/package.dsv
-- Up-to-date: /home/peter/ros2/UsbCaptureROS4/install/ros2_usbcapture/share/ament_index/resource_index/packages/ros2_usbcapture
-- Up-to-date: /home/peter/ros2/UsbCaptureROS4/install/ros2_usbcapture/share/ament_index/resource_index/rclcpp_components/ros2_usbcapture
-- Up-to-date: /home/peter/ros2/UsbCaptureROS4/install/ros2_usbcapture/share/ros2_usbcapture/cmake/ros2_usbcaptureConfig.cmake
-- Up-to-date: /home/peter/ros2/UsbCaptureROS4/install/ros2_usbcapture/share/ros2_usbcapture/cmake/ros2_usbcaptureConfig-version.cmake
-- Up-to-date: /home/peter/ros2/UsbCaptureROS4/install/ros2_usbcapture/share/ros2_usbcapture/package.xml
