[0.024s] Invoking command in '/home/peter/ros2/UsbCaptureROS4/build/interfaces': CMAKE_PREFIX_PATH=/opt/ros/foxy /bin/cmake /home/peter/ros2/UsbCaptureROS4/src/interfaces -DCMAKE_INSTALL_PREFIX=/home/peter/ros2/UsbCaptureROS4/install/interfaces
[0.078s] -- The C compiler identification is GNU 9.4.0
[0.136s] -- The CXX compiler identification is GNU 9.4.0
[0.142s] -- Check for working C compiler: /bin/cc
[0.218s] -- Check for working C compiler: /bin/cc -- works
[0.219s] -- Detecting C compiler ABI info
[0.290s] -- Detecting C compiler ABI info - done
[0.304s] -- Detecting C compile features
[0.304s] -- Detecting C compile features - done
[0.306s] -- Check for working CXX compiler: /bin/c++
[0.382s] -- Check for working CXX compiler: /bin/c++ -- works
[0.383s] -- Detecting CXX compiler ABI info
[0.482s] -- Detecting CXX compiler ABI info - done
[0.494s] -- Detecting CXX compile features
[0.494s] -- Detecting CXX compile features - done
[0.496s] -- Found ament_cmake: 0.9.11 (/opt/ros/foxy/share/ament_cmake/cmake)
[0.523s] -- Found PythonInterp: /bin/python3 (found suitable version "3.8.10", minimum required is "3") 
[0.523s] -- Using PYTHON_EXECUTABLE: /bin/python3
[0.707s] -- Found ament_lint_auto: 0.9.7 (/opt/ros/foxy/share/ament_lint_auto/cmake)
[0.776s] -- Found sensor_msgs: 2.0.5 (/opt/ros/foxy/share/sensor_msgs/cmake)
[0.803s] -- Using all available rosidl_typesupport_c: rosidl_typesupport_fastrtps_c;rosidl_typesupport_introspection_c
[0.809s] -- Found rosidl_adapter: 1.3.0 (/opt/ros/foxy/share/rosidl_adapter/cmake)
[0.878s] -- Found OpenSSL: /usr/lib/x86_64-linux-gnu/libcrypto.so (found version "1.1.1f")  
[0.910s] -- Found FastRTPS: /opt/ros/foxy/include  
[0.980s] -- Using all available rosidl_typesupport_cpp: rosidl_typesupport_fastrtps_cpp;rosidl_typesupport_introspection_cpp
[1.142s] -- Found rosidl_default_generators: 1.0.1 (/opt/ros/foxy/share/rosidl_default_generators/cmake)
[1.171s] -- Found PythonInterp: /bin/python3 (found version "3.8.10") 
[1.293s] -- Found ament_cmake_ros: 0.9.2 (/opt/ros/foxy/share/ament_cmake_ros/cmake)
[1.572s] -- Using all available rosidl_typesupport_c: rosidl_typesupport_fastrtps_c;rosidl_typesupport_introspection_c
[1.726s] -- Using all available rosidl_typesupport_cpp: rosidl_typesupport_fastrtps_cpp;rosidl_typesupport_introspection_cpp
[1.752s] -- Found PythonInterp: /bin/python3 (found suitable version "3.8.10", minimum required is "3.5") 
[1.753s] -- Found python_cmake_module: 0.8.1 (/opt/ros/foxy/share/python_cmake_module/cmake)
[1.780s] -- Found PythonLibs: /usr/lib/x86_64-linux-gnu/libpython3.8.so (found suitable version "3.8.10", minimum required is "3.5") 
[1.780s] -- Using PYTHON_EXECUTABLE: /bin/python3
[1.780s] -- Using PYTHON_INCLUDE_DIRS: /usr/include/python3.8
[1.780s] -- Using PYTHON_LIBRARIES: /usr/lib/x86_64-linux-gnu/libpython3.8.so
[1.802s] -- Found PythonExtra: .so  
[1.893s] -- Added test 'copyright' to check source files copyright and LICENSE
[1.895s] -- Added test 'lint_cmake' to check CMake code style
[1.896s] -- Added test 'xmllint' to check XML markup files
[1.904s] -- Configuring done
[1.955s] -- Generating done
[1.958s] -- Build files have been written to: /home/peter/ros2/UsbCaptureROS4/build/interfaces
[1.966s] Invoked command in '/home/peter/ros2/UsbCaptureROS4/build/interfaces' returned '0': CMAKE_PREFIX_PATH=/opt/ros/foxy /bin/cmake /home/peter/ros2/UsbCaptureROS4/src/interfaces -DCMAKE_INSTALL_PREFIX=/home/peter/ros2/UsbCaptureROS4/install/interfaces
[1.969s] Invoking command in '/home/peter/ros2/UsbCaptureROS4/build/interfaces': CMAKE_PREFIX_PATH=/opt/ros/foxy /bin/cmake --build /home/peter/ros2/UsbCaptureROS4/build/interfaces -- -j16 -l16
[2.010s] [  3%] [34m[1mGenerating C code for ROS interfaces[0m
[2.010s] [35m[1mScanning dependencies of target interfaces__cpp[0m
[2.021s] [  6%] [34m[1mGenerating C++ code for ROS interfaces[0m
[2.245s] [35m[1mScanning dependencies of target interfaces__rosidl_generator_c[0m
[2.253s] [  6%] Built target interfaces__cpp
[2.257s] [  9%] [32mBuilding C object CMakeFiles/interfaces__rosidl_generator_c.dir/rosidl_generator_c/interfaces/msg/detail/mat_with_time__functions.c.o[0m
[2.263s] [ 19%] [34m[1mGenerating C++ introspection for ROS interfaces[0m
[2.264s] [ 19%] [34m[1mGenerating C++ type support dispatch for ROS interfaces[0m
[2.264s] [ 19%] [34m[1mGenerating C++ type support for eProsima Fast-RTPS[0m
[2.302s] [ 22%] [32m[1mLinking C shared library libinterfaces__rosidl_generator_c.so[0m
[2.341s] [ 22%] Built target interfaces__rosidl_generator_c
[2.352s] [ 29%] [34m[1mGenerating C type support dispatch for ROS interfaces[0m
[2.352s] [ 29%] [34m[1mGenerating C introspection for ROS interfaces[0m
[2.472s] [35m[1mScanning dependencies of target interfaces__rosidl_typesupport_cpp[0m
[2.484s] [ 32%] [32mBuilding CXX object CMakeFiles/interfaces__rosidl_typesupport_cpp.dir/rosidl_typesupport_cpp/interfaces/msg/mat_with_time__type_support.cpp.o[0m
[2.484s] [35m[1mScanning dependencies of target interfaces__rosidl_typesupport_introspection_cpp[0m
[2.494s] [35m[1mScanning dependencies of target interfaces__rosidl_typesupport_fastrtps_cpp[0m
[2.501s] [ 35%] [32mBuilding CXX object CMakeFiles/interfaces__rosidl_typesupport_introspection_cpp.dir/rosidl_typesupport_introspection_cpp/interfaces/msg/detail/mat_with_time__type_support.cpp.o[0m
[2.511s] [ 38%] [32mBuilding CXX object CMakeFiles/interfaces__rosidl_typesupport_fastrtps_cpp.dir/rosidl_typesupport_fastrtps_cpp/interfaces/msg/detail/dds_fastrtps/mat_with_time__type_support.cpp.o[0m
[2.563s] [35m[1mScanning dependencies of target interfaces__rosidl_typesupport_c[0m
[2.575s] [ 41%] [32mBuilding CXX object CMakeFiles/interfaces__rosidl_typesupport_c.dir/rosidl_typesupport_c/interfaces/msg/mat_with_time__type_support.cpp.o[0m
[2.585s] [35m[1mScanning dependencies of target interfaces__rosidl_typesupport_introspection_c[0m
[2.600s] [ 45%] [32mBuilding C object CMakeFiles/interfaces__rosidl_typesupport_introspection_c.dir/rosidl_typesupport_introspection_c/interfaces/msg/detail/mat_with_time__type_support.c.o[0m
[2.605s] [ 48%] [32m[1mLinking CXX shared library libinterfaces__rosidl_typesupport_c.so[0m
[2.633s] [ 51%] [32m[1mLinking C shared library libinterfaces__rosidl_typesupport_introspection_c.so[0m
[2.647s] [ 51%] Built target interfaces__rosidl_typesupport_c
[2.664s] [ 51%] Built target interfaces__rosidl_typesupport_introspection_c
[2.765s] [ 54%] [32m[1mLinking CXX shared library libinterfaces__rosidl_typesupport_cpp.so[0m
[2.807s] [ 54%] Built target interfaces__rosidl_typesupport_cpp
[2.849s] [ 58%] [32m[1mLinking CXX shared library libinterfaces__rosidl_typesupport_introspection_cpp.so[0m
[2.910s] [ 58%] Built target interfaces__rosidl_typesupport_introspection_cpp
[2.912s] [ 61%] [32m[1mLinking CXX shared library libinterfaces__rosidl_typesupport_fastrtps_cpp.so[0m
[2.988s] [ 61%] Built target interfaces__rosidl_typesupport_fastrtps_cpp
[3.001s] [ 64%] [34m[1mGenerating C type support for eProsima Fast-RTPS[0m
[3.221s] [35m[1mScanning dependencies of target interfaces__rosidl_typesupport_fastrtps_c[0m
[3.237s] [ 67%] [32mBuilding CXX object CMakeFiles/interfaces__rosidl_typesupport_fastrtps_c.dir/rosidl_typesupport_fastrtps_c/interfaces/msg/detail/mat_with_time__type_support_c.cpp.o[0m
[3.568s] [ 70%] [32m[1mLinking CXX shared library libinterfaces__rosidl_typesupport_fastrtps_c.so[0m
[3.659s] [ 70%] Built target interfaces__rosidl_typesupport_fastrtps_c
[3.669s] [35m[1mScanning dependencies of target interfaces[0m
[3.678s] [ 70%] Built target interfaces
[3.687s] [35m[1mScanning dependencies of target interfaces__py[0m
[3.698s] [ 74%] [34m[1mGenerating Python code for ROS interfaces[0m
[4.085s] [ 74%] Built target interfaces__py
[4.094s] [35m[1mScanning dependencies of target interfaces__python[0m
[4.114s] [ 77%] [32mBuilding C object CMakeFiles/interfaces__python.dir/rosidl_generator_py/interfaces/msg/_mat_with_time_s.c.o[0m
[4.190s] [ 80%] [32m[1mLinking C shared library rosidl_generator_py/interfaces/libinterfaces__python.so[0m
[4.234s] [ 80%] Built target interfaces__python
[4.243s] [35m[1mScanning dependencies of target interfaces__rosidl_typesupport_introspection_c__pyext[0m
[4.243s] [35m[1mScanning dependencies of target interfaces__rosidl_typesupport_fastrtps_c__pyext[0m
[4.243s] [35m[1mScanning dependencies of target interfaces__rosidl_typesupport_c__pyext[0m
[4.259s] [ 83%] [32mBuilding C object CMakeFiles/interfaces__rosidl_typesupport_introspection_c__pyext.dir/rosidl_generator_py/interfaces/_interfaces_s.ep.rosidl_typesupport_introspection_c.c.o[0m
[4.260s] [ 90%] [32mBuilding C object CMakeFiles/interfaces__rosidl_typesupport_c__pyext.dir/rosidl_generator_py/interfaces/_interfaces_s.ep.rosidl_typesupport_c.c.o[0m
[4.260s] [ 90%] [32mBuilding C object CMakeFiles/interfaces__rosidl_typesupport_fastrtps_c__pyext.dir/rosidl_generator_py/interfaces/_interfaces_s.ep.rosidl_typesupport_fastrtps_c.c.o[0m
[4.333s] [ 96%] [32m[1mLinking C shared library rosidl_generator_py/interfaces/interfaces_s__rosidl_typesupport_c.cpython-38-x86_64-linux-gnu.so[0m
[4.333s] [ 96%] [32m[1mLinking C shared library rosidl_generator_py/interfaces/interfaces_s__rosidl_typesupport_introspection_c.cpython-38-x86_64-linux-gnu.so[0m
[4.333s] [100%] [32m[1mLinking CXX shared library rosidl_generator_py/interfaces/interfaces_s__rosidl_typesupport_fastrtps_c.cpython-38-x86_64-linux-gnu.so[0m
[4.369s] [100%] Built target interfaces__rosidl_typesupport_introspection_c__pyext
[4.375s] [100%] Built target interfaces__rosidl_typesupport_c__pyext
[4.398s] [100%] Built target interfaces__rosidl_typesupport_fastrtps_c__pyext
[4.411s] Invoked command in '/home/peter/ros2/UsbCaptureROS4/build/interfaces' returned '0': CMAKE_PREFIX_PATH=/opt/ros/foxy /bin/cmake --build /home/peter/ros2/UsbCaptureROS4/build/interfaces -- -j16 -l16
[4.459s] Invoking command in '/home/peter/ros2/UsbCaptureROS4/build/interfaces': CMAKE_PREFIX_PATH=/opt/ros/foxy /bin/cmake --install /home/peter/ros2/UsbCaptureROS4/build/interfaces
[4.468s] -- Install configuration: ""
[4.468s] -- Installing: /home/peter/ros2/UsbCaptureROS4/install/interfaces/share/ament_index/resource_index/rosidl_interfaces/interfaces
[4.468s] -- Installing: /home/peter/ros2/UsbCaptureROS4/install/interfaces/include/interfaces
[4.468s] -- Installing: /home/peter/ros2/UsbCaptureROS4/install/interfaces/include/interfaces/msg
[4.468s] -- Installing: /home/peter/ros2/UsbCaptureROS4/install/interfaces/include/interfaces/msg/mat_with_time.h
[4.468s] -- Installing: /home/peter/ros2/UsbCaptureROS4/install/interfaces/include/interfaces/msg/detail
[4.468s] -- Installing: /home/peter/ros2/UsbCaptureROS4/install/interfaces/include/interfaces/msg/detail/mat_with_time__functions.h
[4.468s] -- Installing: /home/peter/ros2/UsbCaptureROS4/install/interfaces/include/interfaces/msg/detail/mat_with_time__struct.h
[4.469s] -- Installing: /home/peter/ros2/UsbCaptureROS4/install/interfaces/include/interfaces/msg/detail/mat_with_time__type_support.h
[4.469s] -- Installing: /home/peter/ros2/UsbCaptureROS4/install/interfaces/include/interfaces/msg/detail/mat_with_time__functions.c
[4.469s] -- Installing: /home/peter/ros2/UsbCaptureROS4/install/interfaces/include/interfaces/msg/rosidl_generator_c__visibility_control.h
[4.469s] -- Installing: /home/peter/ros2/UsbCaptureROS4/install/interfaces/share/interfaces/environment/library_path.sh
[4.469s] -- Installing: /home/peter/ros2/UsbCaptureROS4/install/interfaces/share/interfaces/environment/library_path.dsv
[4.469s] -- Installing: /home/peter/ros2/UsbCaptureROS4/install/interfaces/lib/libinterfaces__rosidl_generator_c.so
[4.469s] -- Set runtime path of "/home/peter/ros2/UsbCaptureROS4/install/interfaces/lib/libinterfaces__rosidl_generator_c.so" to ""
[4.469s] -- Up-to-date: /home/peter/ros2/UsbCaptureROS4/install/interfaces/include/interfaces
[4.469s] -- Up-to-date: /home/peter/ros2/UsbCaptureROS4/install/interfaces/include/interfaces/msg
[4.469s] -- Installing: /home/peter/ros2/UsbCaptureROS4/install/interfaces/include/interfaces/msg/rosidl_typesupport_fastrtps_c__visibility_control.h
[4.470s] -- Up-to-date: /home/peter/ros2/UsbCaptureROS4/install/interfaces/include/interfaces/msg/detail
[4.470s] -- Installing: /home/peter/ros2/UsbCaptureROS4/install/interfaces/include/interfaces/msg/detail/mat_with_time__rosidl_typesupport_fastrtps_c.h
[4.470s] -- Installing: /home/peter/ros2/UsbCaptureROS4/install/interfaces/lib/libinterfaces__rosidl_typesupport_fastrtps_c.so
[4.470s] -- Set runtime path of "/home/peter/ros2/UsbCaptureROS4/install/interfaces/lib/libinterfaces__rosidl_typesupport_fastrtps_c.so" to ""
[4.470s] -- Up-to-date: /home/peter/ros2/UsbCaptureROS4/install/interfaces/include/interfaces
[4.470s] -- Up-to-date: /home/peter/ros2/UsbCaptureROS4/install/interfaces/include/interfaces/msg
[4.470s] -- Up-to-date: /home/peter/ros2/UsbCaptureROS4/install/interfaces/include/interfaces/msg/detail
[4.470s] -- Installing: /home/peter/ros2/UsbCaptureROS4/install/interfaces/include/interfaces/msg/detail/mat_with_time__rosidl_typesupport_fastrtps_cpp.hpp
[4.470s] -- Installing: /home/peter/ros2/UsbCaptureROS4/install/interfaces/include/interfaces/msg/detail/dds_fastrtps
[4.471s] -- Installing: /home/peter/ros2/UsbCaptureROS4/install/interfaces/include/interfaces/msg/rosidl_typesupport_fastrtps_cpp__visibility_control.h
[4.471s] -- Installing: /home/peter/ros2/UsbCaptureROS4/install/interfaces/lib/libinterfaces__rosidl_typesupport_fastrtps_cpp.so
[4.471s] -- Set runtime path of "/home/peter/ros2/UsbCaptureROS4/install/interfaces/lib/libinterfaces__rosidl_typesupport_fastrtps_cpp.so" to ""
[4.471s] -- Up-to-date: /home/peter/ros2/UsbCaptureROS4/install/interfaces/include/interfaces
[4.471s] -- Up-to-date: /home/peter/ros2/UsbCaptureROS4/install/interfaces/include/interfaces/msg
[4.471s] -- Installing: /home/peter/ros2/UsbCaptureROS4/install/interfaces/include/interfaces/msg/rosidl_typesupport_introspection_c__visibility_control.h
[4.471s] -- Up-to-date: /home/peter/ros2/UsbCaptureROS4/install/interfaces/include/interfaces/msg/detail
[4.471s] -- Installing: /home/peter/ros2/UsbCaptureROS4/install/interfaces/include/interfaces/msg/detail/mat_with_time__type_support.c
[4.471s] -- Installing: /home/peter/ros2/UsbCaptureROS4/install/interfaces/include/interfaces/msg/detail/mat_with_time__rosidl_typesupport_introspection_c.h
[4.472s] -- Installing: /home/peter/ros2/UsbCaptureROS4/install/interfaces/lib/libinterfaces__rosidl_typesupport_introspection_c.so
[4.472s] -- Set runtime path of "/home/peter/ros2/UsbCaptureROS4/install/interfaces/lib/libinterfaces__rosidl_typesupport_introspection_c.so" to ""
[4.472s] -- Installing: /home/peter/ros2/UsbCaptureROS4/install/interfaces/lib/libinterfaces__rosidl_typesupport_c.so
[4.472s] -- Set runtime path of "/home/peter/ros2/UsbCaptureROS4/install/interfaces/lib/libinterfaces__rosidl_typesupport_c.so" to ""
[4.472s] -- Up-to-date: /home/peter/ros2/UsbCaptureROS4/install/interfaces/include/interfaces
[4.472s] -- Up-to-date: /home/peter/ros2/UsbCaptureROS4/install/interfaces/include/interfaces/msg
[4.473s] -- Up-to-date: /home/peter/ros2/UsbCaptureROS4/install/interfaces/include/interfaces/msg/detail
[4.473s] -- Installing: /home/peter/ros2/UsbCaptureROS4/install/interfaces/include/interfaces/msg/detail/mat_with_time__builder.hpp
[4.473s] -- Installing: /home/peter/ros2/UsbCaptureROS4/install/interfaces/include/interfaces/msg/detail/mat_with_time__struct.hpp
[4.473s] -- Installing: /home/peter/ros2/UsbCaptureROS4/install/interfaces/include/interfaces/msg/detail/mat_with_time__traits.hpp
[4.473s] -- Installing: /home/peter/ros2/UsbCaptureROS4/install/interfaces/include/interfaces/msg/mat_with_time.hpp
[4.473s] -- Up-to-date: /home/peter/ros2/UsbCaptureROS4/install/interfaces/include/interfaces
[4.473s] -- Up-to-date: /home/peter/ros2/UsbCaptureROS4/install/interfaces/include/interfaces/msg
[4.473s] -- Up-to-date: /home/peter/ros2/UsbCaptureROS4/install/interfaces/include/interfaces/msg/detail
[4.473s] -- Installing: /home/peter/ros2/UsbCaptureROS4/install/interfaces/include/interfaces/msg/detail/mat_with_time__rosidl_typesupport_introspection_cpp.hpp
[4.473s] -- Installing: /home/peter/ros2/UsbCaptureROS4/install/interfaces/include/interfaces/msg/detail/mat_with_time__type_support.cpp
[4.474s] -- Installing: /home/peter/ros2/UsbCaptureROS4/install/interfaces/lib/libinterfaces__rosidl_typesupport_introspection_cpp.so
[4.474s] -- Set runtime path of "/home/peter/ros2/UsbCaptureROS4/install/interfaces/lib/libinterfaces__rosidl_typesupport_introspection_cpp.so" to ""
[4.474s] -- Installing: /home/peter/ros2/UsbCaptureROS4/install/interfaces/lib/libinterfaces__rosidl_typesupport_cpp.so
[4.474s] -- Set runtime path of "/home/peter/ros2/UsbCaptureROS4/install/interfaces/lib/libinterfaces__rosidl_typesupport_cpp.so" to ""
[4.474s] -- Installing: /home/peter/ros2/UsbCaptureROS4/install/interfaces/share/interfaces/environment/pythonpath.sh
[4.474s] -- Installing: /home/peter/ros2/UsbCaptureROS4/install/interfaces/share/interfaces/environment/pythonpath.dsv
[4.474s] -- Installing: /home/peter/ros2/UsbCaptureROS4/install/interfaces/lib/python3.8/site-packages/interfaces/__init__.py
[4.503s] Compiling '/home/peter/ros2/UsbCaptureROS4/install/interfaces/lib/python3.8/site-packages/interfaces/__init__.py'...
[4.508s] -- Installing: /home/peter/ros2/UsbCaptureROS4/install/interfaces/lib/python3.8/site-packages/interfaces/msg
[4.508s] -- Installing: /home/peter/ros2/UsbCaptureROS4/install/interfaces/lib/python3.8/site-packages/interfaces/msg/_mat_with_time_s.c
[4.508s] -- Installing: /home/peter/ros2/UsbCaptureROS4/install/interfaces/lib/python3.8/site-packages/interfaces/msg/_mat_with_time.py
[4.508s] -- Installing: /home/peter/ros2/UsbCaptureROS4/install/interfaces/lib/python3.8/site-packages/interfaces/msg/__init__.py
[4.508s] -- Installing: /home/peter/ros2/UsbCaptureROS4/install/interfaces/lib/python3.8/site-packages/interfaces/interfaces_s__rosidl_typesupport_fastrtps_c.cpython-38-x86_64-linux-gnu.so
[4.509s] -- Set runtime path of "/home/peter/ros2/UsbCaptureROS4/install/interfaces/lib/python3.8/site-packages/interfaces/interfaces_s__rosidl_typesupport_fastrtps_c.cpython-38-x86_64-linux-gnu.so" to ""
[4.509s] -- Installing: /home/peter/ros2/UsbCaptureROS4/install/interfaces/lib/python3.8/site-packages/interfaces/interfaces_s__rosidl_typesupport_introspection_c.cpython-38-x86_64-linux-gnu.so
[4.510s] -- Set runtime path of "/home/peter/ros2/UsbCaptureROS4/install/interfaces/lib/python3.8/site-packages/interfaces/interfaces_s__rosidl_typesupport_introspection_c.cpython-38-x86_64-linux-gnu.so" to ""
[4.510s] -- Installing: /home/peter/ros2/UsbCaptureROS4/install/interfaces/lib/python3.8/site-packages/interfaces/interfaces_s__rosidl_typesupport_c.cpython-38-x86_64-linux-gnu.so
[4.510s] -- Set runtime path of "/home/peter/ros2/UsbCaptureROS4/install/interfaces/lib/python3.8/site-packages/interfaces/interfaces_s__rosidl_typesupport_c.cpython-38-x86_64-linux-gnu.so" to ""
[4.510s] -- Installing: /home/peter/ros2/UsbCaptureROS4/install/interfaces/lib/libinterfaces__python.so
[4.511s] -- Set runtime path of "/home/peter/ros2/UsbCaptureROS4/install/interfaces/lib/libinterfaces__python.so" to ""
[4.511s] -- Installing: /home/peter/ros2/UsbCaptureROS4/install/interfaces/share/interfaces/msg/MatWithTime.idl
[4.511s] -- Installing: /home/peter/ros2/UsbCaptureROS4/install/interfaces/share/interfaces/msg/MatWithTime.msg
[4.511s] -- Installing: /home/peter/ros2/UsbCaptureROS4/install/interfaces/share/ament_index/resource_index/package_run_dependencies/interfaces
[4.511s] -- Installing: /home/peter/ros2/UsbCaptureROS4/install/interfaces/share/ament_index/resource_index/parent_prefix_path/interfaces
[4.512s] -- Installing: /home/peter/ros2/UsbCaptureROS4/install/interfaces/share/interfaces/environment/ament_prefix_path.sh
[4.512s] -- Installing: /home/peter/ros2/UsbCaptureROS4/install/interfaces/share/interfaces/environment/ament_prefix_path.dsv
[4.512s] -- Installing: /home/peter/ros2/UsbCaptureROS4/install/interfaces/share/interfaces/environment/path.sh
[4.512s] -- Installing: /home/peter/ros2/UsbCaptureROS4/install/interfaces/share/interfaces/environment/path.dsv
[4.512s] -- Installing: /home/peter/ros2/UsbCaptureROS4/install/interfaces/share/interfaces/local_setup.bash
[4.512s] -- Installing: /home/peter/ros2/UsbCaptureROS4/install/interfaces/share/interfaces/local_setup.sh
[4.512s] -- Installing: /home/peter/ros2/UsbCaptureROS4/install/interfaces/share/interfaces/local_setup.zsh
[4.512s] -- Installing: /home/peter/ros2/UsbCaptureROS4/install/interfaces/share/interfaces/local_setup.dsv
[4.513s] -- Installing: /home/peter/ros2/UsbCaptureROS4/install/interfaces/share/interfaces/package.dsv
[4.513s] -- Installing: /home/peter/ros2/UsbCaptureROS4/install/interfaces/share/ament_index/resource_index/packages/interfaces
[4.513s] -- Installing: /home/peter/ros2/UsbCaptureROS4/install/interfaces/share/interfaces/cmake/interfaces__rosidl_generator_cExport.cmake
[4.513s] -- Installing: /home/peter/ros2/UsbCaptureROS4/install/interfaces/share/interfaces/cmake/interfaces__rosidl_generator_cExport-noconfig.cmake
[4.513s] -- Installing: /home/peter/ros2/UsbCaptureROS4/install/interfaces/share/interfaces/cmake/interfaces__rosidl_typesupport_introspection_cExport.cmake
[4.513s] -- Installing: /home/peter/ros2/UsbCaptureROS4/install/interfaces/share/interfaces/cmake/interfaces__rosidl_typesupport_introspection_cExport-noconfig.cmake
[4.514s] -- Installing: /home/peter/ros2/UsbCaptureROS4/install/interfaces/share/interfaces/cmake/interfaces__rosidl_typesupport_cExport.cmake
[4.514s] -- Installing: /home/peter/ros2/UsbCaptureROS4/install/interfaces/share/interfaces/cmake/interfaces__rosidl_typesupport_cExport-noconfig.cmake
[4.514s] -- Installing: /home/peter/ros2/UsbCaptureROS4/install/interfaces/share/interfaces/cmake/interfaces__rosidl_generator_cppExport.cmake
[4.514s] -- Installing: /home/peter/ros2/UsbCaptureROS4/install/interfaces/share/interfaces/cmake/interfaces__rosidl_typesupport_introspection_cppExport.cmake
[4.514s] -- Installing: /home/peter/ros2/UsbCaptureROS4/install/interfaces/share/interfaces/cmake/interfaces__rosidl_typesupport_introspection_cppExport-noconfig.cmake
[4.515s] -- Installing: /home/peter/ros2/UsbCaptureROS4/install/interfaces/share/interfaces/cmake/interfaces__rosidl_typesupport_cppExport.cmake
[4.515s] -- Installing: /home/peter/ros2/UsbCaptureROS4/install/interfaces/share/interfaces/cmake/interfaces__rosidl_typesupport_cppExport-noconfig.cmake
[4.515s] -- Installing: /home/peter/ros2/UsbCaptureROS4/install/interfaces/share/interfaces/cmake/rosidl_cmake-extras.cmake
[4.515s] -- Installing: /home/peter/ros2/UsbCaptureROS4/install/interfaces/share/interfaces/cmake/ament_cmake_export_dependencies-extras.cmake
[4.515s] -- Installing: /home/peter/ros2/UsbCaptureROS4/install/interfaces/share/interfaces/cmake/ament_cmake_export_libraries-extras.cmake
[4.515s] -- Installing: /home/peter/ros2/UsbCaptureROS4/install/interfaces/share/interfaces/cmake/ament_cmake_export_targets-extras.cmake
[4.515s] -- Installing: /home/peter/ros2/UsbCaptureROS4/install/interfaces/share/interfaces/cmake/ament_cmake_export_include_directories-extras.cmake
[4.515s] -- Installing: /home/peter/ros2/UsbCaptureROS4/install/interfaces/share/interfaces/cmake/rosidl_cmake_export_typesupport_libraries-extras.cmake
[4.516s] -- Installing: /home/peter/ros2/UsbCaptureROS4/install/interfaces/share/interfaces/cmake/rosidl_cmake_export_typesupport_targets-extras.cmake
[4.516s] -- Installing: /home/peter/ros2/UsbCaptureROS4/install/interfaces/share/interfaces/cmake/interfacesConfig.cmake
[4.516s] -- Installing: /home/peter/ros2/UsbCaptureROS4/install/interfaces/share/interfaces/cmake/interfacesConfig-version.cmake
[4.516s] -- Installing: /home/peter/ros2/UsbCaptureROS4/install/interfaces/share/interfaces/package.xml
[4.521s] Invoked command in '/home/peter/ros2/UsbCaptureROS4/build/interfaces' returned '0': CMAKE_PREFIX_PATH=/opt/ros/foxy /bin/cmake --install /home/peter/ros2/UsbCaptureROS4/build/interfaces
