[35m[1mScanning dependencies of target camera_component[0m
[ 40%] Built target test_component
[ 80%] [32mBuilding CXX object CMakeFiles/camera_component.dir/src/UsbCaptureSystem.cpp.o[0m
[ 80%] [32mBuilding CXX object CMakeFiles/camera_component.dir/src/RosNode.cpp.o[0m
In file included from [01m[K/usr/include/x86_64-linux-gnu/c++/9/bits/c++allocator.h:33[m[K,
                 from [01m[K/usr/include/c++/9/bits/allocator.h:46[m[K,
                 from [01m[K/usr/include/c++/9/string:41[m[K,
                 from [01m[K/usr/include/c++/9/bits/locale_classes.h:40[m[K,
                 from [01m[K/usr/include/c++/9/bits/ios_base.h:41[m[K,
                 from [01m[K/usr/include/c++/9/ios:42[m[K,
                 from [01m[K/usr/include/c++/9/ostream:38[m[K,
                 from [01m[K/usr/include/c++/9/iostream:39[m[K,
                 from [01m[K/home/peter/ros2/UsbCaptureROS4/src/ros2_usbcapture/include/ros2_usbcapture/UsbCaptureSystem.h:3[m[K,
                 from [01m[K/home/peter/ros2/UsbCaptureROS4/src/ros2_usbcapture/include/ros2_usbcapture/RosNode.h:4[m[K,
                 from [01m[K/home/peter/ros2/UsbCaptureROS4/src/ros2_usbcapture/src/RosNode.cpp:1[m[K:
/usr/include/c++/9/ext/new_allocator.h: In instantiation of ‘[01m[Kvoid __gnu_cxx::new_allocator<_Tp>::construct(_Up*, _Args&& ...) [with _Up = std::pair<const std::__cxx11::basic_string<char>, std::mutex>; _Args = {const std::pair<const std::__cxx11::basic_string<char, std::char_traits<char>, std::allocator<char> >, std::mutex>&}; _Tp = std::_Rb_tree_node<std::pair<const std::__cxx11::basic_string<char>, std::mutex> >][m[K’:
[01m[K/usr/include/c++/9/bits/alloc_traits.h:483:4:[m[K   required from ‘[01m[Kstatic void std::allocator_traits<std::allocator<_CharT> >::construct(std::allocator_traits<std::allocator<_CharT> >::allocator_type&, _Up*, _Args&& ...) [with _Up = std::pair<const std::__cxx11::basic_string<char>, std::mutex>; _Args = {const std::pair<const std::__cxx11::basic_string<char, std::char_traits<char>, std::allocator<char> >, std::mutex>&}; _Tp = std::_Rb_tree_node<std::pair<const std::__cxx11::basic_string<char>, std::mutex> >; std::allocator_traits<std::allocator<_CharT> >::allocator_type = std::allocator<std::_Rb_tree_node<std::pair<const std::__cxx11::basic_string<char>, std::mutex> > >][m[K’
[01m[K/usr/include/c++/9/bits/stl_tree.h:614:32:[m[K   required from ‘[01m[Kvoid std::_Rb_tree<_Key, _Val, _KeyOfValue, _Compare, _Alloc>::_M_construct_node(std::_Rb_tree<_Key, _Val, _KeyOfValue, _Compare, _Alloc>::_Link_type, _Args&& ...) [with _Args = {const std::pair<const std::__cxx11::basic_string<char, std::char_traits<char>, std::allocator<char> >, std::mutex>&}; _Key = std::__cxx11::basic_string<char>; _Val = std::pair<const std::__cxx11::basic_string<char>, std::mutex>; _KeyOfValue = std::_Select1st<std::pair<const std::__cxx11::basic_string<char>, std::mutex> >; _Compare = std::less<std::__cxx11::basic_string<char> >; _Alloc = std::allocator<std::pair<const std::__cxx11::basic_string<char>, std::mutex> >; std::_Rb_tree<_Key, _Val, _KeyOfValue, _Compare, _Alloc>::_Link_type = std::_Rb_tree_node<std::pair<const std::__cxx11::basic_string<char>, std::mutex> >*][m[K’
[01m[K/usr/include/c++/9/bits/stl_tree.h:487:3:[m[K   required from ‘[01m[Kstd::_Rb_tree_node<_Val>* std::_Rb_tree<_Key, _Val, _KeyOfValue, _Compare, _Alloc>::_Reuse_or_alloc_node::operator()(_Arg&&) [with _Arg = const std::pair<const std::__cxx11::basic_string<char>, std::mutex>&; _Key = std::__cxx11::basic_string<char>; _Val = std::pair<const std::__cxx11::basic_string<char>, std::mutex>; _KeyOfValue = std::_Select1st<std::pair<const std::__cxx11::basic_string<char>, std::mutex> >; _Compare = std::less<std::__cxx11::basic_string<char> >; _Alloc = std::allocator<std::pair<const std::__cxx11::basic_string<char>, std::mutex> >; std::_Rb_tree<_Key, _Val, _KeyOfValue, _Compare, _Alloc>::_Link_type = std::_Rb_tree_node<std::pair<const std::__cxx11::basic_string<char>, std::mutex> >*][m[K’
[01m[K/usr/include/c++/9/bits/stl_tree.h:658:33:[m[K   required from ‘[01m[Kstd::_Rb_tree_node<_Val>* std::_Rb_tree<_Key, _Val, _KeyOfValue, _Compare, _Alloc>::_M_clone_node(std::_Rb_tree<_Key, _Val, _KeyOfValue, _Compare, _Alloc>::_Const_Link_type, _NodeGen&) [with _NodeGen = std::_Rb_tree<std::__cxx11::basic_string<char>, std::pair<const std::__cxx11::basic_string<char>, std::mutex>, std::_Select1st<std::pair<const std::__cxx11::basic_string<char>, std::mutex> >, std::less<std::__cxx11::basic_string<char> >, std::allocator<std::pair<const std::__cxx11::basic_string<char>, std::mutex> > >::_Reuse_or_alloc_node; _Key = std::__cxx11::basic_string<char>; _Val = std::pair<const std::__cxx11::basic_string<char>, std::mutex>; _KeyOfValue = std::_Select1st<std::pair<const std::__cxx11::basic_string<char>, std::mutex> >; _Compare = std::less<std::__cxx11::basic_string<char> >; _Alloc = std::allocator<std::pair<const std::__cxx11::basic_string<char>, std::mutex> >; std::_Rb_tree<_Key, _Val, _KeyOfValue, _Compare, _Alloc>::_Link_type = std::_Rb_tree_node<std::pair<const std::__cxx11::basic_string<char>, std::mutex> >*; std::_Rb_tree<_Key, _Val, _KeyOfValue, _Compare, _Alloc>::_Const_Link_type = const std::_Rb_tree_node<std::pair<const std::__cxx11::basic_string<char>, std::mutex> >*][m[K’
[01m[K/usr/include/c++/9/bits/stl_tree.h:1880:13:[m[K   required from ‘[01m[Kstd::_Rb_tree_node<_Val>* std::_Rb_tree<_Key, _Val, _KeyOfValue, _Compare, _Alloc>::_M_copy(std::_Rb_tree<_Key, _Val, _KeyOfValue, _Compare, _Alloc>::_Const_Link_type, std::_Rb_tree<_Key, _Val, _KeyOfValue, _Compare, _Alloc>::_Base_ptr, _NodeGen&) [with _NodeGen = std::_Rb_tree<std::__cxx11::basic_string<char>, std::pair<const std::__cxx11::basic_string<char>, std::mutex>, std::_Select1st<std::pair<const std::__cxx11::basic_string<char>, std::mutex> >, std::less<std::__cxx11::basic_string<char> >, std::allocator<std::pair<const std::__cxx11::basic_string<char>, std::mutex> > >::_Reuse_or_alloc_node; _Key = std::__cxx11::basic_string<char>; _Val = std::pair<const std::__cxx11::basic_string<char>, std::mutex>; _KeyOfValue = std::_Select1st<std::pair<const std::__cxx11::basic_string<char>, std::mutex> >; _Compare = std::less<std::__cxx11::basic_string<char> >; _Alloc = std::allocator<std::pair<const std::__cxx11::basic_string<char>, std::mutex> >; std::_Rb_tree<_Key, _Val, _KeyOfValue, _Compare, _Alloc>::_Link_type = std::_Rb_tree_node<std::pair<const std::__cxx11::basic_string<char>, std::mutex> >*; std::_Rb_tree<_Key, _Val, _KeyOfValue, _Compare, _Alloc>::_Const_Link_type = const std::_Rb_tree_node<std::pair<const std::__cxx11::basic_string<char>, std::mutex> >*; std::_Rb_tree<_Key, _Val, _KeyOfValue, _Compare, _Alloc>::_Base_ptr = std::_Rb_tree_node_base*][m[K’
[01m[K/usr/include/c++/9/bits/stl_tree.h:906:15:[m[K   required from ‘[01m[Kstd::_Rb_tree_node<_Val>* std::_Rb_tree<_Key, _Val, _KeyOfValue, _Compare, _Alloc>::_M_copy(const std::_Rb_tree<_Key, _Val, _KeyOfValue, _Compare, _Alloc>&, _NodeGen&) [with _NodeGen = std::_Rb_tree<std::__cxx11::basic_string<char>, std::pair<const std::__cxx11::basic_string<char>, std::mutex>, std::_Select1st<std::pair<const std::__cxx11::basic_string<char>, std::mutex> >, std::less<std::__cxx11::basic_string<char> >, std::allocator<std::pair<const std::__cxx11::basic_string<char>, std::mutex> > >::_Reuse_or_alloc_node; _Key = std::__cxx11::basic_string<char>; _Val = std::pair<const std::__cxx11::basic_string<char>, std::mutex>; _KeyOfValue = std::_Select1st<std::pair<const std::__cxx11::basic_string<char>, std::mutex> >; _Compare = std::less<std::__cxx11::basic_string<char> >; _Alloc = std::allocator<std::pair<const std::__cxx11::basic_string<char>, std::mutex> >; std::_Rb_tree<_Key, _Val, _KeyOfValue, _Compare, _Alloc>::_Link_type = std::_Rb_tree_node<std::pair<const std::__cxx11::basic_string<char>, std::mutex> >*][m[K’
[01m[K/usr/include/c++/9/bits/stl_tree.h:1788:16:[m[K   required from ‘[01m[Kstd::_Rb_tree<_Key, _Val, _KeyOfValue, _Compare, _Alloc>& std::_Rb_tree<_Key, _Val, _KeyOfValue, _Compare, _Alloc>::operator=(const std::_Rb_tree<_Key, _Val, _KeyOfValue, _Compare, _Alloc>&) [with _Key = std::__cxx11::basic_string<char>; _Val = std::pair<const std::__cxx11::basic_string<char>, std::mutex>; _KeyOfValue = std::_Select1st<std::pair<const std::__cxx11::basic_string<char>, std::mutex> >; _Compare = std::less<std::__cxx11::basic_string<char> >; _Alloc = std::allocator<std::pair<const std::__cxx11::basic_string<char>, std::mutex> >][m[K’
[01m[K/usr/include/c++/9/bits/stl_map.h:100:11:[m[K   required from here
[01m[K/usr/include/c++/9/ext/new_allocator.h:146:4:[m[K [01;31m[Kerror: [m[Kuse of deleted function ‘[01m[Kconstexpr std::pair<_T1, _T2>::pair(const std::pair<_T1, _T2>&) [with _T1 = const std::__cxx11::basic_string<char>; _T2 = std::mutex][m[K’
  146 |  { [01;31m[K::new((void *)__p) _Up(std::forward<_Args>(__args)...)[m[K; }
      |    [01;31m[K^~~~~~~~~~~~~~~~~~~~~~~~~~~~~~~~~~~~~~~~~~~~~~~~~~~~~~[m[K
In file included from [01m[K/usr/include/c++/9/bits/stl_algobase.h:64[m[K,
                 from [01m[K/usr/include/c++/9/bits/char_traits.h:39[m[K,
                 from [01m[K/usr/include/c++/9/ios:40[m[K,
                 from [01m[K/usr/include/c++/9/ostream:38[m[K,
                 from [01m[K/usr/include/c++/9/iostream:39[m[K,
                 from [01m[K/home/peter/ros2/UsbCaptureROS4/src/ros2_usbcapture/include/ros2_usbcapture/UsbCaptureSystem.h:3[m[K,
                 from [01m[K/home/peter/ros2/UsbCaptureROS4/src/ros2_usbcapture/include/ros2_usbcapture/RosNode.h:4[m[K,
                 from [01m[K/home/peter/ros2/UsbCaptureROS4/src/ros2_usbcapture/src/RosNode.cpp:1[m[K:
[01m[K/usr/include/c++/9/bits/stl_pair.h:303:17:[m[K [01;36m[Knote: [m[K‘[01m[Kconstexpr std::pair<_T1, _T2>::pair(const std::pair<_T1, _T2>&) [with _T1 = const std::__cxx11::basic_string<char>; _T2 = std::mutex][m[K’ is implicitly deleted because the default definition would be ill-formed:
  303 |       constexpr [01;36m[Kpair[m[K(const pair&) = default;
      |                 [01;36m[K^~~~[m[K
[01m[K/usr/include/c++/9/bits/stl_pair.h:303:17:[m[K [01;31m[Kerror: [m[Kuse of deleted function ‘[01m[Kstd::mutex::mutex(const std::mutex&)[m[K’
In file included from [01m[K/usr/include/c++/9/mutex:43[m[K,
                 from [01m[K/home/peter/ros2/UsbCaptureROS4/src/ros2_usbcapture/include/ros2_usbcapture/UsbCaptureSystem.h:7[m[K,
                 from [01m[K/home/peter/ros2/UsbCaptureROS4/src/ros2_usbcapture/include/ros2_usbcapture/RosNode.h:4[m[K,
                 from [01m[K/home/peter/ros2/UsbCaptureROS4/src/ros2_usbcapture/src/RosNode.cpp:1[m[K:
[01m[K/usr/include/c++/9/bits/std_mutex.h:94:5:[m[K [01;36m[Knote: [m[Kdeclared here
   94 |     [01;36m[Kmutex[m[K(const mutex&) = delete;
      |     [01;36m[K^~~~~[m[K
make[2]: *** [CMakeFiles/camera_component.dir/build.make:63：CMakeFiles/camera_component.dir/src/RosNode.cpp.o] 错误 1
make[2]: *** 正在等待未完成的任务....
make[1]: *** [CMakeFiles/Makefile2:107：CMakeFiles/camera_component.dir/all] 错误 2
make: *** [Makefile:141：all] 错误 2
