[0.014s] Invoking command in '/home/peter/ros2/UsbCaptureROS4/build/ros2_usbcapture': AMENT_PREFIX_PATH=/home/peter/ros2/UsbCaptureROS4/install/interfaces:/home/peter/ros2/UsbCaptureROS4/install/common:${AMENT_PREFIX_PATH} CMAKE_PREFIX_PATH=/home/peter/ros2/UsbCaptureROS4/install/interfaces:/home/peter/ros2/UsbCaptureROS4/install/common:/opt/ros/foxy LD_LIBRARY_PATH=/home/peter/ros2/UsbCaptureROS4/install/interfaces/lib:/home/peter/ros2/UsbCaptureROS4/install/common/lib:${LD_LIBRARY_PATH} PYTHONPATH=/home/peter/ros2/UsbCaptureROS4/install/interfaces/lib/python3.8/site-packages:${PYTHONPATH} /bin/cmake /home/peter/ros2/UsbCaptureROS4/src/ros2_usbcapture -DCMAKE_INSTALL_PREFIX=/home/peter/ros2/UsbCaptureROS4/install/ros2_usbcapture
[0.065s] -- The C compiler identification is GNU 9.4.0
[0.117s] -- The CXX compiler identification is GNU 9.4.0
[0.121s] -- Check for working C compiler: /bin/cc
[0.184s] -- Check for working C compiler: /bin/cc -- works
[0.185s] -- Detecting C compiler ABI info
[0.252s] -- Detecting C compiler ABI info - done
[0.264s] -- Detecting C compile features
[0.264s] -- Detecting C compile features - done
[0.266s] -- Check for working CXX compiler: /bin/c++
[0.339s] -- Check for working CXX compiler: /bin/c++ -- works
[0.340s] -- Detecting CXX compiler ABI info
[0.413s] -- Detecting CXX compiler ABI info - done
[0.425s] -- Detecting CXX compile features
[0.426s] -- Detecting CXX compile features - done
[0.428s] -- Found ament_cmake: 0.9.11 (/opt/ros/foxy/share/ament_cmake/cmake)
[0.450s] -- Found PythonInterp: /bin/python3 (found suitable version "3.8.10", minimum required is "3") 
[0.450s] -- Using PYTHON_EXECUTABLE: /bin/python3
[0.629s] -- Found rclcpp: 2.4.2 (/opt/ros/foxy/share/rclcpp/cmake)
[0.667s] -- Using all available rosidl_typesupport_c: rosidl_typesupport_fastrtps_c;rosidl_typesupport_introspection_c
[0.672s] -- Found rosidl_adapter: 1.3.0 (/opt/ros/foxy/share/rosidl_adapter/cmake)
[0.744s] -- Found OpenSSL: /usr/lib/x86_64-linux-gnu/libcrypto.so (found version "1.1.1f")  
[0.769s] -- Found FastRTPS: /opt/ros/foxy/include  
[0.840s] -- Using all available rosidl_typesupport_cpp: rosidl_typesupport_fastrtps_cpp;rosidl_typesupport_introspection_cpp
[0.889s] -- Found rmw_implementation_cmake: 1.0.3 (/opt/ros/foxy/share/rmw_implementation_cmake/cmake)
[0.890s] -- Using RMW implementation 'rmw_fastrtps_cpp' as default
[0.891s] -- Looking for pthread.h
[0.958s] -- Looking for pthread.h - found
[0.958s] -- Performing Test CMAKE_HAVE_LIBC_PTHREAD
[1.029s] -- Performing Test CMAKE_HAVE_LIBC_PTHREAD - Failed
[1.030s] -- Looking for pthread_create in pthreads
[1.088s] -- Looking for pthread_create in pthreads - not found
[1.088s] -- Looking for pthread_create in pthread
[1.156s] -- Looking for pthread_create in pthread - found
[1.157s] -- Found Threads: TRUE  
[1.314s] -- Found ament_lint_auto: 0.9.7 (/opt/ros/foxy/share/ament_lint_auto/cmake)
[1.379s] -- Found common: 0.0.0 (/home/peter/ros2/UsbCaptureROS4/install/common/share/common/cmake)
[1.395s] -- Found OpenCV: /usr/local (found suitable version "3.4.13", minimum required is "3.4.13") 
[1.395s] -- Found interfaces: 0.0.0 (/home/peter/ros2/UsbCaptureROS4/install/interfaces/share/interfaces/cmake)
[1.628s] -- Found cv_bridge: 3.0.6 (/opt/ros/foxy/share/cv_bridge/cmake)
[1.639s] -- Found rclcpp_components: 2.4.2 (/opt/ros/foxy/share/rclcpp_components/cmake)
[1.706s] -- Added test 'copyright' to check source files copyright and LICENSE
[1.707s] -- Added test 'cppcheck' to perform static code analysis on C / C++ code
[1.707s] -- Configured cppcheck include dirs: /home/peter/ros2/UsbCaptureROS4/src/ros2_usbcapture/include
[1.707s] -- Configured cppcheck exclude dirs and/or files: 
[1.708s] -- Added test 'cpplint' to check C / C++ code against the Google style
[1.708s] -- Configured cpplint exclude dirs and/or files: 
[1.709s] -- Added test 'flake8' to check Python code syntax and style conventions
[1.709s] -- Added test 'lint_cmake' to check CMake code style
[1.710s] -- Added test 'pep257' to check Python code against some of the style conventions in PEP 257
[1.710s] -- Added test 'uncrustify' to check C / C++ code style
[1.711s] -- Configured uncrustify additional arguments: 
[1.711s] -- Added test 'xmllint' to check XML markup files
[1.714s] -- Configuring done
[1.733s] -- Generating done
[1.735s] -- Build files have been written to: /home/peter/ros2/UsbCaptureROS4/build/ros2_usbcapture
[1.742s] Invoked command in '/home/peter/ros2/UsbCaptureROS4/build/ros2_usbcapture' returned '0': AMENT_PREFIX_PATH=/home/peter/ros2/UsbCaptureROS4/install/interfaces:/home/peter/ros2/UsbCaptureROS4/install/common:${AMENT_PREFIX_PATH} CMAKE_PREFIX_PATH=/home/peter/ros2/UsbCaptureROS4/install/interfaces:/home/peter/ros2/UsbCaptureROS4/install/common:/opt/ros/foxy LD_LIBRARY_PATH=/home/peter/ros2/UsbCaptureROS4/install/interfaces/lib:/home/peter/ros2/UsbCaptureROS4/install/common/lib:${LD_LIBRARY_PATH} PYTHONPATH=/home/peter/ros2/UsbCaptureROS4/install/interfaces/lib/python3.8/site-packages:${PYTHONPATH} /bin/cmake /home/peter/ros2/UsbCaptureROS4/src/ros2_usbcapture -DCMAKE_INSTALL_PREFIX=/home/peter/ros2/UsbCaptureROS4/install/ros2_usbcapture
[1.745s] Invoking command in '/home/peter/ros2/UsbCaptureROS4/build/ros2_usbcapture': AMENT_PREFIX_PATH=/home/peter/ros2/UsbCaptureROS4/install/interfaces:/home/peter/ros2/UsbCaptureROS4/install/common:${AMENT_PREFIX_PATH} CMAKE_PREFIX_PATH=/home/peter/ros2/UsbCaptureROS4/install/interfaces:/home/peter/ros2/UsbCaptureROS4/install/common:/opt/ros/foxy LD_LIBRARY_PATH=/home/peter/ros2/UsbCaptureROS4/install/interfaces/lib:/home/peter/ros2/UsbCaptureROS4/install/common/lib:${LD_LIBRARY_PATH} PYTHONPATH=/home/peter/ros2/UsbCaptureROS4/install/interfaces/lib/python3.8/site-packages:${PYTHONPATH} /bin/cmake --build /home/peter/ros2/UsbCaptureROS4/build/ros2_usbcapture -- -j16 -l16
[1.782s] [35m[1mScanning dependencies of target camera_component[0m
[1.783s] [35m[1mScanning dependencies of target test_component[0m
[1.822s] [ 40%] [32mBuilding CXX object CMakeFiles/test_component.dir/src/test_get_image.cpp.o[0m
[1.823s] [ 60%] [32mBuilding CXX object CMakeFiles/camera_component.dir/src/RosNode.cpp.o[0m
[1.823s] [ 60%] [32mBuilding CXX object CMakeFiles/camera_component.dir/src/UsbCaptureSystem.cpp.o[0m
[5.735s] [ 80%] [32m[1mLinking CXX shared library libcamera_component.so[0m
[5.980s] [ 80%] Built target camera_component
[7.473s] [100%] [32m[1mLinking CXX shared library libtest_component.so[0m
[7.652s] [100%] Built target test_component
[7.660s] Invoked command in '/home/peter/ros2/UsbCaptureROS4/build/ros2_usbcapture' returned '0': AMENT_PREFIX_PATH=/home/peter/ros2/UsbCaptureROS4/install/interfaces:/home/peter/ros2/UsbCaptureROS4/install/common:${AMENT_PREFIX_PATH} CMAKE_PREFIX_PATH=/home/peter/ros2/UsbCaptureROS4/install/interfaces:/home/peter/ros2/UsbCaptureROS4/install/common:/opt/ros/foxy LD_LIBRARY_PATH=/home/peter/ros2/UsbCaptureROS4/install/interfaces/lib:/home/peter/ros2/UsbCaptureROS4/install/common/lib:${LD_LIBRARY_PATH} PYTHONPATH=/home/peter/ros2/UsbCaptureROS4/install/interfaces/lib/python3.8/site-packages:${PYTHONPATH} /bin/cmake --build /home/peter/ros2/UsbCaptureROS4/build/ros2_usbcapture -- -j16 -l16
[7.681s] Invoking command in '/home/peter/ros2/UsbCaptureROS4/build/ros2_usbcapture': AMENT_PREFIX_PATH=/home/peter/ros2/UsbCaptureROS4/install/interfaces:/home/peter/ros2/UsbCaptureROS4/install/common:${AMENT_PREFIX_PATH} CMAKE_PREFIX_PATH=/home/peter/ros2/UsbCaptureROS4/install/interfaces:/home/peter/ros2/UsbCaptureROS4/install/common:/opt/ros/foxy LD_LIBRARY_PATH=/home/peter/ros2/UsbCaptureROS4/install/interfaces/lib:/home/peter/ros2/UsbCaptureROS4/install/common/lib:${LD_LIBRARY_PATH} PYTHONPATH=/home/peter/ros2/UsbCaptureROS4/install/interfaces/lib/python3.8/site-packages:${PYTHONPATH} /bin/cmake --install /home/peter/ros2/UsbCaptureROS4/build/ros2_usbcapture
[7.687s] -- Install configuration: ""
[7.687s] -- Installing: /home/peter/ros2/UsbCaptureROS4/install/ros2_usbcapture/lib/libcamera_component.so
[7.689s] -- Set runtime path of "/home/peter/ros2/UsbCaptureROS4/install/ros2_usbcapture/lib/libcamera_component.so" to ""
[7.689s] -- Installing: /home/peter/ros2/UsbCaptureROS4/install/ros2_usbcapture/lib/libtest_component.so
[7.691s] -- Set runtime path of "/home/peter/ros2/UsbCaptureROS4/install/ros2_usbcapture/lib/libtest_component.so" to ""
[7.691s] -- Installing: /home/peter/ros2/UsbCaptureROS4/install/ros2_usbcapture/share/ament_index/resource_index/package_run_dependencies/ros2_usbcapture
[7.692s] -- Installing: /home/peter/ros2/UsbCaptureROS4/install/ros2_usbcapture/share/ament_index/resource_index/parent_prefix_path/ros2_usbcapture
[7.692s] -- Installing: /home/peter/ros2/UsbCaptureROS4/install/ros2_usbcapture/share/ros2_usbcapture/environment/ament_prefix_path.sh
[7.692s] -- Installing: /home/peter/ros2/UsbCaptureROS4/install/ros2_usbcapture/share/ros2_usbcapture/environment/ament_prefix_path.dsv
[7.692s] -- Installing: /home/peter/ros2/UsbCaptureROS4/install/ros2_usbcapture/share/ros2_usbcapture/environment/path.sh
[7.692s] -- Installing: /home/peter/ros2/UsbCaptureROS4/install/ros2_usbcapture/share/ros2_usbcapture/environment/path.dsv
[7.692s] -- Installing: /home/peter/ros2/UsbCaptureROS4/install/ros2_usbcapture/share/ros2_usbcapture/local_setup.bash
[7.692s] -- Installing: /home/peter/ros2/UsbCaptureROS4/install/ros2_usbcapture/share/ros2_usbcapture/local_setup.sh
[7.692s] -- Installing: /home/peter/ros2/UsbCaptureROS4/install/ros2_usbcapture/share/ros2_usbcapture/local_setup.zsh
[7.692s] -- Installing: /home/peter/ros2/UsbCaptureROS4/install/ros2_usbcapture/share/ros2_usbcapture/local_setup.dsv
[7.693s] -- Installing: /home/peter/ros2/UsbCaptureROS4/install/ros2_usbcapture/share/ros2_usbcapture/package.dsv
[7.693s] -- Installing: /home/peter/ros2/UsbCaptureROS4/install/ros2_usbcapture/share/ament_index/resource_index/packages/ros2_usbcapture
[7.693s] -- Installing: /home/peter/ros2/UsbCaptureROS4/install/ros2_usbcapture/share/ament_index/resource_index/rclcpp_components/ros2_usbcapture
[7.693s] -- Installing: /home/peter/ros2/UsbCaptureROS4/install/ros2_usbcapture/share/ros2_usbcapture/cmake/ros2_usbcaptureConfig.cmake
[7.693s] -- Installing: /home/peter/ros2/UsbCaptureROS4/install/ros2_usbcapture/share/ros2_usbcapture/cmake/ros2_usbcaptureConfig-version.cmake
[7.693s] -- Installing: /home/peter/ros2/UsbCaptureROS4/install/ros2_usbcapture/share/ros2_usbcapture/package.xml
[7.695s] Invoked command in '/home/peter/ros2/UsbCaptureROS4/build/ros2_usbcapture' returned '0': AMENT_PREFIX_PATH=/home/peter/ros2/UsbCaptureROS4/install/interfaces:/home/peter/ros2/UsbCaptureROS4/install/common:${AMENT_PREFIX_PATH} CMAKE_PREFIX_PATH=/home/peter/ros2/UsbCaptureROS4/install/interfaces:/home/peter/ros2/UsbCaptureROS4/install/common:/opt/ros/foxy LD_LIBRARY_PATH=/home/peter/ros2/UsbCaptureROS4/install/interfaces/lib:/home/peter/ros2/UsbCaptureROS4/install/common/lib:${LD_LIBRARY_PATH} PYTHONPATH=/home/peter/ros2/UsbCaptureROS4/install/interfaces/lib/python3.8/site-packages:${PYTHONPATH} /bin/cmake --install /home/peter/ros2/UsbCaptureROS4/build/ros2_usbcapture
