[0.108s] DEBUG:colcon:Command line arguments: ['/bin/colcon', 'build']
[0.108s] DEBUG:colcon:Parsed command line arguments: Namespace(allow_overriding=[], ament_cmake_args=None, base_paths=['.'], build_base='build', catkin_cmake_args=None, catkin_skip_building_tests=False, cmake_args=None, cmake_clean_cache=False, cmake_clean_first=False, cmake_force_configure=False, cmake_target=None, cmake_target_skip_unavailable=False, continue_on_error=False, event_handlers=None, executor='parallel', ignore_user_meta=False, install_base='install', log_base=None, log_level=None, main=<bound method BuildVerb.main of <colcon_core.verb.build.BuildVerb object at 0x7f699ffab5b0>>, merge_install=False, metas=['./colcon.meta'], packages_above=None, packages_above_and_dependencies=None, packages_above_depth=None, packages_end=None, packages_ignore=None, packages_ignore_regex=None, packages_select=None, packages_select_build_failed=False, packages_select_by_dep=None, packages_select_regex=None, packages_select_test_failures=False, packages_skip=None, packages_skip_build_finished=False, packages_skip_by_dep=None, packages_skip_regex=None, packages_skip_test_passed=False, packages_skip_up_to=None, packages_start=None, packages_up_to=None, packages_up_to_regex=None, parallel_workers=16, paths=None, symlink_install=False, test_result_base=None, verb_extension=<colcon_core.verb.build.BuildVerb object at 0x7f699ffab5b0>, verb_name='build', verb_parser=<colcon_defaults.argument_parser.defaults.DefaultArgumentsDecorator object at 0x7f699ffabaf0>)
[0.124s] Level 1:colcon.colcon_core.package_discovery:discover_packages(colcon_meta) check parameters
[0.124s] Level 1:colcon.colcon_core.package_discovery:discover_packages(recursive) check parameters
[0.124s] Level 1:colcon.colcon_core.package_discovery:discover_packages(ignore) check parameters
[0.124s] Level 1:colcon.colcon_core.package_discovery:discover_packages(path) check parameters
[0.124s] Level 1:colcon.colcon_core.package_discovery:discover_packages(colcon_meta) discover
[0.124s] Level 1:colcon.colcon_core.package_discovery:discover_packages(recursive) discover
[0.124s] INFO:colcon.colcon_core.package_discovery:Crawling recursively for packages in '/home/peter/ROS/UsbCaptureROS4'
[0.124s] Level 1:colcon.colcon_core.package_identification:_identify(.) by extensions ['ignore', 'ignore_ament_install']
[0.124s] Level 1:colcon.colcon_core.package_identification:_identify(.) by extension 'ignore'
[0.124s] Level 1:colcon.colcon_core.package_identification:_identify(.) by extension 'ignore_ament_install'
[0.124s] Level 1:colcon.colcon_core.package_identification:_identify(.) by extensions ['colcon_pkg']
[0.125s] Level 1:colcon.colcon_core.package_identification:_identify(.) by extension 'colcon_pkg'
[0.125s] Level 1:colcon.colcon_core.package_identification:_identify(.) by extensions ['colcon_meta']
[0.125s] Level 1:colcon.colcon_core.package_identification:_identify(.) by extension 'colcon_meta'
[0.125s] Level 1:colcon.colcon_core.package_identification:_identify(.) by extensions ['ros']
[0.125s] Level 1:colcon.colcon_core.package_identification:_identify(.) by extension 'ros'
[0.131s] Level 1:colcon.colcon_core.package_identification:_identify(.) by extensions ['cmake', 'python']
[0.132s] Level 1:colcon.colcon_core.package_identification:_identify(.) by extension 'cmake'
[0.132s] Level 1:colcon.colcon_core.package_identification:_identify(.) by extension 'python'
[0.132s] Level 1:colcon.colcon_core.package_identification:_identify(.) by extensions ['python_setup_py']
[0.132s] Level 1:colcon.colcon_core.package_identification:_identify(.) by extension 'python_setup_py'
[0.132s] Level 1:colcon.colcon_core.package_identification:_identify(build) by extensions ['ignore', 'ignore_ament_install']
[0.132s] Level 1:colcon.colcon_core.package_identification:_identify(build) by extension 'ignore'
[0.132s] Level 1:colcon.colcon_core.package_identification:_identify(build) ignored
[0.132s] Level 1:colcon.colcon_core.package_identification:_identify(install) by extensions ['ignore', 'ignore_ament_install']
[0.132s] Level 1:colcon.colcon_core.package_identification:_identify(install) by extension 'ignore'
[0.132s] Level 1:colcon.colcon_core.package_identification:_identify(install) ignored
[0.132s] Level 1:colcon.colcon_core.package_identification:_identify(log) by extensions ['ignore', 'ignore_ament_install']
[0.132s] Level 1:colcon.colcon_core.package_identification:_identify(log) by extension 'ignore'
[0.132s] Level 1:colcon.colcon_core.package_identification:_identify(log) ignored
[0.132s] Level 1:colcon.colcon_core.package_identification:_identify(src) by extensions ['ignore', 'ignore_ament_install']
[0.132s] Level 1:colcon.colcon_core.package_identification:_identify(src) by extension 'ignore'
[0.132s] Level 1:colcon.colcon_core.package_identification:_identify(src) by extension 'ignore_ament_install'
[0.132s] Level 1:colcon.colcon_core.package_identification:_identify(src) by extensions ['colcon_pkg']
[0.132s] Level 1:colcon.colcon_core.package_identification:_identify(src) by extension 'colcon_pkg'
[0.133s] Level 1:colcon.colcon_core.package_identification:_identify(src) by extensions ['colcon_meta']
[0.133s] Level 1:colcon.colcon_core.package_identification:_identify(src) by extension 'colcon_meta'
[0.133s] Level 1:colcon.colcon_core.package_identification:_identify(src) by extensions ['ros']
[0.133s] Level 1:colcon.colcon_core.package_identification:_identify(src) by extension 'ros'
[0.133s] Level 1:colcon.colcon_core.package_identification:_identify(src) by extensions ['cmake', 'python']
[0.133s] Level 1:colcon.colcon_core.package_identification:_identify(src) by extension 'cmake'
[0.133s] Level 1:colcon.colcon_core.package_identification:_identify(src) by extension 'python'
[0.133s] Level 1:colcon.colcon_core.package_identification:_identify(src) by extensions ['python_setup_py']
[0.133s] Level 1:colcon.colcon_core.package_identification:_identify(src) by extension 'python_setup_py'
[0.133s] Level 1:colcon.colcon_core.package_identification:_identify(src/common) by extensions ['ignore', 'ignore_ament_install']
[0.133s] Level 1:colcon.colcon_core.package_identification:_identify(src/common) by extension 'ignore'
[0.133s] Level 1:colcon.colcon_core.package_identification:_identify(src/common) by extension 'ignore_ament_install'
[0.133s] Level 1:colcon.colcon_core.package_identification:_identify(src/common) by extensions ['colcon_pkg']
[0.133s] Level 1:colcon.colcon_core.package_identification:_identify(src/common) by extension 'colcon_pkg'
[0.133s] Level 1:colcon.colcon_core.package_identification:_identify(src/common) by extensions ['colcon_meta']
[0.133s] Level 1:colcon.colcon_core.package_identification:_identify(src/common) by extension 'colcon_meta'
[0.133s] Level 1:colcon.colcon_core.package_identification:_identify(src/common) by extensions ['ros']
[0.133s] Level 1:colcon.colcon_core.package_identification:_identify(src/common) by extension 'ros'
[0.135s] DEBUG:colcon.colcon_core.package_identification:Package 'src/common' with type 'ros.ament_cmake' and name 'common'
[0.135s] Level 1:colcon.colcon_core.package_identification:_identify(src/interfaces) by extensions ['ignore', 'ignore_ament_install']
[0.135s] Level 1:colcon.colcon_core.package_identification:_identify(src/interfaces) by extension 'ignore'
[0.135s] Level 1:colcon.colcon_core.package_identification:_identify(src/interfaces) by extension 'ignore_ament_install'
[0.135s] Level 1:colcon.colcon_core.package_identification:_identify(src/interfaces) by extensions ['colcon_pkg']
[0.135s] Level 1:colcon.colcon_core.package_identification:_identify(src/interfaces) by extension 'colcon_pkg'
[0.135s] Level 1:colcon.colcon_core.package_identification:_identify(src/interfaces) by extensions ['colcon_meta']
[0.135s] Level 1:colcon.colcon_core.package_identification:_identify(src/interfaces) by extension 'colcon_meta'
[0.135s] Level 1:colcon.colcon_core.package_identification:_identify(src/interfaces) by extensions ['ros']
[0.135s] Level 1:colcon.colcon_core.package_identification:_identify(src/interfaces) by extension 'ros'
[0.136s] DEBUG:colcon.colcon_core.package_identification:Package 'src/interfaces' with type 'ros.ament_cmake' and name 'interfaces'
[0.136s] Level 1:colcon.colcon_core.package_identification:_identify(src/ros2_usbcapture) by extensions ['ignore', 'ignore_ament_install']
[0.136s] Level 1:colcon.colcon_core.package_identification:_identify(src/ros2_usbcapture) by extension 'ignore'
[0.136s] Level 1:colcon.colcon_core.package_identification:_identify(src/ros2_usbcapture) by extension 'ignore_ament_install'
[0.136s] Level 1:colcon.colcon_core.package_identification:_identify(src/ros2_usbcapture) by extensions ['colcon_pkg']
[0.136s] Level 1:colcon.colcon_core.package_identification:_identify(src/ros2_usbcapture) by extension 'colcon_pkg'
[0.136s] Level 1:colcon.colcon_core.package_identification:_identify(src/ros2_usbcapture) by extensions ['colcon_meta']
[0.136s] Level 1:colcon.colcon_core.package_identification:_identify(src/ros2_usbcapture) by extension 'colcon_meta'
[0.136s] Level 1:colcon.colcon_core.package_identification:_identify(src/ros2_usbcapture) by extensions ['ros']
[0.136s] Level 1:colcon.colcon_core.package_identification:_identify(src/ros2_usbcapture) by extension 'ros'
[0.136s] DEBUG:colcon.colcon_core.package_identification:Package 'src/ros2_usbcapture' with type 'ros.ament_cmake' and name 'ros2_usbcapture'
[0.136s] Level 1:colcon.colcon_core.package_discovery:discover_packages(recursive) using defaults
[0.137s] Level 1:colcon.colcon_core.package_discovery:discover_packages(ignore) discover
[0.137s] Level 1:colcon.colcon_core.package_discovery:discover_packages(ignore) using defaults
[0.137s] Level 1:colcon.colcon_core.package_discovery:discover_packages(path) discover
[0.137s] Level 1:colcon.colcon_core.package_discovery:discover_packages(path) using defaults
[0.156s] Level 1:colcon.colcon_core.package_discovery:discover_packages(prefix_path) check parameters
[0.156s] Level 1:colcon.colcon_core.package_discovery:discover_packages(prefix_path) discover
[0.158s] DEBUG:colcon.colcon_installed_package_information.package_discovery:Found 3 installed packages in /home/peter/ROS/UsbCaptureROS4/install
[0.159s] DEBUG:colcon.colcon_installed_package_information.package_discovery:Found 278 installed packages in /opt/ros/foxy
[0.160s] Level 1:colcon.colcon_core.package_discovery:discover_packages(prefix_path) using defaults
[0.208s] Level 5:colcon.colcon_core.verb:set package 'common' build argument 'cmake_args' from command line to 'None'
[0.208s] Level 5:colcon.colcon_core.verb:set package 'common' build argument 'cmake_target' from command line to 'None'
[0.208s] Level 5:colcon.colcon_core.verb:set package 'common' build argument 'cmake_target_skip_unavailable' from command line to 'False'
[0.208s] Level 5:colcon.colcon_core.verb:set package 'common' build argument 'cmake_clean_cache' from command line to 'False'
[0.208s] Level 5:colcon.colcon_core.verb:set package 'common' build argument 'cmake_clean_first' from command line to 'False'
[0.208s] Level 5:colcon.colcon_core.verb:set package 'common' build argument 'cmake_force_configure' from command line to 'False'
[0.209s] Level 5:colcon.colcon_core.verb:set package 'common' build argument 'ament_cmake_args' from command line to 'None'
[0.209s] Level 5:colcon.colcon_core.verb:set package 'common' build argument 'catkin_cmake_args' from command line to 'None'
[0.209s] Level 5:colcon.colcon_core.verb:set package 'common' build argument 'catkin_skip_building_tests' from command line to 'False'
[0.209s] DEBUG:colcon.colcon_core.verb:Building package 'common' with the following arguments: {'ament_cmake_args': None, 'build_base': '/home/peter/ROS/UsbCaptureROS4/build/common', 'catkin_cmake_args': None, 'catkin_skip_building_tests': False, 'cmake_args': None, 'cmake_clean_cache': False, 'cmake_clean_first': False, 'cmake_force_configure': False, 'cmake_target': None, 'cmake_target_skip_unavailable': False, 'install_base': '/home/peter/ROS/UsbCaptureROS4/install/common', 'merge_install': False, 'path': '/home/peter/ROS/UsbCaptureROS4/src/common', 'symlink_install': False, 'test_result_base': None}
[0.209s] Level 5:colcon.colcon_core.verb:set package 'interfaces' build argument 'cmake_args' from command line to 'None'
[0.209s] Level 5:colcon.colcon_core.verb:set package 'interfaces' build argument 'cmake_target' from command line to 'None'
[0.209s] Level 5:colcon.colcon_core.verb:set package 'interfaces' build argument 'cmake_target_skip_unavailable' from command line to 'False'
[0.209s] Level 5:colcon.colcon_core.verb:set package 'interfaces' build argument 'cmake_clean_cache' from command line to 'False'
[0.209s] Level 5:colcon.colcon_core.verb:set package 'interfaces' build argument 'cmake_clean_first' from command line to 'False'
[0.209s] Level 5:colcon.colcon_core.verb:set package 'interfaces' build argument 'cmake_force_configure' from command line to 'False'
[0.209s] Level 5:colcon.colcon_core.verb:set package 'interfaces' build argument 'ament_cmake_args' from command line to 'None'
[0.209s] Level 5:colcon.colcon_core.verb:set package 'interfaces' build argument 'catkin_cmake_args' from command line to 'None'
[0.209s] Level 5:colcon.colcon_core.verb:set package 'interfaces' build argument 'catkin_skip_building_tests' from command line to 'False'
[0.209s] DEBUG:colcon.colcon_core.verb:Building package 'interfaces' with the following arguments: {'ament_cmake_args': None, 'build_base': '/home/peter/ROS/UsbCaptureROS4/build/interfaces', 'catkin_cmake_args': None, 'catkin_skip_building_tests': False, 'cmake_args': None, 'cmake_clean_cache': False, 'cmake_clean_first': False, 'cmake_force_configure': False, 'cmake_target': None, 'cmake_target_skip_unavailable': False, 'install_base': '/home/peter/ROS/UsbCaptureROS4/install/interfaces', 'merge_install': False, 'path': '/home/peter/ROS/UsbCaptureROS4/src/interfaces', 'symlink_install': False, 'test_result_base': None}
[0.210s] Level 5:colcon.colcon_core.verb:set package 'ros2_usbcapture' build argument 'cmake_args' from command line to 'None'
[0.210s] Level 5:colcon.colcon_core.verb:set package 'ros2_usbcapture' build argument 'cmake_target' from command line to 'None'
[0.210s] Level 5:colcon.colcon_core.verb:set package 'ros2_usbcapture' build argument 'cmake_target_skip_unavailable' from command line to 'False'
[0.210s] Level 5:colcon.colcon_core.verb:set package 'ros2_usbcapture' build argument 'cmake_clean_cache' from command line to 'False'
[0.210s] Level 5:colcon.colcon_core.verb:set package 'ros2_usbcapture' build argument 'cmake_clean_first' from command line to 'False'
[0.210s] Level 5:colcon.colcon_core.verb:set package 'ros2_usbcapture' build argument 'cmake_force_configure' from command line to 'False'
[0.210s] Level 5:colcon.colcon_core.verb:set package 'ros2_usbcapture' build argument 'ament_cmake_args' from command line to 'None'
[0.210s] Level 5:colcon.colcon_core.verb:set package 'ros2_usbcapture' build argument 'catkin_cmake_args' from command line to 'None'
[0.210s] Level 5:colcon.colcon_core.verb:set package 'ros2_usbcapture' build argument 'catkin_skip_building_tests' from command line to 'False'
[0.210s] DEBUG:colcon.colcon_core.verb:Building package 'ros2_usbcapture' with the following arguments: {'ament_cmake_args': None, 'build_base': '/home/peter/ROS/UsbCaptureROS4/build/ros2_usbcapture', 'catkin_cmake_args': None, 'catkin_skip_building_tests': False, 'cmake_args': None, 'cmake_clean_cache': False, 'cmake_clean_first': False, 'cmake_force_configure': False, 'cmake_target': None, 'cmake_target_skip_unavailable': False, 'install_base': '/home/peter/ROS/UsbCaptureROS4/install/ros2_usbcapture', 'merge_install': False, 'path': '/home/peter/ROS/UsbCaptureROS4/src/ros2_usbcapture', 'symlink_install': False, 'test_result_base': None}
[0.211s] INFO:colcon.colcon_core.executor:Executing jobs using 'parallel' executor
[0.214s] DEBUG:colcon.colcon_parallel_executor.executor.parallel:run_until_complete
[0.214s] INFO:colcon.colcon_ros.task.ament_cmake.build:Building ROS package in '/home/peter/ROS/UsbCaptureROS4/src/common' with build type 'ament_cmake'
[0.214s] INFO:colcon.colcon_cmake.task.cmake.build:Building CMake package in '/home/peter/ROS/UsbCaptureROS4/src/common'
[0.217s] INFO:colcon.colcon_core.plugin_system:Skipping extension 'colcon_core.shell.bat': Not used on non-Windows systems
[0.217s] INFO:colcon.colcon_core.shell:Skip shell extension 'powershell' for command environment: Not usable outside of PowerShell
[0.217s] DEBUG:colcon.colcon_core.shell:Skip shell extension 'dsv' for command environment
[0.221s] INFO:colcon.colcon_ros.task.ament_cmake.build:Building ROS package in '/home/peter/ROS/UsbCaptureROS4/src/interfaces' with build type 'ament_cmake'
[0.222s] INFO:colcon.colcon_cmake.task.cmake.build:Building CMake package in '/home/peter/ROS/UsbCaptureROS4/src/interfaces'
[0.223s] INFO:colcon.colcon_core.shell:Skip shell extension 'powershell' for command environment: Not usable outside of PowerShell
[0.223s] DEBUG:colcon.colcon_core.shell:Skip shell extension 'dsv' for command environment
[0.234s] DEBUG:colcon.colcon_core.event_handler.log_command:Invoking command in '/home/peter/ROS/UsbCaptureROS4/build/common': CMAKE_PREFIX_PATH=${CMAKE_PREFIX_PATH}:/opt/ros/foxy /bin/cmake --build /home/peter/ROS/UsbCaptureROS4/build/common -- -j16 -l16
[0.238s] DEBUG:colcon.colcon_core.event_handler.log_command:Invoking command in '/home/peter/ROS/UsbCaptureROS4/build/interfaces': CMAKE_PREFIX_PATH=${CMAKE_PREFIX_PATH}:/opt/ros/foxy /bin/cmake --build /home/peter/ROS/UsbCaptureROS4/build/interfaces -- -j16 -l16
[0.296s] DEBUG:colcon.colcon_core.event_handler.log_command:Invoked command in '/home/peter/ROS/UsbCaptureROS4/build/common' returned '0': CMAKE_PREFIX_PATH=${CMAKE_PREFIX_PATH}:/opt/ros/foxy /bin/cmake --build /home/peter/ROS/UsbCaptureROS4/build/common -- -j16 -l16
[0.327s] DEBUG:colcon.colcon_core.event_handler.log_command:Invoking command in '/home/peter/ROS/UsbCaptureROS4/build/common': CMAKE_PREFIX_PATH=${CMAKE_PREFIX_PATH}:/opt/ros/foxy /bin/cmake --install /home/peter/ROS/UsbCaptureROS4/build/common
[0.335s] Level 1:colcon.colcon_core.environment:create_environment_scripts_only(common)
[0.336s] DEBUG:colcon.colcon_core.event_handler.log_command:Invoked command in '/home/peter/ROS/UsbCaptureROS4/build/common' returned '0': CMAKE_PREFIX_PATH=${CMAKE_PREFIX_PATH}:/opt/ros/foxy /bin/cmake --install /home/peter/ROS/UsbCaptureROS4/build/common
[0.341s] Level 1:colcon.colcon_core.environment:checking '/home/peter/ROS/UsbCaptureROS4/install/common' for CMake module files
[0.341s] Level 1:colcon.colcon_core.environment:checking '/home/peter/ROS/UsbCaptureROS4/install/common' for CMake config files
[0.342s] Level 1:colcon.colcon_core.shell:create_environment_hook('common', 'cmake_prefix_path')
[0.343s] INFO:colcon.colcon_core.shell:Creating environment hook '/home/peter/ROS/UsbCaptureROS4/install/common/share/common/hook/cmake_prefix_path.ps1'
[0.344s] INFO:colcon.colcon_core.shell:Creating environment descriptor '/home/peter/ROS/UsbCaptureROS4/install/common/share/common/hook/cmake_prefix_path.dsv'
[0.345s] INFO:colcon.colcon_core.shell:Creating environment hook '/home/peter/ROS/UsbCaptureROS4/install/common/share/common/hook/cmake_prefix_path.sh'
[0.345s] Level 1:colcon.colcon_core.environment:checking '/home/peter/ROS/UsbCaptureROS4/install/common/lib'
[0.346s] Level 1:colcon.colcon_core.shell:create_environment_hook('common', 'ld_library_path_lib')
[0.347s] INFO:colcon.colcon_core.shell:Creating environment hook '/home/peter/ROS/UsbCaptureROS4/install/common/share/common/hook/ld_library_path_lib.ps1'
[0.348s] INFO:colcon.colcon_core.shell:Creating environment descriptor '/home/peter/ROS/UsbCaptureROS4/install/common/share/common/hook/ld_library_path_lib.dsv'
[0.348s] INFO:colcon.colcon_core.shell:Creating environment hook '/home/peter/ROS/UsbCaptureROS4/install/common/share/common/hook/ld_library_path_lib.sh'
[0.348s] Level 1:colcon.colcon_core.environment:checking '/home/peter/ROS/UsbCaptureROS4/install/common/bin'
[0.349s] Level 1:colcon.colcon_core.environment:checking '/home/peter/ROS/UsbCaptureROS4/install/common/lib/pkgconfig/common.pc'
[0.349s] Level 1:colcon.colcon_core.environment:checking '/home/peter/ROS/UsbCaptureROS4/install/common/lib/python3.8/site-packages'
[0.349s] Level 1:colcon.colcon_core.environment:checking '/home/peter/ROS/UsbCaptureROS4/install/common/bin'
[0.350s] INFO:colcon.colcon_core.shell:Creating package script '/home/peter/ROS/UsbCaptureROS4/install/common/share/common/package.ps1'
[0.351s] INFO:colcon.colcon_core.shell:Creating package descriptor '/home/peter/ROS/UsbCaptureROS4/install/common/share/common/package.dsv'
[0.352s] INFO:colcon.colcon_core.shell:Creating package script '/home/peter/ROS/UsbCaptureROS4/install/common/share/common/package.sh'
[0.352s] INFO:colcon.colcon_core.shell:Creating package script '/home/peter/ROS/UsbCaptureROS4/install/common/share/common/package.bash'
[0.353s] INFO:colcon.colcon_core.shell:Creating package script '/home/peter/ROS/UsbCaptureROS4/install/common/share/common/package.zsh'
[0.353s] Level 1:colcon.colcon_core.environment:create_file_with_runtime_dependencies(/home/peter/ROS/UsbCaptureROS4/install/common/share/colcon-core/packages/common)
[0.374s] Level 1:colcon.colcon_core.environment:create_environment_scripts_only(common)
[0.376s] Level 1:colcon.colcon_core.environment:checking '/home/peter/ROS/UsbCaptureROS4/install/common' for CMake module files
[0.376s] Level 1:colcon.colcon_core.environment:checking '/home/peter/ROS/UsbCaptureROS4/install/common' for CMake config files
[0.377s] Level 1:colcon.colcon_core.shell:create_environment_hook('common', 'cmake_prefix_path')
[0.378s] INFO:colcon.colcon_core.shell:Creating environment hook '/home/peter/ROS/UsbCaptureROS4/install/common/share/common/hook/cmake_prefix_path.ps1'
[0.379s] INFO:colcon.colcon_core.shell:Creating environment descriptor '/home/peter/ROS/UsbCaptureROS4/install/common/share/common/hook/cmake_prefix_path.dsv'
[0.379s] INFO:colcon.colcon_core.shell:Creating environment hook '/home/peter/ROS/UsbCaptureROS4/install/common/share/common/hook/cmake_prefix_path.sh'
[0.380s] Level 1:colcon.colcon_core.environment:checking '/home/peter/ROS/UsbCaptureROS4/install/common/lib'
[0.380s] Level 1:colcon.colcon_core.shell:create_environment_hook('common', 'ld_library_path_lib')
[0.381s] INFO:colcon.colcon_core.shell:Creating environment hook '/home/peter/ROS/UsbCaptureROS4/install/common/share/common/hook/ld_library_path_lib.ps1'
[0.381s] INFO:colcon.colcon_core.shell:Creating environment descriptor '/home/peter/ROS/UsbCaptureROS4/install/common/share/common/hook/ld_library_path_lib.dsv'
[0.381s] INFO:colcon.colcon_core.shell:Creating environment hook '/home/peter/ROS/UsbCaptureROS4/install/common/share/common/hook/ld_library_path_lib.sh'
[0.382s] Level 1:colcon.colcon_core.environment:checking '/home/peter/ROS/UsbCaptureROS4/install/common/bin'
[0.382s] Level 1:colcon.colcon_core.environment:checking '/home/peter/ROS/UsbCaptureROS4/install/common/lib/pkgconfig/common.pc'
[0.382s] Level 1:colcon.colcon_core.environment:checking '/home/peter/ROS/UsbCaptureROS4/install/common/lib/python3.8/site-packages'
[0.382s] Level 1:colcon.colcon_core.environment:checking '/home/peter/ROS/UsbCaptureROS4/install/common/bin'
[0.383s] INFO:colcon.colcon_core.shell:Creating package script '/home/peter/ROS/UsbCaptureROS4/install/common/share/common/package.ps1'
[0.384s] INFO:colcon.colcon_core.shell:Creating package descriptor '/home/peter/ROS/UsbCaptureROS4/install/common/share/common/package.dsv'
[0.384s] INFO:colcon.colcon_core.shell:Creating package script '/home/peter/ROS/UsbCaptureROS4/install/common/share/common/package.sh'
[0.385s] INFO:colcon.colcon_core.shell:Creating package script '/home/peter/ROS/UsbCaptureROS4/install/common/share/common/package.bash'
[0.385s] INFO:colcon.colcon_core.shell:Creating package script '/home/peter/ROS/UsbCaptureROS4/install/common/share/common/package.zsh'
[0.385s] Level 1:colcon.colcon_core.environment:create_file_with_runtime_dependencies(/home/peter/ROS/UsbCaptureROS4/install/common/share/colcon-core/packages/common)
[0.424s] DEBUG:colcon.colcon_core.event_handler.log_command:Invoked command in '/home/peter/ROS/UsbCaptureROS4/build/interfaces' returned '0': CMAKE_PREFIX_PATH=${CMAKE_PREFIX_PATH}:/opt/ros/foxy /bin/cmake --build /home/peter/ROS/UsbCaptureROS4/build/interfaces -- -j16 -l16
[0.491s] DEBUG:colcon.colcon_core.event_handler.log_command:Invoking command in '/home/peter/ROS/UsbCaptureROS4/build/interfaces': CMAKE_PREFIX_PATH=${CMAKE_PREFIX_PATH}:/opt/ros/foxy /bin/cmake --install /home/peter/ROS/UsbCaptureROS4/build/interfaces
[0.538s] Level 1:colcon.colcon_core.environment:create_environment_scripts_only(interfaces)
[0.542s] Level 1:colcon.colcon_core.environment:checking '/home/peter/ROS/UsbCaptureROS4/install/interfaces' for CMake module files
[0.543s] DEBUG:colcon.colcon_core.event_handler.log_command:Invoked command in '/home/peter/ROS/UsbCaptureROS4/build/interfaces' returned '0': CMAKE_PREFIX_PATH=${CMAKE_PREFIX_PATH}:/opt/ros/foxy /bin/cmake --install /home/peter/ROS/UsbCaptureROS4/build/interfaces
[0.543s] Level 1:colcon.colcon_core.environment:checking '/home/peter/ROS/UsbCaptureROS4/install/interfaces' for CMake config files
[0.544s] Level 1:colcon.colcon_core.shell:create_environment_hook('interfaces', 'cmake_prefix_path')
[0.545s] INFO:colcon.colcon_core.shell:Creating environment hook '/home/peter/ROS/UsbCaptureROS4/install/interfaces/share/interfaces/hook/cmake_prefix_path.ps1'
[0.546s] INFO:colcon.colcon_core.shell:Creating environment descriptor '/home/peter/ROS/UsbCaptureROS4/install/interfaces/share/interfaces/hook/cmake_prefix_path.dsv'
[0.546s] INFO:colcon.colcon_core.shell:Creating environment hook '/home/peter/ROS/UsbCaptureROS4/install/interfaces/share/interfaces/hook/cmake_prefix_path.sh'
[0.546s] Level 1:colcon.colcon_core.environment:checking '/home/peter/ROS/UsbCaptureROS4/install/interfaces/lib'
[0.546s] Level 1:colcon.colcon_core.shell:create_environment_hook('interfaces', 'ld_library_path_lib')
[0.547s] INFO:colcon.colcon_core.shell:Creating environment hook '/home/peter/ROS/UsbCaptureROS4/install/interfaces/share/interfaces/hook/ld_library_path_lib.ps1'
[0.548s] INFO:colcon.colcon_core.shell:Creating environment descriptor '/home/peter/ROS/UsbCaptureROS4/install/interfaces/share/interfaces/hook/ld_library_path_lib.dsv'
[0.548s] INFO:colcon.colcon_core.shell:Creating environment hook '/home/peter/ROS/UsbCaptureROS4/install/interfaces/share/interfaces/hook/ld_library_path_lib.sh'
[0.548s] Level 1:colcon.colcon_core.environment:checking '/home/peter/ROS/UsbCaptureROS4/install/interfaces/bin'
[0.548s] Level 1:colcon.colcon_core.environment:checking '/home/peter/ROS/UsbCaptureROS4/install/interfaces/lib/pkgconfig/interfaces.pc'
[0.548s] Level 1:colcon.colcon_core.environment:checking '/home/peter/ROS/UsbCaptureROS4/install/interfaces/lib/python3.8/site-packages'
[0.549s] Level 1:colcon.colcon_core.shell:create_environment_hook('interfaces', 'pythonpath')
[0.550s] INFO:colcon.colcon_core.shell:Creating environment hook '/home/peter/ROS/UsbCaptureROS4/install/interfaces/share/interfaces/hook/pythonpath.ps1'
[0.550s] INFO:colcon.colcon_core.shell:Creating environment descriptor '/home/peter/ROS/UsbCaptureROS4/install/interfaces/share/interfaces/hook/pythonpath.dsv'
[0.550s] INFO:colcon.colcon_core.shell:Creating environment hook '/home/peter/ROS/UsbCaptureROS4/install/interfaces/share/interfaces/hook/pythonpath.sh'
[0.550s] Level 1:colcon.colcon_core.environment:checking '/home/peter/ROS/UsbCaptureROS4/install/interfaces/bin'
[0.552s] INFO:colcon.colcon_core.shell:Creating package script '/home/peter/ROS/UsbCaptureROS4/install/interfaces/share/interfaces/package.ps1'
[0.552s] INFO:colcon.colcon_core.shell:Creating package descriptor '/home/peter/ROS/UsbCaptureROS4/install/interfaces/share/interfaces/package.dsv'
[0.553s] INFO:colcon.colcon_core.shell:Creating package script '/home/peter/ROS/UsbCaptureROS4/install/interfaces/share/interfaces/package.sh'
[0.553s] INFO:colcon.colcon_core.shell:Creating package script '/home/peter/ROS/UsbCaptureROS4/install/interfaces/share/interfaces/package.bash'
[0.553s] INFO:colcon.colcon_core.shell:Creating package script '/home/peter/ROS/UsbCaptureROS4/install/interfaces/share/interfaces/package.zsh'
[0.554s] Level 1:colcon.colcon_core.environment:create_file_with_runtime_dependencies(/home/peter/ROS/UsbCaptureROS4/install/interfaces/share/colcon-core/packages/interfaces)
[0.614s] Level 1:colcon.colcon_core.environment:create_environment_scripts_only(interfaces)
[0.616s] Level 1:colcon.colcon_core.environment:checking '/home/peter/ROS/UsbCaptureROS4/install/interfaces' for CMake module files
[0.618s] Level 1:colcon.colcon_core.environment:checking '/home/peter/ROS/UsbCaptureROS4/install/interfaces' for CMake config files
[0.618s] Level 1:colcon.colcon_core.shell:create_environment_hook('interfaces', 'cmake_prefix_path')
[0.622s] INFO:colcon.colcon_core.shell:Creating environment hook '/home/peter/ROS/UsbCaptureROS4/install/interfaces/share/interfaces/hook/cmake_prefix_path.ps1'
[0.623s] INFO:colcon.colcon_core.shell:Creating environment descriptor '/home/peter/ROS/UsbCaptureROS4/install/interfaces/share/interfaces/hook/cmake_prefix_path.dsv'
[0.624s] INFO:colcon.colcon_core.shell:Creating environment hook '/home/peter/ROS/UsbCaptureROS4/install/interfaces/share/interfaces/hook/cmake_prefix_path.sh'
[0.625s] Level 1:colcon.colcon_core.environment:checking '/home/peter/ROS/UsbCaptureROS4/install/interfaces/lib'
[0.625s] Level 1:colcon.colcon_core.shell:create_environment_hook('interfaces', 'ld_library_path_lib')
[0.626s] INFO:colcon.colcon_core.shell:Creating environment hook '/home/peter/ROS/UsbCaptureROS4/install/interfaces/share/interfaces/hook/ld_library_path_lib.ps1'
[0.626s] INFO:colcon.colcon_core.shell:Creating environment descriptor '/home/peter/ROS/UsbCaptureROS4/install/interfaces/share/interfaces/hook/ld_library_path_lib.dsv'
[0.626s] INFO:colcon.colcon_core.shell:Creating environment hook '/home/peter/ROS/UsbCaptureROS4/install/interfaces/share/interfaces/hook/ld_library_path_lib.sh'
[0.626s] Level 1:colcon.colcon_core.environment:checking '/home/peter/ROS/UsbCaptureROS4/install/interfaces/bin'
[0.626s] Level 1:colcon.colcon_core.environment:checking '/home/peter/ROS/UsbCaptureROS4/install/interfaces/lib/pkgconfig/interfaces.pc'
[0.627s] Level 1:colcon.colcon_core.environment:checking '/home/peter/ROS/UsbCaptureROS4/install/interfaces/lib/python3.8/site-packages'
[0.627s] Level 1:colcon.colcon_core.shell:create_environment_hook('interfaces', 'pythonpath')
[0.628s] INFO:colcon.colcon_core.shell:Creating environment hook '/home/peter/ROS/UsbCaptureROS4/install/interfaces/share/interfaces/hook/pythonpath.ps1'
[0.628s] INFO:colcon.colcon_core.shell:Creating environment descriptor '/home/peter/ROS/UsbCaptureROS4/install/interfaces/share/interfaces/hook/pythonpath.dsv'
[0.628s] INFO:colcon.colcon_core.shell:Creating environment hook '/home/peter/ROS/UsbCaptureROS4/install/interfaces/share/interfaces/hook/pythonpath.sh'
[0.628s] Level 1:colcon.colcon_core.environment:checking '/home/peter/ROS/UsbCaptureROS4/install/interfaces/bin'
[0.629s] INFO:colcon.colcon_core.shell:Creating package script '/home/peter/ROS/UsbCaptureROS4/install/interfaces/share/interfaces/package.ps1'
[0.630s] INFO:colcon.colcon_core.shell:Creating package descriptor '/home/peter/ROS/UsbCaptureROS4/install/interfaces/share/interfaces/package.dsv'
[0.630s] INFO:colcon.colcon_core.shell:Creating package script '/home/peter/ROS/UsbCaptureROS4/install/interfaces/share/interfaces/package.sh'
[0.630s] INFO:colcon.colcon_core.shell:Creating package script '/home/peter/ROS/UsbCaptureROS4/install/interfaces/share/interfaces/package.bash'
[0.631s] INFO:colcon.colcon_core.shell:Creating package script '/home/peter/ROS/UsbCaptureROS4/install/interfaces/share/interfaces/package.zsh'
[0.631s] Level 1:colcon.colcon_core.environment:create_file_with_runtime_dependencies(/home/peter/ROS/UsbCaptureROS4/install/interfaces/share/colcon-core/packages/interfaces)
[0.631s] INFO:colcon.colcon_ros.task.ament_cmake.build:Building ROS package in '/home/peter/ROS/UsbCaptureROS4/src/ros2_usbcapture' with build type 'ament_cmake'
[0.631s] INFO:colcon.colcon_cmake.task.cmake.build:Building CMake package in '/home/peter/ROS/UsbCaptureROS4/src/ros2_usbcapture'
[0.632s] INFO:colcon.colcon_core.shell:Skip shell extension 'powershell' for command environment: Not usable outside of PowerShell
[0.632s] DEBUG:colcon.colcon_core.shell:Skip shell extension 'dsv' for command environment
[0.648s] DEBUG:colcon.colcon_core.event_handler.log_command:Invoking command in '/home/peter/ROS/UsbCaptureROS4/build/ros2_usbcapture': AMENT_PREFIX_PATH=/home/peter/ros2.1/UsbCaptureROS4/install/interfaces:/home/peter/ros2.1/UsbCaptureROS4/install/common:${AMENT_PREFIX_PATH} CMAKE_PREFIX_PATH=/home/peter/ROS/UsbCaptureROS4/install/interfaces:/home/peter/ROS/UsbCaptureROS4/install/common:/home/peter/ROS/UsbCaptureROS4/install/ros2_usbcapture:/opt/ros/foxy LD_LIBRARY_PATH=/home/peter/ros2.1/UsbCaptureROS4/install/interfaces/lib:/home/peter/ROS/UsbCaptureROS4/install/interfaces/lib:/home/peter/ros2.1/UsbCaptureROS4/install/common/lib:/home/peter/ROS/UsbCaptureROS4/install/common/lib:/home/peter/ROS/UsbCaptureROS4/install/ros2_usbcapture/lib:/opt/ros/foxy/opt/yaml_cpp_vendor/lib:/opt/ros/foxy/opt/rviz_ogre_vendor/lib:/opt/ros/foxy/lib/x86_64-linux-gnu:/opt/ros/foxy/lib PYTHONPATH=/home/peter/ros2.1/UsbCaptureROS4/install/interfaces/lib/python3.8/site-packages:${PYTHONPATH} /bin/cmake --build /home/peter/ROS/UsbCaptureROS4/build/ros2_usbcapture -- -j16 -l16
[1.440s] DEBUG:colcon.colcon_core.event_handler.log_command:Invoked command in '/home/peter/ROS/UsbCaptureROS4/build/ros2_usbcapture' returned '0': AMENT_PREFIX_PATH=/home/peter/ros2.1/UsbCaptureROS4/install/interfaces:/home/peter/ros2.1/UsbCaptureROS4/install/common:${AMENT_PREFIX_PATH} CMAKE_PREFIX_PATH=/home/peter/ROS/UsbCaptureROS4/install/interfaces:/home/peter/ROS/UsbCaptureROS4/install/common:/home/peter/ROS/UsbCaptureROS4/install/ros2_usbcapture:/opt/ros/foxy LD_LIBRARY_PATH=/home/peter/ros2.1/UsbCaptureROS4/install/interfaces/lib:/home/peter/ROS/UsbCaptureROS4/install/interfaces/lib:/home/peter/ros2.1/UsbCaptureROS4/install/common/lib:/home/peter/ROS/UsbCaptureROS4/install/common/lib:/home/peter/ROS/UsbCaptureROS4/install/ros2_usbcapture/lib:/opt/ros/foxy/opt/yaml_cpp_vendor/lib:/opt/ros/foxy/opt/rviz_ogre_vendor/lib:/opt/ros/foxy/lib/x86_64-linux-gnu:/opt/ros/foxy/lib PYTHONPATH=/home/peter/ros2.1/UsbCaptureROS4/install/interfaces/lib/python3.8/site-packages:${PYTHONPATH} /bin/cmake --build /home/peter/ROS/UsbCaptureROS4/build/ros2_usbcapture -- -j16 -l16
[1.471s] DEBUG:colcon.colcon_core.event_handler.log_command:Invoking command in '/home/peter/ROS/UsbCaptureROS4/build/ros2_usbcapture': AMENT_PREFIX_PATH=/home/peter/ros2.1/UsbCaptureROS4/install/interfaces:/home/peter/ros2.1/UsbCaptureROS4/install/common:${AMENT_PREFIX_PATH} CMAKE_PREFIX_PATH=/home/peter/ROS/UsbCaptureROS4/install/interfaces:/home/peter/ROS/UsbCaptureROS4/install/common:/home/peter/ROS/UsbCaptureROS4/install/ros2_usbcapture:/opt/ros/foxy LD_LIBRARY_PATH=/home/peter/ros2.1/UsbCaptureROS4/install/interfaces/lib:/home/peter/ROS/UsbCaptureROS4/install/interfaces/lib:/home/peter/ros2.1/UsbCaptureROS4/install/common/lib:/home/peter/ROS/UsbCaptureROS4/install/common/lib:/home/peter/ROS/UsbCaptureROS4/install/ros2_usbcapture/lib:/opt/ros/foxy/opt/yaml_cpp_vendor/lib:/opt/ros/foxy/opt/rviz_ogre_vendor/lib:/opt/ros/foxy/lib/x86_64-linux-gnu:/opt/ros/foxy/lib PYTHONPATH=/home/peter/ros2.1/UsbCaptureROS4/install/interfaces/lib/python3.8/site-packages:${PYTHONPATH} /bin/cmake --install /home/peter/ROS/UsbCaptureROS4/build/ros2_usbcapture
[1.484s] Level 1:colcon.colcon_core.environment:create_environment_scripts_only(ros2_usbcapture)
[1.486s] Level 1:colcon.colcon_core.environment:checking '/home/peter/ROS/UsbCaptureROS4/install/ros2_usbcapture' for CMake module files
[1.487s] DEBUG:colcon.colcon_core.event_handler.log_command:Invoked command in '/home/peter/ROS/UsbCaptureROS4/build/ros2_usbcapture' returned '0': AMENT_PREFIX_PATH=/home/peter/ros2.1/UsbCaptureROS4/install/interfaces:/home/peter/ros2.1/UsbCaptureROS4/install/common:${AMENT_PREFIX_PATH} CMAKE_PREFIX_PATH=/home/peter/ROS/UsbCaptureROS4/install/interfaces:/home/peter/ROS/UsbCaptureROS4/install/common:/home/peter/ROS/UsbCaptureROS4/install/ros2_usbcapture:/opt/ros/foxy LD_LIBRARY_PATH=/home/peter/ros2.1/UsbCaptureROS4/install/interfaces/lib:/home/peter/ROS/UsbCaptureROS4/install/interfaces/lib:/home/peter/ros2.1/UsbCaptureROS4/install/common/lib:/home/peter/ROS/UsbCaptureROS4/install/common/lib:/home/peter/ROS/UsbCaptureROS4/install/ros2_usbcapture/lib:/opt/ros/foxy/opt/yaml_cpp_vendor/lib:/opt/ros/foxy/opt/rviz_ogre_vendor/lib:/opt/ros/foxy/lib/x86_64-linux-gnu:/opt/ros/foxy/lib PYTHONPATH=/home/peter/ros2.1/UsbCaptureROS4/install/interfaces/lib/python3.8/site-packages:${PYTHONPATH} /bin/cmake --install /home/peter/ROS/UsbCaptureROS4/build/ros2_usbcapture
[1.487s] Level 1:colcon.colcon_core.environment:checking '/home/peter/ROS/UsbCaptureROS4/install/ros2_usbcapture' for CMake config files
[1.487s] Level 1:colcon.colcon_core.shell:create_environment_hook('ros2_usbcapture', 'cmake_prefix_path')
[1.489s] INFO:colcon.colcon_core.shell:Creating environment hook '/home/peter/ROS/UsbCaptureROS4/install/ros2_usbcapture/share/ros2_usbcapture/hook/cmake_prefix_path.ps1'
[1.490s] INFO:colcon.colcon_core.shell:Creating environment descriptor '/home/peter/ROS/UsbCaptureROS4/install/ros2_usbcapture/share/ros2_usbcapture/hook/cmake_prefix_path.dsv'
[1.490s] INFO:colcon.colcon_core.shell:Creating environment hook '/home/peter/ROS/UsbCaptureROS4/install/ros2_usbcapture/share/ros2_usbcapture/hook/cmake_prefix_path.sh'
[1.491s] Level 1:colcon.colcon_core.environment:checking '/home/peter/ROS/UsbCaptureROS4/install/ros2_usbcapture/lib'
[1.491s] Level 1:colcon.colcon_core.shell:create_environment_hook('ros2_usbcapture', 'ld_library_path_lib')
[1.493s] INFO:colcon.colcon_core.shell:Creating environment hook '/home/peter/ROS/UsbCaptureROS4/install/ros2_usbcapture/share/ros2_usbcapture/hook/ld_library_path_lib.ps1'
[1.494s] INFO:colcon.colcon_core.shell:Creating environment descriptor '/home/peter/ROS/UsbCaptureROS4/install/ros2_usbcapture/share/ros2_usbcapture/hook/ld_library_path_lib.dsv'
[1.494s] INFO:colcon.colcon_core.shell:Creating environment hook '/home/peter/ROS/UsbCaptureROS4/install/ros2_usbcapture/share/ros2_usbcapture/hook/ld_library_path_lib.sh'
[1.495s] Level 1:colcon.colcon_core.environment:checking '/home/peter/ROS/UsbCaptureROS4/install/ros2_usbcapture/bin'
[1.495s] Level 1:colcon.colcon_core.environment:checking '/home/peter/ROS/UsbCaptureROS4/install/ros2_usbcapture/lib/pkgconfig/ros2_usbcapture.pc'
[1.495s] Level 1:colcon.colcon_core.environment:checking '/home/peter/ROS/UsbCaptureROS4/install/ros2_usbcapture/lib/python3.8/site-packages'
[1.496s] Level 1:colcon.colcon_core.environment:checking '/home/peter/ROS/UsbCaptureROS4/install/ros2_usbcapture/bin'
[1.497s] INFO:colcon.colcon_core.shell:Creating package script '/home/peter/ROS/UsbCaptureROS4/install/ros2_usbcapture/share/ros2_usbcapture/package.ps1'
[1.497s] INFO:colcon.colcon_core.shell:Creating package descriptor '/home/peter/ROS/UsbCaptureROS4/install/ros2_usbcapture/share/ros2_usbcapture/package.dsv'
[1.498s] INFO:colcon.colcon_core.shell:Creating package script '/home/peter/ROS/UsbCaptureROS4/install/ros2_usbcapture/share/ros2_usbcapture/package.sh'
[1.498s] INFO:colcon.colcon_core.shell:Creating package script '/home/peter/ROS/UsbCaptureROS4/install/ros2_usbcapture/share/ros2_usbcapture/package.bash'
[1.498s] INFO:colcon.colcon_core.shell:Creating package script '/home/peter/ROS/UsbCaptureROS4/install/ros2_usbcapture/share/ros2_usbcapture/package.zsh'
[1.498s] Level 1:colcon.colcon_core.environment:create_file_with_runtime_dependencies(/home/peter/ROS/UsbCaptureROS4/install/ros2_usbcapture/share/colcon-core/packages/ros2_usbcapture)
[1.530s] Level 1:colcon.colcon_core.environment:create_environment_scripts_only(ros2_usbcapture)
[1.533s] Level 1:colcon.colcon_core.environment:checking '/home/peter/ROS/UsbCaptureROS4/install/ros2_usbcapture' for CMake module files
[1.533s] Level 1:colcon.colcon_core.environment:checking '/home/peter/ROS/UsbCaptureROS4/install/ros2_usbcapture' for CMake config files
[1.534s] Level 1:colcon.colcon_core.shell:create_environment_hook('ros2_usbcapture', 'cmake_prefix_path')
[1.535s] INFO:colcon.colcon_core.shell:Creating environment hook '/home/peter/ROS/UsbCaptureROS4/install/ros2_usbcapture/share/ros2_usbcapture/hook/cmake_prefix_path.ps1'
[1.536s] INFO:colcon.colcon_core.shell:Creating environment descriptor '/home/peter/ROS/UsbCaptureROS4/install/ros2_usbcapture/share/ros2_usbcapture/hook/cmake_prefix_path.dsv'
[1.536s] INFO:colcon.colcon_core.shell:Creating environment hook '/home/peter/ROS/UsbCaptureROS4/install/ros2_usbcapture/share/ros2_usbcapture/hook/cmake_prefix_path.sh'
[1.537s] Level 1:colcon.colcon_core.environment:checking '/home/peter/ROS/UsbCaptureROS4/install/ros2_usbcapture/lib'
[1.537s] Level 1:colcon.colcon_core.shell:create_environment_hook('ros2_usbcapture', 'ld_library_path_lib')
[1.538s] INFO:colcon.colcon_core.shell:Creating environment hook '/home/peter/ROS/UsbCaptureROS4/install/ros2_usbcapture/share/ros2_usbcapture/hook/ld_library_path_lib.ps1'
[1.539s] INFO:colcon.colcon_core.shell:Creating environment descriptor '/home/peter/ROS/UsbCaptureROS4/install/ros2_usbcapture/share/ros2_usbcapture/hook/ld_library_path_lib.dsv'
[1.539s] INFO:colcon.colcon_core.shell:Creating environment hook '/home/peter/ROS/UsbCaptureROS4/install/ros2_usbcapture/share/ros2_usbcapture/hook/ld_library_path_lib.sh'
[1.539s] Level 1:colcon.colcon_core.environment:checking '/home/peter/ROS/UsbCaptureROS4/install/ros2_usbcapture/bin'
[1.540s] Level 1:colcon.colcon_core.environment:checking '/home/peter/ROS/UsbCaptureROS4/install/ros2_usbcapture/lib/pkgconfig/ros2_usbcapture.pc'
[1.540s] Level 1:colcon.colcon_core.environment:checking '/home/peter/ROS/UsbCaptureROS4/install/ros2_usbcapture/lib/python3.8/site-packages'
[1.540s] Level 1:colcon.colcon_core.environment:checking '/home/peter/ROS/UsbCaptureROS4/install/ros2_usbcapture/bin'
[1.542s] INFO:colcon.colcon_core.shell:Creating package script '/home/peter/ROS/UsbCaptureROS4/install/ros2_usbcapture/share/ros2_usbcapture/package.ps1'
[1.542s] INFO:colcon.colcon_core.shell:Creating package descriptor '/home/peter/ROS/UsbCaptureROS4/install/ros2_usbcapture/share/ros2_usbcapture/package.dsv'
[1.543s] INFO:colcon.colcon_core.shell:Creating package script '/home/peter/ROS/UsbCaptureROS4/install/ros2_usbcapture/share/ros2_usbcapture/package.sh'
[1.543s] INFO:colcon.colcon_core.shell:Creating package script '/home/peter/ROS/UsbCaptureROS4/install/ros2_usbcapture/share/ros2_usbcapture/package.bash'
[1.544s] INFO:colcon.colcon_core.shell:Creating package script '/home/peter/ROS/UsbCaptureROS4/install/ros2_usbcapture/share/ros2_usbcapture/package.zsh'
[1.544s] Level 1:colcon.colcon_core.environment:create_file_with_runtime_dependencies(/home/peter/ROS/UsbCaptureROS4/install/ros2_usbcapture/share/colcon-core/packages/ros2_usbcapture)
[1.545s] DEBUG:colcon.colcon_parallel_executor.executor.parallel:closing loop
[1.545s] DEBUG:colcon.colcon_parallel_executor.executor.parallel:loop closed
[1.545s] DEBUG:colcon.colcon_parallel_executor.executor.parallel:run_until_complete finished with '0'
[1.545s] DEBUG:colcon.colcon_core.event_reactor:joining thread
[1.551s] INFO:colcon.colcon_core.plugin_system:Skipping extension 'colcon_notification.desktop_notification.terminal_notifier': Not used on non-Darwin systems
[1.552s] INFO:colcon.colcon_core.plugin_system:Skipping extension 'colcon_notification.desktop_notification.win32': Not used on non-Windows systems
[1.552s] INFO:colcon.colcon_notification.desktop_notification:Sending desktop notification using 'notify2'
[1.567s] DEBUG:colcon.colcon_core.event_reactor:joined thread
[1.569s] INFO:colcon.colcon_core.shell:Creating prefix script '/home/peter/ROS/UsbCaptureROS4/install/local_setup.ps1'
[1.569s] INFO:colcon.colcon_core.shell:Creating prefix util module '/home/peter/ROS/UsbCaptureROS4/install/_local_setup_util_ps1.py'
[1.570s] INFO:colcon.colcon_core.shell:Creating prefix chain script '/home/peter/ROS/UsbCaptureROS4/install/setup.ps1'
[1.571s] INFO:colcon.colcon_core.shell:Creating prefix script '/home/peter/ROS/UsbCaptureROS4/install/local_setup.sh'
[1.571s] INFO:colcon.colcon_core.shell:Creating prefix util module '/home/peter/ROS/UsbCaptureROS4/install/_local_setup_util_sh.py'
[1.572s] INFO:colcon.colcon_core.shell:Creating prefix chain script '/home/peter/ROS/UsbCaptureROS4/install/setup.sh'
[1.573s] INFO:colcon.colcon_core.shell:Creating prefix script '/home/peter/ROS/UsbCaptureROS4/install/local_setup.bash'
[1.573s] INFO:colcon.colcon_core.shell:Creating prefix chain script '/home/peter/ROS/UsbCaptureROS4/install/setup.bash'
[1.574s] INFO:colcon.colcon_core.shell:Creating prefix script '/home/peter/ROS/UsbCaptureROS4/install/local_setup.zsh'
[1.575s] INFO:colcon.colcon_core.shell:Creating prefix chain script '/home/peter/ROS/UsbCaptureROS4/install/setup.zsh'
