[0.016s] Invoking command in '/home/peter/ROS/UsbCaptureROS4/build/interfaces': CMAKE_PREFIX_PATH=/opt/ros/foxy /bin/cmake --build /home/peter/ROS/UsbCaptureROS4/build/interfaces -- -j16 -l16
[0.023s] CMake Error: The current CMakeCache.txt directory /home/peter/ROS/UsbCaptureROS4/build/interfaces/CMakeCache.txt is different than the directory /home/peter/ros2.1/UsbCaptureROS4/build/interfaces where CMakeCache.txt was created. This may result in binaries being created in the wrong place. If you are not sure, reedit the CMakeCache.txt
[0.055s] [  3%] Built target interfaces__cpp
[0.058s] [ 12%] Built target interfaces__rosidl_generator_c
[0.072s] [ 32%] Built target interfaces__rosidl_typesupport_cpp
[0.073s] [ 32%] Built target interfaces__rosidl_typesupport_introspection_cpp
[0.074s] [ 41%] Built target interfaces__rosidl_typesupport_fastrtps_cpp
[0.075s] [ 51%] Built target interfaces__rosidl_typesupport_introspection_c
[0.076s] [ 61%] Built target interfaces__rosidl_typesupport_c
[0.101s] [ 70%] Built target interfaces__rosidl_typesupport_fastrtps_c
[0.119s] [ 70%] Built target interfaces
[0.141s] [ 74%] Built target interfaces__py
[0.163s] [ 80%] Built target interfaces__python
[0.186s] [100%] Built target interfaces__rosidl_typesupport_introspection_c__pyext
[0.186s] [100%] Built target interfaces__rosidl_typesupport_fastrtps_c__pyext
[0.186s] [100%] Built target interfaces__rosidl_typesupport_c__pyext
[0.198s] Invoked command in '/home/peter/ROS/UsbCaptureROS4/build/interfaces' returned '0': CMAKE_PREFIX_PATH=/opt/ros/foxy /bin/cmake --build /home/peter/ROS/UsbCaptureROS4/build/interfaces -- -j16 -l16
[0.259s] Invoking command in '/home/peter/ROS/UsbCaptureROS4/build/interfaces': CMAKE_PREFIX_PATH=/opt/ros/foxy /bin/cmake --install /home/peter/ROS/UsbCaptureROS4/build/interfaces
[0.269s] -- Install configuration: ""
[0.269s] -- Up-to-date: /home/peter/ros2.1/UsbCaptureROS4/install/interfaces/share/ament_index/resource_index/rosidl_interfaces/interfaces
[0.269s] -- Up-to-date: /home/peter/ros2.1/UsbCaptureROS4/install/interfaces/include/interfaces
[0.269s] -- Up-to-date: /home/peter/ros2.1/UsbCaptureROS4/install/interfaces/include/interfaces/msg
[0.269s] -- Up-to-date: /home/peter/ros2.1/UsbCaptureROS4/install/interfaces/include/interfaces/msg/mat_with_time.h
[0.269s] -- Up-to-date: /home/peter/ros2.1/UsbCaptureROS4/install/interfaces/include/interfaces/msg/detail
[0.270s] -- Up-to-date: /home/peter/ros2.1/UsbCaptureROS4/install/interfaces/include/interfaces/msg/detail/mat_with_time__functions.h
[0.270s] -- Up-to-date: /home/peter/ros2.1/UsbCaptureROS4/install/interfaces/include/interfaces/msg/detail/mat_with_time__struct.h
[0.270s] -- Up-to-date: /home/peter/ros2.1/UsbCaptureROS4/install/interfaces/include/interfaces/msg/detail/mat_with_time__type_support.h
[0.270s] -- Up-to-date: /home/peter/ros2.1/UsbCaptureROS4/install/interfaces/include/interfaces/msg/detail/mat_with_time__functions.c
[0.270s] -- Up-to-date: /home/peter/ros2.1/UsbCaptureROS4/install/interfaces/include/interfaces/msg/rosidl_generator_c__visibility_control.h
[0.270s] -- Up-to-date: /home/peter/ros2.1/UsbCaptureROS4/install/interfaces/share/interfaces/environment/library_path.sh
[0.270s] -- Up-to-date: /home/peter/ros2.1/UsbCaptureROS4/install/interfaces/share/interfaces/environment/library_path.dsv
[0.270s] -- Up-to-date: /home/peter/ros2.1/UsbCaptureROS4/install/interfaces/lib/libinterfaces__rosidl_generator_c.so
[0.270s] -- Up-to-date: /home/peter/ros2.1/UsbCaptureROS4/install/interfaces/include/interfaces
[0.270s] -- Up-to-date: /home/peter/ros2.1/UsbCaptureROS4/install/interfaces/include/interfaces/msg
[0.270s] -- Up-to-date: /home/peter/ros2.1/UsbCaptureROS4/install/interfaces/include/interfaces/msg/rosidl_typesupport_fastrtps_c__visibility_control.h
[0.271s] -- Up-to-date: /home/peter/ros2.1/UsbCaptureROS4/install/interfaces/include/interfaces/msg/detail
[0.271s] -- Up-to-date: /home/peter/ros2.1/UsbCaptureROS4/install/interfaces/include/interfaces/msg/detail/mat_with_time__rosidl_typesupport_fastrtps_c.h
[0.271s] -- Up-to-date: /home/peter/ros2.1/UsbCaptureROS4/install/interfaces/lib/libinterfaces__rosidl_typesupport_fastrtps_c.so
[0.271s] -- Up-to-date: /home/peter/ros2.1/UsbCaptureROS4/install/interfaces/include/interfaces
[0.271s] -- Up-to-date: /home/peter/ros2.1/UsbCaptureROS4/install/interfaces/include/interfaces/msg
[0.271s] -- Up-to-date: /home/peter/ros2.1/UsbCaptureROS4/install/interfaces/include/interfaces/msg/detail
[0.271s] -- Up-to-date: /home/peter/ros2.1/UsbCaptureROS4/install/interfaces/include/interfaces/msg/detail/mat_with_time__rosidl_typesupport_fastrtps_cpp.hpp
[0.271s] -- Up-to-date: /home/peter/ros2.1/UsbCaptureROS4/install/interfaces/include/interfaces/msg/detail/dds_fastrtps
[0.271s] -- Up-to-date: /home/peter/ros2.1/UsbCaptureROS4/install/interfaces/include/interfaces/msg/rosidl_typesupport_fastrtps_cpp__visibility_control.h
[0.271s] -- Up-to-date: /home/peter/ros2.1/UsbCaptureROS4/install/interfaces/lib/libinterfaces__rosidl_typesupport_fastrtps_cpp.so
[0.272s] -- Up-to-date: /home/peter/ros2.1/UsbCaptureROS4/install/interfaces/include/interfaces
[0.272s] -- Up-to-date: /home/peter/ros2.1/UsbCaptureROS4/install/interfaces/include/interfaces/msg
[0.272s] -- Up-to-date: /home/peter/ros2.1/UsbCaptureROS4/install/interfaces/include/interfaces/msg/rosidl_typesupport_introspection_c__visibility_control.h
[0.272s] -- Up-to-date: /home/peter/ros2.1/UsbCaptureROS4/install/interfaces/include/interfaces/msg/detail
[0.272s] -- Up-to-date: /home/peter/ros2.1/UsbCaptureROS4/install/interfaces/include/interfaces/msg/detail/mat_with_time__type_support.c
[0.272s] -- Up-to-date: /home/peter/ros2.1/UsbCaptureROS4/install/interfaces/include/interfaces/msg/detail/mat_with_time__rosidl_typesupport_introspection_c.h
[0.272s] -- Up-to-date: /home/peter/ros2.1/UsbCaptureROS4/install/interfaces/lib/libinterfaces__rosidl_typesupport_introspection_c.so
[0.272s] -- Up-to-date: /home/peter/ros2.1/UsbCaptureROS4/install/interfaces/lib/libinterfaces__rosidl_typesupport_c.so
[0.272s] -- Up-to-date: /home/peter/ros2.1/UsbCaptureROS4/install/interfaces/include/interfaces
[0.272s] -- Up-to-date: /home/peter/ros2.1/UsbCaptureROS4/install/interfaces/include/interfaces/msg
[0.272s] -- Up-to-date: /home/peter/ros2.1/UsbCaptureROS4/install/interfaces/include/interfaces/msg/detail
[0.272s] -- Up-to-date: /home/peter/ros2.1/UsbCaptureROS4/install/interfaces/include/interfaces/msg/detail/mat_with_time__builder.hpp
[0.273s] -- Up-to-date: /home/peter/ros2.1/UsbCaptureROS4/install/interfaces/include/interfaces/msg/detail/mat_with_time__struct.hpp
[0.273s] -- Up-to-date: /home/peter/ros2.1/UsbCaptureROS4/install/interfaces/include/interfaces/msg/detail/mat_with_time__traits.hpp
[0.273s] -- Up-to-date: /home/peter/ros2.1/UsbCaptureROS4/install/interfaces/include/interfaces/msg/mat_with_time.hpp
[0.273s] -- Up-to-date: /home/peter/ros2.1/UsbCaptureROS4/install/interfaces/include/interfaces
[0.273s] -- Up-to-date: /home/peter/ros2.1/UsbCaptureROS4/install/interfaces/include/interfaces/msg
[0.273s] -- Up-to-date: /home/peter/ros2.1/UsbCaptureROS4/install/interfaces/include/interfaces/msg/detail
[0.273s] -- Up-to-date: /home/peter/ros2.1/UsbCaptureROS4/install/interfaces/include/interfaces/msg/detail/mat_with_time__rosidl_typesupport_introspection_cpp.hpp
[0.273s] -- Up-to-date: /home/peter/ros2.1/UsbCaptureROS4/install/interfaces/include/interfaces/msg/detail/mat_with_time__type_support.cpp
[0.273s] -- Up-to-date: /home/peter/ros2.1/UsbCaptureROS4/install/interfaces/lib/libinterfaces__rosidl_typesupport_introspection_cpp.so
[0.273s] -- Up-to-date: /home/peter/ros2.1/UsbCaptureROS4/install/interfaces/lib/libinterfaces__rosidl_typesupport_cpp.so
[0.273s] -- Up-to-date: /home/peter/ros2.1/UsbCaptureROS4/install/interfaces/share/interfaces/environment/pythonpath.sh
[0.273s] -- Up-to-date: /home/peter/ros2.1/UsbCaptureROS4/install/interfaces/share/interfaces/environment/pythonpath.dsv
[0.273s] -- Up-to-date: /home/peter/ros2.1/UsbCaptureROS4/install/interfaces/lib/python3.8/site-packages/interfaces/__init__.py
[0.297s] -- Up-to-date: /home/peter/ros2.1/UsbCaptureROS4/install/interfaces/lib/python3.8/site-packages/interfaces/msg
[0.297s] -- Up-to-date: /home/peter/ros2.1/UsbCaptureROS4/install/interfaces/lib/python3.8/site-packages/interfaces/msg/_mat_with_time_s.c
[0.297s] -- Up-to-date: /home/peter/ros2.1/UsbCaptureROS4/install/interfaces/lib/python3.8/site-packages/interfaces/msg/_mat_with_time.py
[0.297s] -- Up-to-date: /home/peter/ros2.1/UsbCaptureROS4/install/interfaces/lib/python3.8/site-packages/interfaces/msg/__init__.py
[0.297s] -- Up-to-date: /home/peter/ros2.1/UsbCaptureROS4/install/interfaces/lib/python3.8/site-packages/interfaces/interfaces_s__rosidl_typesupport_fastrtps_c.cpython-38-x86_64-linux-gnu.so
[0.297s] -- Up-to-date: /home/peter/ros2.1/UsbCaptureROS4/install/interfaces/lib/python3.8/site-packages/interfaces/interfaces_s__rosidl_typesupport_introspection_c.cpython-38-x86_64-linux-gnu.so
[0.298s] -- Up-to-date: /home/peter/ros2.1/UsbCaptureROS4/install/interfaces/lib/python3.8/site-packages/interfaces/interfaces_s__rosidl_typesupport_c.cpython-38-x86_64-linux-gnu.so
[0.298s] -- Up-to-date: /home/peter/ros2.1/UsbCaptureROS4/install/interfaces/lib/libinterfaces__python.so
[0.299s] -- Up-to-date: /home/peter/ros2.1/UsbCaptureROS4/install/interfaces/share/interfaces/msg/MatWithTime.idl
[0.299s] -- Up-to-date: /home/peter/ros2.1/UsbCaptureROS4/install/interfaces/share/interfaces/msg/MatWithTime.msg
[0.299s] -- Up-to-date: /home/peter/ros2.1/UsbCaptureROS4/install/interfaces/share/ament_index/resource_index/package_run_dependencies/interfaces
[0.299s] -- Up-to-date: /home/peter/ros2.1/UsbCaptureROS4/install/interfaces/share/ament_index/resource_index/parent_prefix_path/interfaces
[0.299s] -- Up-to-date: /home/peter/ros2.1/UsbCaptureROS4/install/interfaces/share/interfaces/environment/ament_prefix_path.sh
[0.299s] -- Up-to-date: /home/peter/ros2.1/UsbCaptureROS4/install/interfaces/share/interfaces/environment/ament_prefix_path.dsv
[0.300s] -- Up-to-date: /home/peter/ros2.1/UsbCaptureROS4/install/interfaces/share/interfaces/environment/path.sh
[0.300s] -- Up-to-date: /home/peter/ros2.1/UsbCaptureROS4/install/interfaces/share/interfaces/environment/path.dsv
[0.300s] -- Up-to-date: /home/peter/ros2.1/UsbCaptureROS4/install/interfaces/share/interfaces/local_setup.bash
[0.300s] -- Up-to-date: /home/peter/ros2.1/UsbCaptureROS4/install/interfaces/share/interfaces/local_setup.sh
[0.300s] -- Up-to-date: /home/peter/ros2.1/UsbCaptureROS4/install/interfaces/share/interfaces/local_setup.zsh
[0.300s] -- Up-to-date: /home/peter/ros2.1/UsbCaptureROS4/install/interfaces/share/interfaces/local_setup.dsv
[0.300s] -- Installing: /home/peter/ros2.1/UsbCaptureROS4/install/interfaces/share/interfaces/package.dsv
[0.300s] -- Up-to-date: /home/peter/ros2.1/UsbCaptureROS4/install/interfaces/share/ament_index/resource_index/packages/interfaces
[0.301s] -- Up-to-date: /home/peter/ros2.1/UsbCaptureROS4/install/interfaces/share/interfaces/cmake/interfaces__rosidl_generator_cExport.cmake
[0.301s] -- Up-to-date: /home/peter/ros2.1/UsbCaptureROS4/install/interfaces/share/interfaces/cmake/interfaces__rosidl_generator_cExport-noconfig.cmake
[0.301s] -- Up-to-date: /home/peter/ros2.1/UsbCaptureROS4/install/interfaces/share/interfaces/cmake/interfaces__rosidl_typesupport_introspection_cExport.cmake
[0.301s] -- Up-to-date: /home/peter/ros2.1/UsbCaptureROS4/install/interfaces/share/interfaces/cmake/interfaces__rosidl_typesupport_introspection_cExport-noconfig.cmake
[0.301s] -- Up-to-date: /home/peter/ros2.1/UsbCaptureROS4/install/interfaces/share/interfaces/cmake/interfaces__rosidl_typesupport_cExport.cmake
[0.301s] -- Up-to-date: /home/peter/ros2.1/UsbCaptureROS4/install/interfaces/share/interfaces/cmake/interfaces__rosidl_typesupport_cExport-noconfig.cmake
[0.301s] -- Up-to-date: /home/peter/ros2.1/UsbCaptureROS4/install/interfaces/share/interfaces/cmake/interfaces__rosidl_generator_cppExport.cmake
[0.302s] -- Up-to-date: /home/peter/ros2.1/UsbCaptureROS4/install/interfaces/share/interfaces/cmake/interfaces__rosidl_typesupport_introspection_cppExport.cmake
[0.302s] -- Up-to-date: /home/peter/ros2.1/UsbCaptureROS4/install/interfaces/share/interfaces/cmake/interfaces__rosidl_typesupport_introspection_cppExport-noconfig.cmake
[0.302s] -- Up-to-date: /home/peter/ros2.1/UsbCaptureROS4/install/interfaces/share/interfaces/cmake/interfaces__rosidl_typesupport_cppExport.cmake
[0.302s] -- Up-to-date: /home/peter/ros2.1/UsbCaptureROS4/install/interfaces/share/interfaces/cmake/interfaces__rosidl_typesupport_cppExport-noconfig.cmake
[0.302s] -- Up-to-date: /home/peter/ros2.1/UsbCaptureROS4/install/interfaces/share/interfaces/cmake/rosidl_cmake-extras.cmake
[0.302s] -- Up-to-date: /home/peter/ros2.1/UsbCaptureROS4/install/interfaces/share/interfaces/cmake/ament_cmake_export_dependencies-extras.cmake
[0.302s] -- Up-to-date: /home/peter/ros2.1/UsbCaptureROS4/install/interfaces/share/interfaces/cmake/ament_cmake_export_libraries-extras.cmake
[0.302s] -- Up-to-date: /home/peter/ros2.1/UsbCaptureROS4/install/interfaces/share/interfaces/cmake/ament_cmake_export_targets-extras.cmake
[0.303s] -- Up-to-date: /home/peter/ros2.1/UsbCaptureROS4/install/interfaces/share/interfaces/cmake/ament_cmake_export_include_directories-extras.cmake
[0.303s] -- Up-to-date: /home/peter/ros2.1/UsbCaptureROS4/install/interfaces/share/interfaces/cmake/rosidl_cmake_export_typesupport_libraries-extras.cmake
[0.303s] -- Up-to-date: /home/peter/ros2.1/UsbCaptureROS4/install/interfaces/share/interfaces/cmake/rosidl_cmake_export_typesupport_targets-extras.cmake
[0.303s] -- Up-to-date: /home/peter/ros2.1/UsbCaptureROS4/install/interfaces/share/interfaces/cmake/interfacesConfig.cmake
[0.303s] -- Up-to-date: /home/peter/ros2.1/UsbCaptureROS4/install/interfaces/share/interfaces/cmake/interfacesConfig-version.cmake
[0.303s] -- Up-to-date: /home/peter/ros2.1/UsbCaptureROS4/install/interfaces/share/interfaces/package.xml
[0.307s] Invoked command in '/home/peter/ROS/UsbCaptureROS4/build/interfaces' returned '0': CMAKE_PREFIX_PATH=/opt/ros/foxy /bin/cmake --install /home/peter/ROS/UsbCaptureROS4/build/interfaces
