[0.187s] DEBUG:colcon:Command line arguments: ['/bin/colcon', 'build']
[0.187s] DEBUG:colcon:Parsed command line arguments: Namespace(allow_overriding=[], ament_cmake_args=None, base_paths=['.'], build_base='build', catkin_cmake_args=None, catkin_skip_building_tests=False, cmake_args=None, cmake_clean_cache=False, cmake_clean_first=False, cmake_force_configure=False, cmake_target=None, cmake_target_skip_unavailable=False, continue_on_error=False, event_handlers=None, executor='parallel', ignore_user_meta=False, install_base='install', log_base=None, log_level=None, main=<bound method BuildVerb.main of <colcon_core.verb.build.BuildVerb object at 0x7fd95bb59340>>, merge_install=False, metas=['./colcon.meta'], packages_above=None, packages_above_and_dependencies=None, packages_above_depth=None, packages_end=None, packages_ignore=None, packages_ignore_regex=None, packages_select=None, packages_select_build_failed=False, packages_select_by_dep=None, packages_select_regex=None, packages_select_test_failures=False, packages_skip=None, packages_skip_build_finished=False, packages_skip_by_dep=None, packages_skip_regex=None, packages_skip_test_passed=False, packages_skip_up_to=None, packages_start=None, packages_up_to=None, packages_up_to_regex=None, parallel_workers=16, paths=None, symlink_install=False, test_result_base=None, verb_extension=<colcon_core.verb.build.BuildVerb object at 0x7fd95bb59340>, verb_name='build', verb_parser=<colcon_defaults.argument_parser.defaults.DefaultArgumentsDecorator object at 0x7fd95bb59880>)
[0.220s] Level 1:colcon.colcon_core.package_discovery:discover_packages(colcon_meta) check parameters
[0.220s] Level 1:colcon.colcon_core.package_discovery:discover_packages(recursive) check parameters
[0.220s] Level 1:colcon.colcon_core.package_discovery:discover_packages(ignore) check parameters
[0.220s] Level 1:colcon.colcon_core.package_discovery:discover_packages(path) check parameters
[0.220s] Level 1:colcon.colcon_core.package_discovery:discover_packages(colcon_meta) discover
[0.220s] Level 1:colcon.colcon_core.package_discovery:discover_packages(recursive) discover
[0.220s] INFO:colcon.colcon_core.package_discovery:Crawling recursively for packages in '/home/peter/ros2/UsbCaptureROS4'
[0.220s] Level 1:colcon.colcon_core.package_identification:_identify(.) by extensions ['ignore', 'ignore_ament_install']
[0.220s] Level 1:colcon.colcon_core.package_identification:_identify(.) by extension 'ignore'
[0.220s] Level 1:colcon.colcon_core.package_identification:_identify(.) by extension 'ignore_ament_install'
[0.220s] Level 1:colcon.colcon_core.package_identification:_identify(.) by extensions ['colcon_pkg']
[0.220s] Level 1:colcon.colcon_core.package_identification:_identify(.) by extension 'colcon_pkg'
[0.220s] Level 1:colcon.colcon_core.package_identification:_identify(.) by extensions ['colcon_meta']
[0.220s] Level 1:colcon.colcon_core.package_identification:_identify(.) by extension 'colcon_meta'
[0.221s] Level 1:colcon.colcon_core.package_identification:_identify(.) by extensions ['ros']
[0.221s] Level 1:colcon.colcon_core.package_identification:_identify(.) by extension 'ros'
[0.231s] Level 1:colcon.colcon_core.package_identification:_identify(.) by extensions ['cmake', 'python']
[0.231s] Level 1:colcon.colcon_core.package_identification:_identify(.) by extension 'cmake'
[0.231s] Level 1:colcon.colcon_core.package_identification:_identify(.) by extension 'python'
[0.231s] Level 1:colcon.colcon_core.package_identification:_identify(.) by extensions ['python_setup_py']
[0.231s] Level 1:colcon.colcon_core.package_identification:_identify(.) by extension 'python_setup_py'
[0.231s] Level 1:colcon.colcon_core.package_identification:_identify(build) by extensions ['ignore', 'ignore_ament_install']
[0.231s] Level 1:colcon.colcon_core.package_identification:_identify(build) by extension 'ignore'
[0.231s] Level 1:colcon.colcon_core.package_identification:_identify(build) ignored
[0.231s] Level 1:colcon.colcon_core.package_identification:_identify(install) by extensions ['ignore', 'ignore_ament_install']
[0.232s] Level 1:colcon.colcon_core.package_identification:_identify(install) by extension 'ignore'
[0.232s] Level 1:colcon.colcon_core.package_identification:_identify(install) ignored
[0.232s] Level 1:colcon.colcon_core.package_identification:_identify(log) by extensions ['ignore', 'ignore_ament_install']
[0.232s] Level 1:colcon.colcon_core.package_identification:_identify(log) by extension 'ignore'
[0.232s] Level 1:colcon.colcon_core.package_identification:_identify(log) ignored
[0.232s] Level 1:colcon.colcon_core.package_identification:_identify(src) by extensions ['ignore', 'ignore_ament_install']
[0.232s] Level 1:colcon.colcon_core.package_identification:_identify(src) by extension 'ignore'
[0.232s] Level 1:colcon.colcon_core.package_identification:_identify(src) by extension 'ignore_ament_install'
[0.232s] Level 1:colcon.colcon_core.package_identification:_identify(src) by extensions ['colcon_pkg']
[0.232s] Level 1:colcon.colcon_core.package_identification:_identify(src) by extension 'colcon_pkg'
[0.232s] Level 1:colcon.colcon_core.package_identification:_identify(src) by extensions ['colcon_meta']
[0.232s] Level 1:colcon.colcon_core.package_identification:_identify(src) by extension 'colcon_meta'
[0.232s] Level 1:colcon.colcon_core.package_identification:_identify(src) by extensions ['ros']
[0.233s] Level 1:colcon.colcon_core.package_identification:_identify(src) by extension 'ros'
[0.233s] Level 1:colcon.colcon_core.package_identification:_identify(src) by extensions ['cmake', 'python']
[0.233s] Level 1:colcon.colcon_core.package_identification:_identify(src) by extension 'cmake'
[0.233s] Level 1:colcon.colcon_core.package_identification:_identify(src) by extension 'python'
[0.233s] Level 1:colcon.colcon_core.package_identification:_identify(src) by extensions ['python_setup_py']
[0.233s] Level 1:colcon.colcon_core.package_identification:_identify(src) by extension 'python_setup_py'
[0.233s] Level 1:colcon.colcon_core.package_identification:_identify(src/common) by extensions ['ignore', 'ignore_ament_install']
[0.233s] Level 1:colcon.colcon_core.package_identification:_identify(src/common) by extension 'ignore'
[0.233s] Level 1:colcon.colcon_core.package_identification:_identify(src/common) by extension 'ignore_ament_install'
[0.233s] Level 1:colcon.colcon_core.package_identification:_identify(src/common) by extensions ['colcon_pkg']
[0.233s] Level 1:colcon.colcon_core.package_identification:_identify(src/common) by extension 'colcon_pkg'
[0.233s] Level 1:colcon.colcon_core.package_identification:_identify(src/common) by extensions ['colcon_meta']
[0.233s] Level 1:colcon.colcon_core.package_identification:_identify(src/common) by extension 'colcon_meta'
[0.233s] Level 1:colcon.colcon_core.package_identification:_identify(src/common) by extensions ['ros']
[0.233s] Level 1:colcon.colcon_core.package_identification:_identify(src/common) by extension 'ros'
[0.236s] DEBUG:colcon.colcon_core.package_identification:Package 'src/common' with type 'ros.ament_cmake' and name 'common'
[0.236s] Level 1:colcon.colcon_core.package_identification:_identify(src/interfaces) by extensions ['ignore', 'ignore_ament_install']
[0.236s] Level 1:colcon.colcon_core.package_identification:_identify(src/interfaces) by extension 'ignore'
[0.236s] Level 1:colcon.colcon_core.package_identification:_identify(src/interfaces) by extension 'ignore_ament_install'
[0.236s] Level 1:colcon.colcon_core.package_identification:_identify(src/interfaces) by extensions ['colcon_pkg']
[0.236s] Level 1:colcon.colcon_core.package_identification:_identify(src/interfaces) by extension 'colcon_pkg'
[0.236s] Level 1:colcon.colcon_core.package_identification:_identify(src/interfaces) by extensions ['colcon_meta']
[0.236s] Level 1:colcon.colcon_core.package_identification:_identify(src/interfaces) by extension 'colcon_meta'
[0.237s] Level 1:colcon.colcon_core.package_identification:_identify(src/interfaces) by extensions ['ros']
[0.237s] Level 1:colcon.colcon_core.package_identification:_identify(src/interfaces) by extension 'ros'
[0.237s] DEBUG:colcon.colcon_core.package_identification:Package 'src/interfaces' with type 'ros.ament_cmake' and name 'interfaces'
[0.237s] Level 1:colcon.colcon_core.package_identification:_identify(src/ros2_usbcapture) by extensions ['ignore', 'ignore_ament_install']
[0.237s] Level 1:colcon.colcon_core.package_identification:_identify(src/ros2_usbcapture) by extension 'ignore'
[0.238s] Level 1:colcon.colcon_core.package_identification:_identify(src/ros2_usbcapture) by extension 'ignore_ament_install'
[0.238s] Level 1:colcon.colcon_core.package_identification:_identify(src/ros2_usbcapture) by extensions ['colcon_pkg']
[0.238s] Level 1:colcon.colcon_core.package_identification:_identify(src/ros2_usbcapture) by extension 'colcon_pkg'
[0.238s] Level 1:colcon.colcon_core.package_identification:_identify(src/ros2_usbcapture) by extensions ['colcon_meta']
[0.238s] Level 1:colcon.colcon_core.package_identification:_identify(src/ros2_usbcapture) by extension 'colcon_meta'
[0.238s] Level 1:colcon.colcon_core.package_identification:_identify(src/ros2_usbcapture) by extensions ['ros']
[0.238s] Level 1:colcon.colcon_core.package_identification:_identify(src/ros2_usbcapture) by extension 'ros'
[0.239s] DEBUG:colcon.colcon_core.package_identification:Package 'src/ros2_usbcapture' with type 'ros.ament_cmake' and name 'ros2_usbcapture'
[0.239s] Level 1:colcon.colcon_core.package_discovery:discover_packages(recursive) using defaults
[0.239s] Level 1:colcon.colcon_core.package_discovery:discover_packages(ignore) discover
[0.239s] Level 1:colcon.colcon_core.package_discovery:discover_packages(ignore) using defaults
[0.239s] Level 1:colcon.colcon_core.package_discovery:discover_packages(path) discover
[0.239s] Level 1:colcon.colcon_core.package_discovery:discover_packages(path) using defaults
[0.272s] Level 1:colcon.colcon_core.package_discovery:discover_packages(prefix_path) check parameters
[0.272s] Level 1:colcon.colcon_core.package_discovery:discover_packages(prefix_path) discover
[0.275s] DEBUG:colcon.colcon_installed_package_information.package_discovery:Found 278 installed packages in /opt/ros/foxy
[0.277s] Level 1:colcon.colcon_core.package_discovery:discover_packages(prefix_path) using defaults
[0.348s] Level 5:colcon.colcon_core.verb:set package 'common' build argument 'cmake_args' from command line to 'None'
[0.348s] Level 5:colcon.colcon_core.verb:set package 'common' build argument 'cmake_target' from command line to 'None'
[0.349s] Level 5:colcon.colcon_core.verb:set package 'common' build argument 'cmake_target_skip_unavailable' from command line to 'False'
[0.349s] Level 5:colcon.colcon_core.verb:set package 'common' build argument 'cmake_clean_cache' from command line to 'False'
[0.349s] Level 5:colcon.colcon_core.verb:set package 'common' build argument 'cmake_clean_first' from command line to 'False'
[0.349s] Level 5:colcon.colcon_core.verb:set package 'common' build argument 'cmake_force_configure' from command line to 'False'
[0.349s] Level 5:colcon.colcon_core.verb:set package 'common' build argument 'ament_cmake_args' from command line to 'None'
[0.349s] Level 5:colcon.colcon_core.verb:set package 'common' build argument 'catkin_cmake_args' from command line to 'None'
[0.349s] Level 5:colcon.colcon_core.verb:set package 'common' build argument 'catkin_skip_building_tests' from command line to 'False'
[0.349s] DEBUG:colcon.colcon_core.verb:Building package 'common' with the following arguments: {'ament_cmake_args': None, 'build_base': '/home/peter/ros2/UsbCaptureROS4/build/common', 'catkin_cmake_args': None, 'catkin_skip_building_tests': False, 'cmake_args': None, 'cmake_clean_cache': False, 'cmake_clean_first': False, 'cmake_force_configure': False, 'cmake_target': None, 'cmake_target_skip_unavailable': False, 'install_base': '/home/peter/ros2/UsbCaptureROS4/install/common', 'merge_install': False, 'path': '/home/peter/ros2/UsbCaptureROS4/src/common', 'symlink_install': False, 'test_result_base': None}
[0.350s] Level 5:colcon.colcon_core.verb:set package 'interfaces' build argument 'cmake_args' from command line to 'None'
[0.350s] Level 5:colcon.colcon_core.verb:set package 'interfaces' build argument 'cmake_target' from command line to 'None'
[0.350s] Level 5:colcon.colcon_core.verb:set package 'interfaces' build argument 'cmake_target_skip_unavailable' from command line to 'False'
[0.350s] Level 5:colcon.colcon_core.verb:set package 'interfaces' build argument 'cmake_clean_cache' from command line to 'False'
[0.350s] Level 5:colcon.colcon_core.verb:set package 'interfaces' build argument 'cmake_clean_first' from command line to 'False'
[0.350s] Level 5:colcon.colcon_core.verb:set package 'interfaces' build argument 'cmake_force_configure' from command line to 'False'
[0.350s] Level 5:colcon.colcon_core.verb:set package 'interfaces' build argument 'ament_cmake_args' from command line to 'None'
[0.350s] Level 5:colcon.colcon_core.verb:set package 'interfaces' build argument 'catkin_cmake_args' from command line to 'None'
[0.350s] Level 5:colcon.colcon_core.verb:set package 'interfaces' build argument 'catkin_skip_building_tests' from command line to 'False'
[0.350s] DEBUG:colcon.colcon_core.verb:Building package 'interfaces' with the following arguments: {'ament_cmake_args': None, 'build_base': '/home/peter/ros2/UsbCaptureROS4/build/interfaces', 'catkin_cmake_args': None, 'catkin_skip_building_tests': False, 'cmake_args': None, 'cmake_clean_cache': False, 'cmake_clean_first': False, 'cmake_force_configure': False, 'cmake_target': None, 'cmake_target_skip_unavailable': False, 'install_base': '/home/peter/ros2/UsbCaptureROS4/install/interfaces', 'merge_install': False, 'path': '/home/peter/ros2/UsbCaptureROS4/src/interfaces', 'symlink_install': False, 'test_result_base': None}
[0.351s] Level 5:colcon.colcon_core.verb:set package 'ros2_usbcapture' build argument 'cmake_args' from command line to 'None'
[0.351s] Level 5:colcon.colcon_core.verb:set package 'ros2_usbcapture' build argument 'cmake_target' from command line to 'None'
[0.351s] Level 5:colcon.colcon_core.verb:set package 'ros2_usbcapture' build argument 'cmake_target_skip_unavailable' from command line to 'False'
[0.351s] Level 5:colcon.colcon_core.verb:set package 'ros2_usbcapture' build argument 'cmake_clean_cache' from command line to 'False'
[0.351s] Level 5:colcon.colcon_core.verb:set package 'ros2_usbcapture' build argument 'cmake_clean_first' from command line to 'False'
[0.351s] Level 5:colcon.colcon_core.verb:set package 'ros2_usbcapture' build argument 'cmake_force_configure' from command line to 'False'
[0.351s] Level 5:colcon.colcon_core.verb:set package 'ros2_usbcapture' build argument 'ament_cmake_args' from command line to 'None'
[0.351s] Level 5:colcon.colcon_core.verb:set package 'ros2_usbcapture' build argument 'catkin_cmake_args' from command line to 'None'
[0.351s] Level 5:colcon.colcon_core.verb:set package 'ros2_usbcapture' build argument 'catkin_skip_building_tests' from command line to 'False'
[0.351s] DEBUG:colcon.colcon_core.verb:Building package 'ros2_usbcapture' with the following arguments: {'ament_cmake_args': None, 'build_base': '/home/peter/ros2/UsbCaptureROS4/build/ros2_usbcapture', 'catkin_cmake_args': None, 'catkin_skip_building_tests': False, 'cmake_args': None, 'cmake_clean_cache': False, 'cmake_clean_first': False, 'cmake_force_configure': False, 'cmake_target': None, 'cmake_target_skip_unavailable': False, 'install_base': '/home/peter/ros2/UsbCaptureROS4/install/ros2_usbcapture', 'merge_install': False, 'path': '/home/peter/ros2/UsbCaptureROS4/src/ros2_usbcapture', 'symlink_install': False, 'test_result_base': None}
[0.352s] INFO:colcon.colcon_core.executor:Executing jobs using 'parallel' executor
[0.356s] DEBUG:colcon.colcon_parallel_executor.executor.parallel:run_until_complete
[0.356s] INFO:colcon.colcon_ros.task.ament_cmake.build:Building ROS package in '/home/peter/ros2/UsbCaptureROS4/src/common' with build type 'ament_cmake'
[0.356s] INFO:colcon.colcon_cmake.task.cmake.build:Building CMake package in '/home/peter/ros2/UsbCaptureROS4/src/common'
[0.363s] INFO:colcon.colcon_core.plugin_system:Skipping extension 'colcon_core.shell.bat': Not used on non-Windows systems
[0.363s] INFO:colcon.colcon_core.shell:Skip shell extension 'powershell' for command environment: Not usable outside of PowerShell
[0.363s] DEBUG:colcon.colcon_core.shell:Skip shell extension 'dsv' for command environment
[0.368s] INFO:colcon.colcon_ros.task.ament_cmake.build:Building ROS package in '/home/peter/ros2/UsbCaptureROS4/src/interfaces' with build type 'ament_cmake'
[0.369s] INFO:colcon.colcon_cmake.task.cmake.build:Building CMake package in '/home/peter/ros2/UsbCaptureROS4/src/interfaces'
[0.372s] INFO:colcon.colcon_core.shell:Skip shell extension 'powershell' for command environment: Not usable outside of PowerShell
[0.372s] DEBUG:colcon.colcon_core.shell:Skip shell extension 'dsv' for command environment
[0.387s] DEBUG:colcon.colcon_core.event_handler.log_command:Invoking command in '/home/peter/ros2/UsbCaptureROS4/build/common': CMAKE_PREFIX_PATH=/opt/ros/foxy /bin/cmake --build /home/peter/ros2/UsbCaptureROS4/build/common -- -j16 -l16
[0.397s] DEBUG:colcon.colcon_core.event_handler.log_command:Invoking command in '/home/peter/ros2/UsbCaptureROS4/build/interfaces': CMAKE_PREFIX_PATH=/opt/ros/foxy /bin/cmake --build /home/peter/ros2/UsbCaptureROS4/build/interfaces -- -j16 -l16
[0.490s] DEBUG:colcon.colcon_core.event_handler.log_command:Invoked command in '/home/peter/ros2/UsbCaptureROS4/build/common' returned '0': CMAKE_PREFIX_PATH=/opt/ros/foxy /bin/cmake --build /home/peter/ros2/UsbCaptureROS4/build/common -- -j16 -l16
[0.523s] DEBUG:colcon.colcon_core.event_handler.log_command:Invoking command in '/home/peter/ros2/UsbCaptureROS4/build/common': CMAKE_PREFIX_PATH=/opt/ros/foxy /bin/cmake --install /home/peter/ros2/UsbCaptureROS4/build/common
[0.533s] Level 1:colcon.colcon_core.environment:create_environment_scripts_only(common)
[0.534s] DEBUG:colcon.colcon_core.event_handler.log_command:Invoked command in '/home/peter/ros2/UsbCaptureROS4/build/common' returned '0': CMAKE_PREFIX_PATH=/opt/ros/foxy /bin/cmake --install /home/peter/ros2/UsbCaptureROS4/build/common
[0.542s] Level 1:colcon.colcon_core.environment:checking '/home/peter/ros2/UsbCaptureROS4/install/common' for CMake module files
[0.543s] Level 1:colcon.colcon_core.environment:checking '/home/peter/ros2/UsbCaptureROS4/install/common' for CMake config files
[0.543s] Level 1:colcon.colcon_core.shell:create_environment_hook('common', 'cmake_prefix_path')
[0.545s] INFO:colcon.colcon_core.shell:Creating environment hook '/home/peter/ros2/UsbCaptureROS4/install/common/share/common/hook/cmake_prefix_path.ps1'
[0.546s] INFO:colcon.colcon_core.shell:Creating environment descriptor '/home/peter/ros2/UsbCaptureROS4/install/common/share/common/hook/cmake_prefix_path.dsv'
[0.546s] INFO:colcon.colcon_core.shell:Creating environment hook '/home/peter/ros2/UsbCaptureROS4/install/common/share/common/hook/cmake_prefix_path.sh'
[0.547s] Level 1:colcon.colcon_core.environment:checking '/home/peter/ros2/UsbCaptureROS4/install/common/lib'
[0.548s] Level 1:colcon.colcon_core.shell:create_environment_hook('common', 'ld_library_path_lib')
[0.549s] INFO:colcon.colcon_core.shell:Creating environment hook '/home/peter/ros2/UsbCaptureROS4/install/common/share/common/hook/ld_library_path_lib.ps1'
[0.549s] INFO:colcon.colcon_core.shell:Creating environment descriptor '/home/peter/ros2/UsbCaptureROS4/install/common/share/common/hook/ld_library_path_lib.dsv'
[0.550s] INFO:colcon.colcon_core.shell:Creating environment hook '/home/peter/ros2/UsbCaptureROS4/install/common/share/common/hook/ld_library_path_lib.sh'
[0.550s] Level 1:colcon.colcon_core.environment:checking '/home/peter/ros2/UsbCaptureROS4/install/common/bin'
[0.550s] Level 1:colcon.colcon_core.environment:checking '/home/peter/ros2/UsbCaptureROS4/install/common/lib/pkgconfig/common.pc'
[0.550s] Level 1:colcon.colcon_core.environment:checking '/home/peter/ros2/UsbCaptureROS4/install/common/lib/python3.8/site-packages'
[0.550s] Level 1:colcon.colcon_core.environment:checking '/home/peter/ros2/UsbCaptureROS4/install/common/bin'
[0.552s] INFO:colcon.colcon_core.shell:Creating package script '/home/peter/ros2/UsbCaptureROS4/install/common/share/common/package.ps1'
[0.553s] INFO:colcon.colcon_core.shell:Creating package descriptor '/home/peter/ros2/UsbCaptureROS4/install/common/share/common/package.dsv'
[0.553s] INFO:colcon.colcon_core.shell:Creating package script '/home/peter/ros2/UsbCaptureROS4/install/common/share/common/package.sh'
[0.554s] INFO:colcon.colcon_core.shell:Creating package script '/home/peter/ros2/UsbCaptureROS4/install/common/share/common/package.bash'
[0.555s] INFO:colcon.colcon_core.shell:Creating package script '/home/peter/ros2/UsbCaptureROS4/install/common/share/common/package.zsh'
[0.556s] Level 1:colcon.colcon_core.environment:create_file_with_runtime_dependencies(/home/peter/ros2/UsbCaptureROS4/install/common/share/colcon-core/packages/common)
[0.584s] Level 1:colcon.colcon_core.environment:create_environment_scripts_only(common)
[0.587s] Level 1:colcon.colcon_core.environment:checking '/home/peter/ros2/UsbCaptureROS4/install/common' for CMake module files
[0.588s] Level 1:colcon.colcon_core.environment:checking '/home/peter/ros2/UsbCaptureROS4/install/common' for CMake config files
[0.588s] Level 1:colcon.colcon_core.shell:create_environment_hook('common', 'cmake_prefix_path')
[0.590s] INFO:colcon.colcon_core.shell:Creating environment hook '/home/peter/ros2/UsbCaptureROS4/install/common/share/common/hook/cmake_prefix_path.ps1'
[0.590s] INFO:colcon.colcon_core.shell:Creating environment descriptor '/home/peter/ros2/UsbCaptureROS4/install/common/share/common/hook/cmake_prefix_path.dsv'
[0.591s] INFO:colcon.colcon_core.shell:Creating environment hook '/home/peter/ros2/UsbCaptureROS4/install/common/share/common/hook/cmake_prefix_path.sh'
[0.592s] Level 1:colcon.colcon_core.environment:checking '/home/peter/ros2/UsbCaptureROS4/install/common/lib'
[0.592s] Level 1:colcon.colcon_core.shell:create_environment_hook('common', 'ld_library_path_lib')
[0.593s] INFO:colcon.colcon_core.shell:Creating environment hook '/home/peter/ros2/UsbCaptureROS4/install/common/share/common/hook/ld_library_path_lib.ps1'
[0.594s] INFO:colcon.colcon_core.shell:Creating environment descriptor '/home/peter/ros2/UsbCaptureROS4/install/common/share/common/hook/ld_library_path_lib.dsv'
[0.594s] INFO:colcon.colcon_core.shell:Creating environment hook '/home/peter/ros2/UsbCaptureROS4/install/common/share/common/hook/ld_library_path_lib.sh'
[0.595s] Level 1:colcon.colcon_core.environment:checking '/home/peter/ros2/UsbCaptureROS4/install/common/bin'
[0.595s] Level 1:colcon.colcon_core.environment:checking '/home/peter/ros2/UsbCaptureROS4/install/common/lib/pkgconfig/common.pc'
[0.595s] Level 1:colcon.colcon_core.environment:checking '/home/peter/ros2/UsbCaptureROS4/install/common/lib/python3.8/site-packages'
[0.595s] Level 1:colcon.colcon_core.environment:checking '/home/peter/ros2/UsbCaptureROS4/install/common/bin'
[0.597s] INFO:colcon.colcon_core.shell:Creating package script '/home/peter/ros2/UsbCaptureROS4/install/common/share/common/package.ps1'
[0.598s] INFO:colcon.colcon_core.shell:Creating package descriptor '/home/peter/ros2/UsbCaptureROS4/install/common/share/common/package.dsv'
[0.598s] INFO:colcon.colcon_core.shell:Creating package script '/home/peter/ros2/UsbCaptureROS4/install/common/share/common/package.sh'
[0.599s] INFO:colcon.colcon_core.shell:Creating package script '/home/peter/ros2/UsbCaptureROS4/install/common/share/common/package.bash'
[0.599s] INFO:colcon.colcon_core.shell:Creating package script '/home/peter/ros2/UsbCaptureROS4/install/common/share/common/package.zsh'
[0.600s] Level 1:colcon.colcon_core.environment:create_file_with_runtime_dependencies(/home/peter/ros2/UsbCaptureROS4/install/common/share/colcon-core/packages/common)
[0.656s] DEBUG:colcon.colcon_core.event_handler.log_command:Invoked command in '/home/peter/ros2/UsbCaptureROS4/build/interfaces' returned '0': CMAKE_PREFIX_PATH=/opt/ros/foxy /bin/cmake --build /home/peter/ros2/UsbCaptureROS4/build/interfaces -- -j16 -l16
[0.728s] DEBUG:colcon.colcon_core.event_handler.log_command:Invoking command in '/home/peter/ros2/UsbCaptureROS4/build/interfaces': CMAKE_PREFIX_PATH=/opt/ros/foxy /bin/cmake --install /home/peter/ros2/UsbCaptureROS4/build/interfaces
[0.794s] Level 1:colcon.colcon_core.environment:create_environment_scripts_only(interfaces)
[0.797s] Level 1:colcon.colcon_core.environment:checking '/home/peter/ros2/UsbCaptureROS4/install/interfaces' for CMake module files
[0.798s] DEBUG:colcon.colcon_core.event_handler.log_command:Invoked command in '/home/peter/ros2/UsbCaptureROS4/build/interfaces' returned '0': CMAKE_PREFIX_PATH=/opt/ros/foxy /bin/cmake --install /home/peter/ros2/UsbCaptureROS4/build/interfaces
[0.798s] Level 1:colcon.colcon_core.environment:checking '/home/peter/ros2/UsbCaptureROS4/install/interfaces' for CMake config files
[0.799s] Level 1:colcon.colcon_core.shell:create_environment_hook('interfaces', 'cmake_prefix_path')
[0.800s] INFO:colcon.colcon_core.shell:Creating environment hook '/home/peter/ros2/UsbCaptureROS4/install/interfaces/share/interfaces/hook/cmake_prefix_path.ps1'
[0.801s] INFO:colcon.colcon_core.shell:Creating environment descriptor '/home/peter/ros2/UsbCaptureROS4/install/interfaces/share/interfaces/hook/cmake_prefix_path.dsv'
[0.801s] INFO:colcon.colcon_core.shell:Creating environment hook '/home/peter/ros2/UsbCaptureROS4/install/interfaces/share/interfaces/hook/cmake_prefix_path.sh'
[0.802s] Level 1:colcon.colcon_core.environment:checking '/home/peter/ros2/UsbCaptureROS4/install/interfaces/lib'
[0.802s] Level 1:colcon.colcon_core.shell:create_environment_hook('interfaces', 'ld_library_path_lib')
[0.803s] INFO:colcon.colcon_core.shell:Creating environment hook '/home/peter/ros2/UsbCaptureROS4/install/interfaces/share/interfaces/hook/ld_library_path_lib.ps1'
[0.804s] INFO:colcon.colcon_core.shell:Creating environment descriptor '/home/peter/ros2/UsbCaptureROS4/install/interfaces/share/interfaces/hook/ld_library_path_lib.dsv'
[0.804s] INFO:colcon.colcon_core.shell:Creating environment hook '/home/peter/ros2/UsbCaptureROS4/install/interfaces/share/interfaces/hook/ld_library_path_lib.sh'
[0.804s] Level 1:colcon.colcon_core.environment:checking '/home/peter/ros2/UsbCaptureROS4/install/interfaces/bin'
[0.805s] Level 1:colcon.colcon_core.environment:checking '/home/peter/ros2/UsbCaptureROS4/install/interfaces/lib/pkgconfig/interfaces.pc'
[0.805s] Level 1:colcon.colcon_core.environment:checking '/home/peter/ros2/UsbCaptureROS4/install/interfaces/lib/python3.8/site-packages'
[0.805s] Level 1:colcon.colcon_core.shell:create_environment_hook('interfaces', 'pythonpath')
[0.806s] INFO:colcon.colcon_core.shell:Creating environment hook '/home/peter/ros2/UsbCaptureROS4/install/interfaces/share/interfaces/hook/pythonpath.ps1'
[0.806s] INFO:colcon.colcon_core.shell:Creating environment descriptor '/home/peter/ros2/UsbCaptureROS4/install/interfaces/share/interfaces/hook/pythonpath.dsv'
[0.807s] INFO:colcon.colcon_core.shell:Creating environment hook '/home/peter/ros2/UsbCaptureROS4/install/interfaces/share/interfaces/hook/pythonpath.sh'
[0.807s] Level 1:colcon.colcon_core.environment:checking '/home/peter/ros2/UsbCaptureROS4/install/interfaces/bin'
[0.808s] INFO:colcon.colcon_core.shell:Creating package script '/home/peter/ros2/UsbCaptureROS4/install/interfaces/share/interfaces/package.ps1'
[0.809s] INFO:colcon.colcon_core.shell:Creating package descriptor '/home/peter/ros2/UsbCaptureROS4/install/interfaces/share/interfaces/package.dsv'
[0.809s] INFO:colcon.colcon_core.shell:Creating package script '/home/peter/ros2/UsbCaptureROS4/install/interfaces/share/interfaces/package.sh'
[0.810s] INFO:colcon.colcon_core.shell:Creating package script '/home/peter/ros2/UsbCaptureROS4/install/interfaces/share/interfaces/package.bash'
[0.810s] INFO:colcon.colcon_core.shell:Creating package script '/home/peter/ros2/UsbCaptureROS4/install/interfaces/share/interfaces/package.zsh'
[0.810s] Level 1:colcon.colcon_core.environment:create_file_with_runtime_dependencies(/home/peter/ros2/UsbCaptureROS4/install/interfaces/share/colcon-core/packages/interfaces)
[0.870s] Level 1:colcon.colcon_core.environment:create_environment_scripts_only(interfaces)
[0.873s] Level 1:colcon.colcon_core.environment:checking '/home/peter/ros2/UsbCaptureROS4/install/interfaces' for CMake module files
[0.874s] Level 1:colcon.colcon_core.environment:checking '/home/peter/ros2/UsbCaptureROS4/install/interfaces' for CMake config files
[0.874s] Level 1:colcon.colcon_core.shell:create_environment_hook('interfaces', 'cmake_prefix_path')
[0.876s] INFO:colcon.colcon_core.shell:Creating environment hook '/home/peter/ros2/UsbCaptureROS4/install/interfaces/share/interfaces/hook/cmake_prefix_path.ps1'
[0.877s] INFO:colcon.colcon_core.shell:Creating environment descriptor '/home/peter/ros2/UsbCaptureROS4/install/interfaces/share/interfaces/hook/cmake_prefix_path.dsv'
[0.877s] INFO:colcon.colcon_core.shell:Creating environment hook '/home/peter/ros2/UsbCaptureROS4/install/interfaces/share/interfaces/hook/cmake_prefix_path.sh'
[0.878s] Level 1:colcon.colcon_core.environment:checking '/home/peter/ros2/UsbCaptureROS4/install/interfaces/lib'
[0.879s] Level 1:colcon.colcon_core.shell:create_environment_hook('interfaces', 'ld_library_path_lib')
[0.881s] INFO:colcon.colcon_core.shell:Creating environment hook '/home/peter/ros2/UsbCaptureROS4/install/interfaces/share/interfaces/hook/ld_library_path_lib.ps1'
[0.881s] INFO:colcon.colcon_core.shell:Creating environment descriptor '/home/peter/ros2/UsbCaptureROS4/install/interfaces/share/interfaces/hook/ld_library_path_lib.dsv'
[0.882s] INFO:colcon.colcon_core.shell:Creating environment hook '/home/peter/ros2/UsbCaptureROS4/install/interfaces/share/interfaces/hook/ld_library_path_lib.sh'
[0.882s] Level 1:colcon.colcon_core.environment:checking '/home/peter/ros2/UsbCaptureROS4/install/interfaces/bin'
[0.883s] Level 1:colcon.colcon_core.environment:checking '/home/peter/ros2/UsbCaptureROS4/install/interfaces/lib/pkgconfig/interfaces.pc'
[0.883s] Level 1:colcon.colcon_core.environment:checking '/home/peter/ros2/UsbCaptureROS4/install/interfaces/lib/python3.8/site-packages'
[0.883s] Level 1:colcon.colcon_core.shell:create_environment_hook('interfaces', 'pythonpath')
[0.885s] INFO:colcon.colcon_core.shell:Creating environment hook '/home/peter/ros2/UsbCaptureROS4/install/interfaces/share/interfaces/hook/pythonpath.ps1'
[0.885s] INFO:colcon.colcon_core.shell:Creating environment descriptor '/home/peter/ros2/UsbCaptureROS4/install/interfaces/share/interfaces/hook/pythonpath.dsv'
[0.886s] INFO:colcon.colcon_core.shell:Creating environment hook '/home/peter/ros2/UsbCaptureROS4/install/interfaces/share/interfaces/hook/pythonpath.sh'
[0.886s] Level 1:colcon.colcon_core.environment:checking '/home/peter/ros2/UsbCaptureROS4/install/interfaces/bin'
[0.888s] INFO:colcon.colcon_core.shell:Creating package script '/home/peter/ros2/UsbCaptureROS4/install/interfaces/share/interfaces/package.ps1'
[0.889s] INFO:colcon.colcon_core.shell:Creating package descriptor '/home/peter/ros2/UsbCaptureROS4/install/interfaces/share/interfaces/package.dsv'
[0.890s] INFO:colcon.colcon_core.shell:Creating package script '/home/peter/ros2/UsbCaptureROS4/install/interfaces/share/interfaces/package.sh'
[0.890s] INFO:colcon.colcon_core.shell:Creating package script '/home/peter/ros2/UsbCaptureROS4/install/interfaces/share/interfaces/package.bash'
[0.891s] INFO:colcon.colcon_core.shell:Creating package script '/home/peter/ros2/UsbCaptureROS4/install/interfaces/share/interfaces/package.zsh'
[0.891s] Level 1:colcon.colcon_core.environment:create_file_with_runtime_dependencies(/home/peter/ros2/UsbCaptureROS4/install/interfaces/share/colcon-core/packages/interfaces)
[0.892s] INFO:colcon.colcon_ros.task.ament_cmake.build:Building ROS package in '/home/peter/ros2/UsbCaptureROS4/src/ros2_usbcapture' with build type 'ament_cmake'
[0.892s] INFO:colcon.colcon_cmake.task.cmake.build:Building CMake package in '/home/peter/ros2/UsbCaptureROS4/src/ros2_usbcapture'
[0.894s] INFO:colcon.colcon_core.shell:Skip shell extension 'powershell' for command environment: Not usable outside of PowerShell
[0.894s] DEBUG:colcon.colcon_core.shell:Skip shell extension 'dsv' for command environment
[0.917s] DEBUG:colcon.colcon_core.event_handler.log_command:Invoking command in '/home/peter/ros2/UsbCaptureROS4/build/ros2_usbcapture': AMENT_PREFIX_PATH=/home/peter/ros2/UsbCaptureROS4/install/interfaces:/home/peter/ros2/UsbCaptureROS4/install/common:${AMENT_PREFIX_PATH} CMAKE_PREFIX_PATH=/home/peter/ros2/UsbCaptureROS4/install/interfaces:/home/peter/ros2/UsbCaptureROS4/install/common:/opt/ros/foxy LD_LIBRARY_PATH=/home/peter/ros2/UsbCaptureROS4/install/interfaces/lib:/home/peter/ros2/UsbCaptureROS4/install/common/lib:${LD_LIBRARY_PATH} PYTHONPATH=/home/peter/ros2/UsbCaptureROS4/install/interfaces/lib/python3.8/site-packages:${PYTHONPATH} /bin/cmake --build /home/peter/ros2/UsbCaptureROS4/build/ros2_usbcapture -- -j16 -l16
[4.531s] DEBUG:colcon.colcon_core.event_handler.log_command:Invoked command in '/home/peter/ros2/UsbCaptureROS4/build/ros2_usbcapture' returned '2': AMENT_PREFIX_PATH=/home/peter/ros2/UsbCaptureROS4/install/interfaces:/home/peter/ros2/UsbCaptureROS4/install/common:${AMENT_PREFIX_PATH} CMAKE_PREFIX_PATH=/home/peter/ros2/UsbCaptureROS4/install/interfaces:/home/peter/ros2/UsbCaptureROS4/install/common:/opt/ros/foxy LD_LIBRARY_PATH=/home/peter/ros2/UsbCaptureROS4/install/interfaces/lib:/home/peter/ros2/UsbCaptureROS4/install/common/lib:${LD_LIBRARY_PATH} PYTHONPATH=/home/peter/ros2/UsbCaptureROS4/install/interfaces/lib/python3.8/site-packages:${PYTHONPATH} /bin/cmake --build /home/peter/ros2/UsbCaptureROS4/build/ros2_usbcapture -- -j16 -l16
[4.560s] Level 1:colcon.colcon_core.environment:create_environment_scripts_only(ros2_usbcapture)
[4.562s] Level 1:colcon.colcon_core.environment:checking '/home/peter/ros2/UsbCaptureROS4/install/ros2_usbcapture' for CMake module files
[4.563s] Level 1:colcon.colcon_core.environment:checking '/home/peter/ros2/UsbCaptureROS4/install/ros2_usbcapture' for CMake config files
[4.563s] Level 1:colcon.colcon_core.shell:create_environment_hook('ros2_usbcapture', 'cmake_prefix_path')
[4.565s] INFO:colcon.colcon_core.shell:Creating environment hook '/home/peter/ros2/UsbCaptureROS4/install/ros2_usbcapture/share/ros2_usbcapture/hook/cmake_prefix_path.ps1'
[4.565s] INFO:colcon.colcon_core.shell:Creating environment descriptor '/home/peter/ros2/UsbCaptureROS4/install/ros2_usbcapture/share/ros2_usbcapture/hook/cmake_prefix_path.dsv'
[4.565s] INFO:colcon.colcon_core.shell:Creating environment hook '/home/peter/ros2/UsbCaptureROS4/install/ros2_usbcapture/share/ros2_usbcapture/hook/cmake_prefix_path.sh'
[4.566s] Level 1:colcon.colcon_core.environment:checking '/home/peter/ros2/UsbCaptureROS4/install/ros2_usbcapture/lib'
[4.566s] Level 1:colcon.colcon_core.shell:create_environment_hook('ros2_usbcapture', 'ld_library_path_lib')
[4.567s] INFO:colcon.colcon_core.shell:Creating environment hook '/home/peter/ros2/UsbCaptureROS4/install/ros2_usbcapture/share/ros2_usbcapture/hook/ld_library_path_lib.ps1'
[4.568s] INFO:colcon.colcon_core.shell:Creating environment descriptor '/home/peter/ros2/UsbCaptureROS4/install/ros2_usbcapture/share/ros2_usbcapture/hook/ld_library_path_lib.dsv'
[4.568s] INFO:colcon.colcon_core.shell:Creating environment hook '/home/peter/ros2/UsbCaptureROS4/install/ros2_usbcapture/share/ros2_usbcapture/hook/ld_library_path_lib.sh'
[4.569s] Level 1:colcon.colcon_core.environment:checking '/home/peter/ros2/UsbCaptureROS4/install/ros2_usbcapture/bin'
[4.569s] Level 1:colcon.colcon_core.environment:checking '/home/peter/ros2/UsbCaptureROS4/install/ros2_usbcapture/lib/pkgconfig/ros2_usbcapture.pc'
[4.569s] Level 1:colcon.colcon_core.environment:checking '/home/peter/ros2/UsbCaptureROS4/install/ros2_usbcapture/lib/python3.8/site-packages'
[4.569s] Level 1:colcon.colcon_core.environment:checking '/home/peter/ros2/UsbCaptureROS4/install/ros2_usbcapture/bin'
[4.570s] INFO:colcon.colcon_core.shell:Creating package script '/home/peter/ros2/UsbCaptureROS4/install/ros2_usbcapture/share/ros2_usbcapture/package.ps1'
[4.571s] INFO:colcon.colcon_core.shell:Creating package descriptor '/home/peter/ros2/UsbCaptureROS4/install/ros2_usbcapture/share/ros2_usbcapture/package.dsv'
[4.571s] INFO:colcon.colcon_core.shell:Creating package script '/home/peter/ros2/UsbCaptureROS4/install/ros2_usbcapture/share/ros2_usbcapture/package.sh'
[4.572s] INFO:colcon.colcon_core.shell:Creating package script '/home/peter/ros2/UsbCaptureROS4/install/ros2_usbcapture/share/ros2_usbcapture/package.bash'
[4.572s] INFO:colcon.colcon_core.shell:Creating package script '/home/peter/ros2/UsbCaptureROS4/install/ros2_usbcapture/share/ros2_usbcapture/package.zsh'
[4.572s] Level 1:colcon.colcon_core.environment:create_file_with_runtime_dependencies(/home/peter/ros2/UsbCaptureROS4/install/ros2_usbcapture/share/colcon-core/packages/ros2_usbcapture)
[4.583s] DEBUG:colcon.colcon_parallel_executor.executor.parallel:closing loop
[4.583s] DEBUG:colcon.colcon_parallel_executor.executor.parallel:loop closed
[4.583s] DEBUG:colcon.colcon_parallel_executor.executor.parallel:run_until_complete finished with '2'
[4.583s] DEBUG:colcon.colcon_core.event_reactor:joining thread
[4.594s] INFO:colcon.colcon_core.plugin_system:Skipping extension 'colcon_notification.desktop_notification.terminal_notifier': Not used on non-Darwin systems
[4.594s] INFO:colcon.colcon_core.plugin_system:Skipping extension 'colcon_notification.desktop_notification.win32': Not used on non-Windows systems
[4.594s] INFO:colcon.colcon_notification.desktop_notification:Sending desktop notification using 'notify2'
[4.619s] DEBUG:colcon.colcon_core.event_reactor:joined thread
[4.622s] INFO:colcon.colcon_core.shell:Creating prefix script '/home/peter/ros2/UsbCaptureROS4/install/local_setup.ps1'
[4.623s] INFO:colcon.colcon_core.shell:Creating prefix util module '/home/peter/ros2/UsbCaptureROS4/install/_local_setup_util_ps1.py'
[4.626s] INFO:colcon.colcon_core.shell:Creating prefix chain script '/home/peter/ros2/UsbCaptureROS4/install/setup.ps1'
[4.629s] INFO:colcon.colcon_core.shell:Creating prefix script '/home/peter/ros2/UsbCaptureROS4/install/local_setup.sh'
[4.631s] INFO:colcon.colcon_core.shell:Creating prefix util module '/home/peter/ros2/UsbCaptureROS4/install/_local_setup_util_sh.py'
[4.631s] INFO:colcon.colcon_core.shell:Creating prefix chain script '/home/peter/ros2/UsbCaptureROS4/install/setup.sh'
[4.633s] INFO:colcon.colcon_core.shell:Creating prefix script '/home/peter/ros2/UsbCaptureROS4/install/local_setup.bash'
[4.634s] INFO:colcon.colcon_core.shell:Creating prefix chain script '/home/peter/ros2/UsbCaptureROS4/install/setup.bash'
[4.636s] INFO:colcon.colcon_core.shell:Creating prefix script '/home/peter/ros2/UsbCaptureROS4/install/local_setup.zsh'
[4.637s] INFO:colcon.colcon_core.shell:Creating prefix chain script '/home/peter/ros2/UsbCaptureROS4/install/setup.zsh'
