-- The C compiler identification is GNU 9.4.0
-- The CXX compiler identification is GNU 9.4.0
-- Check for working C compiler: /bin/cc
-- Check for working C compiler: /bin/cc -- works
-- Detecting C compiler ABI info
-- Detecting C compiler ABI info - done
-- Detecting C compile features
-- Detecting C compile features - done
-- Check for working CXX compiler: /bin/c++
-- Check for working CXX compiler: /bin/c++ -- works
-- Detecting CXX compiler ABI info
-- Detecting CXX compiler ABI info - done
-- Detecting CXX compile features
-- Detecting CXX compile features - done
-- Found ament_cmake: 0.9.11 (/opt/ros/foxy/share/ament_cmake/cmake)
-- Found PythonInterp: /bin/python3 (found suitable version "3.8.10", minimum required is "3") 
-- Using PYTHON_EXECUTABLE: /bin/python3
-- Found rclcpp: 2.4.2 (/opt/ros/foxy/share/rclcpp/cmake)
-- Using all available rosidl_typesupport_c: rosidl_typesupport_fastrtps_c;rosidl_typesupport_introspection_c
-- Found rosidl_adapter: 1.3.0 (/opt/ros/foxy/share/rosidl_adapter/cmake)
-- Found OpenSSL: /usr/lib/x86_64-linux-gnu/libcrypto.so (found version "1.1.1f")  
-- Found FastRTPS: /opt/ros/foxy/include  
-- Using all available rosidl_typesupport_cpp: rosidl_typesupport_fastrtps_cpp;rosidl_typesupport_introspection_cpp
-- Found rmw_implementation_cmake: 1.0.3 (/opt/ros/foxy/share/rmw_implementation_cmake/cmake)
-- Using RMW implementation 'rmw_fastrtps_cpp' as default
-- Looking for pthread.h
-- Looking for pthread.h - found
-- Performing Test CMAKE_HAVE_LIBC_PTHREAD
-- Performing Test CMAKE_HAVE_LIBC_PTHREAD - Failed
-- Looking for pthread_create in pthreads
-- Looking for pthread_create in pthreads - not found
-- Looking for pthread_create in pthread
-- Looking for pthread_create in pthread - found
-- Found Threads: TRUE  
-- Found ament_lint_auto: 0.9.7 (/opt/ros/foxy/share/ament_lint_auto/cmake)
CMake Warning (dev) at CMakeLists.txt:37 (set):
  Cannot set "BASE_INCLUDE": current scope has no parent.
This warning is for project developers.  Use -Wno-dev to suppress it.

-- Found OpenCV: /usr (found version "4.2.0") 
-- Found required Ceres dependency: Eigen version 3.3.9 in /usr/local/include/eigen3
-- Found required Ceres dependency: glog
-- Found required Ceres dependency: gflags
-- Found Ceres version: 2.0.0 installed in: /usr/local with components: [EigenSparse, SparseLinearAlgebraLibrary, LAPACK, SchurSpecializations, Multithreading]
-- Added test 'copyright' to check source files copyright and LICENSE
-- Added test 'cppcheck' to perform static code analysis on C / C++ code
-- Configured cppcheck include dirs: /home/peter/ros2.1/UsbCaptureROS4/src/common/./include;/home/peter/ros2.1/UsbCaptureROS4/src/common/include;$<BUILD_INTERFACE:/home/peter/ros2.1/UsbCaptureROS4/src/common/include>
-- Configured cppcheck exclude dirs and/or files: 
-- Added test 'cpplint' to check C / C++ code against the Google style
-- Configured cpplint exclude dirs and/or files: 
-- Added test 'lint_cmake' to check CMake code style
-- Added test 'uncrustify' to check C / C++ code style
-- Configured uncrustify additional arguments: 
-- Added test 'xmllint' to check XML markup files
-- Configuring done
-- Generating done
-- Build files have been written to: /home/peter/ros2.1/UsbCaptureROS4/build/common
[35m[1mScanning dependencies of target Base[0m
[35m[1mScanning dependencies of target common[0m
[ 50%] [32mBuilding CXX object CMakeFiles/Base.dir/src/common.cpp.o[0m
[ 50%] [32mBuilding CXX object CMakeFiles/common.dir/src/common.cpp.o[0m
[ 75%] [32m[1mLinking CXX shared library libBase.so[0m
[100%] [32m[1mLinking CXX shared library libcommon.so[0m
[100%] Built target common
[100%] Built target Base
-- Install configuration: ""
-- Installing: /home/peter/ros2.1/UsbCaptureROS4/install/common/share/common/environment/library_path.sh
-- Installing: /home/peter/ros2.1/UsbCaptureROS4/install/common/share/common/environment/library_path.dsv
-- Installing: /home/peter/ros2.1/UsbCaptureROS4/install/common/include
-- Installing: /home/peter/ros2.1/UsbCaptureROS4/install/common/include/common
-- Installing: /home/peter/ros2.1/UsbCaptureROS4/install/common/include/common/common.h
-- Installing: /home/peter/ros2.1/UsbCaptureROS4/install/common/lib/libcommon.so
-- Set runtime path of "/home/peter/ros2.1/UsbCaptureROS4/install/common/lib/libcommon.so" to ""
-- Installing: /home/peter/ros2.1/UsbCaptureROS4/install/common/share/ament_index/resource_index/package_run_dependencies/common
-- Installing: /home/peter/ros2.1/UsbCaptureROS4/install/common/share/ament_index/resource_index/parent_prefix_path/common
-- Installing: /home/peter/ros2.1/UsbCaptureROS4/install/common/share/common/environment/ament_prefix_path.sh
-- Installing: /home/peter/ros2.1/UsbCaptureROS4/install/common/share/common/environment/ament_prefix_path.dsv
-- Installing: /home/peter/ros2.1/UsbCaptureROS4/install/common/share/common/environment/path.sh
-- Installing: /home/peter/ros2.1/UsbCaptureROS4/install/common/share/common/environment/path.dsv
-- Installing: /home/peter/ros2.1/UsbCaptureROS4/install/common/share/common/local_setup.bash
-- Installing: /home/peter/ros2.1/UsbCaptureROS4/install/common/share/common/local_setup.sh
-- Installing: /home/peter/ros2.1/UsbCaptureROS4/install/common/share/common/local_setup.zsh
-- Installing: /home/peter/ros2.1/UsbCaptureROS4/install/common/share/common/local_setup.dsv
-- Installing: /home/peter/ros2.1/UsbCaptureROS4/install/common/share/common/package.dsv
-- Installing: /home/peter/ros2.1/UsbCaptureROS4/install/common/share/ament_index/resource_index/packages/common
-- Installing: /home/peter/ros2.1/UsbCaptureROS4/install/common/share/common/cmake/commonExport.cmake
-- Installing: /home/peter/ros2.1/UsbCaptureROS4/install/common/share/common/cmake/commonExport-noconfig.cmake
-- Installing: /home/peter/ros2.1/UsbCaptureROS4/install/common/share/common/cmake/ament_cmake_export_targets-extras.cmake
-- Installing: /home/peter/ros2.1/UsbCaptureROS4/install/common/share/common/cmake/ament_cmake_export_dependencies-extras.cmake
-- Installing: /home/peter/ros2.1/UsbCaptureROS4/install/common/share/common/cmake/commonConfig.cmake
-- Installing: /home/peter/ros2.1/UsbCaptureROS4/install/common/share/common/cmake/commonConfig-version.cmake
-- Installing: /home/peter/ros2.1/UsbCaptureROS4/install/common/share/common/package.xml
